This file contains any messages produced by compilers while
running configure, to aid debugging if configure makes a mistake.

It was created by openvswitch configure 2.14.0, which was
generated by GNU Autoconf 2.69.  Invocation command line was

  $ ./configure --prefix=/usr --with-linux=/lib/modules/4.4.0-142-generic/build

## --------- ##
## Platform. ##
## --------- ##

hostname = Ununtu-16
uname -m = x86_64
uname -r = 4.4.0-142-generic
uname -s = Linux
uname -v = #168-Ubuntu SMP Wed Jan 16 21:00:45 UTC 2019

/usr/bin/uname -p = unknown
/bin/uname -X     = unknown

/bin/arch              = unknown
/usr/bin/arch -k       = unknown
/usr/convex/getsysinfo = unknown
/usr/bin/hostinfo      = unknown
/bin/machine           = unknown
/usr/bin/oslevel       = unknown
/bin/universe          = unknown

PATH: /usr/local/sbin
PATH: /usr/local/bin
PATH: /usr/sbin
PATH: /usr/bin
PATH: /sbin
PATH: /bin
PATH: /snap/bin


## ----------- ##
## Core tests. ##
## ----------- ##

configure:3018: checking for a BSD-compatible install
configure:3086: result: /usr/bin/install -c
configure:3097: checking whether build environment is sane
configure:3152: result: yes
configure:3303: checking for a thread-safe mkdir -p
configure:3342: result: /bin/mkdir -p
configure:3349: checking for gawk
configure:3365: found /usr/bin/gawk
configure:3376: result: gawk
configure:3387: checking whether make sets $(MAKE)
configure:3409: result: yes
configure:3438: checking whether make supports nested variables
configure:3455: result: yes
configure:3534: checking how to create a pax tar archive
configure:3545: tar --version
tar (GNU tar) 1.28
Copyright (C) 2014 Free Software Foundation, Inc.
License GPLv3+: GNU GPL version 3 or later <http://gnu.org/licenses/gpl.html>.
This is free software: you are free to change and redistribute it.
There is NO WARRANTY, to the extent permitted by law.

Written by John Gilmore and Jay Fenlason.
configure:3548: $? = 0
configure:3588: tardir=conftest.dir && eval tar --format=posix -chf - "$tardir" >conftest.tar
configure:3591: $? = 0
configure:3595: tar -xf - <conftest.tar
configure:3598: $? = 0
configure:3600: cat conftest.dir/file
GrepMe
configure:3603: $? = 0
configure:3616: result: gnutar
configure:3671: checking whether make supports the include directive
configure:3686: make -f confmf.GNU && cat confinc.out
this is the am__doit target
configure:3689: $? = 0
configure:3708: result: yes (GNU style)
configure:3778: checking for gcc
configure:3794: found /usr/bin/gcc
configure:3805: result: gcc
configure:4034: checking for C compiler version
configure:4043: gcc --version >&5
gcc (Ubuntu 5.4.0-6ubuntu1~16.04.12) 5.4.0 20160609
Copyright (C) 2015 Free Software Foundation, Inc.
This is free software; see the source for copying conditions.  There is NO
warranty; not even for MERCHANTABILITY or FITNESS FOR A PARTICULAR PURPOSE.

configure:4054: $? = 0
configure:4043: gcc -v >&5
Using built-in specs.
COLLECT_GCC=gcc
COLLECT_LTO_WRAPPER=/usr/lib/gcc/x86_64-linux-gnu/5/lto-wrapper
Target: x86_64-linux-gnu
Configured with: ../src/configure -v --with-pkgversion='Ubuntu 5.4.0-6ubuntu1~16.04.12' --with-bugurl=file:///usr/share/doc/gcc-5/README.Bugs --enable-languages=c,ada,c++,java,go,d,fortran,objc,obj-c++ --prefix=/usr --program-suffix=-5 --enable-shared --enable-linker-build-id --libexecdir=/usr/lib --without-included-gettext --enable-threads=posix --libdir=/usr/lib --enable-nls --with-sysroot=/ --enable-clocale=gnu --enable-libstdcxx-debug --enable-libstdcxx-time=yes --with-default-libstdcxx-abi=new --enable-gnu-unique-object --disable-vtable-verify --enable-libmpx --enable-plugin --with-system-zlib --disable-browser-plugin --enable-java-awt=gtk --enable-gtk-cairo --with-java-home=/usr/lib/jvm/java-1.5.0-gcj-5-amd64/jre --enable-java-home --with-jvm-root-dir=/usr/lib/jvm/java-1.5.0-gcj-5-amd64 --with-jvm-jar-dir=/usr/lib/jvm-exports/java-1.5.0-gcj-5-amd64 --with-arch-directory=amd64 --with-ecj-jar=/usr/share/java/eclipse-ecj.jar --enable-objc-gc --enable-multiarch --disable-werror --with-arch-32=i686 --with-abi=m64 --with-multilib-list=m32,m64,mx32 --enable-multilib --with-tune=generic --enable-checking=release --build=x86_64-linux-gnu --host=x86_64-linux-gnu --target=x86_64-linux-gnu
Thread model: posix
gcc version 5.4.0 20160609 (Ubuntu 5.4.0-6ubuntu1~16.04.12) 
configure:4054: $? = 0
configure:4043: gcc -V >&5
gcc: error: unrecognized command line option '-V'
gcc: fatal error: no input files
compilation terminated.
configure:4054: $? = 1
configure:4043: gcc -qversion >&5
gcc: error: unrecognized command line option '-qversion'
gcc: fatal error: no input files
compilation terminated.
configure:4054: $? = 1
configure:4074: checking whether the C compiler works
configure:4096: gcc    conftest.c  >&5
configure:4100: $? = 0
configure:4148: result: yes
configure:4151: checking for C compiler default output file name
configure:4153: result: a.out
configure:4159: checking for suffix of executables
configure:4166: gcc -o conftest    conftest.c  >&5
configure:4170: $? = 0
configure:4192: result: 
configure:4214: checking whether we are cross compiling
configure:4222: gcc -o conftest    conftest.c  >&5
configure:4226: $? = 0
configure:4233: ./conftest
configure:4237: $? = 0
configure:4252: result: no
configure:4257: checking for suffix of object files
configure:4279: gcc -c   conftest.c >&5
configure:4283: $? = 0
configure:4304: result: o
configure:4308: checking whether we are using the GNU C compiler
configure:4327: gcc -c   conftest.c >&5
configure:4327: $? = 0
configure:4336: result: yes
configure:4345: checking whether gcc accepts -g
configure:4365: gcc -c -g  conftest.c >&5
configure:4365: $? = 0
configure:4406: result: yes
configure:4423: checking for gcc option to accept ISO C89
configure:4486: gcc  -c -g -O2  conftest.c >&5
configure:4486: $? = 0
configure:4499: result: none needed
configure:4524: checking whether gcc understands -c and -o together
configure:4546: gcc -c conftest.c -o conftest2.o
configure:4549: $? = 0
configure:4546: gcc -c conftest.c -o conftest2.o
configure:4549: $? = 0
configure:4561: result: yes
configure:4580: checking dependency style of gcc
configure:4691: result: gcc3
configure:4706: checking for gcc option to accept ISO C99
configure:4855: gcc  -c -g -O2  conftest.c >&5
configure:4855: $? = 0
configure:4868: result: none needed
configure:4942: checking for g++
configure:4958: found /usr/bin/g++
configure:4969: result: g++
configure:4996: checking for C++ compiler version
configure:5005: g++ --version >&5
g++ (Ubuntu 5.4.0-6ubuntu1~16.04.12) 5.4.0 20160609
Copyright (C) 2015 Free Software Foundation, Inc.
This is free software; see the source for copying conditions.  There is NO
warranty; not even for MERCHANTABILITY or FITNESS FOR A PARTICULAR PURPOSE.

configure:5016: $? = 0
configure:5005: g++ -v >&5
Using built-in specs.
COLLECT_GCC=g++
COLLECT_LTO_WRAPPER=/usr/lib/gcc/x86_64-linux-gnu/5/lto-wrapper
Target: x86_64-linux-gnu
Configured with: ../src/configure -v --with-pkgversion='Ubuntu 5.4.0-6ubuntu1~16.04.12' --with-bugurl=file:///usr/share/doc/gcc-5/README.Bugs --enable-languages=c,ada,c++,java,go,d,fortran,objc,obj-c++ --prefix=/usr --program-suffix=-5 --enable-shared --enable-linker-build-id --libexecdir=/usr/lib --without-included-gettext --enable-threads=posix --libdir=/usr/lib --enable-nls --with-sysroot=/ --enable-clocale=gnu --enable-libstdcxx-debug --enable-libstdcxx-time=yes --with-default-libstdcxx-abi=new --enable-gnu-unique-object --disable-vtable-verify --enable-libmpx --enable-plugin --with-system-zlib --disable-browser-plugin --enable-java-awt=gtk --enable-gtk-cairo --with-java-home=/usr/lib/jvm/java-1.5.0-gcj-5-amd64/jre --enable-java-home --with-jvm-root-dir=/usr/lib/jvm/java-1.5.0-gcj-5-amd64 --with-jvm-jar-dir=/usr/lib/jvm-exports/java-1.5.0-gcj-5-amd64 --with-arch-directory=amd64 --with-ecj-jar=/usr/share/java/eclipse-ecj.jar --enable-objc-gc --enable-multiarch --disable-werror --with-arch-32=i686 --with-abi=m64 --with-multilib-list=m32,m64,mx32 --enable-multilib --with-tune=generic --enable-checking=release --build=x86_64-linux-gnu --host=x86_64-linux-gnu --target=x86_64-linux-gnu
Thread model: posix
gcc version 5.4.0 20160609 (Ubuntu 5.4.0-6ubuntu1~16.04.12) 
configure:5016: $? = 0
configure:5005: g++ -V >&5
g++: error: unrecognized command line option '-V'
g++: fatal error: no input files
compilation terminated.
configure:5016: $? = 1
configure:5005: g++ -qversion >&5
g++: error: unrecognized command line option '-qversion'
g++: fatal error: no input files
compilation terminated.
configure:5016: $? = 1
configure:5020: checking whether we are using the GNU C++ compiler
configure:5039: g++ -c   conftest.cpp >&5
configure:5039: $? = 0
configure:5048: result: yes
configure:5057: checking whether g++ accepts -g
configure:5077: g++ -c -g  conftest.cpp >&5
configure:5077: $? = 0
configure:5118: result: yes
configure:5143: checking dependency style of g++
configure:5254: result: gcc3
configure:5274: checking how to run the C preprocessor
configure:5305: gcc -E  conftest.c
configure:5305: $? = 0
configure:5319: gcc -E  conftest.c
conftest.c:11:28: fatal error: ac_nonexistent.h: No such file or directory
compilation terminated.
configure:5319: $? = 1
configure: failed program was:
| /* confdefs.h */
| #define PACKAGE_NAME "openvswitch"
| #define PACKAGE_TARNAME "openvswitch"
| #define PACKAGE_VERSION "2.14.0"
| #define PACKAGE_STRING "openvswitch 2.14.0"
| #define PACKAGE_BUGREPORT "bugs@openvswitch.org"
| #define PACKAGE_URL ""
| #define PACKAGE "openvswitch"
| #define VERSION "2.14.0"
| /* end confdefs.h.  */
| #include <ac_nonexistent.h>
configure:5344: result: gcc -E
configure:5364: gcc -E  conftest.c
configure:5364: $? = 0
configure:5378: gcc -E  conftest.c
conftest.c:11:28: fatal error: ac_nonexistent.h: No such file or directory
compilation terminated.
configure:5378: $? = 1
configure: failed program was:
| /* confdefs.h */
| #define PACKAGE_NAME "openvswitch"
| #define PACKAGE_TARNAME "openvswitch"
| #define PACKAGE_VERSION "2.14.0"
| #define PACKAGE_STRING "openvswitch 2.14.0"
| #define PACKAGE_BUGREPORT "bugs@openvswitch.org"
| #define PACKAGE_URL ""
| #define PACKAGE "openvswitch"
| #define VERSION "2.14.0"
| /* end confdefs.h.  */
| #include <ac_nonexistent.h>
configure:5407: checking for grep that handles long lines and -e
configure:5465: result: /bin/grep
configure:5470: checking for fgrep
configure:5532: result: /bin/grep -F
configure:5537: checking for egrep
configure:5599: result: /bin/grep -E
configure:5658: checking for pkg-config
configure:5676: found /usr/bin/pkg-config
configure:5688: result: /usr/bin/pkg-config
configure:5713: checking pkg-config is at least version 0.9.0
configure:5716: result: yes
configure:5731: checking for ANSI C header files
configure:5751: gcc -c -g -O2  conftest.c >&5
configure:5751: $? = 0
configure:5824: gcc -o conftest -g -O2   conftest.c  >&5
configure:5824: $? = 0
configure:5824: ./conftest
configure:5824: $? = 0
configure:5835: result: yes
configure:5848: checking for sys/types.h
configure:5848: gcc -c -g -O2  conftest.c >&5
configure:5848: $? = 0
configure:5848: result: yes
configure:5848: checking for sys/stat.h
configure:5848: gcc -c -g -O2  conftest.c >&5
configure:5848: $? = 0
configure:5848: result: yes
configure:5848: checking for stdlib.h
configure:5848: gcc -c -g -O2  conftest.c >&5
configure:5848: $? = 0
configure:5848: result: yes
configure:5848: checking for string.h
configure:5848: gcc -c -g -O2  conftest.c >&5
configure:5848: $? = 0
configure:5848: result: yes
configure:5848: checking for memory.h
configure:5848: gcc -c -g -O2  conftest.c >&5
configure:5848: $? = 0
configure:5848: result: yes
configure:5848: checking for strings.h
configure:5848: gcc -c -g -O2  conftest.c >&5
configure:5848: $? = 0
configure:5848: result: yes
configure:5848: checking for inttypes.h
configure:5848: gcc -c -g -O2  conftest.c >&5
configure:5848: $? = 0
configure:5848: result: yes
configure:5848: checking for stdint.h
configure:5848: gcc -c -g -O2  conftest.c >&5
configure:5848: $? = 0
configure:5848: result: yes
configure:5848: checking for unistd.h
configure:5848: gcc -c -g -O2  conftest.c >&5
configure:5848: $? = 0
configure:5848: result: yes
configure:5861: checking minix/config.h usability
configure:5861: gcc -c -g -O2  conftest.c >&5
conftest.c:54:26: fatal error: minix/config.h: No such file or directory
compilation terminated.
configure:5861: $? = 1
configure: failed program was:
| /* confdefs.h */
| #define PACKAGE_NAME "openvswitch"
| #define PACKAGE_TARNAME "openvswitch"
| #define PACKAGE_VERSION "2.14.0"
| #define PACKAGE_STRING "openvswitch 2.14.0"
| #define PACKAGE_BUGREPORT "bugs@openvswitch.org"
| #define PACKAGE_URL ""
| #define PACKAGE "openvswitch"
| #define VERSION "2.14.0"
| #define STDC_HEADERS 1
| #define HAVE_SYS_TYPES_H 1
| #define HAVE_SYS_STAT_H 1
| #define HAVE_STDLIB_H 1
| #define HAVE_STRING_H 1
| #define HAVE_MEMORY_H 1
| #define HAVE_STRINGS_H 1
| #define HAVE_INTTYPES_H 1
| #define HAVE_STDINT_H 1
| #define HAVE_UNISTD_H 1
| /* end confdefs.h.  */
| #include <stdio.h>
| #ifdef HAVE_SYS_TYPES_H
| # include <sys/types.h>
| #endif
| #ifdef HAVE_SYS_STAT_H
| # include <sys/stat.h>
| #endif
| #ifdef STDC_HEADERS
| # include <stdlib.h>
| # include <stddef.h>
| #else
| # ifdef HAVE_STDLIB_H
| #  include <stdlib.h>
| # endif
| #endif
| #ifdef HAVE_STRING_H
| # if !defined STDC_HEADERS && defined HAVE_MEMORY_H
| #  include <memory.h>
| # endif
| # include <string.h>
| #endif
| #ifdef HAVE_STRINGS_H
| # include <strings.h>
| #endif
| #ifdef HAVE_INTTYPES_H
| # include <inttypes.h>
| #endif
| #ifdef HAVE_STDINT_H
| # include <stdint.h>
| #endif
| #ifdef HAVE_UNISTD_H
| # include <unistd.h>
| #endif
| #include <minix/config.h>
configure:5861: result: no
configure:5861: checking minix/config.h presence
configure:5861: gcc -E  conftest.c
conftest.c:21:26: fatal error: minix/config.h: No such file or directory
compilation terminated.
configure:5861: $? = 1
configure: failed program was:
| /* confdefs.h */
| #define PACKAGE_NAME "openvswitch"
| #define PACKAGE_TARNAME "openvswitch"
| #define PACKAGE_VERSION "2.14.0"
| #define PACKAGE_STRING "openvswitch 2.14.0"
| #define PACKAGE_BUGREPORT "bugs@openvswitch.org"
| #define PACKAGE_URL ""
| #define PACKAGE "openvswitch"
| #define VERSION "2.14.0"
| #define STDC_HEADERS 1
| #define HAVE_SYS_TYPES_H 1
| #define HAVE_SYS_STAT_H 1
| #define HAVE_STDLIB_H 1
| #define HAVE_STRING_H 1
| #define HAVE_MEMORY_H 1
| #define HAVE_STRINGS_H 1
| #define HAVE_INTTYPES_H 1
| #define HAVE_STDINT_H 1
| #define HAVE_UNISTD_H 1
| /* end confdefs.h.  */
| #include <minix/config.h>
configure:5861: result: no
configure:5861: checking for minix/config.h
configure:5861: result: no
configure:5882: checking whether it is safe to define __EXTENSIONS__
configure:5900: gcc -c -g -O2  conftest.c >&5
configure:5900: $? = 0
configure:5907: result: yes
configure:5921: checking whether byte ordering is bigendian
configure:5936: gcc -c -g -O2  conftest.c >&5
conftest.c:27:9: error: unknown type name 'not'
         not a universal capable compiler
         ^
conftest.c:27:15: error: expected '=', ',', ';', 'asm' or '__attribute__' before 'universal'
         not a universal capable compiler
               ^
conftest.c:27:15: error: unknown type name 'universal'
configure:5936: $? = 1
configure: failed program was:
| /* confdefs.h */
| #define PACKAGE_NAME "openvswitch"
| #define PACKAGE_TARNAME "openvswitch"
| #define PACKAGE_VERSION "2.14.0"
| #define PACKAGE_STRING "openvswitch 2.14.0"
| #define PACKAGE_BUGREPORT "bugs@openvswitch.org"
| #define PACKAGE_URL ""
| #define PACKAGE "openvswitch"
| #define VERSION "2.14.0"
| #define STDC_HEADERS 1
| #define HAVE_SYS_TYPES_H 1
| #define HAVE_SYS_STAT_H 1
| #define HAVE_STDLIB_H 1
| #define HAVE_STRING_H 1
| #define HAVE_MEMORY_H 1
| #define HAVE_STRINGS_H 1
| #define HAVE_INTTYPES_H 1
| #define HAVE_STDINT_H 1
| #define HAVE_UNISTD_H 1
| #define __EXTENSIONS__ 1
| #define _ALL_SOURCE 1
| #define _GNU_SOURCE 1
| #define _POSIX_PTHREAD_SEMANTICS 1
| #define _TANDEM_SOURCE 1
| /* end confdefs.h.  */
| #ifndef __APPLE_CC__
| 	       not a universal capable compiler
| 	     #endif
| 	     typedef int dummy;
| 
configure:5981: gcc -c -g -O2  conftest.c >&5
configure:5981: $? = 0
configure:5999: gcc -c -g -O2  conftest.c >&5
conftest.c: In function 'main':
conftest.c:33:4: error: unknown type name 'not'
    not big endian
    ^
conftest.c:33:12: error: expected '=', ',', ';', 'asm' or '__attribute__' before 'endian'
    not big endian
            ^
configure:5999: $? = 1
configure: failed program was:
| /* confdefs.h */
| #define PACKAGE_NAME "openvswitch"
| #define PACKAGE_TARNAME "openvswitch"
| #define PACKAGE_VERSION "2.14.0"
| #define PACKAGE_STRING "openvswitch 2.14.0"
| #define PACKAGE_BUGREPORT "bugs@openvswitch.org"
| #define PACKAGE_URL ""
| #define PACKAGE "openvswitch"
| #define VERSION "2.14.0"
| #define STDC_HEADERS 1
| #define HAVE_SYS_TYPES_H 1
| #define HAVE_SYS_STAT_H 1
| #define HAVE_STDLIB_H 1
| #define HAVE_STRING_H 1
| #define HAVE_MEMORY_H 1
| #define HAVE_STRINGS_H 1
| #define HAVE_INTTYPES_H 1
| #define HAVE_STDINT_H 1
| #define HAVE_UNISTD_H 1
| #define __EXTENSIONS__ 1
| #define _ALL_SOURCE 1
| #define _GNU_SOURCE 1
| #define _POSIX_PTHREAD_SEMANTICS 1
| #define _TANDEM_SOURCE 1
| /* end confdefs.h.  */
| #include <sys/types.h>
| 		#include <sys/param.h>
| 
| int
| main ()
| {
| #if BYTE_ORDER != BIG_ENDIAN
| 		 not big endian
| 		#endif
| 
|   ;
|   return 0;
| }
configure:6127: result: no
configure:6152: checking for special C compiler options needed for large files
configure:6197: result: no
configure:6203: checking for _FILE_OFFSET_BITS value needed for large files
configure:6228: gcc -c -g -O2  conftest.c >&5
configure:6228: $? = 0
configure:6260: result: no
configure:6375: checking build system type
configure:6389: result: x86_64-pc-linux-gnu
configure:6409: checking host system type
configure:6422: result: x86_64-pc-linux-gnu
configure:6463: checking how to print strings
configure:6490: result: printf
configure:6511: checking for a sed that does not truncate output
configure:6575: result: /bin/sed
configure:6623: checking for ld used by gcc
configure:6690: result: /usr/bin/ld
configure:6697: checking if the linker (/usr/bin/ld) is GNU ld
configure:6712: result: yes
configure:6724: checking for BSD- or MS-compatible name lister (nm)
configure:6778: result: /usr/bin/nm -B
configure:6908: checking the name lister (/usr/bin/nm -B) interface
configure:6915: gcc -c -g -O2  conftest.c >&5
configure:6918: /usr/bin/nm -B "conftest.o"
configure:6921: output
0000000000000000 B some_variable
configure:6928: result: BSD nm
configure:6931: checking whether ln -s works
configure:6935: result: yes
configure:6943: checking the maximum length of command line arguments
configure:7074: result: 1572864
configure:7122: checking how to convert x86_64-pc-linux-gnu file names to x86_64-pc-linux-gnu format
configure:7162: result: func_convert_file_noop
configure:7169: checking how to convert x86_64-pc-linux-gnu file names to toolchain format
configure:7189: result: func_convert_file_noop
configure:7196: checking for /usr/bin/ld option to reload object files
configure:7203: result: -r
configure:7277: checking for objdump
configure:7293: found /usr/bin/objdump
configure:7304: result: objdump
configure:7336: checking how to recognize dependent libraries
configure:7536: result: pass_all
configure:7621: checking for dlltool
configure:7651: result: no
configure:7681: checking how to associate runtime and link libraries
configure:7708: result: printf %s\n
configure:7768: checking for ar
configure:7784: found /usr/bin/ar
configure:7795: result: ar
configure:7832: checking for archiver @FILE support
configure:7849: gcc -c -g -O2  conftest.c >&5
configure:7849: $? = 0
configure:7852: ar cru libconftest.a @conftest.lst >&5
ar: `u' modifier ignored since `D' is the default (see `U')
configure:7855: $? = 0
configure:7860: ar cru libconftest.a @conftest.lst >&5
ar: `u' modifier ignored since `D' is the default (see `U')
ar: conftest.o: No such file or directory
configure:7863: $? = 1
configure:7875: result: @
configure:7933: checking for strip
configure:7949: found /usr/bin/strip
configure:7960: result: strip
configure:8032: checking for ranlib
configure:8048: found /usr/bin/ranlib
configure:8059: result: ranlib
configure:8161: checking command to parse /usr/bin/nm -B output from gcc object
configure:8314: gcc -c -g -O2  conftest.c >&5
configure:8317: $? = 0
configure:8321: /usr/bin/nm -B conftest.o \| sed -n -e 's/^.*[ ]\([ABCDGIRSTW][ABCDGIRSTW]*\)[ ][ ]*\([_A-Za-z][_A-Za-z0-9]*\)$/\1 \2 \2/p' | sed '/ __gnu_lto/d' \> conftest.nm
configure:8324: $? = 0
configure:8390: gcc -o conftest -g -O2   conftest.c conftstm.o >&5
configure:8393: $? = 0
configure:8431: result: ok
configure:8478: checking for sysroot
configure:8508: result: no
configure:8515: checking for a working dd
configure:8553: result: /bin/dd
configure:8557: checking how to truncate binary pipes
configure:8572: result: /bin/dd bs=4096 count=1
configure:8708: gcc -c -g -O2  conftest.c >&5
configure:8711: $? = 0
configure:8901: checking for mt
configure:8917: found /bin/mt
configure:8928: result: mt
configure:8951: checking if mt is a manifest tool
configure:8957: mt '-?'
configure:8965: result: no
configure:9639: checking for dlfcn.h
configure:9639: gcc -c -g -O2  conftest.c >&5
configure:9639: $? = 0
configure:9639: result: yes
configure:9905: checking for objdir
configure:9920: result: .libs
configure:10184: checking if gcc supports -fno-rtti -fno-exceptions
configure:10202: gcc -c -g -O2  -fno-rtti -fno-exceptions conftest.c >&5
cc1: warning: command line option '-fno-rtti' is valid for C++/ObjC++ but not for C
configure:10206: $? = 0
configure:10219: result: no
configure:10577: checking for gcc option to produce PIC
configure:10584: result: -fPIC -DPIC
configure:10592: checking if gcc PIC flag -fPIC -DPIC works
configure:10610: gcc -c -g -O2  -fPIC -DPIC -DPIC conftest.c >&5
configure:10614: $? = 0
configure:10627: result: yes
configure:10656: checking if gcc static flag -static works
configure:10684: result: yes
configure:10699: checking if gcc supports -c -o file.o
configure:10720: gcc -c -g -O2  -o out/conftest2.o conftest.c >&5
configure:10724: $? = 0
configure:10746: result: yes
configure:10754: checking if gcc supports -c -o file.o
configure:10801: result: yes
configure:10834: checking whether the gcc linker (/usr/bin/ld -m elf_x86_64) supports shared libraries
configure:12093: result: yes
configure:12333: checking dynamic linker characteristics
configure:12914: gcc -o conftest -g -O2   -Wl,-rpath -Wl,/foo conftest.c  >&5
configure:12914: $? = 0
configure:13154: result: GNU/Linux ld.so
configure:13276: checking how to hardcode library paths into programs
configure:13301: result: immediate
configure:13849: checking whether stripping libraries is possible
configure:13854: result: yes
configure:13889: checking if libtool supports shared libraries
configure:13891: result: yes
configure:13894: checking whether to build shared libraries
configure:13919: result: no
configure:13922: checking whether to build static libraries
configure:13926: result: yes
configure:13949: checking how to run the C++ preprocessor
configure:13976: g++ -E  conftest.cpp
configure:13976: $? = 0
configure:13990: g++ -E  conftest.cpp
conftest.cpp:28:28: fatal error: ac_nonexistent.h: No such file or directory
compilation terminated.
configure:13990: $? = 1
configure: failed program was:
| /* confdefs.h */
| #define PACKAGE_NAME "openvswitch"
| #define PACKAGE_TARNAME "openvswitch"
| #define PACKAGE_VERSION "2.14.0"
| #define PACKAGE_STRING "openvswitch 2.14.0"
| #define PACKAGE_BUGREPORT "bugs@openvswitch.org"
| #define PACKAGE_URL ""
| #define PACKAGE "openvswitch"
| #define VERSION "2.14.0"
| #define STDC_HEADERS 1
| #define HAVE_SYS_TYPES_H 1
| #define HAVE_SYS_STAT_H 1
| #define HAVE_STDLIB_H 1
| #define HAVE_STRING_H 1
| #define HAVE_MEMORY_H 1
| #define HAVE_STRINGS_H 1
| #define HAVE_INTTYPES_H 1
| #define HAVE_STDINT_H 1
| #define HAVE_UNISTD_H 1
| #define __EXTENSIONS__ 1
| #define _ALL_SOURCE 1
| #define _GNU_SOURCE 1
| #define _POSIX_PTHREAD_SEMANTICS 1
| #define _TANDEM_SOURCE 1
| #define HAVE_DLFCN_H 1
| #define LT_OBJDIR ".libs/"
| /* end confdefs.h.  */
| #include <ac_nonexistent.h>
configure:14015: result: g++ -E
configure:14035: g++ -E  conftest.cpp
configure:14035: $? = 0
configure:14049: g++ -E  conftest.cpp
conftest.cpp:28:28: fatal error: ac_nonexistent.h: No such file or directory
compilation terminated.
configure:14049: $? = 1
configure: failed program was:
| /* confdefs.h */
| #define PACKAGE_NAME "openvswitch"
| #define PACKAGE_TARNAME "openvswitch"
| #define PACKAGE_VERSION "2.14.0"
| #define PACKAGE_STRING "openvswitch 2.14.0"
| #define PACKAGE_BUGREPORT "bugs@openvswitch.org"
| #define PACKAGE_URL ""
| #define PACKAGE "openvswitch"
| #define VERSION "2.14.0"
| #define STDC_HEADERS 1
| #define HAVE_SYS_TYPES_H 1
| #define HAVE_SYS_STAT_H 1
| #define HAVE_STDLIB_H 1
| #define HAVE_STRING_H 1
| #define HAVE_MEMORY_H 1
| #define HAVE_STRINGS_H 1
| #define HAVE_INTTYPES_H 1
| #define HAVE_STDINT_H 1
| #define HAVE_UNISTD_H 1
| #define __EXTENSIONS__ 1
| #define _ALL_SOURCE 1
| #define _GNU_SOURCE 1
| #define _POSIX_PTHREAD_SEMANTICS 1
| #define _TANDEM_SOURCE 1
| #define HAVE_DLFCN_H 1
| #define LT_OBJDIR ".libs/"
| /* end confdefs.h.  */
| #include <ac_nonexistent.h>
configure:14211: checking for ld used by g++
configure:14278: result: /usr/bin/ld -m elf_x86_64
configure:14285: checking if the linker (/usr/bin/ld -m elf_x86_64) is GNU ld
configure:14300: result: yes
configure:14355: checking whether the g++ linker (/usr/bin/ld -m elf_x86_64) supports shared libraries
configure:15428: result: yes
configure:15464: g++ -c -g -O2  conftest.cpp >&5
configure:15467: $? = 0
configure:15948: checking for g++ option to produce PIC
configure:15955: result: -fPIC -DPIC
configure:15963: checking if g++ PIC flag -fPIC -DPIC works
configure:15981: g++ -c -g -O2  -fPIC -DPIC -DPIC conftest.cpp >&5
configure:15985: $? = 0
configure:15998: result: yes
configure:16021: checking if g++ static flag -static works
configure:16049: result: yes
configure:16061: checking if g++ supports -c -o file.o
configure:16082: g++ -c -g -O2  -o out/conftest2.o conftest.cpp >&5
configure:16086: $? = 0
configure:16108: result: yes
configure:16113: checking if g++ supports -c -o file.o
configure:16160: result: yes
configure:16190: checking whether the g++ linker (/usr/bin/ld -m elf_x86_64) supports shared libraries
configure:16230: result: yes
configure:16371: checking dynamic linker characteristics
configure:17119: result: GNU/Linux ld.so
configure:17184: checking how to hardcode library paths into programs
configure:17209: result: immediate
configure:17306: checking for library containing pow
configure:17337: gcc -o conftest -g -O2   conftest.c  >&5
conftest.c:35:6: warning: conflicting types for built-in function 'pow'
 char pow ();
      ^
/tmp/ccVHGXRA.o: In function `main':
/home/nnambiar/SummerResearch/attack-resilience-sdn-nnambiar/openvswitch-2.14.0/conftest.c:39: undefined reference to `pow'
collect2: error: ld returned 1 exit status
configure:17337: $? = 1
configure: failed program was:
| /* confdefs.h */
| #define PACKAGE_NAME "openvswitch"
| #define PACKAGE_TARNAME "openvswitch"
| #define PACKAGE_VERSION "2.14.0"
| #define PACKAGE_STRING "openvswitch 2.14.0"
| #define PACKAGE_BUGREPORT "bugs@openvswitch.org"
| #define PACKAGE_URL ""
| #define PACKAGE "openvswitch"
| #define VERSION "2.14.0"
| #define STDC_HEADERS 1
| #define HAVE_SYS_TYPES_H 1
| #define HAVE_SYS_STAT_H 1
| #define HAVE_STDLIB_H 1
| #define HAVE_STRING_H 1
| #define HAVE_MEMORY_H 1
| #define HAVE_STRINGS_H 1
| #define HAVE_INTTYPES_H 1
| #define HAVE_STDINT_H 1
| #define HAVE_UNISTD_H 1
| #define __EXTENSIONS__ 1
| #define _ALL_SOURCE 1
| #define _GNU_SOURCE 1
| #define _POSIX_PTHREAD_SEMANTICS 1
| #define _TANDEM_SOURCE 1
| #define HAVE_DLFCN_H 1
| #define LT_OBJDIR ".libs/"
| /* end confdefs.h.  */
| 
| /* Override any GCC internal prototype to avoid an error.
|    Use char because int might match the return type of a GCC
|    builtin and then its argument prototype would still apply.  */
| #ifdef __cplusplus
| extern "C"
| #endif
| char pow ();
| int
| main ()
| {
| return pow ();
|   ;
|   return 0;
| }
configure:17337: gcc -o conftest -g -O2   conftest.c -lm   >&5
conftest.c:35:6: warning: conflicting types for built-in function 'pow'
 char pow ();
      ^
configure:17337: $? = 0
configure:17354: result: -lm
configure:17362: checking for library containing clock_gettime
configure:17393: gcc -o conftest -g -O2   conftest.c -lm  >&5
configure:17393: $? = 0
configure:17410: result: none required
configure:17418: checking for library containing timer_create
configure:17449: gcc -o conftest -g -O2   conftest.c -lm  >&5
/tmp/ccf05f3O.o: In function `main':
/home/nnambiar/SummerResearch/attack-resilience-sdn-nnambiar/openvswitch-2.14.0/conftest.c:39: undefined reference to `timer_create'
collect2: error: ld returned 1 exit status
configure:17449: $? = 1
configure: failed program was:
| /* confdefs.h */
| #define PACKAGE_NAME "openvswitch"
| #define PACKAGE_TARNAME "openvswitch"
| #define PACKAGE_VERSION "2.14.0"
| #define PACKAGE_STRING "openvswitch 2.14.0"
| #define PACKAGE_BUGREPORT "bugs@openvswitch.org"
| #define PACKAGE_URL ""
| #define PACKAGE "openvswitch"
| #define VERSION "2.14.0"
| #define STDC_HEADERS 1
| #define HAVE_SYS_TYPES_H 1
| #define HAVE_SYS_STAT_H 1
| #define HAVE_STDLIB_H 1
| #define HAVE_STRING_H 1
| #define HAVE_MEMORY_H 1
| #define HAVE_STRINGS_H 1
| #define HAVE_INTTYPES_H 1
| #define HAVE_STDINT_H 1
| #define HAVE_UNISTD_H 1
| #define __EXTENSIONS__ 1
| #define _ALL_SOURCE 1
| #define _GNU_SOURCE 1
| #define _POSIX_PTHREAD_SEMANTICS 1
| #define _TANDEM_SOURCE 1
| #define HAVE_DLFCN_H 1
| #define LT_OBJDIR ".libs/"
| /* end confdefs.h.  */
| 
| /* Override any GCC internal prototype to avoid an error.
|    Use char because int might match the return type of a GCC
|    builtin and then its argument prototype would still apply.  */
| #ifdef __cplusplus
| extern "C"
| #endif
| char timer_create ();
| int
| main ()
| {
| return timer_create ();
|   ;
|   return 0;
| }
configure:17449: gcc -o conftest -g -O2   conftest.c -lrt  -lm  >&5
configure:17449: $? = 0
configure:17466: result: -lrt
configure:17474: checking for library containing pthread_rwlock_tryrdlock
configure:17505: gcc -o conftest -g -O2   conftest.c -lrt -lm  >&5
/tmp/ccBUV6SX.o: In function `main':
/home/nnambiar/SummerResearch/attack-resilience-sdn-nnambiar/openvswitch-2.14.0/conftest.c:39: undefined reference to `pthread_rwlock_tryrdlock'
collect2: error: ld returned 1 exit status
configure:17505: $? = 1
configure: failed program was:
| /* confdefs.h */
| #define PACKAGE_NAME "openvswitch"
| #define PACKAGE_TARNAME "openvswitch"
| #define PACKAGE_VERSION "2.14.0"
| #define PACKAGE_STRING "openvswitch 2.14.0"
| #define PACKAGE_BUGREPORT "bugs@openvswitch.org"
| #define PACKAGE_URL ""
| #define PACKAGE "openvswitch"
| #define VERSION "2.14.0"
| #define STDC_HEADERS 1
| #define HAVE_SYS_TYPES_H 1
| #define HAVE_SYS_STAT_H 1
| #define HAVE_STDLIB_H 1
| #define HAVE_STRING_H 1
| #define HAVE_MEMORY_H 1
| #define HAVE_STRINGS_H 1
| #define HAVE_INTTYPES_H 1
| #define HAVE_STDINT_H 1
| #define HAVE_UNISTD_H 1
| #define __EXTENSIONS__ 1
| #define _ALL_SOURCE 1
| #define _GNU_SOURCE 1
| #define _POSIX_PTHREAD_SEMANTICS 1
| #define _TANDEM_SOURCE 1
| #define HAVE_DLFCN_H 1
| #define LT_OBJDIR ".libs/"
| /* end confdefs.h.  */
| 
| /* Override any GCC internal prototype to avoid an error.
|    Use char because int might match the return type of a GCC
|    builtin and then its argument prototype would still apply.  */
| #ifdef __cplusplus
| extern "C"
| #endif
| char pthread_rwlock_tryrdlock ();
| int
| main ()
| {
| return pthread_rwlock_tryrdlock ();
|   ;
|   return 0;
| }
configure:17505: gcc -o conftest -g -O2   conftest.c -lpthread  -lrt -lm  >&5
configure:17505: $? = 0
configure:17522: result: -lpthread
configure:17530: checking for library containing pthread_rwlockattr_destroy
configure:17561: gcc -o conftest -g -O2   conftest.c -lpthread -lrt -lm  >&5
configure:17561: $? = 0
configure:17578: result: none required
configure:17586: checking for library containing pthread_spin_lock
configure:17617: gcc -o conftest -g -O2   conftest.c -lpthread -lrt -lm  >&5
configure:17617: $? = 0
configure:17634: result: none required
configure:17644: checking for pthread_spin_lock
configure:17644: gcc -o conftest -g -O2   conftest.c -lpthread -lrt -lm  >&5
configure:17644: $? = 0
configure:17644: result: yes
configure:17653: checking whether strerror_r is declared
configure:17653: gcc -c -g -O2  conftest.c >&5
configure:17653: $? = 0
configure:17653: result: yes
configure:17666: checking for strerror_r
configure:17666: gcc -o conftest -g -O2   conftest.c -lpthread -lrt -lm  >&5
configure:17666: $? = 0
configure:17666: result: yes
configure:17675: checking whether strerror_r returns char *
configure:17699: gcc -c -g -O2  conftest.c >&5
configure:17699: $? = 0
configure:17737: result: yes
configure:17746: checking for MSVC x64 compiler
configure:17761: result: no
configure:17766: checking windows.h usability
configure:17766: gcc -c -g -O2  conftest.c >&5
conftest.c:65:21: fatal error: windows.h: No such file or directory
compilation terminated.
configure:17766: $? = 1
configure: failed program was:
| /* confdefs.h */
| #define PACKAGE_NAME "openvswitch"
| #define PACKAGE_TARNAME "openvswitch"
| #define PACKAGE_VERSION "2.14.0"
| #define PACKAGE_STRING "openvswitch 2.14.0"
| #define PACKAGE_BUGREPORT "bugs@openvswitch.org"
| #define PACKAGE_URL ""
| #define PACKAGE "openvswitch"
| #define VERSION "2.14.0"
| #define STDC_HEADERS 1
| #define HAVE_SYS_TYPES_H 1
| #define HAVE_SYS_STAT_H 1
| #define HAVE_STDLIB_H 1
| #define HAVE_STRING_H 1
| #define HAVE_MEMORY_H 1
| #define HAVE_STRINGS_H 1
| #define HAVE_INTTYPES_H 1
| #define HAVE_STDINT_H 1
| #define HAVE_UNISTD_H 1
| #define __EXTENSIONS__ 1
| #define _ALL_SOURCE 1
| #define _GNU_SOURCE 1
| #define _POSIX_PTHREAD_SEMANTICS 1
| #define _TANDEM_SOURCE 1
| #define HAVE_DLFCN_H 1
| #define LT_OBJDIR ".libs/"
| #define HAVE_PTHREAD_SPIN_LOCK 1
| #define HAVE_DECL_STRERROR_R 1
| #define HAVE_STRERROR_R 1
| #define STRERROR_R_CHAR_P 1
| /* end confdefs.h.  */
| #include <stdio.h>
| #ifdef HAVE_SYS_TYPES_H
| # include <sys/types.h>
| #endif
| #ifdef HAVE_SYS_STAT_H
| # include <sys/stat.h>
| #endif
| #ifdef STDC_HEADERS
| # include <stdlib.h>
| # include <stddef.h>
| #else
| # ifdef HAVE_STDLIB_H
| #  include <stdlib.h>
| # endif
| #endif
| #ifdef HAVE_STRING_H
| # if !defined STDC_HEADERS && defined HAVE_MEMORY_H
| #  include <memory.h>
| # endif
| # include <string.h>
| #endif
| #ifdef HAVE_STRINGS_H
| # include <strings.h>
| #endif
| #ifdef HAVE_INTTYPES_H
| # include <inttypes.h>
| #endif
| #ifdef HAVE_STDINT_H
| # include <stdint.h>
| #endif
| #ifdef HAVE_UNISTD_H
| # include <unistd.h>
| #endif
| #include <windows.h>
configure:17766: result: no
configure:17766: checking windows.h presence
configure:17766: gcc -E  conftest.c
conftest.c:32:21: fatal error: windows.h: No such file or directory
compilation terminated.
configure:17766: $? = 1
configure: failed program was:
| /* confdefs.h */
| #define PACKAGE_NAME "openvswitch"
| #define PACKAGE_TARNAME "openvswitch"
| #define PACKAGE_VERSION "2.14.0"
| #define PACKAGE_STRING "openvswitch 2.14.0"
| #define PACKAGE_BUGREPORT "bugs@openvswitch.org"
| #define PACKAGE_URL ""
| #define PACKAGE "openvswitch"
| #define VERSION "2.14.0"
| #define STDC_HEADERS 1
| #define HAVE_SYS_TYPES_H 1
| #define HAVE_SYS_STAT_H 1
| #define HAVE_STDLIB_H 1
| #define HAVE_STRING_H 1
| #define HAVE_MEMORY_H 1
| #define HAVE_STRINGS_H 1
| #define HAVE_INTTYPES_H 1
| #define HAVE_STDINT_H 1
| #define HAVE_UNISTD_H 1
| #define __EXTENSIONS__ 1
| #define _ALL_SOURCE 1
| #define _GNU_SOURCE 1
| #define _POSIX_PTHREAD_SEMANTICS 1
| #define _TANDEM_SOURCE 1
| #define HAVE_DLFCN_H 1
| #define LT_OBJDIR ".libs/"
| #define HAVE_PTHREAD_SPIN_LOCK 1
| #define HAVE_DECL_STRERROR_R 1
| #define HAVE_STRERROR_R 1
| #define STRERROR_R_CHAR_P 1
| /* end confdefs.h.  */
| #include <windows.h>
configure:17766: result: no
configure:17766: checking for windows.h
configure:17766: result: no
configure:17988: checking for linux/netlink.h
configure:17988: gcc -c -g -O2  conftest.c >&5
configure:17988: $? = 0
configure:17988: result: yes
configure:18044: checking for pkg-config
configure:18074: result: /usr/bin/pkg-config
configure:18136: checking whether compiling and linking against OpenSSL works
Trying link with SSL_LDFLAGS=; SSL_LIBS=-lssl -lcrypto; SSL_INCLUDES=
configure:18158: gcc -o conftest -g -O2     conftest.c -lssl -lcrypto -lpthread -lrt -lm  >&5
configure:18158: $? = 0
configure:18160: result: yes
configure:18220: checking whether SSL_set_tlsext_host_name is declared
configure:18220: gcc -c -g -O2   conftest.c >&5
configure:18220: $? = 0
configure:18220: result: yes
configure:18249: checking for capng_clear in -lcap-ng
configure:18274: gcc -o conftest -g -O2   conftest.c -lcap-ng  -lpthread -lrt -lm  >&5
/usr/bin/ld: cannot find -lcap-ng
collect2: error: ld returned 1 exit status
configure:18274: $? = 1
configure: failed program was:
| /* confdefs.h */
| #define PACKAGE_NAME "openvswitch"
| #define PACKAGE_TARNAME "openvswitch"
| #define PACKAGE_VERSION "2.14.0"
| #define PACKAGE_STRING "openvswitch 2.14.0"
| #define PACKAGE_BUGREPORT "bugs@openvswitch.org"
| #define PACKAGE_URL ""
| #define PACKAGE "openvswitch"
| #define VERSION "2.14.0"
| #define STDC_HEADERS 1
| #define HAVE_SYS_TYPES_H 1
| #define HAVE_SYS_STAT_H 1
| #define HAVE_STDLIB_H 1
| #define HAVE_STRING_H 1
| #define HAVE_MEMORY_H 1
| #define HAVE_STRINGS_H 1
| #define HAVE_INTTYPES_H 1
| #define HAVE_STDINT_H 1
| #define HAVE_UNISTD_H 1
| #define __EXTENSIONS__ 1
| #define _ALL_SOURCE 1
| #define _GNU_SOURCE 1
| #define _POSIX_PTHREAD_SEMANTICS 1
| #define _TANDEM_SOURCE 1
| #define HAVE_DLFCN_H 1
| #define LT_OBJDIR ".libs/"
| #define HAVE_PTHREAD_SPIN_LOCK 1
| #define HAVE_DECL_STRERROR_R 1
| #define HAVE_STRERROR_R 1
| #define STRERROR_R_CHAR_P 1
| #define VSTUDIO_DDK 1
| #define HAVE_NETLINK 1
| #define HAVE_OPENSSL 1
| #define OPENSSL_SUPPORTS_SNI 1
| /* end confdefs.h.  */
| 
| /* Override any GCC internal prototype to avoid an error.
|    Use char because int might match the return type of a GCC
|    builtin and then its argument prototype would still apply.  */
| #ifdef __cplusplus
| extern "C"
| #endif
| char capng_clear ();
| int
| main ()
| {
| return capng_clear ();
|   ;
|   return 0;
| }
configure:18283: result: no
configure:18297: WARNING: cannot find libcap-ng.
--user option will not be supported on Linux.
(you may use --disable-libcapng to suppress this warning). 
configure:18330: checking for Python 3 (version 3.4 or later)
configure:18356: result: /usr/bin/python3
configure:18363: checking for flake8
configure:18374: result: no
configure:18388: checking for sphinx-build-3
configure:18418: result: no
configure:18388: checking for sphinx-build-2
configure:18418: result: no
configure:18388: checking for sphinx-build
configure:18418: result: no
configure:18436: checking for dot
configure:18447: result: no
configure:18457: checking net/if_dl.h usability
configure:18457: gcc -c -g -O2  conftest.c >&5
conftest.c:69:23: fatal error: net/if_dl.h: No such file or directory
compilation terminated.
configure:18457: $? = 1
configure: failed program was:
| /* confdefs.h */
| #define PACKAGE_NAME "openvswitch"
| #define PACKAGE_TARNAME "openvswitch"
| #define PACKAGE_VERSION "2.14.0"
| #define PACKAGE_STRING "openvswitch 2.14.0"
| #define PACKAGE_BUGREPORT "bugs@openvswitch.org"
| #define PACKAGE_URL ""
| #define PACKAGE "openvswitch"
| #define VERSION "2.14.0"
| #define STDC_HEADERS 1
| #define HAVE_SYS_TYPES_H 1
| #define HAVE_SYS_STAT_H 1
| #define HAVE_STDLIB_H 1
| #define HAVE_STRING_H 1
| #define HAVE_MEMORY_H 1
| #define HAVE_STRINGS_H 1
| #define HAVE_INTTYPES_H 1
| #define HAVE_STDINT_H 1
| #define HAVE_UNISTD_H 1
| #define __EXTENSIONS__ 1
| #define _ALL_SOURCE 1
| #define _GNU_SOURCE 1
| #define _POSIX_PTHREAD_SEMANTICS 1
| #define _TANDEM_SOURCE 1
| #define HAVE_DLFCN_H 1
| #define LT_OBJDIR ".libs/"
| #define HAVE_PTHREAD_SPIN_LOCK 1
| #define HAVE_DECL_STRERROR_R 1
| #define HAVE_STRERROR_R 1
| #define STRERROR_R_CHAR_P 1
| #define VSTUDIO_DDK 1
| #define HAVE_NETLINK 1
| #define HAVE_OPENSSL 1
| #define OPENSSL_SUPPORTS_SNI 1
| /* end confdefs.h.  */
| #include <stdio.h>
| #ifdef HAVE_SYS_TYPES_H
| # include <sys/types.h>
| #endif
| #ifdef HAVE_SYS_STAT_H
| # include <sys/stat.h>
| #endif
| #ifdef STDC_HEADERS
| # include <stdlib.h>
| # include <stddef.h>
| #else
| # ifdef HAVE_STDLIB_H
| #  include <stdlib.h>
| # endif
| #endif
| #ifdef HAVE_STRING_H
| # if !defined STDC_HEADERS && defined HAVE_MEMORY_H
| #  include <memory.h>
| # endif
| # include <string.h>
| #endif
| #ifdef HAVE_STRINGS_H
| # include <strings.h>
| #endif
| #ifdef HAVE_INTTYPES_H
| # include <inttypes.h>
| #endif
| #ifdef HAVE_STDINT_H
| # include <stdint.h>
| #endif
| #ifdef HAVE_UNISTD_H
| # include <unistd.h>
| #endif
| #include <net/if_dl.h>
configure:18457: result: no
configure:18457: checking net/if_dl.h presence
configure:18457: gcc -E  conftest.c
conftest.c:36:23: fatal error: net/if_dl.h: No such file or directory
compilation terminated.
configure:18457: $? = 1
configure: failed program was:
| /* confdefs.h */
| #define PACKAGE_NAME "openvswitch"
| #define PACKAGE_TARNAME "openvswitch"
| #define PACKAGE_VERSION "2.14.0"
| #define PACKAGE_STRING "openvswitch 2.14.0"
| #define PACKAGE_BUGREPORT "bugs@openvswitch.org"
| #define PACKAGE_URL ""
| #define PACKAGE "openvswitch"
| #define VERSION "2.14.0"
| #define STDC_HEADERS 1
| #define HAVE_SYS_TYPES_H 1
| #define HAVE_SYS_STAT_H 1
| #define HAVE_STDLIB_H 1
| #define HAVE_STRING_H 1
| #define HAVE_MEMORY_H 1
| #define HAVE_STRINGS_H 1
| #define HAVE_INTTYPES_H 1
| #define HAVE_STDINT_H 1
| #define HAVE_UNISTD_H 1
| #define __EXTENSIONS__ 1
| #define _ALL_SOURCE 1
| #define _GNU_SOURCE 1
| #define _POSIX_PTHREAD_SEMANTICS 1
| #define _TANDEM_SOURCE 1
| #define HAVE_DLFCN_H 1
| #define LT_OBJDIR ".libs/"
| #define HAVE_PTHREAD_SPIN_LOCK 1
| #define HAVE_DECL_STRERROR_R 1
| #define HAVE_STRERROR_R 1
| #define STRERROR_R_CHAR_P 1
| #define VSTUDIO_DDK 1
| #define HAVE_NETLINK 1
| #define HAVE_OPENSSL 1
| #define OPENSSL_SUPPORTS_SNI 1
| /* end confdefs.h.  */
| #include <net/if_dl.h>
configure:18457: result: no
configure:18457: checking for net/if_dl.h
configure:18457: result: no
configure:18536: checking whether strtok_r macro segfaults on some inputs
configure:18572: gcc -o conftest -g -O2   conftest.c -lpthread -lrt -lm  >&5
conftest.c: In function 'main':
conftest.c:53:28: warning: ignoring return value of 'freopen', declared with attribute warn_unused_result [-Wunused-result]
                            freopen ("/dev/null", "w", stdout);
                            ^
configure:18572: $? = 0
configure:18572: ./conftest
configure:18572: $? = 0
configure:18582: result: no
configure:18598: checking whether AF_XDP is enabled
configure:18601: result: no
configure:18739: checking whether sys_siglist is declared
configure:18739: gcc -c -g -O2  conftest.c >&5
configure:18739: $? = 0
configure:18739: result: yes
configure:18751: checking for struct stat.st_mtim.tv_nsec
configure:18751: gcc -c -g -O2  conftest.c >&5
configure:18751: $? = 0
configure:18751: result: yes
configure:18761: checking for struct stat.st_mtimensec
configure:18761: gcc -c -g -O2  conftest.c >&5
conftest.c: In function 'main':
conftest.c:44:12: error: 'struct stat' has no member named 'st_mtimensec'
 if (ac_aggr.st_mtimensec)
            ^
configure:18761: $? = 1
configure: failed program was:
| /* confdefs.h */
| #define PACKAGE_NAME "openvswitch"
| #define PACKAGE_TARNAME "openvswitch"
| #define PACKAGE_VERSION "2.14.0"
| #define PACKAGE_STRING "openvswitch 2.14.0"
| #define PACKAGE_BUGREPORT "bugs@openvswitch.org"
| #define PACKAGE_URL ""
| #define PACKAGE "openvswitch"
| #define VERSION "2.14.0"
| #define STDC_HEADERS 1
| #define HAVE_SYS_TYPES_H 1
| #define HAVE_SYS_STAT_H 1
| #define HAVE_STDLIB_H 1
| #define HAVE_STRING_H 1
| #define HAVE_MEMORY_H 1
| #define HAVE_STRINGS_H 1
| #define HAVE_INTTYPES_H 1
| #define HAVE_STDINT_H 1
| #define HAVE_UNISTD_H 1
| #define __EXTENSIONS__ 1
| #define _ALL_SOURCE 1
| #define _GNU_SOURCE 1
| #define _POSIX_PTHREAD_SEMANTICS 1
| #define _TANDEM_SOURCE 1
| #define HAVE_DLFCN_H 1
| #define LT_OBJDIR ".libs/"
| #define HAVE_PTHREAD_SPIN_LOCK 1
| #define HAVE_DECL_STRERROR_R 1
| #define HAVE_STRERROR_R 1
| #define STRERROR_R_CHAR_P 1
| #define VSTUDIO_DDK 1
| #define HAVE_NETLINK 1
| #define HAVE_OPENSSL 1
| #define OPENSSL_SUPPORTS_SNI 1
| #define HAVE_DECL_SYS_SIGLIST 1
| #define HAVE_STRUCT_STAT_ST_MTIM_TV_NSEC 1
| /* end confdefs.h.  */
| #include <sys/stat.h>
| 
| int
| main ()
| {
| static struct stat ac_aggr;
| if (ac_aggr.st_mtimensec)
| return 0;
|   ;
|   return 0;
| }
configure:18761: gcc -c -g -O2  conftest.c >&5
conftest.c: In function 'main':
conftest.c:44:19: error: 'struct stat' has no member named 'st_mtimensec'
 if (sizeof ac_aggr.st_mtimensec)
                   ^
configure:18761: $? = 1
configure: failed program was:
| /* confdefs.h */
| #define PACKAGE_NAME "openvswitch"
| #define PACKAGE_TARNAME "openvswitch"
| #define PACKAGE_VERSION "2.14.0"
| #define PACKAGE_STRING "openvswitch 2.14.0"
| #define PACKAGE_BUGREPORT "bugs@openvswitch.org"
| #define PACKAGE_URL ""
| #define PACKAGE "openvswitch"
| #define VERSION "2.14.0"
| #define STDC_HEADERS 1
| #define HAVE_SYS_TYPES_H 1
| #define HAVE_SYS_STAT_H 1
| #define HAVE_STDLIB_H 1
| #define HAVE_STRING_H 1
| #define HAVE_MEMORY_H 1
| #define HAVE_STRINGS_H 1
| #define HAVE_INTTYPES_H 1
| #define HAVE_STDINT_H 1
| #define HAVE_UNISTD_H 1
| #define __EXTENSIONS__ 1
| #define _ALL_SOURCE 1
| #define _GNU_SOURCE 1
| #define _POSIX_PTHREAD_SEMANTICS 1
| #define _TANDEM_SOURCE 1
| #define HAVE_DLFCN_H 1
| #define LT_OBJDIR ".libs/"
| #define HAVE_PTHREAD_SPIN_LOCK 1
| #define HAVE_DECL_STRERROR_R 1
| #define HAVE_STRERROR_R 1
| #define STRERROR_R_CHAR_P 1
| #define VSTUDIO_DDK 1
| #define HAVE_NETLINK 1
| #define HAVE_OPENSSL 1
| #define OPENSSL_SUPPORTS_SNI 1
| #define HAVE_DECL_SYS_SIGLIST 1
| #define HAVE_STRUCT_STAT_ST_MTIM_TV_NSEC 1
| /* end confdefs.h.  */
| #include <sys/stat.h>
| 
| int
| main ()
| {
| static struct stat ac_aggr;
| if (sizeof ac_aggr.st_mtimensec)
| return 0;
|   ;
|   return 0;
| }
configure:18761: result: no
configure:18772: checking for struct ifreq.ifr_flagshigh
configure:18772: gcc -c -g -O2  conftest.c >&5
conftest.c: In function 'main':
conftest.c:44:12: error: 'struct ifreq' has no member named 'ifr_flagshigh'
 if (ac_aggr.ifr_flagshigh)
            ^
configure:18772: $? = 1
configure: failed program was:
| /* confdefs.h */
| #define PACKAGE_NAME "openvswitch"
| #define PACKAGE_TARNAME "openvswitch"
| #define PACKAGE_VERSION "2.14.0"
| #define PACKAGE_STRING "openvswitch 2.14.0"
| #define PACKAGE_BUGREPORT "bugs@openvswitch.org"
| #define PACKAGE_URL ""
| #define PACKAGE "openvswitch"
| #define VERSION "2.14.0"
| #define STDC_HEADERS 1
| #define HAVE_SYS_TYPES_H 1
| #define HAVE_SYS_STAT_H 1
| #define HAVE_STDLIB_H 1
| #define HAVE_STRING_H 1
| #define HAVE_MEMORY_H 1
| #define HAVE_STRINGS_H 1
| #define HAVE_INTTYPES_H 1
| #define HAVE_STDINT_H 1
| #define HAVE_UNISTD_H 1
| #define __EXTENSIONS__ 1
| #define _ALL_SOURCE 1
| #define _GNU_SOURCE 1
| #define _POSIX_PTHREAD_SEMANTICS 1
| #define _TANDEM_SOURCE 1
| #define HAVE_DLFCN_H 1
| #define LT_OBJDIR ".libs/"
| #define HAVE_PTHREAD_SPIN_LOCK 1
| #define HAVE_DECL_STRERROR_R 1
| #define HAVE_STRERROR_R 1
| #define STRERROR_R_CHAR_P 1
| #define VSTUDIO_DDK 1
| #define HAVE_NETLINK 1
| #define HAVE_OPENSSL 1
| #define OPENSSL_SUPPORTS_SNI 1
| #define HAVE_DECL_SYS_SIGLIST 1
| #define HAVE_STRUCT_STAT_ST_MTIM_TV_NSEC 1
| /* end confdefs.h.  */
| #include <net/if.h>
| 
| int
| main ()
| {
| static struct ifreq ac_aggr;
| if (ac_aggr.ifr_flagshigh)
| return 0;
|   ;
|   return 0;
| }
configure:18772: gcc -c -g -O2  conftest.c >&5
conftest.c: In function 'main':
conftest.c:44:19: error: 'struct ifreq' has no member named 'ifr_flagshigh'
 if (sizeof ac_aggr.ifr_flagshigh)
                   ^
configure:18772: $? = 1
configure: failed program was:
| /* confdefs.h */
| #define PACKAGE_NAME "openvswitch"
| #define PACKAGE_TARNAME "openvswitch"
| #define PACKAGE_VERSION "2.14.0"
| #define PACKAGE_STRING "openvswitch 2.14.0"
| #define PACKAGE_BUGREPORT "bugs@openvswitch.org"
| #define PACKAGE_URL ""
| #define PACKAGE "openvswitch"
| #define VERSION "2.14.0"
| #define STDC_HEADERS 1
| #define HAVE_SYS_TYPES_H 1
| #define HAVE_SYS_STAT_H 1
| #define HAVE_STDLIB_H 1
| #define HAVE_STRING_H 1
| #define HAVE_MEMORY_H 1
| #define HAVE_STRINGS_H 1
| #define HAVE_INTTYPES_H 1
| #define HAVE_STDINT_H 1
| #define HAVE_UNISTD_H 1
| #define __EXTENSIONS__ 1
| #define _ALL_SOURCE 1
| #define _GNU_SOURCE 1
| #define _POSIX_PTHREAD_SEMANTICS 1
| #define _TANDEM_SOURCE 1
| #define HAVE_DLFCN_H 1
| #define LT_OBJDIR ".libs/"
| #define HAVE_PTHREAD_SPIN_LOCK 1
| #define HAVE_DECL_STRERROR_R 1
| #define HAVE_STRERROR_R 1
| #define STRERROR_R_CHAR_P 1
| #define VSTUDIO_DDK 1
| #define HAVE_NETLINK 1
| #define HAVE_OPENSSL 1
| #define OPENSSL_SUPPORTS_SNI 1
| #define HAVE_DECL_SYS_SIGLIST 1
| #define HAVE_STRUCT_STAT_ST_MTIM_TV_NSEC 1
| /* end confdefs.h.  */
| #include <net/if.h>
| 
| int
| main ()
| {
| static struct ifreq ac_aggr;
| if (sizeof ac_aggr.ifr_flagshigh)
| return 0;
|   ;
|   return 0;
| }
configure:18772: result: no
configure:18783: checking for struct mmsghdr.msg_len
configure:18783: gcc -c -g -O2  conftest.c >&5
configure:18783: $? = 0
configure:18783: result: yes
configure:18794: checking for struct sockaddr_in6.sin6_scope_id
configure:18794: gcc -c -g -O2  conftest.c >&5
configure:18794: $? = 0
configure:18794: result: yes
configure:18810: checking for mlockall
configure:18810: gcc -o conftest -g -O2   conftest.c -lpthread -lrt -lm  >&5
configure:18810: $? = 0
configure:18810: result: yes
configure:18810: checking for strnlen
configure:18810: gcc -o conftest -g -O2   conftest.c -lpthread -lrt -lm  >&5
configure:18810: $? = 0
configure:18810: result: yes
configure:18810: checking for getloadavg
configure:18810: gcc -o conftest -g -O2   conftest.c -lpthread -lrt -lm  >&5
configure:18810: $? = 0
configure:18810: result: yes
configure:18810: checking for statvfs
configure:18810: gcc -o conftest -g -O2   conftest.c -lpthread -lrt -lm  >&5
configure:18810: $? = 0
configure:18810: result: yes
configure:18810: checking for getmntent_r
configure:18810: gcc -o conftest -g -O2   conftest.c -lpthread -lrt -lm  >&5
configure:18810: $? = 0
configure:18810: result: yes
configure:18810: checking for sendmmsg
configure:18810: gcc -o conftest -g -O2   conftest.c -lpthread -lrt -lm  >&5
configure:18810: $? = 0
configure:18810: result: yes
configure:18810: checking for clock_gettime
configure:18810: gcc -o conftest -g -O2   conftest.c -lpthread -lrt -lm  >&5
configure:18810: $? = 0
configure:18810: result: yes
configure:18822: checking mntent.h usability
configure:18822: gcc -c -g -O2  conftest.c >&5
configure:18822: $? = 0
configure:18822: result: yes
configure:18822: checking mntent.h presence
configure:18822: gcc -E  conftest.c
configure:18822: $? = 0
configure:18822: result: yes
configure:18822: checking for mntent.h
configure:18822: result: yes
configure:18822: checking sys/statvfs.h usability
configure:18822: gcc -c -g -O2  conftest.c >&5
configure:18822: $? = 0
configure:18822: result: yes
configure:18822: checking sys/statvfs.h presence
configure:18822: gcc -E  conftest.c
configure:18822: $? = 0
configure:18822: result: yes
configure:18822: checking for sys/statvfs.h
configure:18822: result: yes
configure:18822: checking linux/types.h usability
configure:18822: gcc -c -g -O2  conftest.c >&5
configure:18822: $? = 0
configure:18822: result: yes
configure:18822: checking linux/types.h presence
configure:18822: gcc -E  conftest.c
configure:18822: $? = 0
configure:18822: result: yes
configure:18822: checking for linux/types.h
configure:18822: result: yes
configure:18822: checking linux/if_ether.h usability
configure:18822: gcc -c -g -O2  conftest.c >&5
configure:18822: $? = 0
configure:18822: result: yes
configure:18822: checking linux/if_ether.h presence
configure:18822: gcc -E  conftest.c
configure:18822: $? = 0
configure:18822: result: yes
configure:18822: checking for linux/if_ether.h
configure:18822: result: yes
configure:18835: checking linux/net_namespace.h usability
configure:18835: gcc -c -g -O2  conftest.c >&5
configure:18835: $? = 0
configure:18835: result: yes
configure:18835: checking linux/net_namespace.h presence
configure:18835: gcc -E  conftest.c
configure:18835: $? = 0
configure:18835: result: yes
configure:18835: checking for linux/net_namespace.h
configure:18835: result: yes
configure:18835: checking stdatomic.h usability
configure:18835: gcc -c -g -O2  conftest.c >&5
configure:18835: $? = 0
configure:18835: result: yes
configure:18835: checking stdatomic.h presence
configure:18835: gcc -E  conftest.c
configure:18835: $? = 0
configure:18835: result: yes
configure:18835: checking for stdatomic.h
configure:18835: result: yes
configure:18835: checking bits/floatn-common.h usability
configure:18835: gcc -c -g -O2  conftest.c >&5
conftest.c:86:32: fatal error: bits/floatn-common.h: No such file or directory
compilation terminated.
configure:18835: $? = 1
configure: failed program was:
| /* confdefs.h */
| #define PACKAGE_NAME "openvswitch"
| #define PACKAGE_TARNAME "openvswitch"
| #define PACKAGE_VERSION "2.14.0"
| #define PACKAGE_STRING "openvswitch 2.14.0"
| #define PACKAGE_BUGREPORT "bugs@openvswitch.org"
| #define PACKAGE_URL ""
| #define PACKAGE "openvswitch"
| #define VERSION "2.14.0"
| #define STDC_HEADERS 1
| #define HAVE_SYS_TYPES_H 1
| #define HAVE_SYS_STAT_H 1
| #define HAVE_STDLIB_H 1
| #define HAVE_STRING_H 1
| #define HAVE_MEMORY_H 1
| #define HAVE_STRINGS_H 1
| #define HAVE_INTTYPES_H 1
| #define HAVE_STDINT_H 1
| #define HAVE_UNISTD_H 1
| #define __EXTENSIONS__ 1
| #define _ALL_SOURCE 1
| #define _GNU_SOURCE 1
| #define _POSIX_PTHREAD_SEMANTICS 1
| #define _TANDEM_SOURCE 1
| #define HAVE_DLFCN_H 1
| #define LT_OBJDIR ".libs/"
| #define HAVE_PTHREAD_SPIN_LOCK 1
| #define HAVE_DECL_STRERROR_R 1
| #define HAVE_STRERROR_R 1
| #define STRERROR_R_CHAR_P 1
| #define VSTUDIO_DDK 1
| #define HAVE_NETLINK 1
| #define HAVE_OPENSSL 1
| #define OPENSSL_SUPPORTS_SNI 1
| #define HAVE_DECL_SYS_SIGLIST 1
| #define HAVE_STRUCT_STAT_ST_MTIM_TV_NSEC 1
| #define HAVE_STRUCT_MMSGHDR_MSG_LEN 1
| #define HAVE_STRUCT_SOCKADDR_IN6_SIN6_SCOPE_ID 1
| #define HAVE_MLOCKALL 1
| #define HAVE_STRNLEN 1
| #define HAVE_GETLOADAVG 1
| #define HAVE_STATVFS 1
| #define HAVE_GETMNTENT_R 1
| #define HAVE_SENDMMSG 1
| #define HAVE_CLOCK_GETTIME 1
| #define HAVE_MNTENT_H 1
| #define HAVE_SYS_STATVFS_H 1
| #define HAVE_LINUX_TYPES_H 1
| #define HAVE_LINUX_IF_ETHER_H 1
| #define HAVE_LINUX_NET_NAMESPACE_H 1
| #define HAVE_STDATOMIC_H 1
| /* end confdefs.h.  */
| #include <stdio.h>
| #ifdef HAVE_SYS_TYPES_H
| # include <sys/types.h>
| #endif
| #ifdef HAVE_SYS_STAT_H
| # include <sys/stat.h>
| #endif
| #ifdef STDC_HEADERS
| # include <stdlib.h>
| # include <stddef.h>
| #else
| # ifdef HAVE_STDLIB_H
| #  include <stdlib.h>
| # endif
| #endif
| #ifdef HAVE_STRING_H
| # if !defined STDC_HEADERS && defined HAVE_MEMORY_H
| #  include <memory.h>
| # endif
| # include <string.h>
| #endif
| #ifdef HAVE_STRINGS_H
| # include <strings.h>
| #endif
| #ifdef HAVE_INTTYPES_H
| # include <inttypes.h>
| #endif
| #ifdef HAVE_STDINT_H
| # include <stdint.h>
| #endif
| #ifdef HAVE_UNISTD_H
| # include <unistd.h>
| #endif
| #include <bits/floatn-common.h>
configure:18835: result: no
configure:18835: checking bits/floatn-common.h presence
configure:18835: gcc -E  conftest.c
conftest.c:53:32: fatal error: bits/floatn-common.h: No such file or directory
compilation terminated.
configure:18835: $? = 1
configure: failed program was:
| /* confdefs.h */
| #define PACKAGE_NAME "openvswitch"
| #define PACKAGE_TARNAME "openvswitch"
| #define PACKAGE_VERSION "2.14.0"
| #define PACKAGE_STRING "openvswitch 2.14.0"
| #define PACKAGE_BUGREPORT "bugs@openvswitch.org"
| #define PACKAGE_URL ""
| #define PACKAGE "openvswitch"
| #define VERSION "2.14.0"
| #define STDC_HEADERS 1
| #define HAVE_SYS_TYPES_H 1
| #define HAVE_SYS_STAT_H 1
| #define HAVE_STDLIB_H 1
| #define HAVE_STRING_H 1
| #define HAVE_MEMORY_H 1
| #define HAVE_STRINGS_H 1
| #define HAVE_INTTYPES_H 1
| #define HAVE_STDINT_H 1
| #define HAVE_UNISTD_H 1
| #define __EXTENSIONS__ 1
| #define _ALL_SOURCE 1
| #define _GNU_SOURCE 1
| #define _POSIX_PTHREAD_SEMANTICS 1
| #define _TANDEM_SOURCE 1
| #define HAVE_DLFCN_H 1
| #define LT_OBJDIR ".libs/"
| #define HAVE_PTHREAD_SPIN_LOCK 1
| #define HAVE_DECL_STRERROR_R 1
| #define HAVE_STRERROR_R 1
| #define STRERROR_R_CHAR_P 1
| #define VSTUDIO_DDK 1
| #define HAVE_NETLINK 1
| #define HAVE_OPENSSL 1
| #define OPENSSL_SUPPORTS_SNI 1
| #define HAVE_DECL_SYS_SIGLIST 1
| #define HAVE_STRUCT_STAT_ST_MTIM_TV_NSEC 1
| #define HAVE_STRUCT_MMSGHDR_MSG_LEN 1
| #define HAVE_STRUCT_SOCKADDR_IN6_SIN6_SCOPE_ID 1
| #define HAVE_MLOCKALL 1
| #define HAVE_STRNLEN 1
| #define HAVE_GETLOADAVG 1
| #define HAVE_STATVFS 1
| #define HAVE_GETMNTENT_R 1
| #define HAVE_SENDMMSG 1
| #define HAVE_CLOCK_GETTIME 1
| #define HAVE_MNTENT_H 1
| #define HAVE_SYS_STATVFS_H 1
| #define HAVE_LINUX_TYPES_H 1
| #define HAVE_LINUX_IF_ETHER_H 1
| #define HAVE_LINUX_NET_NAMESPACE_H 1
| #define HAVE_STDATOMIC_H 1
| /* end confdefs.h.  */
| #include <bits/floatn-common.h>
configure:18835: result: no
configure:18835: checking for bits/floatn-common.h
configure:18835: result: no
configure:18847: checking for net/if_mib.h
configure:18847: gcc -c -g -O2  conftest.c >&5
conftest.c:56:24: fatal error: net/if_mib.h: No such file or directory
compilation terminated.
configure:18847: $? = 1
configure: failed program was:
| /* confdefs.h */
| #define PACKAGE_NAME "openvswitch"
| #define PACKAGE_TARNAME "openvswitch"
| #define PACKAGE_VERSION "2.14.0"
| #define PACKAGE_STRING "openvswitch 2.14.0"
| #define PACKAGE_BUGREPORT "bugs@openvswitch.org"
| #define PACKAGE_URL ""
| #define PACKAGE "openvswitch"
| #define VERSION "2.14.0"
| #define STDC_HEADERS 1
| #define HAVE_SYS_TYPES_H 1
| #define HAVE_SYS_STAT_H 1
| #define HAVE_STDLIB_H 1
| #define HAVE_STRING_H 1
| #define HAVE_MEMORY_H 1
| #define HAVE_STRINGS_H 1
| #define HAVE_INTTYPES_H 1
| #define HAVE_STDINT_H 1
| #define HAVE_UNISTD_H 1
| #define __EXTENSIONS__ 1
| #define _ALL_SOURCE 1
| #define _GNU_SOURCE 1
| #define _POSIX_PTHREAD_SEMANTICS 1
| #define _TANDEM_SOURCE 1
| #define HAVE_DLFCN_H 1
| #define LT_OBJDIR ".libs/"
| #define HAVE_PTHREAD_SPIN_LOCK 1
| #define HAVE_DECL_STRERROR_R 1
| #define HAVE_STRERROR_R 1
| #define STRERROR_R_CHAR_P 1
| #define VSTUDIO_DDK 1
| #define HAVE_NETLINK 1
| #define HAVE_OPENSSL 1
| #define OPENSSL_SUPPORTS_SNI 1
| #define HAVE_DECL_SYS_SIGLIST 1
| #define HAVE_STRUCT_STAT_ST_MTIM_TV_NSEC 1
| #define HAVE_STRUCT_MMSGHDR_MSG_LEN 1
| #define HAVE_STRUCT_SOCKADDR_IN6_SIN6_SCOPE_ID 1
| #define HAVE_MLOCKALL 1
| #define HAVE_STRNLEN 1
| #define HAVE_GETLOADAVG 1
| #define HAVE_STATVFS 1
| #define HAVE_GETMNTENT_R 1
| #define HAVE_SENDMMSG 1
| #define HAVE_CLOCK_GETTIME 1
| #define HAVE_MNTENT_H 1
| #define HAVE_SYS_STATVFS_H 1
| #define HAVE_LINUX_TYPES_H 1
| #define HAVE_LINUX_IF_ETHER_H 1
| #define HAVE_LINUX_NET_NAMESPACE_H 1
| #define HAVE_STDATOMIC_H 1
| /* end confdefs.h.  */
| #include <sys/types.h>
| #include <net/if.h>
| 
| #include <net/if_mib.h>
configure:18847: result: no
configure:18887: checking for library containing backtrace
configure:18918: gcc -o conftest -g -O2   conftest.c -lpthread -lrt -lm  >&5
configure:18918: $? = 0
configure:18935: result: none required
configure:18947: checking linux/perf_event.h usability
configure:18947: gcc -c -g -O2  conftest.c >&5
configure:18947: $? = 0
configure:18947: result: yes
configure:18947: checking linux/perf_event.h presence
configure:18947: gcc -E  conftest.c
configure:18947: $? = 0
configure:18947: result: yes
configure:18947: checking for linux/perf_event.h
configure:18947: result: yes
configure:18959: checking valgrind/valgrind.h usability
configure:18959: gcc -c -g -O2  conftest.c >&5
conftest.c:88:31: fatal error: valgrind/valgrind.h: No such file or directory
compilation terminated.
configure:18959: $? = 1
configure: failed program was:
| /* confdefs.h */
| #define PACKAGE_NAME "openvswitch"
| #define PACKAGE_TARNAME "openvswitch"
| #define PACKAGE_VERSION "2.14.0"
| #define PACKAGE_STRING "openvswitch 2.14.0"
| #define PACKAGE_BUGREPORT "bugs@openvswitch.org"
| #define PACKAGE_URL ""
| #define PACKAGE "openvswitch"
| #define VERSION "2.14.0"
| #define STDC_HEADERS 1
| #define HAVE_SYS_TYPES_H 1
| #define HAVE_SYS_STAT_H 1
| #define HAVE_STDLIB_H 1
| #define HAVE_STRING_H 1
| #define HAVE_MEMORY_H 1
| #define HAVE_STRINGS_H 1
| #define HAVE_INTTYPES_H 1
| #define HAVE_STDINT_H 1
| #define HAVE_UNISTD_H 1
| #define __EXTENSIONS__ 1
| #define _ALL_SOURCE 1
| #define _GNU_SOURCE 1
| #define _POSIX_PTHREAD_SEMANTICS 1
| #define _TANDEM_SOURCE 1
| #define HAVE_DLFCN_H 1
| #define LT_OBJDIR ".libs/"
| #define HAVE_PTHREAD_SPIN_LOCK 1
| #define HAVE_DECL_STRERROR_R 1
| #define HAVE_STRERROR_R 1
| #define STRERROR_R_CHAR_P 1
| #define VSTUDIO_DDK 1
| #define HAVE_NETLINK 1
| #define HAVE_OPENSSL 1
| #define OPENSSL_SUPPORTS_SNI 1
| #define HAVE_DECL_SYS_SIGLIST 1
| #define HAVE_STRUCT_STAT_ST_MTIM_TV_NSEC 1
| #define HAVE_STRUCT_MMSGHDR_MSG_LEN 1
| #define HAVE_STRUCT_SOCKADDR_IN6_SIN6_SCOPE_ID 1
| #define HAVE_MLOCKALL 1
| #define HAVE_STRNLEN 1
| #define HAVE_GETLOADAVG 1
| #define HAVE_STATVFS 1
| #define HAVE_GETMNTENT_R 1
| #define HAVE_SENDMMSG 1
| #define HAVE_CLOCK_GETTIME 1
| #define HAVE_MNTENT_H 1
| #define HAVE_SYS_STATVFS_H 1
| #define HAVE_LINUX_TYPES_H 1
| #define HAVE_LINUX_IF_ETHER_H 1
| #define HAVE_LINUX_NET_NAMESPACE_H 1
| #define HAVE_STDATOMIC_H 1
| #define HAVE_BACKTRACE 1
| #define HAVE_LINUX_PERF_EVENT_H 1
| /* end confdefs.h.  */
| #include <stdio.h>
| #ifdef HAVE_SYS_TYPES_H
| # include <sys/types.h>
| #endif
| #ifdef HAVE_SYS_STAT_H
| # include <sys/stat.h>
| #endif
| #ifdef STDC_HEADERS
| # include <stdlib.h>
| # include <stddef.h>
| #else
| # ifdef HAVE_STDLIB_H
| #  include <stdlib.h>
| # endif
| #endif
| #ifdef HAVE_STRING_H
| # if !defined STDC_HEADERS && defined HAVE_MEMORY_H
| #  include <memory.h>
| # endif
| # include <string.h>
| #endif
| #ifdef HAVE_STRINGS_H
| # include <strings.h>
| #endif
| #ifdef HAVE_INTTYPES_H
| # include <inttypes.h>
| #endif
| #ifdef HAVE_STDINT_H
| # include <stdint.h>
| #endif
| #ifdef HAVE_UNISTD_H
| # include <unistd.h>
| #endif
| #include <valgrind/valgrind.h>
configure:18959: result: no
configure:18959: checking valgrind/valgrind.h presence
configure:18959: gcc -E  conftest.c
conftest.c:55:31: fatal error: valgrind/valgrind.h: No such file or directory
compilation terminated.
configure:18959: $? = 1
configure: failed program was:
| /* confdefs.h */
| #define PACKAGE_NAME "openvswitch"
| #define PACKAGE_TARNAME "openvswitch"
| #define PACKAGE_VERSION "2.14.0"
| #define PACKAGE_STRING "openvswitch 2.14.0"
| #define PACKAGE_BUGREPORT "bugs@openvswitch.org"
| #define PACKAGE_URL ""
| #define PACKAGE "openvswitch"
| #define VERSION "2.14.0"
| #define STDC_HEADERS 1
| #define HAVE_SYS_TYPES_H 1
| #define HAVE_SYS_STAT_H 1
| #define HAVE_STDLIB_H 1
| #define HAVE_STRING_H 1
| #define HAVE_MEMORY_H 1
| #define HAVE_STRINGS_H 1
| #define HAVE_INTTYPES_H 1
| #define HAVE_STDINT_H 1
| #define HAVE_UNISTD_H 1
| #define __EXTENSIONS__ 1
| #define _ALL_SOURCE 1
| #define _GNU_SOURCE 1
| #define _POSIX_PTHREAD_SEMANTICS 1
| #define _TANDEM_SOURCE 1
| #define HAVE_DLFCN_H 1
| #define LT_OBJDIR ".libs/"
| #define HAVE_PTHREAD_SPIN_LOCK 1
| #define HAVE_DECL_STRERROR_R 1
| #define HAVE_STRERROR_R 1
| #define STRERROR_R_CHAR_P 1
| #define VSTUDIO_DDK 1
| #define HAVE_NETLINK 1
| #define HAVE_OPENSSL 1
| #define OPENSSL_SUPPORTS_SNI 1
| #define HAVE_DECL_SYS_SIGLIST 1
| #define HAVE_STRUCT_STAT_ST_MTIM_TV_NSEC 1
| #define HAVE_STRUCT_MMSGHDR_MSG_LEN 1
| #define HAVE_STRUCT_SOCKADDR_IN6_SIN6_SCOPE_ID 1
| #define HAVE_MLOCKALL 1
| #define HAVE_STRNLEN 1
| #define HAVE_GETLOADAVG 1
| #define HAVE_STATVFS 1
| #define HAVE_GETMNTENT_R 1
| #define HAVE_SENDMMSG 1
| #define HAVE_CLOCK_GETTIME 1
| #define HAVE_MNTENT_H 1
| #define HAVE_SYS_STATVFS_H 1
| #define HAVE_LINUX_TYPES_H 1
| #define HAVE_LINUX_IF_ETHER_H 1
| #define HAVE_LINUX_NET_NAMESPACE_H 1
| #define HAVE_STDATOMIC_H 1
| #define HAVE_BACKTRACE 1
| #define HAVE_LINUX_PERF_EVENT_H 1
| /* end confdefs.h.  */
| #include <valgrind/valgrind.h>
configure:18959: result: no
configure:18959: checking for valgrind/valgrind.h
configure:18959: result: no
configure:18969: checking for connect in -lsocket
configure:18994: gcc -o conftest -g -O2   conftest.c -lsocket  -lpthread -lrt -lm  >&5
/usr/bin/ld: cannot find -lsocket
collect2: error: ld returned 1 exit status
configure:18994: $? = 1
configure: failed program was:
| /* confdefs.h */
| #define PACKAGE_NAME "openvswitch"
| #define PACKAGE_TARNAME "openvswitch"
| #define PACKAGE_VERSION "2.14.0"
| #define PACKAGE_STRING "openvswitch 2.14.0"
| #define PACKAGE_BUGREPORT "bugs@openvswitch.org"
| #define PACKAGE_URL ""
| #define PACKAGE "openvswitch"
| #define VERSION "2.14.0"
| #define STDC_HEADERS 1
| #define HAVE_SYS_TYPES_H 1
| #define HAVE_SYS_STAT_H 1
| #define HAVE_STDLIB_H 1
| #define HAVE_STRING_H 1
| #define HAVE_MEMORY_H 1
| #define HAVE_STRINGS_H 1
| #define HAVE_INTTYPES_H 1
| #define HAVE_STDINT_H 1
| #define HAVE_UNISTD_H 1
| #define __EXTENSIONS__ 1
| #define _ALL_SOURCE 1
| #define _GNU_SOURCE 1
| #define _POSIX_PTHREAD_SEMANTICS 1
| #define _TANDEM_SOURCE 1
| #define HAVE_DLFCN_H 1
| #define LT_OBJDIR ".libs/"
| #define HAVE_PTHREAD_SPIN_LOCK 1
| #define HAVE_DECL_STRERROR_R 1
| #define HAVE_STRERROR_R 1
| #define STRERROR_R_CHAR_P 1
| #define VSTUDIO_DDK 1
| #define HAVE_NETLINK 1
| #define HAVE_OPENSSL 1
| #define OPENSSL_SUPPORTS_SNI 1
| #define HAVE_DECL_SYS_SIGLIST 1
| #define HAVE_STRUCT_STAT_ST_MTIM_TV_NSEC 1
| #define HAVE_STRUCT_MMSGHDR_MSG_LEN 1
| #define HAVE_STRUCT_SOCKADDR_IN6_SIN6_SCOPE_ID 1
| #define HAVE_MLOCKALL 1
| #define HAVE_STRNLEN 1
| #define HAVE_GETLOADAVG 1
| #define HAVE_STATVFS 1
| #define HAVE_GETMNTENT_R 1
| #define HAVE_SENDMMSG 1
| #define HAVE_CLOCK_GETTIME 1
| #define HAVE_MNTENT_H 1
| #define HAVE_SYS_STATVFS_H 1
| #define HAVE_LINUX_TYPES_H 1
| #define HAVE_LINUX_IF_ETHER_H 1
| #define HAVE_LINUX_NET_NAMESPACE_H 1
| #define HAVE_STDATOMIC_H 1
| #define HAVE_BACKTRACE 1
| #define HAVE_LINUX_PERF_EVENT_H 1
| /* end confdefs.h.  */
| 
| /* Override any GCC internal prototype to avoid an error.
|    Use char because int might match the return type of a GCC
|    builtin and then its argument prototype would still apply.  */
| #ifdef __cplusplus
| extern "C"
| #endif
| char connect ();
| int
| main ()
| {
| return connect ();
|   ;
|   return 0;
| }
configure:19003: result: no
configure:19014: checking for library containing gethostbyname
configure:19045: gcc -o conftest -g -O2   conftest.c -lpthread -lrt -lm  >&5
configure:19045: $? = 0
configure:19062: result: none required
configure:19070: checking XenServer release
configure:19082: result: none
configure:19094: checking for groff
configure:19105: result: yes
configure:19115: checking whether gcc has <threads.h> that supports thread_local
configure:19132: gcc -o conftest -g -O2   conftest.c -lpthread -lrt -lm  >&5
conftest.c:55:21: fatal error: threads.h: No such file or directory
compilation terminated.
configure:19132: $? = 1
configure: failed program was:
| /* confdefs.h */
| #define PACKAGE_NAME "openvswitch"
| #define PACKAGE_TARNAME "openvswitch"
| #define PACKAGE_VERSION "2.14.0"
| #define PACKAGE_STRING "openvswitch 2.14.0"
| #define PACKAGE_BUGREPORT "bugs@openvswitch.org"
| #define PACKAGE_URL ""
| #define PACKAGE "openvswitch"
| #define VERSION "2.14.0"
| #define STDC_HEADERS 1
| #define HAVE_SYS_TYPES_H 1
| #define HAVE_SYS_STAT_H 1
| #define HAVE_STDLIB_H 1
| #define HAVE_STRING_H 1
| #define HAVE_MEMORY_H 1
| #define HAVE_STRINGS_H 1
| #define HAVE_INTTYPES_H 1
| #define HAVE_STDINT_H 1
| #define HAVE_UNISTD_H 1
| #define __EXTENSIONS__ 1
| #define _ALL_SOURCE 1
| #define _GNU_SOURCE 1
| #define _POSIX_PTHREAD_SEMANTICS 1
| #define _TANDEM_SOURCE 1
| #define HAVE_DLFCN_H 1
| #define LT_OBJDIR ".libs/"
| #define HAVE_PTHREAD_SPIN_LOCK 1
| #define HAVE_DECL_STRERROR_R 1
| #define HAVE_STRERROR_R 1
| #define STRERROR_R_CHAR_P 1
| #define VSTUDIO_DDK 1
| #define HAVE_NETLINK 1
| #define HAVE_OPENSSL 1
| #define OPENSSL_SUPPORTS_SNI 1
| #define HAVE_DECL_SYS_SIGLIST 1
| #define HAVE_STRUCT_STAT_ST_MTIM_TV_NSEC 1
| #define HAVE_STRUCT_MMSGHDR_MSG_LEN 1
| #define HAVE_STRUCT_SOCKADDR_IN6_SIN6_SCOPE_ID 1
| #define HAVE_MLOCKALL 1
| #define HAVE_STRNLEN 1
| #define HAVE_GETLOADAVG 1
| #define HAVE_STATVFS 1
| #define HAVE_GETMNTENT_R 1
| #define HAVE_SENDMMSG 1
| #define HAVE_CLOCK_GETTIME 1
| #define HAVE_MNTENT_H 1
| #define HAVE_SYS_STATVFS_H 1
| #define HAVE_LINUX_TYPES_H 1
| #define HAVE_LINUX_IF_ETHER_H 1
| #define HAVE_LINUX_NET_NAMESPACE_H 1
| #define HAVE_STDATOMIC_H 1
| #define HAVE_BACKTRACE 1
| #define HAVE_LINUX_PERF_EVENT_H 1
| /* end confdefs.h.  */
| #include <threads.h>
| static thread_local int var;
| int
| main ()
| {
| return var;
|   ;
|   return 0;
| }
configure:19140: result: no
configure:19147: checking whether gcc supports __thread
configure:19163: gcc -o conftest -g -O2   conftest.c -lpthread -lrt -lm  >&5
configure:19163: $? = 0
configure:19171: result: yes
configure:19179: checking for library containing __atomic_load_8
configure:19210: gcc -o conftest -g -O2   conftest.c -lpthread -lrt -lm  >&5
conftest.c:63:6: warning: conflicting types for built-in function '__atomic_load_8'
 char __atomic_load_8 ();
      ^
/tmp/cc9kGMUS.o: In function `main':
/home/nnambiar/SummerResearch/attack-resilience-sdn-nnambiar/openvswitch-2.14.0/conftest.c:67: undefined reference to `__atomic_load_8'
collect2: error: ld returned 1 exit status
configure:19210: $? = 1
configure: failed program was:
| /* confdefs.h */
| #define PACKAGE_NAME "openvswitch"
| #define PACKAGE_TARNAME "openvswitch"
| #define PACKAGE_VERSION "2.14.0"
| #define PACKAGE_STRING "openvswitch 2.14.0"
| #define PACKAGE_BUGREPORT "bugs@openvswitch.org"
| #define PACKAGE_URL ""
| #define PACKAGE "openvswitch"
| #define VERSION "2.14.0"
| #define STDC_HEADERS 1
| #define HAVE_SYS_TYPES_H 1
| #define HAVE_SYS_STAT_H 1
| #define HAVE_STDLIB_H 1
| #define HAVE_STRING_H 1
| #define HAVE_MEMORY_H 1
| #define HAVE_STRINGS_H 1
| #define HAVE_INTTYPES_H 1
| #define HAVE_STDINT_H 1
| #define HAVE_UNISTD_H 1
| #define __EXTENSIONS__ 1
| #define _ALL_SOURCE 1
| #define _GNU_SOURCE 1
| #define _POSIX_PTHREAD_SEMANTICS 1
| #define _TANDEM_SOURCE 1
| #define HAVE_DLFCN_H 1
| #define LT_OBJDIR ".libs/"
| #define HAVE_PTHREAD_SPIN_LOCK 1
| #define HAVE_DECL_STRERROR_R 1
| #define HAVE_STRERROR_R 1
| #define STRERROR_R_CHAR_P 1
| #define VSTUDIO_DDK 1
| #define HAVE_NETLINK 1
| #define HAVE_OPENSSL 1
| #define OPENSSL_SUPPORTS_SNI 1
| #define HAVE_DECL_SYS_SIGLIST 1
| #define HAVE_STRUCT_STAT_ST_MTIM_TV_NSEC 1
| #define HAVE_STRUCT_MMSGHDR_MSG_LEN 1
| #define HAVE_STRUCT_SOCKADDR_IN6_SIN6_SCOPE_ID 1
| #define HAVE_MLOCKALL 1
| #define HAVE_STRNLEN 1
| #define HAVE_GETLOADAVG 1
| #define HAVE_STATVFS 1
| #define HAVE_GETMNTENT_R 1
| #define HAVE_SENDMMSG 1
| #define HAVE_CLOCK_GETTIME 1
| #define HAVE_MNTENT_H 1
| #define HAVE_SYS_STATVFS_H 1
| #define HAVE_LINUX_TYPES_H 1
| #define HAVE_LINUX_IF_ETHER_H 1
| #define HAVE_LINUX_NET_NAMESPACE_H 1
| #define HAVE_STDATOMIC_H 1
| #define HAVE_BACKTRACE 1
| #define HAVE_LINUX_PERF_EVENT_H 1
| #define HAVE___THREAD 1
| /* end confdefs.h.  */
| 
| /* Override any GCC internal prototype to avoid an error.
|    Use char because int might match the return type of a GCC
|    builtin and then its argument prototype would still apply.  */
| #ifdef __cplusplus
| extern "C"
| #endif
| char __atomic_load_8 ();
| int
| main ()
| {
| return __atomic_load_8 ();
|   ;
|   return 0;
| }
configure:19210: gcc -o conftest -g -O2   conftest.c -latomic  -lpthread -lrt -lm  >&5
conftest.c:63:6: warning: conflicting types for built-in function '__atomic_load_8'
 char __atomic_load_8 ();
      ^
configure:19210: $? = 0
configure:19227: result: -latomic
configure:19235: checking whether gcc supports GCC 4.0+ atomic built-ins
configure:19302: gcc -o conftest -g -O2   conftest.c -latomic -lpthread -lrt -lm  >&5
configure:19302: $? = 0
configure:19310: result: yes
configure:19317: checking value of __atomic_always_lock_free(1)
configure:19322: gcc -o conftest -g -O2   conftest.c -latomic -lpthread -lrt -lm  >&5
configure:19322: $? = 0
configure:19322: ./conftest
configure:19322: $? = 0
configure:19329: result: 1
configure:19338: checking value of __atomic_always_lock_free(2)
configure:19343: gcc -o conftest -g -O2   conftest.c -latomic -lpthread -lrt -lm  >&5
configure:19343: $? = 0
configure:19343: ./conftest
configure:19343: $? = 0
configure:19350: result: 1
configure:19359: checking value of __atomic_always_lock_free(4)
configure:19364: gcc -o conftest -g -O2   conftest.c -latomic -lpthread -lrt -lm  >&5
configure:19364: $? = 0
configure:19364: ./conftest
configure:19364: $? = 0
configure:19371: result: 1
configure:19380: checking value of __atomic_always_lock_free(8)
configure:19385: gcc -o conftest -g -O2   conftest.c -latomic -lpthread -lrt -lm  >&5
configure:19385: $? = 0
configure:19385: ./conftest
configure:19385: $? = 0
configure:19392: result: 1
configure:19401: checking for library containing aio_write
configure:19432: gcc -o conftest -g -O2   conftest.c -latomic -lpthread -lrt -lm  >&5
configure:19432: $? = 0
configure:19449: result: none required
configure:19467: checking for pthread_set_name_np
configure:19467: gcc -o conftest -g -O2   conftest.c -latomic -lpthread -lrt -lm  >&5
/tmp/ccv1UUiI.o: In function `main':
/home/nnambiar/SummerResearch/attack-resilience-sdn-nnambiar/openvswitch-2.14.0/conftest.c:95: undefined reference to `pthread_set_name_np'
collect2: error: ld returned 1 exit status
configure:19467: $? = 1
configure: failed program was:
| /* confdefs.h */
| #define PACKAGE_NAME "openvswitch"
| #define PACKAGE_TARNAME "openvswitch"
| #define PACKAGE_VERSION "2.14.0"
| #define PACKAGE_STRING "openvswitch 2.14.0"
| #define PACKAGE_BUGREPORT "bugs@openvswitch.org"
| #define PACKAGE_URL ""
| #define PACKAGE "openvswitch"
| #define VERSION "2.14.0"
| #define STDC_HEADERS 1
| #define HAVE_SYS_TYPES_H 1
| #define HAVE_SYS_STAT_H 1
| #define HAVE_STDLIB_H 1
| #define HAVE_STRING_H 1
| #define HAVE_MEMORY_H 1
| #define HAVE_STRINGS_H 1
| #define HAVE_INTTYPES_H 1
| #define HAVE_STDINT_H 1
| #define HAVE_UNISTD_H 1
| #define __EXTENSIONS__ 1
| #define _ALL_SOURCE 1
| #define _GNU_SOURCE 1
| #define _POSIX_PTHREAD_SEMANTICS 1
| #define _TANDEM_SOURCE 1
| #define HAVE_DLFCN_H 1
| #define LT_OBJDIR ".libs/"
| #define HAVE_PTHREAD_SPIN_LOCK 1
| #define HAVE_DECL_STRERROR_R 1
| #define HAVE_STRERROR_R 1
| #define STRERROR_R_CHAR_P 1
| #define VSTUDIO_DDK 1
| #define HAVE_NETLINK 1
| #define HAVE_OPENSSL 1
| #define OPENSSL_SUPPORTS_SNI 1
| #define HAVE_DECL_SYS_SIGLIST 1
| #define HAVE_STRUCT_STAT_ST_MTIM_TV_NSEC 1
| #define HAVE_STRUCT_MMSGHDR_MSG_LEN 1
| #define HAVE_STRUCT_SOCKADDR_IN6_SIN6_SCOPE_ID 1
| #define HAVE_MLOCKALL 1
| #define HAVE_STRNLEN 1
| #define HAVE_GETLOADAVG 1
| #define HAVE_STATVFS 1
| #define HAVE_GETMNTENT_R 1
| #define HAVE_SENDMMSG 1
| #define HAVE_CLOCK_GETTIME 1
| #define HAVE_MNTENT_H 1
| #define HAVE_SYS_STATVFS_H 1
| #define HAVE_LINUX_TYPES_H 1
| #define HAVE_LINUX_IF_ETHER_H 1
| #define HAVE_LINUX_NET_NAMESPACE_H 1
| #define HAVE_STDATOMIC_H 1
| #define HAVE_BACKTRACE 1
| #define HAVE_LINUX_PERF_EVENT_H 1
| #define HAVE___THREAD 1
| #define HAVE_GCC4_ATOMICS 1
| #define ATOMIC_ALWAYS_LOCK_FREE_1B 1
| #define ATOMIC_ALWAYS_LOCK_FREE_2B 1
| #define ATOMIC_ALWAYS_LOCK_FREE_4B 1
| #define ATOMIC_ALWAYS_LOCK_FREE_8B 1
| /* end confdefs.h.  */
| /* Define pthread_set_name_np to an innocuous variant, in case <limits.h> declares pthread_set_name_np.
|    For example, HP-UX 11i <limits.h> declares gettimeofday.  */
| #define pthread_set_name_np innocuous_pthread_set_name_np
| 
| /* System header to define __stub macros and hopefully few prototypes,
|     which can conflict with char pthread_set_name_np (); below.
|     Prefer <limits.h> to <assert.h> if __STDC__ is defined, since
|     <limits.h> exists even on freestanding compilers.  */
| 
| #ifdef __STDC__
| # include <limits.h>
| #else
| # include <assert.h>
| #endif
| 
| #undef pthread_set_name_np
| 
| /* Override any GCC internal prototype to avoid an error.
|    Use char because int might match the return type of a GCC
|    builtin and then its argument prototype would still apply.  */
| #ifdef __cplusplus
| extern "C"
| #endif
| char pthread_set_name_np ();
| /* The GNU C library defines this for functions which it implements
|     to always fail with ENOSYS.  Some functions are actually named
|     something starting with __ and the normal name is an alias.  */
| #if defined __stub_pthread_set_name_np || defined __stub___pthread_set_name_np
| choke me
| #endif
| 
| int
| main ()
| {
| return pthread_set_name_np ();
|   ;
|   return 0;
| }
configure:19467: result: no
configure:19477: checking for pthread_setname_np() variant
configure:19494: gcc -o conftest -g -O2   conftest.c -latomic -lpthread -lrt -lm  >&5
configure:19494: $? = 0
configure:19520: result: glibc
configure:19535: checking whether __linux__ is defined
configure:19551: gcc -c -g -O2  conftest.c >&5
configure:19551: $? = 0
configure:19558: result: true
configure:19568: checking linker output version information
configure:19576: result: libX-2.14.so.0.0.0)
configure:19615: checking whether g++ supports C++11 features by default
configure:19909: g++ -c -g -O2  conftest.cpp >&5
conftest.cpp:73:2: error: #error "This is not a C++11 compiler"
 #error "This is not a C++11 compiler"
  ^
configure:19909: $? = 1
configure: failed program was:
| /* confdefs.h */
| #define PACKAGE_NAME "openvswitch"
| #define PACKAGE_TARNAME "openvswitch"
| #define PACKAGE_VERSION "2.14.0"
| #define PACKAGE_STRING "openvswitch 2.14.0"
| #define PACKAGE_BUGREPORT "bugs@openvswitch.org"
| #define PACKAGE_URL ""
| #define PACKAGE "openvswitch"
| #define VERSION "2.14.0"
| #define STDC_HEADERS 1
| #define HAVE_SYS_TYPES_H 1
| #define HAVE_SYS_STAT_H 1
| #define HAVE_STDLIB_H 1
| #define HAVE_STRING_H 1
| #define HAVE_MEMORY_H 1
| #define HAVE_STRINGS_H 1
| #define HAVE_INTTYPES_H 1
| #define HAVE_STDINT_H 1
| #define HAVE_UNISTD_H 1
| #define __EXTENSIONS__ 1
| #define _ALL_SOURCE 1
| #define _GNU_SOURCE 1
| #define _POSIX_PTHREAD_SEMANTICS 1
| #define _TANDEM_SOURCE 1
| #define HAVE_DLFCN_H 1
| #define LT_OBJDIR ".libs/"
| #define HAVE_PTHREAD_SPIN_LOCK 1
| #define HAVE_DECL_STRERROR_R 1
| #define HAVE_STRERROR_R 1
| #define STRERROR_R_CHAR_P 1
| #define VSTUDIO_DDK 1
| #define HAVE_NETLINK 1
| #define HAVE_OPENSSL 1
| #define OPENSSL_SUPPORTS_SNI 1
| #define HAVE_DECL_SYS_SIGLIST 1
| #define HAVE_STRUCT_STAT_ST_MTIM_TV_NSEC 1
| #define HAVE_STRUCT_MMSGHDR_MSG_LEN 1
| #define HAVE_STRUCT_SOCKADDR_IN6_SIN6_SCOPE_ID 1
| #define HAVE_MLOCKALL 1
| #define HAVE_STRNLEN 1
| #define HAVE_GETLOADAVG 1
| #define HAVE_STATVFS 1
| #define HAVE_GETMNTENT_R 1
| #define HAVE_SENDMMSG 1
| #define HAVE_CLOCK_GETTIME 1
| #define HAVE_MNTENT_H 1
| #define HAVE_SYS_STATVFS_H 1
| #define HAVE_LINUX_TYPES_H 1
| #define HAVE_LINUX_IF_ETHER_H 1
| #define HAVE_LINUX_NET_NAMESPACE_H 1
| #define HAVE_STDATOMIC_H 1
| #define HAVE_BACKTRACE 1
| #define HAVE_LINUX_PERF_EVENT_H 1
| #define HAVE___THREAD 1
| #define HAVE_GCC4_ATOMICS 1
| #define ATOMIC_ALWAYS_LOCK_FREE_1B 1
| #define ATOMIC_ALWAYS_LOCK_FREE_2B 1
| #define ATOMIC_ALWAYS_LOCK_FREE_4B 1
| #define ATOMIC_ALWAYS_LOCK_FREE_8B 1
| #define HAVE_GLIBC_PTHREAD_SETNAME_NP 1
| /* end confdefs.h.  */
| 
| 
| // If the compiler admits that it is not ready for C++11, why torture it?
| // Hopefully, this will speed up the test.
| 
| #ifndef __cplusplus
| 
| #error "This is not a C++ compiler"
| 
| #elif __cplusplus < 201103L
| 
| #error "This is not a C++11 compiler"
| 
| #else
| 
| namespace cxx11
| {
| 
|   namespace test_static_assert
|   {
| 
|     template <typename T>
|     struct check
|     {
|       static_assert(sizeof(int) <= sizeof(T), "not big enough");
|     };
| 
|   }
| 
|   namespace test_final_override
|   {
| 
|     struct Base
|     {
|       virtual void f() {}
|     };
| 
|     struct Derived : public Base
|     {
|       virtual void f() override {}
|     };
| 
|   }
| 
|   namespace test_double_right_angle_brackets
|   {
| 
|     template < typename T >
|     struct check {};
| 
|     typedef check<void> single_type;
|     typedef check<check<void>> double_type;
|     typedef check<check<check<void>>> triple_type;
|     typedef check<check<check<check<void>>>> quadruple_type;
| 
|   }
| 
|   namespace test_decltype
|   {
| 
|     int
|     f()
|     {
|       int a = 1;
|       decltype(a) b = 2;
|       return a + b;
|     }
| 
|   }
| 
|   namespace test_type_deduction
|   {
| 
|     template < typename T1, typename T2 >
|     struct is_same
|     {
|       static const bool value = false;
|     };
| 
|     template < typename T >
|     struct is_same<T, T>
|     {
|       static const bool value = true;
|     };
| 
|     template < typename T1, typename T2 >
|     auto
|     add(T1 a1, T2 a2) -> decltype(a1 + a2)
|     {
|       return a1 + a2;
|     }
| 
|     int
|     test(const int c, volatile int v)
|     {
|       static_assert(is_same<int, decltype(0)>::value == true, "");
|       static_assert(is_same<int, decltype(c)>::value == false, "");
|       static_assert(is_same<int, decltype(v)>::value == false, "");
|       auto ac = c;
|       auto av = v;
|       auto sumi = ac + av + 'x';
|       auto sumf = ac + av + 1.0;
|       static_assert(is_same<int, decltype(ac)>::value == true, "");
|       static_assert(is_same<int, decltype(av)>::value == true, "");
|       static_assert(is_same<int, decltype(sumi)>::value == true, "");
|       static_assert(is_same<int, decltype(sumf)>::value == false, "");
|       static_assert(is_same<int, decltype(add(c, v))>::value == true, "");
|       return (sumf > 0.0) ? sumi : add(c, v);
|     }
| 
|   }
| 
|   namespace test_noexcept
|   {
| 
|     int f() { return 0; }
|     int g() noexcept { return 0; }
| 
|     static_assert(noexcept(f()) == false, "");
|     static_assert(noexcept(g()) == true, "");
| 
|   }
| 
|   namespace test_constexpr
|   {
| 
|     template < typename CharT >
|     unsigned long constexpr
|     strlen_c_r(const CharT *const s, const unsigned long acc) noexcept
|     {
|       return *s ? strlen_c_r(s + 1, acc + 1) : acc;
|     }
| 
|     template < typename CharT >
|     unsigned long constexpr
|     strlen_c(const CharT *const s) noexcept
|     {
|       return strlen_c_r(s, 0UL);
|     }
| 
|     static_assert(strlen_c("") == 0UL, "");
|     static_assert(strlen_c("1") == 1UL, "");
|     static_assert(strlen_c("example") == 7UL, "");
|     static_assert(strlen_c("another\0example") == 7UL, "");
| 
|   }
| 
|   namespace test_rvalue_references
|   {
| 
|     template < int N >
|     struct answer
|     {
|       static constexpr int value = N;
|     };
| 
|     answer<1> f(int&)       { return answer<1>(); }
|     answer<2> f(const int&) { return answer<2>(); }
|     answer<3> f(int&&)      { return answer<3>(); }
| 
|     void
|     test()
|     {
|       int i = 0;
|       const int c = 0;
|       static_assert(decltype(f(i))::value == 1, "");
|       static_assert(decltype(f(c))::value == 2, "");
|       static_assert(decltype(f(0))::value == 3, "");
|     }
| 
|   }
| 
|   namespace test_uniform_initialization
|   {
| 
|     struct test
|     {
|       static const int zero {};
|       static const int one {1};
|     };
| 
|     static_assert(test::zero == 0, "");
|     static_assert(test::one == 1, "");
| 
|   }
| 
|   namespace test_lambdas
|   {
| 
|     void
|     test1()
|     {
|       auto lambda1 = [](){};
|       auto lambda2 = lambda1;
|       lambda1();
|       lambda2();
|     }
| 
|     int
|     test2()
|     {
|       auto a = [](int i, int j){ return i + j; }(1, 2);
|       auto b = []() -> int { return '0'; }();
|       auto c = [=](){ return a + b; }();
|       auto d = [&](){ return c; }();
|       auto e = [a, &b](int x) mutable {
|         const auto identity = [](int y){ return y; };
|         for (auto i = 0; i < a; ++i)
|           a += b--;
|         return x + identity(a + b);
|       }(0);
|       return a + b + c + d + e;
|     }
| 
|     int
|     test3()
|     {
|       const auto nullary = [](){ return 0; };
|       const auto unary = [](int x){ return x; };
|       using nullary_t = decltype(nullary);
|       using unary_t = decltype(unary);
|       const auto higher1st = [](nullary_t f){ return f(); };
|       const auto higher2nd = [unary](nullary_t f1){
|         return [unary, f1](unary_t f2){ return f2(unary(f1())); };
|       };
|       return higher1st(nullary) + higher2nd(nullary)(unary);
|     }
| 
|   }
| 
|   namespace test_variadic_templates
|   {
| 
|     template <int...>
|     struct sum;
| 
|     template <int N0, int... N1toN>
|     struct sum<N0, N1toN...>
|     {
|       static constexpr auto value = N0 + sum<N1toN...>::value;
|     };
| 
|     template <>
|     struct sum<>
|     {
|       static constexpr auto value = 0;
|     };
| 
|     static_assert(sum<>::value == 0, "");
|     static_assert(sum<1>::value == 1, "");
|     static_assert(sum<23>::value == 23, "");
|     static_assert(sum<1, 2>::value == 3, "");
|     static_assert(sum<5, 5, 11>::value == 21, "");
|     static_assert(sum<2, 3, 5, 7, 11, 13>::value == 41, "");
| 
|   }
| 
|   // http://stackoverflow.com/questions/13728184/template-aliases-and-sfinae
|   // Clang 3.1 fails with headers of libstd++ 4.8.3 when using std::function
|   // because of this.
|   namespace test_template_alias_sfinae
|   {
| 
|     struct foo {};
| 
|     template<typename T>
|     using member = typename T::member_type;
| 
|     template<typename T>
|     void func(...) {}
| 
|     template<typename T>
|     void func(member<T>*) {}
| 
|     void test();
| 
|     void test() { func<foo>(0); }
| 
|   }
| 
| }  // namespace cxx11
| 
| #endif  // __cplusplus >= 201103L
| 
| 
| 
configure:19916: result: no
configure:19926: checking whether g++ supports C++11 features with -std=gnu++11
configure:20222: g++ -std=gnu++11 -c -g -O2  conftest.cpp >&5
configure:20222: $? = 0
configure:20231: result: yes
configure:20630: checking for working posix_memalign
configure:20654: gcc -o conftest -g -O2   conftest.c -latomic -lpthread -lrt -lm  >&5
configure:20654: $? = 0
configure:20654: ./conftest
configure:20654: $? = 0
configure:20664: result: yes
configure:20672: checking for ub_ctx_create in -lunbound
configure:20697: gcc -o conftest -g -O2   conftest.c -lunbound  -latomic -lpthread -lrt -lm  >&5
/usr/bin/ld: cannot find -lunbound
collect2: error: ld returned 1 exit status
configure:20697: $? = 1
configure: failed program was:
| /* confdefs.h */
| #define PACKAGE_NAME "openvswitch"
| #define PACKAGE_TARNAME "openvswitch"
| #define PACKAGE_VERSION "2.14.0"
| #define PACKAGE_STRING "openvswitch 2.14.0"
| #define PACKAGE_BUGREPORT "bugs@openvswitch.org"
| #define PACKAGE_URL ""
| #define PACKAGE "openvswitch"
| #define VERSION "2.14.0"
| #define STDC_HEADERS 1
| #define HAVE_SYS_TYPES_H 1
| #define HAVE_SYS_STAT_H 1
| #define HAVE_STDLIB_H 1
| #define HAVE_STRING_H 1
| #define HAVE_MEMORY_H 1
| #define HAVE_STRINGS_H 1
| #define HAVE_INTTYPES_H 1
| #define HAVE_STDINT_H 1
| #define HAVE_UNISTD_H 1
| #define __EXTENSIONS__ 1
| #define _ALL_SOURCE 1
| #define _GNU_SOURCE 1
| #define _POSIX_PTHREAD_SEMANTICS 1
| #define _TANDEM_SOURCE 1
| #define HAVE_DLFCN_H 1
| #define LT_OBJDIR ".libs/"
| #define HAVE_PTHREAD_SPIN_LOCK 1
| #define HAVE_DECL_STRERROR_R 1
| #define HAVE_STRERROR_R 1
| #define STRERROR_R_CHAR_P 1
| #define VSTUDIO_DDK 1
| #define HAVE_NETLINK 1
| #define HAVE_OPENSSL 1
| #define OPENSSL_SUPPORTS_SNI 1
| #define HAVE_DECL_SYS_SIGLIST 1
| #define HAVE_STRUCT_STAT_ST_MTIM_TV_NSEC 1
| #define HAVE_STRUCT_MMSGHDR_MSG_LEN 1
| #define HAVE_STRUCT_SOCKADDR_IN6_SIN6_SCOPE_ID 1
| #define HAVE_MLOCKALL 1
| #define HAVE_STRNLEN 1
| #define HAVE_GETLOADAVG 1
| #define HAVE_STATVFS 1
| #define HAVE_GETMNTENT_R 1
| #define HAVE_SENDMMSG 1
| #define HAVE_CLOCK_GETTIME 1
| #define HAVE_MNTENT_H 1
| #define HAVE_SYS_STATVFS_H 1
| #define HAVE_LINUX_TYPES_H 1
| #define HAVE_LINUX_IF_ETHER_H 1
| #define HAVE_LINUX_NET_NAMESPACE_H 1
| #define HAVE_STDATOMIC_H 1
| #define HAVE_BACKTRACE 1
| #define HAVE_LINUX_PERF_EVENT_H 1
| #define HAVE___THREAD 1
| #define HAVE_GCC4_ATOMICS 1
| #define ATOMIC_ALWAYS_LOCK_FREE_1B 1
| #define ATOMIC_ALWAYS_LOCK_FREE_2B 1
| #define ATOMIC_ALWAYS_LOCK_FREE_4B 1
| #define ATOMIC_ALWAYS_LOCK_FREE_8B 1
| #define HAVE_GLIBC_PTHREAD_SETNAME_NP 1
| #define HAVE_CXX11 1
| #define HAVE_POSIX_MEMALIGN 1
| /* end confdefs.h.  */
| 
| /* Override any GCC internal prototype to avoid an error.
|    Use char because int might match the return type of a GCC
|    builtin and then its argument prototype would still apply.  */
| #ifdef __cplusplus
| extern "C"
| #endif
| char ub_ctx_create ();
| int
| main ()
| {
| return ub_ctx_create ();
|   ;
|   return 0;
| }
configure:20706: result: no
configure:20729: checking for unw_backtrace in -lunwind
configure:20754: gcc -o conftest -g -O2   conftest.c -lunwind  -latomic -lpthread -lrt -lm  >&5
/usr/bin/ld: cannot find -lunwind
collect2: error: ld returned 1 exit status
configure:20754: $? = 1
configure: failed program was:
| /* confdefs.h */
| #define PACKAGE_NAME "openvswitch"
| #define PACKAGE_TARNAME "openvswitch"
| #define PACKAGE_VERSION "2.14.0"
| #define PACKAGE_STRING "openvswitch 2.14.0"
| #define PACKAGE_BUGREPORT "bugs@openvswitch.org"
| #define PACKAGE_URL ""
| #define PACKAGE "openvswitch"
| #define VERSION "2.14.0"
| #define STDC_HEADERS 1
| #define HAVE_SYS_TYPES_H 1
| #define HAVE_SYS_STAT_H 1
| #define HAVE_STDLIB_H 1
| #define HAVE_STRING_H 1
| #define HAVE_MEMORY_H 1
| #define HAVE_STRINGS_H 1
| #define HAVE_INTTYPES_H 1
| #define HAVE_STDINT_H 1
| #define HAVE_UNISTD_H 1
| #define __EXTENSIONS__ 1
| #define _ALL_SOURCE 1
| #define _GNU_SOURCE 1
| #define _POSIX_PTHREAD_SEMANTICS 1
| #define _TANDEM_SOURCE 1
| #define HAVE_DLFCN_H 1
| #define LT_OBJDIR ".libs/"
| #define HAVE_PTHREAD_SPIN_LOCK 1
| #define HAVE_DECL_STRERROR_R 1
| #define HAVE_STRERROR_R 1
| #define STRERROR_R_CHAR_P 1
| #define VSTUDIO_DDK 1
| #define HAVE_NETLINK 1
| #define HAVE_OPENSSL 1
| #define OPENSSL_SUPPORTS_SNI 1
| #define HAVE_DECL_SYS_SIGLIST 1
| #define HAVE_STRUCT_STAT_ST_MTIM_TV_NSEC 1
| #define HAVE_STRUCT_MMSGHDR_MSG_LEN 1
| #define HAVE_STRUCT_SOCKADDR_IN6_SIN6_SCOPE_ID 1
| #define HAVE_MLOCKALL 1
| #define HAVE_STRNLEN 1
| #define HAVE_GETLOADAVG 1
| #define HAVE_STATVFS 1
| #define HAVE_GETMNTENT_R 1
| #define HAVE_SENDMMSG 1
| #define HAVE_CLOCK_GETTIME 1
| #define HAVE_MNTENT_H 1
| #define HAVE_SYS_STATVFS_H 1
| #define HAVE_LINUX_TYPES_H 1
| #define HAVE_LINUX_IF_ETHER_H 1
| #define HAVE_LINUX_NET_NAMESPACE_H 1
| #define HAVE_STDATOMIC_H 1
| #define HAVE_BACKTRACE 1
| #define HAVE_LINUX_PERF_EVENT_H 1
| #define HAVE___THREAD 1
| #define HAVE_GCC4_ATOMICS 1
| #define ATOMIC_ALWAYS_LOCK_FREE_1B 1
| #define ATOMIC_ALWAYS_LOCK_FREE_2B 1
| #define ATOMIC_ALWAYS_LOCK_FREE_4B 1
| #define ATOMIC_ALWAYS_LOCK_FREE_8B 1
| #define HAVE_GLIBC_PTHREAD_SETNAME_NP 1
| #define HAVE_CXX11 1
| #define HAVE_POSIX_MEMALIGN 1
| /* end confdefs.h.  */
| 
| /* Override any GCC internal prototype to avoid an error.
|    Use char because int might match the return type of a GCC
|    builtin and then its argument prototype would still apply.  */
| #ifdef __cplusplus
| extern "C"
| #endif
| char unw_backtrace ();
| int
| main ()
| {
| return unw_backtrace ();
|   ;
|   return 0;
| }
configure:20763: result: no
configure:20802: checking whether the preprocessor supports include_next
configure:20840: gcc -c -g -O2  -Iconftestd1b -Iconftestd2 conftest.c >&5
configure:20840: $? = 0
configure:20861: result: yes
configure:20882: checking whether system header files limit the line length
configure:20905: result: no
configure:20931: checking for stdio.h
configure:20931: gcc -c -g -O2  conftest.c >&5
configure:20931: $? = 0
configure:20931: result: yes
configure:20931: checking for string.h
configure:20931: result: yes
configure:21096: checking whether gcc accepts -Werror
configure:21107: gcc -c -g -O2  -Werror  conftest.c >&5
configure:21107: $? = 0
configure:21120: result: yes
configure:21129: checking whether gcc accepts -Wall
configure:21140: gcc -c -g -O2 -Werror -Wall  conftest.c >&5
configure:21140: $? = 0
configure:21153: result: yes
configure:21163: checking whether gcc accepts -Wextra
configure:21174: gcc -c -g -O2 -Werror -Wextra  conftest.c >&5
configure:21174: $? = 0
configure:21187: result: yes
configure:21197: checking whether gcc accepts -Wno-sign-compare
configure:21208: gcc -c -g -O2 -Werror -Wsign-compare  conftest.c >&5
configure:21208: $? = 0
configure:21221: result: yes
configure:21231: checking whether gcc accepts -Wpointer-arith
configure:21242: gcc -c -g -O2 -Werror -Wpointer-arith  conftest.c >&5
configure:21242: $? = 0
configure:21255: result: yes
configure:21265: checking whether gcc accepts -Wformat -Wformat-security
configure:21276: gcc -c -g -O2 -Werror -Wformat -Wformat-security  conftest.c >&5
configure:21276: $? = 0
configure:21289: result: yes
configure:21299: checking whether gcc accepts -Wswitch-enum
configure:21310: gcc -c -g -O2 -Werror -Wswitch-enum  conftest.c >&5
configure:21310: $? = 0
configure:21323: result: yes
configure:21333: checking whether gcc accepts -Wunused-parameter
configure:21344: gcc -c -g -O2 -Werror -Wunused-parameter  conftest.c >&5
configure:21344: $? = 0
configure:21357: result: yes
configure:21367: checking whether gcc accepts -Wbad-function-cast
configure:21378: gcc -c -g -O2 -Werror -Wbad-function-cast  conftest.c >&5
configure:21378: $? = 0
configure:21391: result: yes
configure:21401: checking whether gcc accepts -Wcast-align
configure:21412: gcc -c -g -O2 -Werror -Wcast-align  conftest.c >&5
configure:21412: $? = 0
configure:21425: result: yes
configure:21435: checking whether gcc accepts -Wstrict-prototypes
configure:21446: gcc -c -g -O2 -Werror -Wstrict-prototypes  conftest.c >&5
configure:21446: $? = 0
configure:21459: result: yes
configure:21469: checking whether gcc accepts -Wold-style-definition
configure:21480: gcc -c -g -O2 -Werror -Wold-style-definition  conftest.c >&5
configure:21480: $? = 0
configure:21493: result: yes
configure:21503: checking whether gcc accepts -Wmissing-prototypes
configure:21514: gcc -c -g -O2 -Werror -Wmissing-prototypes  conftest.c >&5
configure:21514: $? = 0
configure:21527: result: yes
configure:21537: checking whether gcc accepts -Wmissing-field-initializers
configure:21548: gcc -c -g -O2 -Werror -Wmissing-field-initializers  conftest.c >&5
configure:21548: $? = 0
configure:21561: result: yes
configure:21571: checking whether gcc accepts -Wthread-safety
configure:21582: gcc -c -g -O2 -Werror -Wthread-safety  conftest.c >&5
gcc: error: unrecognized command line option '-Wthread-safety'
configure:21582: $? = 1
configure: failed program was:
| /* confdefs.h */
| #define PACKAGE_NAME "openvswitch"
| #define PACKAGE_TARNAME "openvswitch"
| #define PACKAGE_VERSION "2.14.0"
| #define PACKAGE_STRING "openvswitch 2.14.0"
| #define PACKAGE_BUGREPORT "bugs@openvswitch.org"
| #define PACKAGE_URL ""
| #define PACKAGE "openvswitch"
| #define VERSION "2.14.0"
| #define STDC_HEADERS 1
| #define HAVE_SYS_TYPES_H 1
| #define HAVE_SYS_STAT_H 1
| #define HAVE_STDLIB_H 1
| #define HAVE_STRING_H 1
| #define HAVE_MEMORY_H 1
| #define HAVE_STRINGS_H 1
| #define HAVE_INTTYPES_H 1
| #define HAVE_STDINT_H 1
| #define HAVE_UNISTD_H 1
| #define __EXTENSIONS__ 1
| #define _ALL_SOURCE 1
| #define _GNU_SOURCE 1
| #define _POSIX_PTHREAD_SEMANTICS 1
| #define _TANDEM_SOURCE 1
| #define HAVE_DLFCN_H 1
| #define LT_OBJDIR ".libs/"
| #define HAVE_PTHREAD_SPIN_LOCK 1
| #define HAVE_DECL_STRERROR_R 1
| #define HAVE_STRERROR_R 1
| #define STRERROR_R_CHAR_P 1
| #define VSTUDIO_DDK 1
| #define HAVE_NETLINK 1
| #define HAVE_OPENSSL 1
| #define OPENSSL_SUPPORTS_SNI 1
| #define HAVE_DECL_SYS_SIGLIST 1
| #define HAVE_STRUCT_STAT_ST_MTIM_TV_NSEC 1
| #define HAVE_STRUCT_MMSGHDR_MSG_LEN 1
| #define HAVE_STRUCT_SOCKADDR_IN6_SIN6_SCOPE_ID 1
| #define HAVE_MLOCKALL 1
| #define HAVE_STRNLEN 1
| #define HAVE_GETLOADAVG 1
| #define HAVE_STATVFS 1
| #define HAVE_GETMNTENT_R 1
| #define HAVE_SENDMMSG 1
| #define HAVE_CLOCK_GETTIME 1
| #define HAVE_MNTENT_H 1
| #define HAVE_SYS_STATVFS_H 1
| #define HAVE_LINUX_TYPES_H 1
| #define HAVE_LINUX_IF_ETHER_H 1
| #define HAVE_LINUX_NET_NAMESPACE_H 1
| #define HAVE_STDATOMIC_H 1
| #define HAVE_BACKTRACE 1
| #define HAVE_LINUX_PERF_EVENT_H 1
| #define HAVE___THREAD 1
| #define HAVE_GCC4_ATOMICS 1
| #define ATOMIC_ALWAYS_LOCK_FREE_1B 1
| #define ATOMIC_ALWAYS_LOCK_FREE_2B 1
| #define ATOMIC_ALWAYS_LOCK_FREE_4B 1
| #define ATOMIC_ALWAYS_LOCK_FREE_8B 1
| #define HAVE_GLIBC_PTHREAD_SETNAME_NP 1
| #define HAVE_CXX11 1
| #define HAVE_POSIX_MEMALIGN 1
| #define HAVE_STDIO_H 1
| #define HAVE_STRING_H 1
| /* end confdefs.h.  */
| int x;
configure:21595: result: no
configure:21605: checking whether gcc accepts -fno-strict-aliasing
configure:21616: gcc -c -g -O2 -Werror -fno-strict-aliasing  conftest.c >&5
configure:21616: $? = 0
configure:21629: result: yes
configure:21639: checking whether gcc accepts -Wswitch-bool
configure:21650: gcc -c -g -O2 -Werror -Wswitch-bool  conftest.c >&5
configure:21650: $? = 0
configure:21663: result: yes
configure:21673: checking whether gcc accepts -Wlogical-not-parentheses
configure:21684: gcc -c -g -O2 -Werror -Wlogical-not-parentheses  conftest.c >&5
configure:21684: $? = 0
configure:21697: result: yes
configure:21707: checking whether gcc accepts -Wsizeof-array-argument
configure:21718: gcc -c -g -O2 -Werror -Wsizeof-array-argument  conftest.c >&5
configure:21718: $? = 0
configure:21731: result: yes
configure:21741: checking whether gcc accepts -Wbool-compare
configure:21752: gcc -c -g -O2 -Werror -Wbool-compare  conftest.c >&5
configure:21752: $? = 0
configure:21765: result: yes
configure:21775: checking whether gcc accepts -Wshift-negative-value
configure:21786: gcc -c -g -O2 -Werror -Wshift-negative-value  conftest.c >&5
gcc: error: unrecognized command line option '-Wshift-negative-value'
configure:21786: $? = 1
configure: failed program was:
| /* confdefs.h */
| #define PACKAGE_NAME "openvswitch"
| #define PACKAGE_TARNAME "openvswitch"
| #define PACKAGE_VERSION "2.14.0"
| #define PACKAGE_STRING "openvswitch 2.14.0"
| #define PACKAGE_BUGREPORT "bugs@openvswitch.org"
| #define PACKAGE_URL ""
| #define PACKAGE "openvswitch"
| #define VERSION "2.14.0"
| #define STDC_HEADERS 1
| #define HAVE_SYS_TYPES_H 1
| #define HAVE_SYS_STAT_H 1
| #define HAVE_STDLIB_H 1
| #define HAVE_STRING_H 1
| #define HAVE_MEMORY_H 1
| #define HAVE_STRINGS_H 1
| #define HAVE_INTTYPES_H 1
| #define HAVE_STDINT_H 1
| #define HAVE_UNISTD_H 1
| #define __EXTENSIONS__ 1
| #define _ALL_SOURCE 1
| #define _GNU_SOURCE 1
| #define _POSIX_PTHREAD_SEMANTICS 1
| #define _TANDEM_SOURCE 1
| #define HAVE_DLFCN_H 1
| #define LT_OBJDIR ".libs/"
| #define HAVE_PTHREAD_SPIN_LOCK 1
| #define HAVE_DECL_STRERROR_R 1
| #define HAVE_STRERROR_R 1
| #define STRERROR_R_CHAR_P 1
| #define VSTUDIO_DDK 1
| #define HAVE_NETLINK 1
| #define HAVE_OPENSSL 1
| #define OPENSSL_SUPPORTS_SNI 1
| #define HAVE_DECL_SYS_SIGLIST 1
| #define HAVE_STRUCT_STAT_ST_MTIM_TV_NSEC 1
| #define HAVE_STRUCT_MMSGHDR_MSG_LEN 1
| #define HAVE_STRUCT_SOCKADDR_IN6_SIN6_SCOPE_ID 1
| #define HAVE_MLOCKALL 1
| #define HAVE_STRNLEN 1
| #define HAVE_GETLOADAVG 1
| #define HAVE_STATVFS 1
| #define HAVE_GETMNTENT_R 1
| #define HAVE_SENDMMSG 1
| #define HAVE_CLOCK_GETTIME 1
| #define HAVE_MNTENT_H 1
| #define HAVE_SYS_STATVFS_H 1
| #define HAVE_LINUX_TYPES_H 1
| #define HAVE_LINUX_IF_ETHER_H 1
| #define HAVE_LINUX_NET_NAMESPACE_H 1
| #define HAVE_STDATOMIC_H 1
| #define HAVE_BACKTRACE 1
| #define HAVE_LINUX_PERF_EVENT_H 1
| #define HAVE___THREAD 1
| #define HAVE_GCC4_ATOMICS 1
| #define ATOMIC_ALWAYS_LOCK_FREE_1B 1
| #define ATOMIC_ALWAYS_LOCK_FREE_2B 1
| #define ATOMIC_ALWAYS_LOCK_FREE_4B 1
| #define ATOMIC_ALWAYS_LOCK_FREE_8B 1
| #define HAVE_GLIBC_PTHREAD_SETNAME_NP 1
| #define HAVE_CXX11 1
| #define HAVE_POSIX_MEMALIGN 1
| #define HAVE_STDIO_H 1
| #define HAVE_STRING_H 1
| /* end confdefs.h.  */
| int x;
configure:21799: result: no
configure:21809: checking whether gcc accepts -Wduplicated-cond
configure:21820: gcc -c -g -O2 -Werror -Wduplicated-cond  conftest.c >&5
gcc: error: unrecognized command line option '-Wduplicated-cond'
configure:21820: $? = 1
configure: failed program was:
| /* confdefs.h */
| #define PACKAGE_NAME "openvswitch"
| #define PACKAGE_TARNAME "openvswitch"
| #define PACKAGE_VERSION "2.14.0"
| #define PACKAGE_STRING "openvswitch 2.14.0"
| #define PACKAGE_BUGREPORT "bugs@openvswitch.org"
| #define PACKAGE_URL ""
| #define PACKAGE "openvswitch"
| #define VERSION "2.14.0"
| #define STDC_HEADERS 1
| #define HAVE_SYS_TYPES_H 1
| #define HAVE_SYS_STAT_H 1
| #define HAVE_STDLIB_H 1
| #define HAVE_STRING_H 1
| #define HAVE_MEMORY_H 1
| #define HAVE_STRINGS_H 1
| #define HAVE_INTTYPES_H 1
| #define HAVE_STDINT_H 1
| #define HAVE_UNISTD_H 1
| #define __EXTENSIONS__ 1
| #define _ALL_SOURCE 1
| #define _GNU_SOURCE 1
| #define _POSIX_PTHREAD_SEMANTICS 1
| #define _TANDEM_SOURCE 1
| #define HAVE_DLFCN_H 1
| #define LT_OBJDIR ".libs/"
| #define HAVE_PTHREAD_SPIN_LOCK 1
| #define HAVE_DECL_STRERROR_R 1
| #define HAVE_STRERROR_R 1
| #define STRERROR_R_CHAR_P 1
| #define VSTUDIO_DDK 1
| #define HAVE_NETLINK 1
| #define HAVE_OPENSSL 1
| #define OPENSSL_SUPPORTS_SNI 1
| #define HAVE_DECL_SYS_SIGLIST 1
| #define HAVE_STRUCT_STAT_ST_MTIM_TV_NSEC 1
| #define HAVE_STRUCT_MMSGHDR_MSG_LEN 1
| #define HAVE_STRUCT_SOCKADDR_IN6_SIN6_SCOPE_ID 1
| #define HAVE_MLOCKALL 1
| #define HAVE_STRNLEN 1
| #define HAVE_GETLOADAVG 1
| #define HAVE_STATVFS 1
| #define HAVE_GETMNTENT_R 1
| #define HAVE_SENDMMSG 1
| #define HAVE_CLOCK_GETTIME 1
| #define HAVE_MNTENT_H 1
| #define HAVE_SYS_STATVFS_H 1
| #define HAVE_LINUX_TYPES_H 1
| #define HAVE_LINUX_IF_ETHER_H 1
| #define HAVE_LINUX_NET_NAMESPACE_H 1
| #define HAVE_STDATOMIC_H 1
| #define HAVE_BACKTRACE 1
| #define HAVE_LINUX_PERF_EVENT_H 1
| #define HAVE___THREAD 1
| #define HAVE_GCC4_ATOMICS 1
| #define ATOMIC_ALWAYS_LOCK_FREE_1B 1
| #define ATOMIC_ALWAYS_LOCK_FREE_2B 1
| #define ATOMIC_ALWAYS_LOCK_FREE_4B 1
| #define ATOMIC_ALWAYS_LOCK_FREE_8B 1
| #define HAVE_GLIBC_PTHREAD_SETNAME_NP 1
| #define HAVE_CXX11 1
| #define HAVE_POSIX_MEMALIGN 1
| #define HAVE_STDIO_H 1
| #define HAVE_STRING_H 1
| /* end confdefs.h.  */
| int x;
configure:21833: result: no
configure:21843: checking whether gcc accepts -Qunused-arguments
configure:21854: gcc -c -g -O2 -Werror -Qunused-arguments  conftest.c >&5
gcc: error: unrecognized command line option '-Qunused-arguments'
configure:21854: $? = 1
configure: failed program was:
| /* confdefs.h */
| #define PACKAGE_NAME "openvswitch"
| #define PACKAGE_TARNAME "openvswitch"
| #define PACKAGE_VERSION "2.14.0"
| #define PACKAGE_STRING "openvswitch 2.14.0"
| #define PACKAGE_BUGREPORT "bugs@openvswitch.org"
| #define PACKAGE_URL ""
| #define PACKAGE "openvswitch"
| #define VERSION "2.14.0"
| #define STDC_HEADERS 1
| #define HAVE_SYS_TYPES_H 1
| #define HAVE_SYS_STAT_H 1
| #define HAVE_STDLIB_H 1
| #define HAVE_STRING_H 1
| #define HAVE_MEMORY_H 1
| #define HAVE_STRINGS_H 1
| #define HAVE_INTTYPES_H 1
| #define HAVE_STDINT_H 1
| #define HAVE_UNISTD_H 1
| #define __EXTENSIONS__ 1
| #define _ALL_SOURCE 1
| #define _GNU_SOURCE 1
| #define _POSIX_PTHREAD_SEMANTICS 1
| #define _TANDEM_SOURCE 1
| #define HAVE_DLFCN_H 1
| #define LT_OBJDIR ".libs/"
| #define HAVE_PTHREAD_SPIN_LOCK 1
| #define HAVE_DECL_STRERROR_R 1
| #define HAVE_STRERROR_R 1
| #define STRERROR_R_CHAR_P 1
| #define VSTUDIO_DDK 1
| #define HAVE_NETLINK 1
| #define HAVE_OPENSSL 1
| #define OPENSSL_SUPPORTS_SNI 1
| #define HAVE_DECL_SYS_SIGLIST 1
| #define HAVE_STRUCT_STAT_ST_MTIM_TV_NSEC 1
| #define HAVE_STRUCT_MMSGHDR_MSG_LEN 1
| #define HAVE_STRUCT_SOCKADDR_IN6_SIN6_SCOPE_ID 1
| #define HAVE_MLOCKALL 1
| #define HAVE_STRNLEN 1
| #define HAVE_GETLOADAVG 1
| #define HAVE_STATVFS 1
| #define HAVE_GETMNTENT_R 1
| #define HAVE_SENDMMSG 1
| #define HAVE_CLOCK_GETTIME 1
| #define HAVE_MNTENT_H 1
| #define HAVE_SYS_STATVFS_H 1
| #define HAVE_LINUX_TYPES_H 1
| #define HAVE_LINUX_IF_ETHER_H 1
| #define HAVE_LINUX_NET_NAMESPACE_H 1
| #define HAVE_STDATOMIC_H 1
| #define HAVE_BACKTRACE 1
| #define HAVE_LINUX_PERF_EVENT_H 1
| #define HAVE___THREAD 1
| #define HAVE_GCC4_ATOMICS 1
| #define ATOMIC_ALWAYS_LOCK_FREE_1B 1
| #define ATOMIC_ALWAYS_LOCK_FREE_2B 1
| #define ATOMIC_ALWAYS_LOCK_FREE_4B 1
| #define ATOMIC_ALWAYS_LOCK_FREE_8B 1
| #define HAVE_GLIBC_PTHREAD_SETNAME_NP 1
| #define HAVE_CXX11 1
| #define HAVE_POSIX_MEMALIGN 1
| #define HAVE_STDIO_H 1
| #define HAVE_STRING_H 1
| /* end confdefs.h.  */
| int x;
configure:21867: result: no
configure:21877: checking whether gcc accepts -Wshadow
configure:21888: gcc -c -g -O2 -Werror -Wshadow  conftest.c >&5
configure:21888: $? = 0
configure:21901: result: yes
configure:21911: checking whether gcc accepts -Wmultistatement-macros
configure:21922: gcc -c -g -O2 -Werror -Wmultistatement-macros  conftest.c >&5
gcc: error: unrecognized command line option '-Wmultistatement-macros'
configure:21922: $? = 1
configure: failed program was:
| /* confdefs.h */
| #define PACKAGE_NAME "openvswitch"
| #define PACKAGE_TARNAME "openvswitch"
| #define PACKAGE_VERSION "2.14.0"
| #define PACKAGE_STRING "openvswitch 2.14.0"
| #define PACKAGE_BUGREPORT "bugs@openvswitch.org"
| #define PACKAGE_URL ""
| #define PACKAGE "openvswitch"
| #define VERSION "2.14.0"
| #define STDC_HEADERS 1
| #define HAVE_SYS_TYPES_H 1
| #define HAVE_SYS_STAT_H 1
| #define HAVE_STDLIB_H 1
| #define HAVE_STRING_H 1
| #define HAVE_MEMORY_H 1
| #define HAVE_STRINGS_H 1
| #define HAVE_INTTYPES_H 1
| #define HAVE_STDINT_H 1
| #define HAVE_UNISTD_H 1
| #define __EXTENSIONS__ 1
| #define _ALL_SOURCE 1
| #define _GNU_SOURCE 1
| #define _POSIX_PTHREAD_SEMANTICS 1
| #define _TANDEM_SOURCE 1
| #define HAVE_DLFCN_H 1
| #define LT_OBJDIR ".libs/"
| #define HAVE_PTHREAD_SPIN_LOCK 1
| #define HAVE_DECL_STRERROR_R 1
| #define HAVE_STRERROR_R 1
| #define STRERROR_R_CHAR_P 1
| #define VSTUDIO_DDK 1
| #define HAVE_NETLINK 1
| #define HAVE_OPENSSL 1
| #define OPENSSL_SUPPORTS_SNI 1
| #define HAVE_DECL_SYS_SIGLIST 1
| #define HAVE_STRUCT_STAT_ST_MTIM_TV_NSEC 1
| #define HAVE_STRUCT_MMSGHDR_MSG_LEN 1
| #define HAVE_STRUCT_SOCKADDR_IN6_SIN6_SCOPE_ID 1
| #define HAVE_MLOCKALL 1
| #define HAVE_STRNLEN 1
| #define HAVE_GETLOADAVG 1
| #define HAVE_STATVFS 1
| #define HAVE_GETMNTENT_R 1
| #define HAVE_SENDMMSG 1
| #define HAVE_CLOCK_GETTIME 1
| #define HAVE_MNTENT_H 1
| #define HAVE_SYS_STATVFS_H 1
| #define HAVE_LINUX_TYPES_H 1
| #define HAVE_LINUX_IF_ETHER_H 1
| #define HAVE_LINUX_NET_NAMESPACE_H 1
| #define HAVE_STDATOMIC_H 1
| #define HAVE_BACKTRACE 1
| #define HAVE_LINUX_PERF_EVENT_H 1
| #define HAVE___THREAD 1
| #define HAVE_GCC4_ATOMICS 1
| #define ATOMIC_ALWAYS_LOCK_FREE_1B 1
| #define ATOMIC_ALWAYS_LOCK_FREE_2B 1
| #define ATOMIC_ALWAYS_LOCK_FREE_4B 1
| #define ATOMIC_ALWAYS_LOCK_FREE_8B 1
| #define HAVE_GLIBC_PTHREAD_SETNAME_NP 1
| #define HAVE_CXX11 1
| #define HAVE_POSIX_MEMALIGN 1
| #define HAVE_STDIO_H 1
| #define HAVE_STRING_H 1
| /* end confdefs.h.  */
| int x;
configure:21935: result: no
configure:21945: checking whether gcc accepts -Wcast-align=strict
configure:21956: gcc -c -g -O2 -Werror -Wcast-align=strict  conftest.c >&5
gcc: error: unrecognized command line option '-Wcast-align=strict'
configure:21956: $? = 1
configure: failed program was:
| /* confdefs.h */
| #define PACKAGE_NAME "openvswitch"
| #define PACKAGE_TARNAME "openvswitch"
| #define PACKAGE_VERSION "2.14.0"
| #define PACKAGE_STRING "openvswitch 2.14.0"
| #define PACKAGE_BUGREPORT "bugs@openvswitch.org"
| #define PACKAGE_URL ""
| #define PACKAGE "openvswitch"
| #define VERSION "2.14.0"
| #define STDC_HEADERS 1
| #define HAVE_SYS_TYPES_H 1
| #define HAVE_SYS_STAT_H 1
| #define HAVE_STDLIB_H 1
| #define HAVE_STRING_H 1
| #define HAVE_MEMORY_H 1
| #define HAVE_STRINGS_H 1
| #define HAVE_INTTYPES_H 1
| #define HAVE_STDINT_H 1
| #define HAVE_UNISTD_H 1
| #define __EXTENSIONS__ 1
| #define _ALL_SOURCE 1
| #define _GNU_SOURCE 1
| #define _POSIX_PTHREAD_SEMANTICS 1
| #define _TANDEM_SOURCE 1
| #define HAVE_DLFCN_H 1
| #define LT_OBJDIR ".libs/"
| #define HAVE_PTHREAD_SPIN_LOCK 1
| #define HAVE_DECL_STRERROR_R 1
| #define HAVE_STRERROR_R 1
| #define STRERROR_R_CHAR_P 1
| #define VSTUDIO_DDK 1
| #define HAVE_NETLINK 1
| #define HAVE_OPENSSL 1
| #define OPENSSL_SUPPORTS_SNI 1
| #define HAVE_DECL_SYS_SIGLIST 1
| #define HAVE_STRUCT_STAT_ST_MTIM_TV_NSEC 1
| #define HAVE_STRUCT_MMSGHDR_MSG_LEN 1
| #define HAVE_STRUCT_SOCKADDR_IN6_SIN6_SCOPE_ID 1
| #define HAVE_MLOCKALL 1
| #define HAVE_STRNLEN 1
| #define HAVE_GETLOADAVG 1
| #define HAVE_STATVFS 1
| #define HAVE_GETMNTENT_R 1
| #define HAVE_SENDMMSG 1
| #define HAVE_CLOCK_GETTIME 1
| #define HAVE_MNTENT_H 1
| #define HAVE_SYS_STATVFS_H 1
| #define HAVE_LINUX_TYPES_H 1
| #define HAVE_LINUX_IF_ETHER_H 1
| #define HAVE_LINUX_NET_NAMESPACE_H 1
| #define HAVE_STDATOMIC_H 1
| #define HAVE_BACKTRACE 1
| #define HAVE_LINUX_PERF_EVENT_H 1
| #define HAVE___THREAD 1
| #define HAVE_GCC4_ATOMICS 1
| #define ATOMIC_ALWAYS_LOCK_FREE_1B 1
| #define ATOMIC_ALWAYS_LOCK_FREE_2B 1
| #define ATOMIC_ALWAYS_LOCK_FREE_4B 1
| #define ATOMIC_ALWAYS_LOCK_FREE_8B 1
| #define HAVE_GLIBC_PTHREAD_SETNAME_NP 1
| #define HAVE_CXX11 1
| #define HAVE_POSIX_MEMALIGN 1
| #define HAVE_STDIO_H 1
| #define HAVE_STRING_H 1
| /* end confdefs.h.  */
| int x;
configure:21969: result: no
configure:21979: checking whether gcc accepts -Wno-null-pointer-arithmetic
configure:21990: gcc -c -g -O2 -Werror -Wnull-pointer-arithmetic  conftest.c >&5
gcc: error: unrecognized command line option '-Wnull-pointer-arithmetic'
configure:21990: $? = 1
configure: failed program was:
| /* confdefs.h */
| #define PACKAGE_NAME "openvswitch"
| #define PACKAGE_TARNAME "openvswitch"
| #define PACKAGE_VERSION "2.14.0"
| #define PACKAGE_STRING "openvswitch 2.14.0"
| #define PACKAGE_BUGREPORT "bugs@openvswitch.org"
| #define PACKAGE_URL ""
| #define PACKAGE "openvswitch"
| #define VERSION "2.14.0"
| #define STDC_HEADERS 1
| #define HAVE_SYS_TYPES_H 1
| #define HAVE_SYS_STAT_H 1
| #define HAVE_STDLIB_H 1
| #define HAVE_STRING_H 1
| #define HAVE_MEMORY_H 1
| #define HAVE_STRINGS_H 1
| #define HAVE_INTTYPES_H 1
| #define HAVE_STDINT_H 1
| #define HAVE_UNISTD_H 1
| #define __EXTENSIONS__ 1
| #define _ALL_SOURCE 1
| #define _GNU_SOURCE 1
| #define _POSIX_PTHREAD_SEMANTICS 1
| #define _TANDEM_SOURCE 1
| #define HAVE_DLFCN_H 1
| #define LT_OBJDIR ".libs/"
| #define HAVE_PTHREAD_SPIN_LOCK 1
| #define HAVE_DECL_STRERROR_R 1
| #define HAVE_STRERROR_R 1
| #define STRERROR_R_CHAR_P 1
| #define VSTUDIO_DDK 1
| #define HAVE_NETLINK 1
| #define HAVE_OPENSSL 1
| #define OPENSSL_SUPPORTS_SNI 1
| #define HAVE_DECL_SYS_SIGLIST 1
| #define HAVE_STRUCT_STAT_ST_MTIM_TV_NSEC 1
| #define HAVE_STRUCT_MMSGHDR_MSG_LEN 1
| #define HAVE_STRUCT_SOCKADDR_IN6_SIN6_SCOPE_ID 1
| #define HAVE_MLOCKALL 1
| #define HAVE_STRNLEN 1
| #define HAVE_GETLOADAVG 1
| #define HAVE_STATVFS 1
| #define HAVE_GETMNTENT_R 1
| #define HAVE_SENDMMSG 1
| #define HAVE_CLOCK_GETTIME 1
| #define HAVE_MNTENT_H 1
| #define HAVE_SYS_STATVFS_H 1
| #define HAVE_LINUX_TYPES_H 1
| #define HAVE_LINUX_IF_ETHER_H 1
| #define HAVE_LINUX_NET_NAMESPACE_H 1
| #define HAVE_STDATOMIC_H 1
| #define HAVE_BACKTRACE 1
| #define HAVE_LINUX_PERF_EVENT_H 1
| #define HAVE___THREAD 1
| #define HAVE_GCC4_ATOMICS 1
| #define ATOMIC_ALWAYS_LOCK_FREE_1B 1
| #define ATOMIC_ALWAYS_LOCK_FREE_2B 1
| #define ATOMIC_ALWAYS_LOCK_FREE_4B 1
| #define ATOMIC_ALWAYS_LOCK_FREE_8B 1
| #define HAVE_GLIBC_PTHREAD_SETNAME_NP 1
| #define HAVE_CXX11 1
| #define HAVE_POSIX_MEMALIGN 1
| #define HAVE_STDIO_H 1
| #define HAVE_STRING_H 1
| /* end confdefs.h.  */
| int x;
configure:22003: result: no
configure:22013: checking whether gcc accepts -Warray-bounds-pointer-arithmetic
configure:22024: gcc -c -g -O2 -Werror -Warray-bounds-pointer-arithmetic  conftest.c >&5
gcc: error: unrecognized command line option '-Warray-bounds-pointer-arithmetic'
configure:22024: $? = 1
configure: failed program was:
| /* confdefs.h */
| #define PACKAGE_NAME "openvswitch"
| #define PACKAGE_TARNAME "openvswitch"
| #define PACKAGE_VERSION "2.14.0"
| #define PACKAGE_STRING "openvswitch 2.14.0"
| #define PACKAGE_BUGREPORT "bugs@openvswitch.org"
| #define PACKAGE_URL ""
| #define PACKAGE "openvswitch"
| #define VERSION "2.14.0"
| #define STDC_HEADERS 1
| #define HAVE_SYS_TYPES_H 1
| #define HAVE_SYS_STAT_H 1
| #define HAVE_STDLIB_H 1
| #define HAVE_STRING_H 1
| #define HAVE_MEMORY_H 1
| #define HAVE_STRINGS_H 1
| #define HAVE_INTTYPES_H 1
| #define HAVE_STDINT_H 1
| #define HAVE_UNISTD_H 1
| #define __EXTENSIONS__ 1
| #define _ALL_SOURCE 1
| #define _GNU_SOURCE 1
| #define _POSIX_PTHREAD_SEMANTICS 1
| #define _TANDEM_SOURCE 1
| #define HAVE_DLFCN_H 1
| #define LT_OBJDIR ".libs/"
| #define HAVE_PTHREAD_SPIN_LOCK 1
| #define HAVE_DECL_STRERROR_R 1
| #define HAVE_STRERROR_R 1
| #define STRERROR_R_CHAR_P 1
| #define VSTUDIO_DDK 1
| #define HAVE_NETLINK 1
| #define HAVE_OPENSSL 1
| #define OPENSSL_SUPPORTS_SNI 1
| #define HAVE_DECL_SYS_SIGLIST 1
| #define HAVE_STRUCT_STAT_ST_MTIM_TV_NSEC 1
| #define HAVE_STRUCT_MMSGHDR_MSG_LEN 1
| #define HAVE_STRUCT_SOCKADDR_IN6_SIN6_SCOPE_ID 1
| #define HAVE_MLOCKALL 1
| #define HAVE_STRNLEN 1
| #define HAVE_GETLOADAVG 1
| #define HAVE_STATVFS 1
| #define HAVE_GETMNTENT_R 1
| #define HAVE_SENDMMSG 1
| #define HAVE_CLOCK_GETTIME 1
| #define HAVE_MNTENT_H 1
| #define HAVE_SYS_STATVFS_H 1
| #define HAVE_LINUX_TYPES_H 1
| #define HAVE_LINUX_IF_ETHER_H 1
| #define HAVE_LINUX_NET_NAMESPACE_H 1
| #define HAVE_STDATOMIC_H 1
| #define HAVE_BACKTRACE 1
| #define HAVE_LINUX_PERF_EVENT_H 1
| #define HAVE___THREAD 1
| #define HAVE_GCC4_ATOMICS 1
| #define ATOMIC_ALWAYS_LOCK_FREE_1B 1
| #define ATOMIC_ALWAYS_LOCK_FREE_2B 1
| #define ATOMIC_ALWAYS_LOCK_FREE_4B 1
| #define ATOMIC_ALWAYS_LOCK_FREE_8B 1
| #define HAVE_GLIBC_PTHREAD_SETNAME_NP 1
| #define HAVE_CXX11 1
| #define HAVE_POSIX_MEMALIGN 1
| #define HAVE_STDIO_H 1
| #define HAVE_STRING_H 1
| /* end confdefs.h.  */
| int x;
configure:22037: result: no
configure:22047: checking whether gcc accepts -Wno-unused
configure:22058: gcc -c -g -O2 -Werror -Wunused  conftest.c >&5
configure:22058: $? = 0
configure:22071: result: yes
configure:22088: checking whether gcc accepts -Wno-unused-parameter
configure:22099: gcc -c -g -O2 -Werror -Wunused-parameter  conftest.c >&5
configure:22099: $? = 0
configure:22112: result: yes
configure:22129: checking whether gcc accepts -mavx512f
configure:22140: gcc -c -g -O2 -Werror -mavx512f  conftest.c >&5
configure:22140: $? = 0
configure:22153: result: yes
configure:22170: checking whether gcc accepts -mavx512f
configure:22194: result: yes
configure:22227: checking target hint for cgcc
configure:22241: result: x86_64
configure:22252: checking vector options for cgcc
configure:22256: result: -D__MMX__=1 -D__SSE2_MATH__=1 -D__SSE_MATH__=1 -D__SSE2__=1 -D__SSE__=1 
configure:22295: checking whether DPCLS Autovalidator is default implementation
configure:22298: result: no
configure:22306: checking binutils avx512 assembler checks passing
configure:22327: result: yes
configure:22402: checking for Linux build directory
configure:22405: result: /lib/modules/4.4.0-142-generic/build
configure:22417: checking for Linux source directory
configure:22451: result: /lib/modules/4.4.0-142-generic/build
configure:22454: checking for kernel version
configure:22466: result: 4.4.167
configure:22500: checking whether src_err, matches in /lib/modules/4.4.0-142-generic/build/arch/x86/include/asm/checksum_32.h
configure:22514: result: no
configure:22530: checking whether rt6_get_cookie matches in /lib/modules/4.4.0-142-generic/build/include/net/ip6_fib.h
configure:22537: result: yes
configure:22560: checking whether ipv6_stub has member dst_entry in /lib/modules/4.4.0-142-generic/build/include/net/addrconf.h
configure:22567: result: yes
configure:22589: checking whether ipv6_dst_lookup.*net matches in /lib/modules/4.4.0-142-generic/build/include/net/addrconf.h
configure:22596: result: yes
configure:22618: checking whether ipv6_dst_lookup_flow.*net matches in /lib/modules/4.4.0-142-generic/build/include/net/addrconf.h
configure:22632: result: no
configure:22647: checking whether ipv6_stub matches in /lib/modules/4.4.0-142-generic/build/include/net/addrconf.h
configure:22654: result: yes
configure:22676: checking whether ipv6_dst_lookup_flow matches in /lib/modules/4.4.0-142-generic/build/include/net/addrconf.h
configure:22690: result: no
configure:22706: checking whether ERR_CAST matches in /lib/modules/4.4.0-142-generic/build/include/linux/err.h
configure:22713: result: yes
configure:22735: checking whether IS_ERR_OR_NULL matches in /lib/modules/4.4.0-142-generic/build/include/linux/err.h
configure:22742: result: yes
configure:22764: checking whether PTR_ERR_OR_ZERO matches in /lib/modules/4.4.0-142-generic/build/include/linux/err.h
configure:22771: result: yes
configure:22794: checking whether static_branch_unlikely( matches in /lib/modules/4.4.0-142-generic/build/include/linux/jump_label.h
configure:22801: result: yes
configure:22823: checking whether DEFINE_STATIC_KEY_FALSE matches in /lib/modules/4.4.0-142-generic/build/include/linux/jump_label.h
configure:22830: result: yes
configure:22853: checking whether eth_hw_addr_random matches in /lib/modules/4.4.0-142-generic/build/include/linux/etherdevice.h
configure:22860: result: yes
configure:22882: checking whether ether_addr_copy matches in /lib/modules/4.4.0-142-generic/build/include/linux/etherdevice.h
configure:22889: result: yes
configure:22912: checking whether IFLA_GENEVE_TOS matches in /lib/modules/4.4.0-142-generic/build/include/uapi/linux/if_link.h
configure:22919: result: yes
configure:22941: checking whether rtnl_link_stats64 matches in /lib/modules/4.4.0-142-generic/build/include/uapi/linux/if_link.h
configure:22948: result: yes
configure:22970: checking whether rtnl_link_stats64 matches in /lib/modules/4.4.0-142-generic/build/include/linux/if_link.h
configure:22984: result: no
configure:22999: checking whether vlan_set_encap_proto matches in /lib/modules/4.4.0-142-generic/build/include/linux/if_vlan.h
configure:23006: result: yes
configure:23028: checking whether vlan_hwaccel_push_inside matches in /lib/modules/4.4.0-142-generic/build/include/linux/if_vlan.h
configure:23035: result: yes
configure:23057: checking whether __vlan_hwaccel_clear_tag matches in /lib/modules/4.4.0-142-generic/build/include/linux/if_vlan.h
configure:23071: result: no
configure:23087: checking whether ipv4_is_multicast matches in /lib/modules/4.4.0-142-generic/build/include/linux/in.h
configure:23094: result: yes
configure:23116: checking whether proto_ports_offset matches in /lib/modules/4.4.0-142-generic/build/include/linux/in.h
configure:23123: result: yes
configure:23145: checking whether __ip_select_ident.*dst_entry matches in /lib/modules/4.4.0-142-generic/build/include/net/ip.h
configure:23159: result: no
configure:23174: checking whether __ip_select_ident.*net matches in /lib/modules/4.4.0-142-generic/build/include/net/ip.h
configure:23181: result: yes
configure:23204: checking whether inet_get_local_port_range.*net matches in /lib/modules/4.4.0-142-generic/build/include/net/ip.h
configure:23211: result: yes
configure:23233: checking whether ip_defrag.*net matches in /lib/modules/4.4.0-142-generic/build/include/net/ip.h
configure:23240: result: yes
configure:23262: checking whether ip_do_fragment has parameter net in /lib/modules/4.4.0-142-generic/build/include/net/ip.h
configure:23269: result: yes
configure:23291: checking whether ip_local_out has parameter net in /lib/modules/4.4.0-142-generic/build/include/net/ip.h
configure:23298: result: yes
configure:23321: checking whether ip_skb_dst_mtu matches in /lib/modules/4.4.0-142-generic/build/include/net/ip.h
configure:23328: result: yes
configure:23351: checking whether IPSKB_FRAG_PMTU matches in /lib/modules/4.4.0-142-generic/build/include/net/ip.h
configure:23358: result: yes
configure:23380: checking whether __ip_tunnel_change_mtu matches in /lib/modules/4.4.0-142-generic/build/include/net/ip_tunnels.h
configure:23387: result: yes
configure:23409: checking whether hashfn.*const matches in /lib/modules/4.4.0-142-generic/build/include/net/inet_frag.h
configure:23416: result: yes
configure:23438: checking whether last_in matches in /lib/modules/4.4.0-142-generic/build/include/net/inet_frag.h
configure:23452: result: no
configure:23467: checking whether inet_frag_evicting matches in /lib/modules/4.4.0-142-generic/build/include/net/inet_frag.h
configure:23474: result: yes
configure:23496: checking whether inet_frag_evictor matches in /lib/modules/4.4.0-142-generic/build/include/net/inet_frag.h
configure:23510: result: no
configure:23525: checking whether inet_frags has member frags_work in /lib/modules/4.4.0-142-generic/build/include/net/inet_frag.h
configure:23532: result: yes
configure:23554: checking whether inet_frags has member rwlock in /lib/modules/4.4.0-142-generic/build/include/net/inet_frag.h
configure:23568: result: no
configure:23583: checking whether inet_frag_queue has member list_evictor in /lib/modules/4.4.0-142-generic/build/include/net/inet_frag.h
configure:23590: result: yes
configure:23612: checking whether inet_frag_lru_move matches in /lib/modules/4.4.0-142-generic/build/include/net/inet_frag.h
configure:23626: result: no
configure:23641: checking whether sub_frag_mem_limit has parameter struct.netns_frags in /lib/modules/4.4.0-142-generic/build/include/net/inet_frag.h
configure:23648: result: yes
configure:23670: checking whether void.*inet_frags_init matches in /lib/modules/4.4.0-142-generic/build/include/net/inet_frag.h
configure:23677: result: yes
configure:23699: checking whether vif matches in /lib/modules/4.4.0-142-generic/build/include/net/inetpeer.h
configure:23706: result: yes
configure:23730: checking whether ip_tunnel_key has member label in /lib/modules/4.4.0-142-generic/build/include/net/ip_tunnels.h
configure:23822: result: no
configure:23838: checking whether dst_cache matches in /lib/modules/4.4.0-142-generic/build/include/net/dst_cache.h
configure:23845: result: yes
configure:23867: checking whether mpls_hdr matches in /lib/modules/4.4.0-142-generic/build/include/net/mpls.h
configure:23881: result: no
configure:23896: checking whether sock_create_kern.*net matches in /lib/modules/4.4.0-142-generic/build/include/linux/net.h
configure:23903: result: yes
configure:23925: checking whether ndo_fill_metadata_dst matches in /lib/modules/4.4.0-142-generic/build/include/linux/netdevice.h
configure:23932: result: yes
configure:23954: checking whether dev_disable_lro matches in /lib/modules/4.4.0-142-generic/build/include/linux/netdevice.h
configure:23961: result: yes
configure:23983: checking whether dev_get_stats matches in /lib/modules/4.4.0-142-generic/build/include/linux/netdevice.h
configure:23990: result: yes
configure:24012: checking whether dev_get_by_index_rcu matches in /lib/modules/4.4.0-142-generic/build/include/linux/netdevice.h
configure:24019: result: yes
configure:24041: checking whether dev_recursion_level matches in /lib/modules/4.4.0-142-generic/build/include/linux/netdevice.h
configure:24048: result: yes
configure:24070: checking whether __skb_gso_segment matches in /lib/modules/4.4.0-142-generic/build/include/linux/netdevice.h
configure:24077: result: yes
configure:24099: checking whether skb_gso_error_unwind matches in /lib/modules/4.4.0-142-generic/build/include/linux/netdevice.h
configure:24106: result: yes
configure:24128: checking whether can_checksum_protocol matches in /lib/modules/4.4.0-142-generic/build/include/linux/netdevice.h
configure:24135: result: yes
configure:24157: checking whether ndo_get_iflink matches in /lib/modules/4.4.0-142-generic/build/include/linux/netdevice.h
configure:24164: result: yes
configure:24186: checking whether ndo_features_check matches in /lib/modules/4.4.0-142-generic/build/include/linux/netdevice.h
configure:24193: result: yes
configure:24215: checking whether ndo_add_vxlan_port matches in /lib/modules/4.4.0-142-generic/build/include/linux/netdevice.h
configure:24222: result: yes
configure:24244: checking whether ndo_add_geneve_port matches in /lib/modules/4.4.0-142-generic/build/include/linux/netdevice.h
configure:24251: result: yes
configure:24273: checking whether ndo_udp_tunnel_add matches in /lib/modules/4.4.0-142-generic/build/include/linux/netdevice.h
configure:24287: result: no
configure:24302: checking whether netdev_features_t matches in /lib/modules/4.4.0-142-generic/build/include/linux/netdevice.h
configure:24309: result: yes
configure:24331: checking whether pcpu_sw_netstats.*tstats matches in /lib/modules/4.4.0-142-generic/build/include/linux/netdevice.h
configure:24338: result: yes
configure:24360: checking whether netif_needs_gso.*net_device matches in /lib/modules/4.4.0-142-generic/build/include/linux/netdevice.h
configure:24374: result: no
configure:24389: checking whether skb_csum_hwoffload_help matches in /lib/modules/4.4.0-142-generic/build/include/linux/netdevice.h
configure:24403: result: no
configure:24418: checking whether udp_offload matches in /lib/modules/4.4.0-142-generic/build/include/linux/netdevice.h
configure:24425: result: yes
configure:24447: checking whether udp_offload.*uoff matches in /lib/modules/4.4.0-142-generic/build/include/linux/netdevice.h
configure:24454: result: yes
configure:24476: checking whether gro_remcsum matches in /lib/modules/4.4.0-142-generic/build/include/linux/netdevice.h
configure:24483: result: yes
configure:24505: checking whether IFF_PHONY_HEADROOM matches in /lib/modules/4.4.0-142-generic/build/include/linux/netdevice.h
configure:24519: result: no
configure:24534: checking whether net_device_ops has member extended in /lib/modules/4.4.0-142-generic/build/include/linux/netdevice.h
configure:24548: result: no
configure:24563: checking whether netdev_master_upper_dev_link has parameter upper_priv in /lib/modules/4.4.0-142-generic/build/include/linux/netdevice.h
configure:24577: result: no
configure:24592: checking whether netdev_master_upper_dev_link_rh matches in /lib/modules/4.4.0-142-generic/build/include/linux/netdevice.h
configure:24606: result: no
configure:24622: checking whether net_device has member max_mtu in /lib/modules/4.4.0-142-generic/build/include/linux/netdevice.h
configure:24636: result: no
configure:24651: checking whether net_device_ops_extended has member ndo_change_mtu in /lib/modules/4.4.0-142-generic/build/include/linux/netdevice.h
configure:24665: result: no
configure:24680: checking whether dev_change_flags has parameter extack in /lib/modules/4.4.0-142-generic/build/include/linux/netdevice.h
configure:24694: result: no
configure:24710: checking whether nf_hook_state matches in /lib/modules/4.4.0-142-generic/build/include/linux/netfilter.h
configure:24717: result: yes
configure:24739: checking whether nf_hook_state has member struct net  in /lib/modules/4.4.0-142-generic/build/include/linux/netfilter.h
configure:24746: result: yes
configure:24768: checking whether nf_register_net_hook matches in /lib/modules/4.4.0-142-generic/build/include/linux/netfilter.h
configure:24775: result: yes
configure:24797: checking whether nf_hookfn.*nf_hook_ops matches in /lib/modules/4.4.0-142-generic/build/include/linux/netfilter.h
configure:24811: result: no
configure:24826: checking whether nf_hookfn has parameter priv in /lib/modules/4.4.0-142-generic/build/include/linux/netfilter.h
configure:24833: result: yes
configure:24855: checking whether nf_hook_ops has member owner in /lib/modules/4.4.0-142-generic/build/include/linux/netfilter.h
configure:24869: result: no
configure:24884: checking whether NFPROTO_INET matches in /lib/modules/4.4.0-142-generic/build/include/linux/netfilter.h
configure:24898: result: no
configure:24913: checking whether CONFIG_NF_NAT_NEEDED matches in /lib/modules/4.4.0-142-generic/build/include/linux/netfilter.h
configure:24920: result: yes
configure:24944: checking whether nf_ipv6_ops has member fragment.*sock in /lib/modules/4.4.0-142-generic/build/include/linux/netfilter_ipv6.h
configure:24951: result: yes
configure:24974: checking whether nf_conn has member struct timer_list[ \t]*timeout in /lib/modules/4.4.0-142-generic/build/include/net/netfilter/nf_conntrack.h
configure:24981: result: yes
configure:25003: checking whether nf_ct_delete( matches in /lib/modules/4.4.0-142-generic/build/include/net/netfilter/nf_conntrack.h
configure:25010: result: yes
configure:25033: checking whether nf_ct_tmpl_alloc has parameter nf_conntrack_zone in /lib/modules/4.4.0-142-generic/build/include/net/netfilter/nf_conntrack.h
configure:25040: result: yes
configure:25062: checking whether nf_ct_get_tuplepr has parameter struct.net in /lib/modules/4.4.0-142-generic/build/include/net/netfilter/nf_conntrack.h
configure:25069: result: yes
configure:25091: checking whether nf_ct_set matches in /lib/modules/4.4.0-142-generic/build/include/net/netfilter/nf_conntrack.h
configure:25105: result: no
configure:25120: checking whether nf_ct_is_untracked matches in /lib/modules/4.4.0-142-generic/build/include/net/netfilter/nf_conntrack.h
configure:25127: result: yes
configure:25149: checking whether nf_ct_invert_tuplepr matches in /lib/modules/4.4.0-142-generic/build/include/net/netfilter/nf_conntrack.h
configure:25156: result: yes
configure:25178: checking whether nf_ct_zone_init matches in /lib/modules/4.4.0-142-generic/build/include/net/netfilter/nf_conntrack_zones.h
configure:25185: result: yes
configure:25207: checking whether net_ns_get matches in /lib/modules/4.4.0-142-generic/build/include/net/netfilter/nf_conntrack_l3proto.h
configure:25221: result: no
configure:25236: checking whether nf_connlabels_get matches in /lib/modules/4.4.0-142-generic/build/include/net/netfilter/nf_conntrack_labels.h
configure:25243: result: yes
configure:25265: checking whether nf_connlabels_get has parameter int bit in /lib/modules/4.4.0-142-generic/build/include/net/netfilter/nf_conntrack_labels.h
configure:25279: result: no
configure:25294: checking whether nf_conn_labels has member words in /lib/modules/4.4.0-142-generic/build/include/net/netfilter/nf_conntrack_labels.h
configure:25301: result: yes
configure:25323: checking whether nf_ct_nat_ext_add matches in /lib/modules/4.4.0-142-generic/build/include/net/netfilter/nf_nat.h
configure:25330: result: yes
configure:25352: checking whether nf_nat_alloc_null_binding matches in /lib/modules/4.4.0-142-generic/build/include/net/netfilter/nf_nat.h
configure:25359: result: yes
configure:25381: checking whether nf_nat_range2 matches in /lib/modules/4.4.0-142-generic/build/include/net/netfilter/nf_nat.h
configure:25395: result: no
configure:25410: checking whether nf_nat_packet matches in /lib/modules/4.4.0-142-generic/build/include/net/netfilter/nf_nat.h
configure:25424: result: no
configure:25439: checking whether nf_ct_seq_adjust matches in /lib/modules/4.4.0-142-generic/build/include/net/netfilter/nf_conntrack_seqadj.h
configure:25446: result: yes
configure:25468: checking whether nf_conncount_gc_list matches in /lib/modules/4.4.0-142-generic/build/include/net/netfilter/nf_conntrack_count.h
configure:25512: result: no
configure:25527: checking whether nf_ct_set_timeout matches in /lib/modules/4.4.0-142-generic/build/include/net/netfilter/nf_conntrack_timeout.h
configure:25541: result: no
configure:25556: checking whether struct nf_ct_timeout matches in /lib/modules/4.4.0-142-generic/build/include/net/netfilter/nf_conntrack_timeout.h
configure:25570: result: no
configure:25585: checking whether \(*nf_ct_timeout_find_get_hook\) has parameter net in /lib/modules/4.4.0-142-generic/build/include/net/netfilter/nf_conntrack_timeout.h
configure:25599: result: no
configure:25615: checking whether prandom_u32[\(] matches in /lib/modules/4.4.0-142-generic/build/include/linux/random.h
configure:25622: result: yes
configure:25644: checking whether prandom_u32_max matches in /lib/modules/4.4.0-142-generic/build/include/linux/random.h
configure:25651: result: yes
configure:25673: checking whether prandom_u32[\(] matches in /lib/modules/4.4.0-142-generic/build/include/linux/prandom.h
configure:25696: result: file not found
configure:25702: checking whether prandom_u32_max matches in /lib/modules/4.4.0-142-generic/build/include/linux/prandom.h
configure:25725: result: file not found
configure:25732: checking whether get_link_net matches in /lib/modules/4.4.0-142-generic/build/include/net/rtnetlink.h
configure:25739: result: yes
configure:25761: checking whether name_assign_type matches in /lib/modules/4.4.0-142-generic/build/include/net/rtnetlink.h
configure:25768: result: yes
configure:25790: checking whether rtnl_create_link.*src_net matches in /lib/modules/4.4.0-142-generic/build/include/net/rtnetlink.h
configure:25804: result: no
configure:25819: checking whether possible_net_t matches in /lib/modules/4.4.0-142-generic/build/include/net/net_namespace.h
configure:25826: result: yes
configure:25849: checking whether rcu_read_lock_held matches in /lib/modules/4.4.0-142-generic/build/include/linux/rcupdate.h
configure:25856: result: yes
configure:25934: checking whether lockdep_rtnl_is_held matches in /lib/modules/4.4.0-142-generic/build/include/linux/rtnetlink.h
configure:25941: result: yes
configure:25963: checking whether net_rwsem matches in /lib/modules/4.4.0-142-generic/build/include/linux/rtnetlink.h
configure:25977: result: no
configure:25992: checking whether rtnl_create_link has parameter extack in /lib/modules/4.4.0-142-generic/build/include/net/rtnetlink.h
configure:26006: result: no
configure:26021: checking whether nf_reset_ct matches in /lib/modules/4.4.0-142-generic/build/include/linux/skbuff.h
configure:26035: result: no
configure:26056: checking whether [^@]proto_data_valid matches in /lib/modules/4.4.0-142-generic/build/include/linux/skbuff.h
configure:26070: result: no
configure:26085: checking whether skb_checksum_start_offset matches in /lib/modules/4.4.0-142-generic/build/include/linux/skbuff.h
configure:26092: result: yes
configure:26114: checking whether inner_protocol matches in /lib/modules/4.4.0-142-generic/build/include/linux/skbuff.h
configure:26121: result: yes
configure:26143: checking whether inner_protocol_type matches in /lib/modules/4.4.0-142-generic/build/include/linux/skbuff.h
configure:26150: result: yes
configure:26172: checking whether skb_inner_transport_offset matches in /lib/modules/4.4.0-142-generic/build/include/linux/skbuff.h
configure:26186: result: no
configure:26201: checking whether kfree_skb_list matches in /lib/modules/4.4.0-142-generic/build/include/linux/skbuff.h
configure:26208: result: yes
configure:26230: checking whether rxhash matches in /lib/modules/4.4.0-142-generic/build/include/linux/skbuff.h
configure:26244: result: no
configure:26259: checking whether u16.*rxhash matches in /lib/modules/4.4.0-142-generic/build/include/linux/skbuff.h
configure:26273: result: no
configure:26288: checking whether skb_dst( matches in /lib/modules/4.4.0-142-generic/build/include/linux/skbuff.h
configure:26295: result: yes
configure:26317: checking whether skb_copy_from_linear_data_offset matches in /lib/modules/4.4.0-142-generic/build/include/linux/skbuff.h
configure:26324: result: yes
configure:26346: checking whether skb_reset_tail_pointer matches in /lib/modules/4.4.0-142-generic/build/include/linux/skbuff.h
configure:26353: result: yes
configure:26375: checking whether skb_cow_head matches in /lib/modules/4.4.0-142-generic/build/include/linux/skbuff.h
configure:26382: result: yes
configure:26404: checking whether skb_warn_if_lro matches in /lib/modules/4.4.0-142-generic/build/include/linux/skbuff.h
configure:26411: result: yes
configure:26433: checking whether consume_skb matches in /lib/modules/4.4.0-142-generic/build/include/linux/skbuff.h
configure:26440: result: yes
configure:26462: checking whether skb_frag_page matches in /lib/modules/4.4.0-142-generic/build/include/linux/skbuff.h
configure:26469: result: yes
configure:26491: checking whether skb_has_frag_list matches in /lib/modules/4.4.0-142-generic/build/include/linux/skbuff.h
configure:26498: result: yes
configure:26520: checking whether __skb_fill_page_desc matches in /lib/modules/4.4.0-142-generic/build/include/linux/skbuff.h
configure:26527: result: yes
configure:26549: checking whether skb_reset_mac_len matches in /lib/modules/4.4.0-142-generic/build/include/linux/skbuff.h
configure:26556: result: yes
configure:26578: checking whether skb_unclone matches in /lib/modules/4.4.0-142-generic/build/include/linux/skbuff.h
configure:26585: result: yes
configure:26607: checking whether skb_orphan_frags matches in /lib/modules/4.4.0-142-generic/build/include/linux/skbuff.h
configure:26614: result: yes
configure:26636: checking whether skb_get_hash( matches in /lib/modules/4.4.0-142-generic/build/include/linux/skbuff.h
configure:26643: result: yes
configure:26665: checking whether skb_clear_hash matches in /lib/modules/4.4.0-142-generic/build/include/linux/skbuff.h
configure:26672: result: yes
configure:26694: checking whether int.skb_zerocopy( matches in /lib/modules/4.4.0-142-generic/build/include/linux/skbuff.h
configure:26701: result: yes
configure:26723: checking whether u8.*l4_rxhash matches in /lib/modules/4.4.0-142-generic/build/include/linux/skbuff.h
configure:26737: result: no
configure:26752: checking whether skb_ensure_writable matches in /lib/modules/4.4.0-142-generic/build/include/linux/skbuff.h
configure:26759: result: yes
configure:26781: checking whether skb_vlan_pop matches in /lib/modules/4.4.0-142-generic/build/include/linux/skbuff.h
configure:26788: result: yes
configure:26810: checking whether __skb_vlan_pop matches in /lib/modules/4.4.0-142-generic/build/include/linux/skbuff.h
configure:26824: result: no
configure:26839: checking whether skb_vlan_push matches in /lib/modules/4.4.0-142-generic/build/include/linux/skbuff.h
configure:26846: result: yes
configure:26868: checking whether skb_clear_hash_if_not_l4 matches in /lib/modules/4.4.0-142-generic/build/include/linux/skbuff.h
configure:26875: result: yes
configure:26897: checking whether skb_postpush_rcsum matches in /lib/modules/4.4.0-142-generic/build/include/linux/skbuff.h
configure:26904: result: yes
configure:26926: checking whether lco_csum matches in /lib/modules/4.4.0-142-generic/build/include/linux/skbuff.h
configure:26940: result: no
configure:26955: checking whether skb_nfct matches in /lib/modules/4.4.0-142-generic/build/include/linux/skbuff.h
configure:26969: result: no
configure:26984: checking whether skb_put_zero matches in /lib/modules/4.4.0-142-generic/build/include/linux/skbuff.h
configure:26998: result: no
configure:27014: checking whether __wsum matches in /lib/modules/4.4.0-142-generic/build/include/linux/types.h
configure:27028: result: no
configure:27043: checking whether __wsum matches in /lib/modules/4.4.0-142-generic/build/include/uapi/linux/types.h
configure:27050: result: yes
configure:27073: checking whether csum_replace4 matches in /lib/modules/4.4.0-142-generic/build/include/net/checksum.h
configure:27080: result: yes
configure:27102: checking whether csum_unfold matches in /lib/modules/4.4.0-142-generic/build/include/net/checksum.h
configure:27109: result: yes
configure:27132: checking whether dst_discard_sk matches in /lib/modules/4.4.0-142-generic/build/include/net/dst.h
configure:27146: result: no
configure:27161: checking whether __skb_dst_copy matches in /lib/modules/4.4.0-142-generic/build/include/net/dst.h
configure:27168: result: yes
configure:27191: checking whether genl_has_listeners matches in /lib/modules/4.4.0-142-generic/build/include/net/genetlink.h
configure:27198: result: yes
configure:27220: checking whether mcgrp_offset matches in /lib/modules/4.4.0-142-generic/build/include/net/genetlink.h
configure:27227: result: yes
configure:27249: checking whether parallel_ops matches in /lib/modules/4.4.0-142-generic/build/include/net/genetlink.h
configure:27256: result: yes
configure:27278: checking whether netlink_has_listeners(net->genl_sock matches in /lib/modules/4.4.0-142-generic/build/include/net/genetlink.h
configure:27285: result: yes
configure:27307: checking whether genlmsg_parse matches in /lib/modules/4.4.0-142-generic/build/include/net/genetlink.h
configure:27314: result: yes
configure:27336: checking whether genl_notify.*family matches in /lib/modules/4.4.0-142-generic/build/include/net/genetlink.h
configure:27343: result: yes
configure:27365: checking whether genl_validate_flags matches in /lib/modules/4.4.0-142-generic/build/include/net/genetlink.h
configure:27379: result: no
configure:27394: checking whether genl_notify has parameter net in /lib/modules/4.4.0-142-generic/build/include/net/genetlink.h
configure:27408: result: no
configure:27425: checking whether genl_multicast_group has member id in /lib/modules/4.4.0-142-generic/build/include/net/genetlink.h
configure:27439: result: no
configure:27454: checking whether geneve_hdr matches in /lib/modules/4.4.0-142-generic/build/include/net/geneve.h
configure:27468: result: no
configure:27484: checking whether gre_cisco_register matches in /lib/modules/4.4.0-142-generic/build/include/net/gre.h
configure:27498: result: no
configure:27513: checking whether gre_handle_offloads matches in /lib/modules/4.4.0-142-generic/build/include/net/gre.h
configure:27527: result: no
configure:27542: checking whether IP6_FH_F_SKIP_RH matches in /lib/modules/4.4.0-142-generic/build/include/net/ipv6.h
configure:27549: result: yes
configure:27571: checking whether ip6_local_out_sk matches in /lib/modules/4.4.0-142-generic/build/include/net/ipv6.h
configure:27585: result: no
configure:27600: checking whether __ipv6_addr_jhash matches in /lib/modules/4.4.0-142-generic/build/include/net/ipv6.h
configure:27607: result: yes
configure:27629: checking whether rt6i.*u.dst matches in /lib/modules/4.4.0-142-generic/build/include/net/ip6_fib.h
configure:27643: result: no
configure:27658: checking whether ip6_frag.*sock matches in /lib/modules/4.4.0-142-generic/build/include/net/ip6_route.h
configure:27665: result: yes
configure:27688: checking whether nla_put_64bit matches in /lib/modules/4.4.0-142-generic/build/include/net/netlink.h
configure:27702: result: no
configure:27717: checking whether nla_get_be16 matches in /lib/modules/4.4.0-142-generic/build/include/net/netlink.h
configure:27724: result: yes
configure:27746: checking whether nla_put_be16 matches in /lib/modules/4.4.0-142-generic/build/include/net/netlink.h
configure:27753: result: yes
configure:27775: checking whether nla_put_be32 matches in /lib/modules/4.4.0-142-generic/build/include/net/netlink.h
configure:27782: result: yes
configure:27804: checking whether nla_put_be64 matches in /lib/modules/4.4.0-142-generic/build/include/net/netlink.h
configure:27811: result: yes
configure:27833: checking whether nla_put_in_addr matches in /lib/modules/4.4.0-142-generic/build/include/net/netlink.h
configure:27840: result: yes
configure:27862: checking whether nla_find_nested matches in /lib/modules/4.4.0-142-generic/build/include/net/netlink.h
configure:27869: result: yes
configure:27891: checking whether nla_is_last matches in /lib/modules/4.4.0-142-generic/build/include/net/netlink.h
configure:27898: result: yes
configure:27920: checking whether nla_nest_start_noflag matches in /lib/modules/4.4.0-142-generic/build/include/net/netlink.h
configure:27934: result: no
configure:27949: checking whether void.*netlink_set_err matches in /lib/modules/4.4.0-142-generic/build/include/linux/netlink.h
configure:27963: result: no
configure:27978: checking whether nla_parse has parameter netlink_ext_ack in /lib/modules/4.4.0-142-generic/build/include/net/netlink.h
configure:27992: result: no
configure:28008: checking whether sctp_compute_cksum matches in /lib/modules/4.4.0-142-generic/build/include/net/sctp/checksum.h
configure:28015: result: yes
configure:28038: checking whether vlan_insert_tag_set_proto matches in /lib/modules/4.4.0-142-generic/build/include/linux/if_vlan.h
configure:28045: result: yes
configure:28067: checking whether __vlan_insert_tag matches in /lib/modules/4.4.0-142-generic/build/include/linux/if_vlan.h
configure:28074: result: yes
configure:28096: checking whether vlan_get_protocol matches in /lib/modules/4.4.0-142-generic/build/include/linux/if_vlan.h
configure:28103: result: yes
configure:28125: checking whether skb_vlan_tagged matches in /lib/modules/4.4.0-142-generic/build/include/linux/if_vlan.h
configure:28132: result: yes
configure:28154: checking whether eth_type_vlan matches in /lib/modules/4.4.0-142-generic/build/include/linux/if_vlan.h
configure:28168: result: no
configure:28184: checking whether metadata_dst_alloc has parameter metadata_type in /lib/modules/4.4.0-142-generic/build/include/net/dst_metadata.h
configure:28198: result: no
configure:28214: checking whether u64_stats_fetch_begin_irq matches in /lib/modules/4.4.0-142-generic/build/include/linux/u64_stats_sync.h
configure:28221: result: yes
configure:28244: checking whether struct vxlan_metadata matches in /lib/modules/4.4.0-142-generic/build/include/net/vxlan.h
configure:28251: result: yes
configure:28273: checking whether udp_flow_src_port matches in /lib/modules/4.4.0-142-generic/build/include/net/udp.h
configure:28280: result: yes
configure:28283: checking whether inet_get_local_port_range(net matches in /lib/modules/4.4.0-142-generic/build/include/net/udp.h
configure:28290: result: yes
configure:28328: checking whether udp_v4_check matches in /lib/modules/4.4.0-142-generic/build/include/net/udp.h
configure:28335: result: yes
configure:28357: checking whether udp_tunnel_gro_complete matches in /lib/modules/4.4.0-142-generic/build/include/net/udp_tunnel.h
configure:28364: result: yes
configure:28386: checking whether sk_buff.*udp_tunnel_handle_offloads matches in /lib/modules/4.4.0-142-generic/build/include/net/udp_tunnel.h
configure:28393: result: yes
configure:28415: checking whether udp_tunnel_sock_cfg has member gro_receive in /lib/modules/4.4.0-142-generic/build/include/net/udp_tunnel.h
configure:28429: result: no
configure:28445: checking whether ignore_df matches in /lib/modules/4.4.0-142-generic/build/include/linux/skbuff.h
configure:28452: result: yes
configure:28474: checking whether NET_NAME_UNKNOWN matches in /lib/modules/4.4.0-142-generic/build/include/uapi/linux/netdevice.h
configure:28481: result: yes
configure:28504: checking whether sk_no_check_tx matches in /lib/modules/4.4.0-142-generic/build/include/net/sock.h
configure:28511: result: yes
configure:28533: checking whether no_check6_tx matches in /lib/modules/4.4.0-142-generic/build/include/linux/udp.h
configure:28540: result: yes
configure:28562: checking whether el6 matches in /lib/modules/4.4.0-142-generic/build/include/linux/utsrelease.h
configure:28585: result: file not found
configure:28591: checking whether udp_add_offload has parameter net in /lib/modules/4.4.0-142-generic/build/include/net/protocol.h
configure:28605: result: no
configure:28620: checking whether nf_defrag_ipv6_enable has parameter net in /lib/modules/4.4.0-142-generic/build/include/net/netfilter/ipv6/nf_defrag_ipv6.h
configure:28634: result: no
configure:28649: checking whether family_list matches in /lib/modules/4.4.0-142-generic/build/include/net/genetlink.h
configure:28656: result: yes
configure:28678: checking whether net_device has member needs_free_netdev in /lib/modules/4.4.0-142-generic/build/include/linux/netdevice.h
configure:28692: result: no
configure:28707: checking whether vxlan_dev has member cfg in /lib/modules/4.4.0-142-generic/build/include/net/vxlan.h
configure:28714: result: yes
configure:28736: checking whether nf_conntrack_helper_put matches in /lib/modules/4.4.0-142-generic/build/include/net/netfilter/nf_conntrack_helper.h
configure:28750: result: no
configure:28765: checking whether nf_nat_helper_try_module_get matches in /lib/modules/4.4.0-142-generic/build/include/net/netfilter/nf_conntrack_helper.h
configure:28779: result: no
configure:28794: checking whether nf_nat_helper_put matches in /lib/modules/4.4.0-142-generic/build/include/net/netfilter/nf_conntrack_helper.h
configure:28808: result: no
configure:28823: checking whether [[:space:]]SKB_GSO_UDP[[:space:]] matches in /lib/modules/4.4.0-142-generic/build/include/linux/skbuff.h
configure:28830: result: yes
configure:28852: checking whether DST_NOCACHE matches in /lib/modules/4.4.0-142-generic/build/include/net/dst.h
configure:28859: result: yes
configure:28881: checking whether rtnl_link_ops has member extack in /lib/modules/4.4.0-142-generic/build/include/net/rtnetlink.h
configure:28895: result: no
configure:28910: checking whether nf_hook_ops has member list in /lib/modules/4.4.0-142-generic/build/include/linux/netfilter.h
configure:28917: result: yes
configure:28939: checking whether IP_CT_UNTRACKED matches in /lib/modules/4.4.0-142-generic/build/include/uapi/linux/netfilter/nf_conntrack_common.h
configure:28953: result: no
configure:28968: checking whether netdev_master_upper_dev_link has parameter extack in /lib/modules/4.4.0-142-generic/build/include/linux/netdevice.h
configure:28982: result: no
configure:28997: checking whether __LINUX_COMPILER_TYPES_H matches in /lib/modules/4.4.0-142-generic/build/include/linux/compiler_types.h
configure:29020: result: file not found
configure:29026: checking whether ktime_get_ts64 matches in /lib/modules/4.4.0-142-generic/build/include/linux/timekeeping.h
configure:29033: result: yes
configure:29055: checking whether EXPORT_SYMBOL_GPL(peernet2id_alloc) matches in /lib/modules/4.4.0-142-generic/build/include/net/net_namespace.h
configure:29069: result: no
configure:29084: checking whether ktime_get_ns matches in /lib/modules/4.4.0-142-generic/build/include/linux/timekeeping.h
configure:29091: result: yes
configure:29113: checking whether frag_percpu_counter_batch matches in /lib/modules/4.4.0-142-generic/build/include/net/inet_frag.h
configure:29127: result: no
configure:29142: checking whether null_compute_pseudo matches in /lib/modules/4.4.0-142-generic/build/include/linux/skbuff.h
configure:29149: result: yes
configure:29171: checking whether __skb_checksum_convert matches in /lib/modules/4.4.0-142-generic/build/include/linux/skbuff.h
configure:29178: result: yes
configure:29200: checking whether net_device has member max_mtu in /lib/modules/4.4.0-142-generic/build/include/linux/netdevice.h
configure:29214: result: no
configure:29229: checking whether __ip6_tnl_parm has member erspan_ver in /lib/modules/4.4.0-142-generic/build/include/net/ip6_tunnel.h
configure:29243: result: no
configure:29258: checking whether SKB_GSO_IPXIP6 matches in /lib/modules/4.4.0-142-generic/build/include/linux/skbuff.h
configure:29272: result: no
configure:29287: checking whether ip6_make_flowlabel has parameter fl6 in /lib/modules/4.4.0-142-generic/build/include/net/ipv6.h
configure:29294: result: yes
configure:29316: checking whether netns_sysctl_ipv6 has member auto_flowlabels in /lib/modules/4.4.0-142-generic/build/include/net/ipv6.h
configure:29330: result: no
configure:29345: checking whether netif_keep_dst matches in /lib/modules/4.4.0-142-generic/build/include/linux/netdevice.h
configure:29352: result: yes
configure:29374: checking whether net_device_ops has member ndo_get_iflink in /lib/modules/4.4.0-142-generic/build/include/linux/netdevice.h
configure:29381: result: yes
configure:29403: checking whether skb_set_inner_ipproto matches in /lib/modules/4.4.0-142-generic/build/include/linux/skbuff.h
configure:29410: result: yes
configure:29432: checking whether tunnel_encap_types matches in /lib/modules/4.4.0-142-generic/build/include/uapi/linux/if_tunnel.h
configure:29439: result: yes
configure:29461: checking whether IFLA_IPTUN_ENCAP_TYPE matches in /lib/modules/4.4.0-142-generic/build/include/uapi/linux/if_tunnel.h
configure:29468: result: yes
configure:29490: checking whether IFLA_IPTUN_COLLECT_METADATA matches in /lib/modules/4.4.0-142-generic/build/include/uapi/linux/if_tunnel.h
configure:29504: result: no
configure:29519: checking whether IFLA_GRE_ENCAP_DPORT matches in /lib/modules/4.4.0-142-generic/build/include/uapi/linux/if_tunnel.h
configure:29526: result: yes
configure:29548: checking whether IFLA_GRE_COLLECT_METADATA matches in /lib/modules/4.4.0-142-generic/build/include/uapi/linux/if_tunnel.h
configure:29555: result: yes
configure:29577: checking whether IFLA_GRE_IGNORE_DF matches in /lib/modules/4.4.0-142-generic/build/include/uapi/linux/if_tunnel.h
configure:29591: result: no
configure:29606: checking whether IFLA_GRE_FWMARK matches in /lib/modules/4.4.0-142-generic/build/include/uapi/linux/if_tunnel.h
configure:29620: result: no
configure:29635: checking whether IFLA_GRE_ERSPAN_INDEX matches in /lib/modules/4.4.0-142-generic/build/include/uapi/linux/if_tunnel.h
configure:29649: result: no
configure:29664: checking whether IFLA_GRE_ERSPAN_HWID matches in /lib/modules/4.4.0-142-generic/build/include/uapi/linux/if_tunnel.h
configure:29678: result: no
configure:29693: checking whether IFLA_IPTUN_FWMARK matches in /lib/modules/4.4.0-142-generic/build/include/uapi/linux/if_tunnel.h
configure:29707: result: no
configure:29722: checking whether sk_buff has member csum_valid in /lib/modules/4.4.0-142-generic/build/include/linux/skbuff.h
configure:29729: result: yes
configure:29751: checking whether sk_buff has member vlan_present in /lib/modules/4.4.0-142-generic/build/include/linux/skbuff.h
configure:29765: result: no
configure:29780: checking whether skb_checksum_simple_validate matches in /lib/modules/4.4.0-142-generic/build/include/linux/skbuff.h
configure:29787: result: yes
configure:29809: checking whether void.*ndo_get_stats64 matches in /lib/modules/4.4.0-142-generic/build/include/linux/netdevice.h
configure:29823: result: no
configure:29838: checking whether init_timer_deferrable matches in /lib/modules/4.4.0-142-generic/build/include/linux/timer.h
configure:29845: result: yes
configure:29867: checking whether ip_tunnel_info_opts_set has parameter flags in /lib/modules/4.4.0-142-generic/build/include/net/ip_tunnels.h
configure:29881: result: no
configure:29896: checking whether inet_frags has member rnd in /lib/modules/4.4.0-142-generic/build/include/net/inet_frag.h
configure:29903: result: yes
configure:29925: checking whether __LINUX_OVERFLOW_H matches in /lib/modules/4.4.0-142-generic/build/include/linux/overflow.h
configure:29948: result: file not found
configure:29954: checking whether struct_size matches in /lib/modules/4.4.0-142-generic/build/include/linux/overflow.h
configure:29977: result: file not found
configure:29983: checking whether kvmalloc_array matches in /lib/modules/4.4.0-142-generic/build/include/linux/mm.h
configure:29997: result: no
configure:30012: checking whether kvmalloc_node matches in /lib/modules/4.4.0-142-generic/build/include/linux/mm.h
configure:30026: result: no
configure:30041: checking whether nf_conntrack_l3proto matches in /lib/modules/4.4.0-142-generic/build/include/net/netfilter/nf_conntrack_l3proto.h
configure:30048: result: yes
configure:30070: checking whether nf_conntrack_in has parameter nf_hook_state in /lib/modules/4.4.0-142-generic/build/include/net/netfilter/nf_conntrack_core.h
configure:30084: result: no
configure:30099: checking whether IP6_DEFRAG_CONNTRACK_IN matches in /lib/modules/4.4.0-142-generic/build/include/net/ipv6_frag.h
configure:30122: result: file not found
configure:30128: checking whether nf_ct_helper_ext_add has parameter nf_conntrack_helper in /lib/modules/4.4.0-142-generic/build/include/net/netfilter/nf_conntrack_helper.h
configure:30135: result: yes
configure:30157: checking whether gre_calc_hlen matches in /lib/modules/4.4.0-142-generic/build/include/net/gre.h
configure:30171: result: no
configure:30186: checking whether ip_gre_calc_hlen matches in /lib/modules/4.4.0-142-generic/build/include/net/gre.h
configure:30200: result: no
configure:30215: checking whether rb_link_node_rcu matches in /lib/modules/4.4.0-142-generic/build/include/linux/rbtree.h
configure:30222: result: yes
configure:30244: checking whether bool confirm_neigh matches in /lib/modules/4.4.0-142-generic/build/include/net/dst_ops.h
configure:30258: result: no
configure:30273: checking whether fqdir matches in /lib/modules/4.4.0-142-generic/build/include/net/inet_frag.h
configure:30287: result: no
configure:30302: checking whether genl_ops has member policy in /lib/modules/4.4.0-142-generic/build/include/net/genetlink.h
configure:30309: result: yes
configure:30331: checking whether nla_parse_deprecated_strict matches in /lib/modules/4.4.0-142-generic/build/include/net/netlink.h
configure:30345: result: no
configure:30360: checking whether validate has member extack in /lib/modules/4.4.0-142-generic/build/include/net/rtnetlink.h
configure:30374: result: no
configure:30389: checking whether __skb_set_hash matches in /lib/modules/4.4.0-142-generic/build/include/linux/skbuff.h
configure:30396: result: yes
configure:30418: checking whether sw_hash matches in /lib/modules/4.4.0-142-generic/build/include/linux/skbuff.h
configure:30425: result: yes
configure:30447: checking whether skb_get_hash_raw matches in /lib/modules/4.4.0-142-generic/build/include/linux/skbuff.h
configure:30454: result: yes
configure:30508: gcc -c -g -O2 -DHAVE_AVX512F -DHAVE_LD_AVX512_GOOD  conftest.c >&5
conftest.c: In function 'main':
conftest.c:72:16: error: variable 'x' has initializer but incomplete type
         struct nla_bitfield32 x =  { 0 };
                ^
conftest.c:72:38: warning: excess elements in struct initializer
         struct nla_bitfield32 x =  { 0 };
                                      ^
conftest.c:72:38: note: (near initialization for 'x')
conftest.c:72:31: error: storage size of 'x' isn't known
         struct nla_bitfield32 x =  { 0 };
                               ^
configure:30508: $? = 1
configure: failed program was:
| /* confdefs.h */
| #define PACKAGE_NAME "openvswitch"
| #define PACKAGE_TARNAME "openvswitch"
| #define PACKAGE_VERSION "2.14.0"
| #define PACKAGE_STRING "openvswitch 2.14.0"
| #define PACKAGE_BUGREPORT "bugs@openvswitch.org"
| #define PACKAGE_URL ""
| #define PACKAGE "openvswitch"
| #define VERSION "2.14.0"
| #define STDC_HEADERS 1
| #define HAVE_SYS_TYPES_H 1
| #define HAVE_SYS_STAT_H 1
| #define HAVE_STDLIB_H 1
| #define HAVE_STRING_H 1
| #define HAVE_MEMORY_H 1
| #define HAVE_STRINGS_H 1
| #define HAVE_INTTYPES_H 1
| #define HAVE_STDINT_H 1
| #define HAVE_UNISTD_H 1
| #define __EXTENSIONS__ 1
| #define _ALL_SOURCE 1
| #define _GNU_SOURCE 1
| #define _POSIX_PTHREAD_SEMANTICS 1
| #define _TANDEM_SOURCE 1
| #define HAVE_DLFCN_H 1
| #define LT_OBJDIR ".libs/"
| #define HAVE_PTHREAD_SPIN_LOCK 1
| #define HAVE_DECL_STRERROR_R 1
| #define HAVE_STRERROR_R 1
| #define STRERROR_R_CHAR_P 1
| #define VSTUDIO_DDK 1
| #define HAVE_NETLINK 1
| #define HAVE_OPENSSL 1
| #define OPENSSL_SUPPORTS_SNI 1
| #define HAVE_DECL_SYS_SIGLIST 1
| #define HAVE_STRUCT_STAT_ST_MTIM_TV_NSEC 1
| #define HAVE_STRUCT_MMSGHDR_MSG_LEN 1
| #define HAVE_STRUCT_SOCKADDR_IN6_SIN6_SCOPE_ID 1
| #define HAVE_MLOCKALL 1
| #define HAVE_STRNLEN 1
| #define HAVE_GETLOADAVG 1
| #define HAVE_STATVFS 1
| #define HAVE_GETMNTENT_R 1
| #define HAVE_SENDMMSG 1
| #define HAVE_CLOCK_GETTIME 1
| #define HAVE_MNTENT_H 1
| #define HAVE_SYS_STATVFS_H 1
| #define HAVE_LINUX_TYPES_H 1
| #define HAVE_LINUX_IF_ETHER_H 1
| #define HAVE_LINUX_NET_NAMESPACE_H 1
| #define HAVE_STDATOMIC_H 1
| #define HAVE_BACKTRACE 1
| #define HAVE_LINUX_PERF_EVENT_H 1
| #define HAVE___THREAD 1
| #define HAVE_GCC4_ATOMICS 1
| #define ATOMIC_ALWAYS_LOCK_FREE_1B 1
| #define ATOMIC_ALWAYS_LOCK_FREE_2B 1
| #define ATOMIC_ALWAYS_LOCK_FREE_4B 1
| #define ATOMIC_ALWAYS_LOCK_FREE_8B 1
| #define HAVE_GLIBC_PTHREAD_SETNAME_NP 1
| #define HAVE_CXX11 1
| #define HAVE_POSIX_MEMALIGN 1
| #define HAVE_STDIO_H 1
| #define HAVE_STRING_H 1
| /* end confdefs.h.  */
| 
|     #include <linux/netlink.h>
| int
| main ()
| {
| 
|         struct nla_bitfield32 x =  { 0 };
| 
|   ;
|   return 0;
| }
configure:30530: gcc -c -g -O2 -DHAVE_AVX512F -DHAVE_LD_AVX512_GOOD  conftest.c >&5
conftest.c: In function 'main':
conftest.c:72:17: error: 'TCA_ACT_FLAGS' undeclared (first use in this function)
         int x = TCA_ACT_FLAGS;
                 ^
conftest.c:72:17: note: each undeclared identifier is reported only once for each function it appears in
configure:30530: $? = 1
configure: failed program was:
| /* confdefs.h */
| #define PACKAGE_NAME "openvswitch"
| #define PACKAGE_TARNAME "openvswitch"
| #define PACKAGE_VERSION "2.14.0"
| #define PACKAGE_STRING "openvswitch 2.14.0"
| #define PACKAGE_BUGREPORT "bugs@openvswitch.org"
| #define PACKAGE_URL ""
| #define PACKAGE "openvswitch"
| #define VERSION "2.14.0"
| #define STDC_HEADERS 1
| #define HAVE_SYS_TYPES_H 1
| #define HAVE_SYS_STAT_H 1
| #define HAVE_STDLIB_H 1
| #define HAVE_STRING_H 1
| #define HAVE_MEMORY_H 1
| #define HAVE_STRINGS_H 1
| #define HAVE_INTTYPES_H 1
| #define HAVE_STDINT_H 1
| #define HAVE_UNISTD_H 1
| #define __EXTENSIONS__ 1
| #define _ALL_SOURCE 1
| #define _GNU_SOURCE 1
| #define _POSIX_PTHREAD_SEMANTICS 1
| #define _TANDEM_SOURCE 1
| #define HAVE_DLFCN_H 1
| #define LT_OBJDIR ".libs/"
| #define HAVE_PTHREAD_SPIN_LOCK 1
| #define HAVE_DECL_STRERROR_R 1
| #define HAVE_STRERROR_R 1
| #define STRERROR_R_CHAR_P 1
| #define VSTUDIO_DDK 1
| #define HAVE_NETLINK 1
| #define HAVE_OPENSSL 1
| #define OPENSSL_SUPPORTS_SNI 1
| #define HAVE_DECL_SYS_SIGLIST 1
| #define HAVE_STRUCT_STAT_ST_MTIM_TV_NSEC 1
| #define HAVE_STRUCT_MMSGHDR_MSG_LEN 1
| #define HAVE_STRUCT_SOCKADDR_IN6_SIN6_SCOPE_ID 1
| #define HAVE_MLOCKALL 1
| #define HAVE_STRNLEN 1
| #define HAVE_GETLOADAVG 1
| #define HAVE_STATVFS 1
| #define HAVE_GETMNTENT_R 1
| #define HAVE_SENDMMSG 1
| #define HAVE_CLOCK_GETTIME 1
| #define HAVE_MNTENT_H 1
| #define HAVE_SYS_STATVFS_H 1
| #define HAVE_LINUX_TYPES_H 1
| #define HAVE_LINUX_IF_ETHER_H 1
| #define HAVE_LINUX_NET_NAMESPACE_H 1
| #define HAVE_STDATOMIC_H 1
| #define HAVE_BACKTRACE 1
| #define HAVE_LINUX_PERF_EVENT_H 1
| #define HAVE___THREAD 1
| #define HAVE_GCC4_ATOMICS 1
| #define ATOMIC_ALWAYS_LOCK_FREE_1B 1
| #define ATOMIC_ALWAYS_LOCK_FREE_2B 1
| #define ATOMIC_ALWAYS_LOCK_FREE_4B 1
| #define ATOMIC_ALWAYS_LOCK_FREE_8B 1
| #define HAVE_GLIBC_PTHREAD_SETNAME_NP 1
| #define HAVE_CXX11 1
| #define HAVE_POSIX_MEMALIGN 1
| #define HAVE_STDIO_H 1
| #define HAVE_STRING_H 1
| /* end confdefs.h.  */
| 
|     #include <linux/pkt_cls.h>
| int
| main ()
| {
| 
|         int x = TCA_ACT_FLAGS;
| 
|   ;
|   return 0;
| }
configure:30537: checking for struct tcf_t.firstuse
configure:30537: gcc -c -g -O2 -DHAVE_AVX512F -DHAVE_LD_AVX512_GOOD  conftest.c >&5
conftest.c: In function 'main':
conftest.c:72:12: error: 'struct tcf_t' has no member named 'firstuse'
 if (ac_aggr.firstuse)
            ^
configure:30537: $? = 1
configure: failed program was:
| /* confdefs.h */
| #define PACKAGE_NAME "openvswitch"
| #define PACKAGE_TARNAME "openvswitch"
| #define PACKAGE_VERSION "2.14.0"
| #define PACKAGE_STRING "openvswitch 2.14.0"
| #define PACKAGE_BUGREPORT "bugs@openvswitch.org"
| #define PACKAGE_URL ""
| #define PACKAGE "openvswitch"
| #define VERSION "2.14.0"
| #define STDC_HEADERS 1
| #define HAVE_SYS_TYPES_H 1
| #define HAVE_SYS_STAT_H 1
| #define HAVE_STDLIB_H 1
| #define HAVE_STRING_H 1
| #define HAVE_MEMORY_H 1
| #define HAVE_STRINGS_H 1
| #define HAVE_INTTYPES_H 1
| #define HAVE_STDINT_H 1
| #define HAVE_UNISTD_H 1
| #define __EXTENSIONS__ 1
| #define _ALL_SOURCE 1
| #define _GNU_SOURCE 1
| #define _POSIX_PTHREAD_SEMANTICS 1
| #define _TANDEM_SOURCE 1
| #define HAVE_DLFCN_H 1
| #define LT_OBJDIR ".libs/"
| #define HAVE_PTHREAD_SPIN_LOCK 1
| #define HAVE_DECL_STRERROR_R 1
| #define HAVE_STRERROR_R 1
| #define STRERROR_R_CHAR_P 1
| #define VSTUDIO_DDK 1
| #define HAVE_NETLINK 1
| #define HAVE_OPENSSL 1
| #define OPENSSL_SUPPORTS_SNI 1
| #define HAVE_DECL_SYS_SIGLIST 1
| #define HAVE_STRUCT_STAT_ST_MTIM_TV_NSEC 1
| #define HAVE_STRUCT_MMSGHDR_MSG_LEN 1
| #define HAVE_STRUCT_SOCKADDR_IN6_SIN6_SCOPE_ID 1
| #define HAVE_MLOCKALL 1
| #define HAVE_STRNLEN 1
| #define HAVE_GETLOADAVG 1
| #define HAVE_STATVFS 1
| #define HAVE_GETMNTENT_R 1
| #define HAVE_SENDMMSG 1
| #define HAVE_CLOCK_GETTIME 1
| #define HAVE_MNTENT_H 1
| #define HAVE_SYS_STATVFS_H 1
| #define HAVE_LINUX_TYPES_H 1
| #define HAVE_LINUX_IF_ETHER_H 1
| #define HAVE_LINUX_NET_NAMESPACE_H 1
| #define HAVE_STDATOMIC_H 1
| #define HAVE_BACKTRACE 1
| #define HAVE_LINUX_PERF_EVENT_H 1
| #define HAVE___THREAD 1
| #define HAVE_GCC4_ATOMICS 1
| #define ATOMIC_ALWAYS_LOCK_FREE_1B 1
| #define ATOMIC_ALWAYS_LOCK_FREE_2B 1
| #define ATOMIC_ALWAYS_LOCK_FREE_4B 1
| #define ATOMIC_ALWAYS_LOCK_FREE_8B 1
| #define HAVE_GLIBC_PTHREAD_SETNAME_NP 1
| #define HAVE_CXX11 1
| #define HAVE_POSIX_MEMALIGN 1
| #define HAVE_STDIO_H 1
| #define HAVE_STRING_H 1
| /* end confdefs.h.  */
| #include <linux/pkt_cls.h>
| 
| int
| main ()
| {
| static struct tcf_t ac_aggr;
| if (ac_aggr.firstuse)
| return 0;
|   ;
|   return 0;
| }
configure:30537: gcc -c -g -O2 -DHAVE_AVX512F -DHAVE_LD_AVX512_GOOD  conftest.c >&5
conftest.c: In function 'main':
conftest.c:72:19: error: 'struct tcf_t' has no member named 'firstuse'
 if (sizeof ac_aggr.firstuse)
                   ^
configure:30537: $? = 1
configure: failed program was:
| /* confdefs.h */
| #define PACKAGE_NAME "openvswitch"
| #define PACKAGE_TARNAME "openvswitch"
| #define PACKAGE_VERSION "2.14.0"
| #define PACKAGE_STRING "openvswitch 2.14.0"
| #define PACKAGE_BUGREPORT "bugs@openvswitch.org"
| #define PACKAGE_URL ""
| #define PACKAGE "openvswitch"
| #define VERSION "2.14.0"
| #define STDC_HEADERS 1
| #define HAVE_SYS_TYPES_H 1
| #define HAVE_SYS_STAT_H 1
| #define HAVE_STDLIB_H 1
| #define HAVE_STRING_H 1
| #define HAVE_MEMORY_H 1
| #define HAVE_STRINGS_H 1
| #define HAVE_INTTYPES_H 1
| #define HAVE_STDINT_H 1
| #define HAVE_UNISTD_H 1
| #define __EXTENSIONS__ 1
| #define _ALL_SOURCE 1
| #define _GNU_SOURCE 1
| #define _POSIX_PTHREAD_SEMANTICS 1
| #define _TANDEM_SOURCE 1
| #define HAVE_DLFCN_H 1
| #define LT_OBJDIR ".libs/"
| #define HAVE_PTHREAD_SPIN_LOCK 1
| #define HAVE_DECL_STRERROR_R 1
| #define HAVE_STRERROR_R 1
| #define STRERROR_R_CHAR_P 1
| #define VSTUDIO_DDK 1
| #define HAVE_NETLINK 1
| #define HAVE_OPENSSL 1
| #define OPENSSL_SUPPORTS_SNI 1
| #define HAVE_DECL_SYS_SIGLIST 1
| #define HAVE_STRUCT_STAT_ST_MTIM_TV_NSEC 1
| #define HAVE_STRUCT_MMSGHDR_MSG_LEN 1
| #define HAVE_STRUCT_SOCKADDR_IN6_SIN6_SCOPE_ID 1
| #define HAVE_MLOCKALL 1
| #define HAVE_STRNLEN 1
| #define HAVE_GETLOADAVG 1
| #define HAVE_STATVFS 1
| #define HAVE_GETMNTENT_R 1
| #define HAVE_SENDMMSG 1
| #define HAVE_CLOCK_GETTIME 1
| #define HAVE_MNTENT_H 1
| #define HAVE_SYS_STATVFS_H 1
| #define HAVE_LINUX_TYPES_H 1
| #define HAVE_LINUX_IF_ETHER_H 1
| #define HAVE_LINUX_NET_NAMESPACE_H 1
| #define HAVE_STDATOMIC_H 1
| #define HAVE_BACKTRACE 1
| #define HAVE_LINUX_PERF_EVENT_H 1
| #define HAVE___THREAD 1
| #define HAVE_GCC4_ATOMICS 1
| #define ATOMIC_ALWAYS_LOCK_FREE_1B 1
| #define ATOMIC_ALWAYS_LOCK_FREE_2B 1
| #define ATOMIC_ALWAYS_LOCK_FREE_4B 1
| #define ATOMIC_ALWAYS_LOCK_FREE_8B 1
| #define HAVE_GLIBC_PTHREAD_SETNAME_NP 1
| #define HAVE_CXX11 1
| #define HAVE_POSIX_MEMALIGN 1
| #define HAVE_STDIO_H 1
| #define HAVE_STRING_H 1
| /* end confdefs.h.  */
| #include <linux/pkt_cls.h>
| 
| int
| main ()
| {
| static struct tcf_t ac_aggr;
| if (sizeof ac_aggr.firstuse)
| return 0;
|   ;
|   return 0;
| }
configure:30537: result: no
configure:30563: gcc -c -g -O2 -DHAVE_AVX512F -DHAVE_LD_AVX512_GOOD  conftest.c >&5
conftest.c: In function 'main':
conftest.c:72:17: error: 'TCA_VLAN_PUSH_VLAN_PRIORITY' undeclared (first use in this function)
         int x = TCA_VLAN_PUSH_VLAN_PRIORITY;
                 ^
conftest.c:72:17: note: each undeclared identifier is reported only once for each function it appears in
configure:30563: $? = 1
configure: failed program was:
| /* confdefs.h */
| #define PACKAGE_NAME "openvswitch"
| #define PACKAGE_TARNAME "openvswitch"
| #define PACKAGE_VERSION "2.14.0"
| #define PACKAGE_STRING "openvswitch 2.14.0"
| #define PACKAGE_BUGREPORT "bugs@openvswitch.org"
| #define PACKAGE_URL ""
| #define PACKAGE "openvswitch"
| #define VERSION "2.14.0"
| #define STDC_HEADERS 1
| #define HAVE_SYS_TYPES_H 1
| #define HAVE_SYS_STAT_H 1
| #define HAVE_STDLIB_H 1
| #define HAVE_STRING_H 1
| #define HAVE_MEMORY_H 1
| #define HAVE_STRINGS_H 1
| #define HAVE_INTTYPES_H 1
| #define HAVE_STDINT_H 1
| #define HAVE_UNISTD_H 1
| #define __EXTENSIONS__ 1
| #define _ALL_SOURCE 1
| #define _GNU_SOURCE 1
| #define _POSIX_PTHREAD_SEMANTICS 1
| #define _TANDEM_SOURCE 1
| #define HAVE_DLFCN_H 1
| #define LT_OBJDIR ".libs/"
| #define HAVE_PTHREAD_SPIN_LOCK 1
| #define HAVE_DECL_STRERROR_R 1
| #define HAVE_STRERROR_R 1
| #define STRERROR_R_CHAR_P 1
| #define VSTUDIO_DDK 1
| #define HAVE_NETLINK 1
| #define HAVE_OPENSSL 1
| #define OPENSSL_SUPPORTS_SNI 1
| #define HAVE_DECL_SYS_SIGLIST 1
| #define HAVE_STRUCT_STAT_ST_MTIM_TV_NSEC 1
| #define HAVE_STRUCT_MMSGHDR_MSG_LEN 1
| #define HAVE_STRUCT_SOCKADDR_IN6_SIN6_SCOPE_ID 1
| #define HAVE_MLOCKALL 1
| #define HAVE_STRNLEN 1
| #define HAVE_GETLOADAVG 1
| #define HAVE_STATVFS 1
| #define HAVE_GETMNTENT_R 1
| #define HAVE_SENDMMSG 1
| #define HAVE_CLOCK_GETTIME 1
| #define HAVE_MNTENT_H 1
| #define HAVE_SYS_STATVFS_H 1
| #define HAVE_LINUX_TYPES_H 1
| #define HAVE_LINUX_IF_ETHER_H 1
| #define HAVE_LINUX_NET_NAMESPACE_H 1
| #define HAVE_STDATOMIC_H 1
| #define HAVE_BACKTRACE 1
| #define HAVE_LINUX_PERF_EVENT_H 1
| #define HAVE___THREAD 1
| #define HAVE_GCC4_ATOMICS 1
| #define ATOMIC_ALWAYS_LOCK_FREE_1B 1
| #define ATOMIC_ALWAYS_LOCK_FREE_2B 1
| #define ATOMIC_ALWAYS_LOCK_FREE_4B 1
| #define ATOMIC_ALWAYS_LOCK_FREE_8B 1
| #define HAVE_GLIBC_PTHREAD_SETNAME_NP 1
| #define HAVE_CXX11 1
| #define HAVE_POSIX_MEMALIGN 1
| #define HAVE_STDIO_H 1
| #define HAVE_STRING_H 1
| /* end confdefs.h.  */
| 
|     #include <linux/tc_act/tc_vlan.h>
| int
| main ()
| {
| 
|         int x = TCA_VLAN_PUSH_VLAN_PRIORITY;
| 
|   ;
|   return 0;
| }
configure:30584: gcc -c -g -O2 -DHAVE_AVX512F -DHAVE_LD_AVX512_GOOD  conftest.c >&5
conftest.c:67:38: fatal error: linux/tc_act/tc_mpls.h: No such file or directory
compilation terminated.
configure:30584: $? = 1
configure: failed program was:
| /* confdefs.h */
| #define PACKAGE_NAME "openvswitch"
| #define PACKAGE_TARNAME "openvswitch"
| #define PACKAGE_VERSION "2.14.0"
| #define PACKAGE_STRING "openvswitch 2.14.0"
| #define PACKAGE_BUGREPORT "bugs@openvswitch.org"
| #define PACKAGE_URL ""
| #define PACKAGE "openvswitch"
| #define VERSION "2.14.0"
| #define STDC_HEADERS 1
| #define HAVE_SYS_TYPES_H 1
| #define HAVE_SYS_STAT_H 1
| #define HAVE_STDLIB_H 1
| #define HAVE_STRING_H 1
| #define HAVE_MEMORY_H 1
| #define HAVE_STRINGS_H 1
| #define HAVE_INTTYPES_H 1
| #define HAVE_STDINT_H 1
| #define HAVE_UNISTD_H 1
| #define __EXTENSIONS__ 1
| #define _ALL_SOURCE 1
| #define _GNU_SOURCE 1
| #define _POSIX_PTHREAD_SEMANTICS 1
| #define _TANDEM_SOURCE 1
| #define HAVE_DLFCN_H 1
| #define LT_OBJDIR ".libs/"
| #define HAVE_PTHREAD_SPIN_LOCK 1
| #define HAVE_DECL_STRERROR_R 1
| #define HAVE_STRERROR_R 1
| #define STRERROR_R_CHAR_P 1
| #define VSTUDIO_DDK 1
| #define HAVE_NETLINK 1
| #define HAVE_OPENSSL 1
| #define OPENSSL_SUPPORTS_SNI 1
| #define HAVE_DECL_SYS_SIGLIST 1
| #define HAVE_STRUCT_STAT_ST_MTIM_TV_NSEC 1
| #define HAVE_STRUCT_MMSGHDR_MSG_LEN 1
| #define HAVE_STRUCT_SOCKADDR_IN6_SIN6_SCOPE_ID 1
| #define HAVE_MLOCKALL 1
| #define HAVE_STRNLEN 1
| #define HAVE_GETLOADAVG 1
| #define HAVE_STATVFS 1
| #define HAVE_GETMNTENT_R 1
| #define HAVE_SENDMMSG 1
| #define HAVE_CLOCK_GETTIME 1
| #define HAVE_MNTENT_H 1
| #define HAVE_SYS_STATVFS_H 1
| #define HAVE_LINUX_TYPES_H 1
| #define HAVE_LINUX_IF_ETHER_H 1
| #define HAVE_LINUX_NET_NAMESPACE_H 1
| #define HAVE_STDATOMIC_H 1
| #define HAVE_BACKTRACE 1
| #define HAVE_LINUX_PERF_EVENT_H 1
| #define HAVE___THREAD 1
| #define HAVE_GCC4_ATOMICS 1
| #define ATOMIC_ALWAYS_LOCK_FREE_1B 1
| #define ATOMIC_ALWAYS_LOCK_FREE_2B 1
| #define ATOMIC_ALWAYS_LOCK_FREE_4B 1
| #define ATOMIC_ALWAYS_LOCK_FREE_8B 1
| #define HAVE_GLIBC_PTHREAD_SETNAME_NP 1
| #define HAVE_CXX11 1
| #define HAVE_POSIX_MEMALIGN 1
| #define HAVE_STDIO_H 1
| #define HAVE_STRING_H 1
| /* end confdefs.h.  */
| 
|     #include <linux/tc_act/tc_mpls.h>
| int
| main ()
| {
| 
|         int x = TCA_MPLS_TTL;
| 
|   ;
|   return 0;
| }
configure:30605: gcc -c -g -O2 -DHAVE_AVX512F -DHAVE_LD_AVX512_GOOD  conftest.c >&5
conftest.c:67:44: fatal error: linux/tc_act/tc_tunnel_key.h: No such file or directory
compilation terminated.
configure:30605: $? = 1
configure: failed program was:
| /* confdefs.h */
| #define PACKAGE_NAME "openvswitch"
| #define PACKAGE_TARNAME "openvswitch"
| #define PACKAGE_VERSION "2.14.0"
| #define PACKAGE_STRING "openvswitch 2.14.0"
| #define PACKAGE_BUGREPORT "bugs@openvswitch.org"
| #define PACKAGE_URL ""
| #define PACKAGE "openvswitch"
| #define VERSION "2.14.0"
| #define STDC_HEADERS 1
| #define HAVE_SYS_TYPES_H 1
| #define HAVE_SYS_STAT_H 1
| #define HAVE_STDLIB_H 1
| #define HAVE_STRING_H 1
| #define HAVE_MEMORY_H 1
| #define HAVE_STRINGS_H 1
| #define HAVE_INTTYPES_H 1
| #define HAVE_STDINT_H 1
| #define HAVE_UNISTD_H 1
| #define __EXTENSIONS__ 1
| #define _ALL_SOURCE 1
| #define _GNU_SOURCE 1
| #define _POSIX_PTHREAD_SEMANTICS 1
| #define _TANDEM_SOURCE 1
| #define HAVE_DLFCN_H 1
| #define LT_OBJDIR ".libs/"
| #define HAVE_PTHREAD_SPIN_LOCK 1
| #define HAVE_DECL_STRERROR_R 1
| #define HAVE_STRERROR_R 1
| #define STRERROR_R_CHAR_P 1
| #define VSTUDIO_DDK 1
| #define HAVE_NETLINK 1
| #define HAVE_OPENSSL 1
| #define OPENSSL_SUPPORTS_SNI 1
| #define HAVE_DECL_SYS_SIGLIST 1
| #define HAVE_STRUCT_STAT_ST_MTIM_TV_NSEC 1
| #define HAVE_STRUCT_MMSGHDR_MSG_LEN 1
| #define HAVE_STRUCT_SOCKADDR_IN6_SIN6_SCOPE_ID 1
| #define HAVE_MLOCKALL 1
| #define HAVE_STRNLEN 1
| #define HAVE_GETLOADAVG 1
| #define HAVE_STATVFS 1
| #define HAVE_GETMNTENT_R 1
| #define HAVE_SENDMMSG 1
| #define HAVE_CLOCK_GETTIME 1
| #define HAVE_MNTENT_H 1
| #define HAVE_SYS_STATVFS_H 1
| #define HAVE_LINUX_TYPES_H 1
| #define HAVE_LINUX_IF_ETHER_H 1
| #define HAVE_LINUX_NET_NAMESPACE_H 1
| #define HAVE_STDATOMIC_H 1
| #define HAVE_BACKTRACE 1
| #define HAVE_LINUX_PERF_EVENT_H 1
| #define HAVE___THREAD 1
| #define HAVE_GCC4_ATOMICS 1
| #define ATOMIC_ALWAYS_LOCK_FREE_1B 1
| #define ATOMIC_ALWAYS_LOCK_FREE_2B 1
| #define ATOMIC_ALWAYS_LOCK_FREE_4B 1
| #define ATOMIC_ALWAYS_LOCK_FREE_8B 1
| #define HAVE_GLIBC_PTHREAD_SETNAME_NP 1
| #define HAVE_CXX11 1
| #define HAVE_POSIX_MEMALIGN 1
| #define HAVE_STDIO_H 1
| #define HAVE_STRING_H 1
| /* end confdefs.h.  */
| 
|     #include <linux/tc_act/tc_tunnel_key.h>
| int
| main ()
| {
| 
|         int x = TCA_TUNNEL_KEY_ENC_TTL;
| 
|   ;
|   return 0;
| }
configure:30626: gcc -c -g -O2 -DHAVE_AVX512F -DHAVE_LD_AVX512_GOOD  conftest.c >&5
conftest.c: In function 'main':
conftest.c:72:17: error: 'TCA_PEDIT_KEY_EX_HDR_TYPE_UDP' undeclared (first use in this function)
         int x = TCA_PEDIT_KEY_EX_HDR_TYPE_UDP;
                 ^
conftest.c:72:17: note: each undeclared identifier is reported only once for each function it appears in
configure:30626: $? = 1
configure: failed program was:
| /* confdefs.h */
| #define PACKAGE_NAME "openvswitch"
| #define PACKAGE_TARNAME "openvswitch"
| #define PACKAGE_VERSION "2.14.0"
| #define PACKAGE_STRING "openvswitch 2.14.0"
| #define PACKAGE_BUGREPORT "bugs@openvswitch.org"
| #define PACKAGE_URL ""
| #define PACKAGE "openvswitch"
| #define VERSION "2.14.0"
| #define STDC_HEADERS 1
| #define HAVE_SYS_TYPES_H 1
| #define HAVE_SYS_STAT_H 1
| #define HAVE_STDLIB_H 1
| #define HAVE_STRING_H 1
| #define HAVE_MEMORY_H 1
| #define HAVE_STRINGS_H 1
| #define HAVE_INTTYPES_H 1
| #define HAVE_STDINT_H 1
| #define HAVE_UNISTD_H 1
| #define __EXTENSIONS__ 1
| #define _ALL_SOURCE 1
| #define _GNU_SOURCE 1
| #define _POSIX_PTHREAD_SEMANTICS 1
| #define _TANDEM_SOURCE 1
| #define HAVE_DLFCN_H 1
| #define LT_OBJDIR ".libs/"
| #define HAVE_PTHREAD_SPIN_LOCK 1
| #define HAVE_DECL_STRERROR_R 1
| #define HAVE_STRERROR_R 1
| #define STRERROR_R_CHAR_P 1
| #define VSTUDIO_DDK 1
| #define HAVE_NETLINK 1
| #define HAVE_OPENSSL 1
| #define OPENSSL_SUPPORTS_SNI 1
| #define HAVE_DECL_SYS_SIGLIST 1
| #define HAVE_STRUCT_STAT_ST_MTIM_TV_NSEC 1
| #define HAVE_STRUCT_MMSGHDR_MSG_LEN 1
| #define HAVE_STRUCT_SOCKADDR_IN6_SIN6_SCOPE_ID 1
| #define HAVE_MLOCKALL 1
| #define HAVE_STRNLEN 1
| #define HAVE_GETLOADAVG 1
| #define HAVE_STATVFS 1
| #define HAVE_GETMNTENT_R 1
| #define HAVE_SENDMMSG 1
| #define HAVE_CLOCK_GETTIME 1
| #define HAVE_MNTENT_H 1
| #define HAVE_SYS_STATVFS_H 1
| #define HAVE_LINUX_TYPES_H 1
| #define HAVE_LINUX_IF_ETHER_H 1
| #define HAVE_LINUX_NET_NAMESPACE_H 1
| #define HAVE_STDATOMIC_H 1
| #define HAVE_BACKTRACE 1
| #define HAVE_LINUX_PERF_EVENT_H 1
| #define HAVE___THREAD 1
| #define HAVE_GCC4_ATOMICS 1
| #define ATOMIC_ALWAYS_LOCK_FREE_1B 1
| #define ATOMIC_ALWAYS_LOCK_FREE_2B 1
| #define ATOMIC_ALWAYS_LOCK_FREE_4B 1
| #define ATOMIC_ALWAYS_LOCK_FREE_8B 1
| #define HAVE_GLIBC_PTHREAD_SETNAME_NP 1
| #define HAVE_CXX11 1
| #define HAVE_POSIX_MEMALIGN 1
| #define HAVE_STDIO_H 1
| #define HAVE_STRING_H 1
| /* end confdefs.h.  */
| 
|     #include <linux/tc_act/tc_pedit.h>
| int
| main ()
| {
| 
|         int x = TCA_PEDIT_KEY_EX_HDR_TYPE_UDP;
| 
|   ;
|   return 0;
| }
configure:30647: gcc -c -g -O2 -DHAVE_AVX512F -DHAVE_LD_AVX512_GOOD  conftest.c >&5
conftest.c: In function 'main':
conftest.c:72:17: error: 'TCA_SKBEDIT_FLAGS' undeclared (first use in this function)
         int x = TCA_SKBEDIT_FLAGS;
                 ^
conftest.c:72:17: note: each undeclared identifier is reported only once for each function it appears in
configure:30647: $? = 1
configure: failed program was:
| /* confdefs.h */
| #define PACKAGE_NAME "openvswitch"
| #define PACKAGE_TARNAME "openvswitch"
| #define PACKAGE_VERSION "2.14.0"
| #define PACKAGE_STRING "openvswitch 2.14.0"
| #define PACKAGE_BUGREPORT "bugs@openvswitch.org"
| #define PACKAGE_URL ""
| #define PACKAGE "openvswitch"
| #define VERSION "2.14.0"
| #define STDC_HEADERS 1
| #define HAVE_SYS_TYPES_H 1
| #define HAVE_SYS_STAT_H 1
| #define HAVE_STDLIB_H 1
| #define HAVE_STRING_H 1
| #define HAVE_MEMORY_H 1
| #define HAVE_STRINGS_H 1
| #define HAVE_INTTYPES_H 1
| #define HAVE_STDINT_H 1
| #define HAVE_UNISTD_H 1
| #define __EXTENSIONS__ 1
| #define _ALL_SOURCE 1
| #define _GNU_SOURCE 1
| #define _POSIX_PTHREAD_SEMANTICS 1
| #define _TANDEM_SOURCE 1
| #define HAVE_DLFCN_H 1
| #define LT_OBJDIR ".libs/"
| #define HAVE_PTHREAD_SPIN_LOCK 1
| #define HAVE_DECL_STRERROR_R 1
| #define HAVE_STRERROR_R 1
| #define STRERROR_R_CHAR_P 1
| #define VSTUDIO_DDK 1
| #define HAVE_NETLINK 1
| #define HAVE_OPENSSL 1
| #define OPENSSL_SUPPORTS_SNI 1
| #define HAVE_DECL_SYS_SIGLIST 1
| #define HAVE_STRUCT_STAT_ST_MTIM_TV_NSEC 1
| #define HAVE_STRUCT_MMSGHDR_MSG_LEN 1
| #define HAVE_STRUCT_SOCKADDR_IN6_SIN6_SCOPE_ID 1
| #define HAVE_MLOCKALL 1
| #define HAVE_STRNLEN 1
| #define HAVE_GETLOADAVG 1
| #define HAVE_STATVFS 1
| #define HAVE_GETMNTENT_R 1
| #define HAVE_SENDMMSG 1
| #define HAVE_CLOCK_GETTIME 1
| #define HAVE_MNTENT_H 1
| #define HAVE_SYS_STATVFS_H 1
| #define HAVE_LINUX_TYPES_H 1
| #define HAVE_LINUX_IF_ETHER_H 1
| #define HAVE_LINUX_NET_NAMESPACE_H 1
| #define HAVE_STDATOMIC_H 1
| #define HAVE_BACKTRACE 1
| #define HAVE_LINUX_PERF_EVENT_H 1
| #define HAVE___THREAD 1
| #define HAVE_GCC4_ATOMICS 1
| #define ATOMIC_ALWAYS_LOCK_FREE_1B 1
| #define ATOMIC_ALWAYS_LOCK_FREE_2B 1
| #define ATOMIC_ALWAYS_LOCK_FREE_4B 1
| #define ATOMIC_ALWAYS_LOCK_FREE_8B 1
| #define HAVE_GLIBC_PTHREAD_SETNAME_NP 1
| #define HAVE_CXX11 1
| #define HAVE_POSIX_MEMALIGN 1
| #define HAVE_STDIO_H 1
| #define HAVE_STRING_H 1
| /* end confdefs.h.  */
| 
|     #include <linux/tc_act/tc_skbedit.h>
| int
| main ()
| {
| 
|         int x = TCA_SKBEDIT_FLAGS;
| 
|   ;
|   return 0;
| }
configure:30672: gcc -c -g -O2 -DHAVE_AVX512F -DHAVE_LD_AVX512_GOOD  conftest.c >&5
configure:30672: $? = 0
configure:30694: gcc -c -g -O2 -DHAVE_AVX512F -DHAVE_LD_AVX512_GOOD  conftest.c >&5
configure:30694: $? = 0
configure:30709: checking whether dpdk is enabled
configure:30712: result: no
configure:31547: gcc -c -g -O2 -DHAVE_AVX512F -DHAVE_LD_AVX512_GOOD  conftest.c >&5
conftest.c:68:1: note: #pragma message: Checking for pragma message
 _Pragma("message(\"Checking for pragma message\")")
 ^
configure:31547: $? = 0
configure:31599: checking whether make supports nested variables
configure:31616: result: yes
configure:31737: checking that generated files are newer than configure
configure:31743: result: done
configure:31886: creating ./config.status

## ---------------------- ##
## Running config.status. ##
## ---------------------- ##

This file was extended by openvswitch config.status 2.14.0, which was
generated by GNU Autoconf 2.69.  Invocation command line was

  CONFIG_FILES    = 
  CONFIG_HEADERS  = 
  CONFIG_LINKS    = 
  CONFIG_COMMANDS = 
  $ ./config.status 

on Ununtu-16

config.status:1330: creating lib/stdio.h
config.status:1330: creating lib/string.h
config.status:1330: creating ovsdb/libovsdb.sym
config.status:1330: creating ofproto/libofproto.sym
config.status:1330: creating lib/libsflow.sym
config.status:1330: creating lib/libopenvswitch.sym
config.status:1330: creating vtep/libvtep.sym
config.status:1330: creating Makefile
config.status:1330: creating datapath/Makefile
config.status:1330: creating datapath/linux/Kbuild
config.status:1330: creating datapath/linux/Makefile
config.status:1330: creating datapath/linux/Makefile.main
config.status:1330: creating tests/atlocal
config.status:1330: creating lib/libopenvswitch.pc
config.status:1330: creating lib/libsflow.pc
config.status:1330: creating ofproto/libofproto.pc
config.status:1330: creating ovsdb/libovsdb.pc
config.status:1330: creating include/openvswitch/version.h
config.status:1330: creating config.h
config.status:1559: executing tests/atconfig commands
config.status:1559: executing depfiles commands
config.status:1659: cd .       && sed -e '/# am--include-marker/d' Makefile         | make -f - am--depfiles
config.status:1664: $? = 0
config.status:1559: executing libtool commands
config.status:1559: executing include/openflow/openflow.h.stamp commands
config.status:1559: executing utilities/bugtool/dummy commands
config.status:1559: executing ipsec/dummy commands

## ---------------- ##
## Cache variables. ##
## ---------------- ##

ac_cv_build=x86_64-pc-linux-gnu
ac_cv_c_bigendian=no
ac_cv_c_compiler_gnu=yes
ac_cv_cxx_compiler_gnu=yes
ac_cv_env_CCC_set=
ac_cv_env_CCC_value=
ac_cv_env_CC_set=
ac_cv_env_CC_value=
ac_cv_env_CFLAGS_set=
ac_cv_env_CFLAGS_value=
ac_cv_env_CPPFLAGS_set=
ac_cv_env_CPPFLAGS_value=
ac_cv_env_CPP_set=
ac_cv_env_CPP_value=
ac_cv_env_CXXCPP_set=
ac_cv_env_CXXCPP_value=
ac_cv_env_CXXFLAGS_set=
ac_cv_env_CXXFLAGS_value=
ac_cv_env_CXX_set=
ac_cv_env_CXX_value=
ac_cv_env_DPDK_CFLAGS_set=
ac_cv_env_DPDK_CFLAGS_value=
ac_cv_env_DPDK_LIBS_set=
ac_cv_env_DPDK_LIBS_value=
ac_cv_env_KARCH_set=
ac_cv_env_KARCH_value=
ac_cv_env_LDFLAGS_set=
ac_cv_env_LDFLAGS_value=
ac_cv_env_LIBS_set=
ac_cv_env_LIBS_value=
ac_cv_env_LT_SYS_LIBRARY_PATH_set=
ac_cv_env_LT_SYS_LIBRARY_PATH_value=
ac_cv_env_PKG_CONFIG_LIBDIR_set=
ac_cv_env_PKG_CONFIG_LIBDIR_value=
ac_cv_env_PKG_CONFIG_PATH_set=
ac_cv_env_PKG_CONFIG_PATH_value=
ac_cv_env_PKG_CONFIG_set=
ac_cv_env_PKG_CONFIG_value=
ac_cv_env_PYTHON3_set=
ac_cv_env_PYTHON3_value=
ac_cv_env_SPHINXBUILD_set=
ac_cv_env_SPHINXBUILD_value=
ac_cv_env_build_alias_set=
ac_cv_env_build_alias_value=
ac_cv_env_host_alias_set=
ac_cv_env_host_alias_value=
ac_cv_env_target_alias_set=
ac_cv_env_target_alias_value=
ac_cv_func_clock_gettime=yes
ac_cv_func_getloadavg=yes
ac_cv_func_getmntent_r=yes
ac_cv_func_mlockall=yes
ac_cv_func_pthread_set_name_np=no
ac_cv_func_pthread_spin_lock=yes
ac_cv_func_sendmmsg=yes
ac_cv_func_statvfs=yes
ac_cv_func_strerror_r=yes
ac_cv_func_strerror_r_char_p=yes
ac_cv_func_strnlen=yes
ac_cv_have_decl_SSL_set_tlsext_host_name=yes
ac_cv_have_decl_strerror_r=yes
ac_cv_have_decl_sys_siglist=yes
ac_cv_header_bits_floatn_common_h=no
ac_cv_header_dlfcn_h=yes
ac_cv_header_inttypes_h=yes
ac_cv_header_linux_if_ether_h=yes
ac_cv_header_linux_net_namespace_h=yes
ac_cv_header_linux_netlink_h=yes
ac_cv_header_linux_perf_event_h=yes
ac_cv_header_linux_types_h=yes
ac_cv_header_memory_h=yes
ac_cv_header_minix_config_h=no
ac_cv_header_mntent_h=yes
ac_cv_header_net_if_dl_h=no
ac_cv_header_net_if_mib_h=no
ac_cv_header_stdatomic_h=yes
ac_cv_header_stdc=yes
ac_cv_header_stdint_h=yes
ac_cv_header_stdio_h=yes
ac_cv_header_stdlib_h=yes
ac_cv_header_string_h=yes
ac_cv_header_strings_h=yes
ac_cv_header_sys_stat_h=yes
ac_cv_header_sys_statvfs_h=yes
ac_cv_header_sys_types_h=yes
ac_cv_header_unistd_h=yes
ac_cv_header_valgrind_valgrind_h=no
ac_cv_header_windows_h=no
ac_cv_host=x86_64-pc-linux-gnu
ac_cv_lib_cap_ng_capng_clear=no
ac_cv_lib_socket_connect=no
ac_cv_lib_unbound_ub_ctx_create=no
ac_cv_lib_unwind_unw_backtrace=no
ac_cv_member_struct_ifreq_ifr_flagshigh=no
ac_cv_member_struct_mmsghdr_msg_len=yes
ac_cv_member_struct_sockaddr_in6_sin6_scope_id=yes
ac_cv_member_struct_stat_st_mtim_tv_nsec=yes
ac_cv_member_struct_stat_st_mtimensec=no
ac_cv_member_struct_tcf_t_firstuse=no
ac_cv_objext=o
ac_cv_path_EGREP='/bin/grep -E'
ac_cv_path_FGREP='/bin/grep -F'
ac_cv_path_GREP=/bin/grep
ac_cv_path_PKG_CONFIG=/usr/bin/pkg-config
ac_cv_path_SED=/bin/sed
ac_cv_path_ac_pt_PKG_CONFIG=/usr/bin/pkg-config
ac_cv_path_install='/usr/bin/install -c'
ac_cv_path_lt_DD=/bin/dd
ac_cv_path_mkdir=/bin/mkdir
ac_cv_prog_AWK=gawk
ac_cv_prog_CPP='gcc -E'
ac_cv_prog_CXXCPP='g++ -E'
ac_cv_prog_ac_ct_AR=ar
ac_cv_prog_ac_ct_CC=gcc
ac_cv_prog_ac_ct_CXX=g++
ac_cv_prog_ac_ct_MANIFEST_TOOL=mt
ac_cv_prog_ac_ct_OBJDUMP=objdump
ac_cv_prog_ac_ct_RANLIB=ranlib
ac_cv_prog_ac_ct_STRIP=strip
ac_cv_prog_cc_c89=
ac_cv_prog_cc_c99=
ac_cv_prog_cc_g=yes
ac_cv_prog_cxx_g=yes
ac_cv_prog_make_make_set=yes
ac_cv_safe_to_define___extensions__=yes
ac_cv_search___atomic_load_8=-latomic
ac_cv_search_aio_write='none required'
ac_cv_search_backtrace='none required'
ac_cv_search_clock_gettime='none required'
ac_cv_search_gethostbyname='none required'
ac_cv_search_pow=-lm
ac_cv_search_pthread_rwlock_tryrdlock=-lpthread
ac_cv_search_pthread_rwlockattr_destroy='none required'
ac_cv_search_pthread_spin_lock='none required'
ac_cv_search_timer_create=-lrt
ac_cv_sparse_target=x86_64
ac_cv_sys_file_offset_bits=no
ac_cv_sys_largefile_CC=no
am_cv_CC_dependencies_compiler_type=gcc3
am_cv_CXX_dependencies_compiler_type=gcc3
am_cv_make_support_nested_variables=yes
am_cv_prog_cc_c_o=yes
am_cv_prog_tar_pax=gnutar
ax_cv_cxx_compile_cxx11=no
ax_cv_cxx_compile_cxx11__std_gnupp11=yes
ax_cv_func_posix_memalign_works=yes
cl_cv_x64=no
gl_cv_have_include_next=yes
gl_cv_next_stdio_h='<stdio.h>'
gl_cv_next_string_h='<string.h>'
gl_cv_pragma_columns=no
lt_cv_ar_at_file=@
lt_cv_deplibs_check_method=pass_all
lt_cv_file_magic_cmd='$MAGIC_CMD'
lt_cv_file_magic_test_file=
lt_cv_ld_reload_flag=-r
lt_cv_nm_interface='BSD nm'
lt_cv_objdir=.libs
lt_cv_path_LD=/usr/bin/ld
lt_cv_path_LDCXX='/usr/bin/ld -m elf_x86_64'
lt_cv_path_NM='/usr/bin/nm -B'
lt_cv_path_mainfest_tool=no
lt_cv_prog_compiler_c_o=yes
lt_cv_prog_compiler_c_o_CXX=yes
lt_cv_prog_compiler_pic='-fPIC -DPIC'
lt_cv_prog_compiler_pic_CXX='-fPIC -DPIC'
lt_cv_prog_compiler_pic_works=yes
lt_cv_prog_compiler_pic_works_CXX=yes
lt_cv_prog_compiler_rtti_exceptions=no
lt_cv_prog_compiler_static_works=yes
lt_cv_prog_compiler_static_works_CXX=yes
lt_cv_prog_gnu_ld=yes
lt_cv_prog_gnu_ldcxx=yes
lt_cv_sharedlib_from_linklib_cmd='printf %s\n'
lt_cv_shlibpath_overrides_runpath=no
lt_cv_sys_global_symbol_pipe='sed -n -e '\''s/^.*[	 ]\([ABCDGIRSTW][ABCDGIRSTW]*\)[	 ][	 ]*\([_A-Za-z][_A-Za-z0-9]*\)$/\1 \2 \2/p'\'' | sed '\''/ __gnu_lto/d'\'''
lt_cv_sys_global_symbol_to_c_name_address='sed -n -e '\''s/^: \(.*\) .*$/  {"\1", (void *) 0},/p'\'' -e '\''s/^[ABCDGIRSTW][ABCDGIRSTW]* .* \(.*\)$/  {"\1", (void *) \&\1},/p'\'''
lt_cv_sys_global_symbol_to_c_name_address_lib_prefix='sed -n -e '\''s/^: \(.*\) .*$/  {"\1", (void *) 0},/p'\'' -e '\''s/^[ABCDGIRSTW][ABCDGIRSTW]* .* \(lib.*\)$/  {"\1", (void *) \&\1},/p'\'' -e '\''s/^[ABCDGIRSTW][ABCDGIRSTW]* .* \(.*\)$/  {"lib\1", (void *) \&\1},/p'\'''
lt_cv_sys_global_symbol_to_cdecl='sed -n -e '\''s/^T .* \(.*\)$/extern int \1();/p'\'' -e '\''s/^[ABCDGIRSTW][ABCDGIRSTW]* .* \(.*\)$/extern char \1;/p'\'''
lt_cv_sys_global_symbol_to_import=
lt_cv_sys_max_cmd_len=1572864
lt_cv_to_host_file_cmd=func_convert_file_noop
lt_cv_to_tool_file_cmd=func_convert_file_noop
lt_cv_truncate_bin='/bin/dd bs=4096 count=1'
ovs_cv__Qunused_arguments=no
ovs_cv__Wall=yes
ovs_cv__Warray_bounds_pointer_arithmetic=no
ovs_cv__Wbad_function_cast=yes
ovs_cv__Wbool_compare=yes
ovs_cv__Wcast_align=yes
ovs_cv__Wcast_align_strict=no
ovs_cv__Wduplicated_cond=no
ovs_cv__Werror=yes
ovs_cv__Wextra=yes
ovs_cv__Wformat_Wformat_security=yes
ovs_cv__Wlogical_not_parentheses=yes
ovs_cv__Wmissing_field_initializers=yes
ovs_cv__Wmissing_prototypes=yes
ovs_cv__Wmultistatement_macros=no
ovs_cv__Wno_null_pointer_arithmetic=no
ovs_cv__Wno_sign_compare=yes
ovs_cv__Wno_unused=yes
ovs_cv__Wno_unused_parameter=yes
ovs_cv__Wold_style_definition=yes
ovs_cv__Wpointer_arith=yes
ovs_cv__Wshadow=yes
ovs_cv__Wshift_negative_value=no
ovs_cv__Wsizeof_array_argument=yes
ovs_cv__Wstrict_prototypes=yes
ovs_cv__Wswitch_bool=yes
ovs_cv__Wswitch_enum=yes
ovs_cv__Wthread_safety=no
ovs_cv__Wunused_parameter=yes
ovs_cv___thread=yes
ovs_cv__fno_strict_aliasing=yes
ovs_cv__mavx512f=yes
ovs_cv_atomic_always_lock_free_1=1
ovs_cv_atomic_always_lock_free_2=1
ovs_cv_atomic_always_lock_free_4=1
ovs_cv_atomic_always_lock_free_8=1
ovs_cv_binutils_avx512_good=yes
ovs_cv_dot=no
ovs_cv_flake8=no
ovs_cv_gcc4_atomics=yes
ovs_cv_groff=yes
ovs_cv_linux=true
ovs_cv_pthread_setname_np=glibc
ovs_cv_python3=/usr/bin/python3
ovs_cv_strtok_r_bug=no
ovs_cv_thread_local=no
ovs_cv_xsversion=none

## ----------------- ##
## Output variables. ##
## ----------------- ##

ACLOCAL='${SHELL} /home/nnambiar/SummerResearch/attack-resilience-sdn-nnambiar/openvswitch-2.14.0/build-aux/missing aclocal-1.16'
AMDEPBACKSLASH='\'
AMDEP_FALSE='#'
AMDEP_TRUE=''
AMTAR='$${TAR-tar}'
AM_BACKSLASH='\'
AM_DEFAULT_V='$(AM_DEFAULT_VERBOSITY)'
AM_DEFAULT_VERBOSITY='1'
AM_V='$(V)'
AR='ar'
AUTOCONF='${SHELL} /home/nnambiar/SummerResearch/attack-resilience-sdn-nnambiar/openvswitch-2.14.0/build-aux/missing autoconf'
AUTOHEADER='${SHELL} /home/nnambiar/SummerResearch/attack-resilience-sdn-nnambiar/openvswitch-2.14.0/build-aux/missing autoheader'
AUTOM4TE='${SHELL} /home/nnambiar/SummerResearch/attack-resilience-sdn-nnambiar/openvswitch-2.14.0/build-aux/missing autom4te'
AUTOMAKE='${SHELL} /home/nnambiar/SummerResearch/attack-resilience-sdn-nnambiar/openvswitch-2.14.0/build-aux/missing automake-1.16'
AWK='gawk'
CAPNG_LDADD=''
CC='$(if $(C:0=),env REAL_CC="gcc" CHECK="$(SPARSE) $(SPARSE_WERROR) -I $(top_srcdir)/include/sparse $(SPARSEFLAGS) $(SPARSE_EXTRA_INCLUDES) " cgcc $(CGCCFLAGS),gcc)'
CCDEPMODE='depmode=gcc3'
CFLAGS='-g -O2 -DHAVE_AVX512F -DHAVE_LD_AVX512_GOOD'
CGCCFLAGS='-target=x86_64 -target=host_os_specs -D__MMX__=1 -D__SSE2_MATH__=1 -D__SSE_MATH__=1 -D__SSE2__=1 -D__SSE__=1 '
CPP='gcc -E'
CPPFLAGS=''
CXX='g++ -std=gnu++11'
CXXCPP='g++ -E -std=gnu++11'
CXXDEPMODE='depmode=gcc3'
CXXFLAGS='-g -O2'
CYGPATH_W='echo'
DBDIR='${sysconfdir}/${PACKAGE}'
DEFS='-DHAVE_CONFIG_H'
DEPDIR='.deps'
DLLTOOL='false'
DPDK_CFLAGS=''
DPDK_LIBS=''
DPDK_NETDEV_FALSE=''
DPDK_NETDEV_TRUE='#'
DPDK_vswitchd_LDFLAGS=''
DSYMUTIL=''
DUMPBIN=''
ECHO_C=''
ECHO_N='-n'
ECHO_T=''
EGREP='/bin/grep -E'
ENABLE_SPARSE_BY_DEFAULT_FALSE=''
ENABLE_SPARSE_BY_DEFAULT_TRUE='#'
EXEEXT=''
FGREP='/bin/grep -F'
FLAKE8_WERROR='-'
GREP='/bin/grep'
HAVE_AF_XDP_FALSE=''
HAVE_AF_XDP_TRUE='#'
HAVE_AVX512F_FALSE='#'
HAVE_AVX512F_TRUE=''
HAVE_CXX11='1'
HAVE_CXX_FALSE=''
HAVE_CXX_TRUE='#'
HAVE_DOT_FALSE=''
HAVE_DOT_TRUE='#'
HAVE_FLAKE8_FALSE=''
HAVE_FLAKE8_TRUE='#'
HAVE_GROFF_FALSE='#'
HAVE_GROFF_TRUE=''
HAVE_IF_DL_FALSE=''
HAVE_IF_DL_TRUE='#'
HAVE_LD_AVX512_GOOD_FALSE='#'
HAVE_LD_AVX512_GOOD_TRUE=''
HAVE_LIBCAPNG=''
HAVE_LIBCAPNG_FALSE=''
HAVE_LIBCAPNG_TRUE='#'
HAVE_NETLINK_FALSE='#'
HAVE_NETLINK_TRUE=''
HAVE_OPENSSL='yes'
HAVE_OPENSSL_FALSE='#'
HAVE_OPENSSL_TRUE=''
HAVE_POSIX_AIO_FALSE='#'
HAVE_POSIX_AIO_TRUE=''
HAVE_SPHINX_FALSE=''
HAVE_SPHINX_TRUE='#'
HAVE_UNBOUND='no'
HAVE_UNBOUND_FALSE=''
HAVE_UNBOUND_TRUE='#'
HAVE_UNWIND='no'
HAVE_UNWIND_FALSE=''
HAVE_UNWIND_TRUE='#'
HAVE_WNO_UNUSED_FALSE='#'
HAVE_WNO_UNUSED_PARAMETER_FALSE='#'
HAVE_WNO_UNUSED_PARAMETER_TRUE=''
HAVE_WNO_UNUSED_TRUE=''
INCLUDE_NEXT='include_next'
INCLUDE_NEXT_AS_FIRST_DIRECTIVE='include_next'
INSTALL_DATA='${INSTALL} -m 644'
INSTALL_PROGRAM='${INSTALL}'
INSTALL_SCRIPT='${INSTALL}'
INSTALL_STRIP_PROGRAM='$(install_sh) -c -s'
KARCH=''
KBUILD='/lib/modules/4.4.0-142-generic/build'
LD='/usr/bin/ld -m elf_x86_64'
LDFLAGS=''
LIBBPF_LDADD=''
LIBOBJS=''
LIBS='-latomic -lpthread -lrt -lm '
LIBTOOL='$(SHELL) $(top_builddir)/libtool'
LINUX_ENABLED_FALSE='#'
LINUX_ENABLED_TRUE=''
LINUX_FALSE='#'
LINUX_TRUE=''
LIPO=''
LN_S='ln -s'
LOGDIR='${localstatedir}/log/${PACKAGE}'
LTLIBOBJS=''
LT_AGE='0'
LT_CURRENT='0'
LT_REVISION='0'
LT_SYS_LIBRARY_PATH=''
MAKEINFO='${SHELL} /home/nnambiar/SummerResearch/attack-resilience-sdn-nnambiar/openvswitch-2.14.0/build-aux/missing makeinfo'
MANIFEST_TOOL=':'
MKDIR_P='/bin/mkdir -p'
MSVC64_LDFLAGS=''
MSVC_CFLAGS=''
MSVC_PLATFORM='x86'
NDEBUG_FALSE=''
NDEBUG_TRUE='#'
NEXT_AS_FIRST_DIRECTIVE_STDIO_H='<stdio.h>'
NEXT_AS_FIRST_DIRECTIVE_STRING_H='<string.h>'
NEXT_STDIO_H='<stdio.h>'
NEXT_STRING_H='<string.h>'
NM='/usr/bin/nm -B'
NMEDIT=''
OBJDUMP='objdump'
OBJEXT='o'
OPENSSL_SUPPORTS_SNI='yes'
OTOOL64=''
OTOOL=''
OVS_CFLAGS=''
OVS_CTAGS_IDENTIFIERS_LIST='OVS_LOCKABLE OVS_NO_THREAD_SAFETY_ANALYSIS OVS_REQ_RDLOCK+ OVS_ACQ_RDLOCK+ OVS_REQ_WRLOCK+ OVS_ACQ_WRLOCK+ OVS_REQUIRES+ OVS_ACQUIRES+ OVS_TRY_WRLOCK+ OVS_TRY_RDLOCK+ OVS_TRY_LOCK+ OVS_GUARDED_BY+ OVS_EXCLUDED+ OVS_RELEASES+ OVS_ACQ_BEFORE+ OVS_ACQ_AFTER+'
OVS_LDFLAGS=''
OVS_LTINFO='-release 2.14 -version-info 0:0'
PACKAGE='openvswitch'
PACKAGE_BUGREPORT='bugs@openvswitch.org'
PACKAGE_NAME='openvswitch'
PACKAGE_STRING='openvswitch 2.14.0'
PACKAGE_TARNAME='openvswitch'
PACKAGE_URL=''
PACKAGE_VERSION='2.14.0'
PATH_SEPARATOR=':'
PKG_CONFIG='/usr/bin/pkg-config'
PKG_CONFIG_LIBDIR=''
PKG_CONFIG_PATH=''
PKIDIR='${localstatedir}/lib/openvswitch/pki'
PRAGMA_COLUMNS=''
PRAGMA_SYSTEM_HEADER='#pragma GCC system_header'
PTHREAD_INCLUDES=''
PTHREAD_LDFLAGS=''
PTHREAD_LIBS=''
PTHREAD_WIN32_DIR_DLL=''
PTHREAD_WIN32_DIR_DLL_WIN_FORM=''
PYTHON3='/usr/bin/python3'
RANLIB='ranlib'
RUNDIR='${localstatedir}/run/openvswitch'
SED='/bin/sed'
SET_MAKE=''
SHELL='/bin/bash'
SPARSE='sparse'
SPARSEFLAGS='-m64'
SPARSE_EXTRA_INCLUDES='-I /usr/local/include -I /usr/include/x86_64-linux-gnu '
SPARSE_WERROR=''
SPHINXBUILD='none'
SSL_DIR=''
SSL_INCLUDES=''
SSL_LDFLAGS=''
SSL_LIBS='-lssl -lcrypto'
STRIP='strip'
VERSION='2.14.0'
VSTUDIO_CONFIG=''
VSTUDIO_DDK_FALSE=''
VSTUDIO_DDK_TRUE='#'
VSTUDIO_WIN10_FALSE='#'
VSTUDIO_WIN10_TRUE=''
VSTUDIO_WIN8_1_FALSE='#'
VSTUDIO_WIN8_1_TRUE=''
VSTUDIO_WIN8_FALSE='#'
VSTUDIO_WIN8_TRUE=''
WARNING_FLAGS=' -Wall -Wextra -Wno-sign-compare -Wpointer-arith -Wformat -Wformat-security -Wswitch-enum -Wunused-parameter -Wbad-function-cast -Wcast-align -Wstrict-prototypes -Wold-style-definition -Wmissing-prototypes -Wmissing-field-initializers -fno-strict-aliasing -Wswitch-bool -Wlogical-not-parentheses -Wsizeof-array-argument -Wbool-compare -Wshadow'
WIN32_FALSE=''
WIN32_TRUE='#'
ac_ct_AR='ar'
ac_ct_CC='gcc'
ac_ct_CXX='g++'
ac_ct_DUMPBIN=''
am__EXEEXT_FALSE=''
am__EXEEXT_TRUE='#'
am__fastdepCC_FALSE='#'
am__fastdepCC_TRUE=''
am__fastdepCXX_FALSE='#'
am__fastdepCXX_TRUE=''
am__include='include'
am__isrc=''
am__leading_dot='.'
am__nodep='_no'
am__quote=''
am__tar='tar --format=posix -chf - "$$tardir"'
am__untar='tar -xf -'
bindir='${exec_prefix}/bin'
build='x86_64-pc-linux-gnu'
build_alias=''
build_cpu='x86_64'
build_os='linux-gnu'
build_vendor='pc'
datadir='${datarootdir}'
datarootdir='${prefix}/share'
docdir='${datarootdir}/doc/${PACKAGE_TARNAME}'
dvidir='${docdir}'
exec_prefix='${prefix}'
host='x86_64-pc-linux-gnu'
host_alias=''
host_cpu='x86_64'
host_os='linux-gnu'
host_vendor='pc'
htmldir='${docdir}'
includedir='${prefix}/include'
infodir='${datarootdir}/info'
install_sh='${SHELL} /home/nnambiar/SummerResearch/attack-resilience-sdn-nnambiar/openvswitch-2.14.0/build-aux/install-sh'
libdir='${exec_prefix}/lib'
libexecdir='${exec_prefix}/libexec'
localedir='${datarootdir}/locale'
localstatedir='${prefix}/var'
mandir='${datarootdir}/man'
mkdir_p='$(MKDIR_P)'
oldincludedir='/usr/include'
pdfdir='${docdir}'
prefix='/usr'
program_transform_name='s,x,x,'
psdir='${docdir}'
sbindir='${exec_prefix}/sbin'
sharedstatedir='${prefix}/com'
sysconfdir='${prefix}/etc'
target_alias=''

## ----------- ##
## confdefs.h. ##
## ----------- ##

/* confdefs.h */
#define PACKAGE_NAME "openvswitch"
#define PACKAGE_TARNAME "openvswitch"
#define PACKAGE_VERSION "2.14.0"
#define PACKAGE_STRING "openvswitch 2.14.0"
#define PACKAGE_BUGREPORT "bugs@openvswitch.org"
#define PACKAGE_URL ""
#define PACKAGE "openvswitch"
#define VERSION "2.14.0"
#define STDC_HEADERS 1
#define HAVE_SYS_TYPES_H 1
#define HAVE_SYS_STAT_H 1
#define HAVE_STDLIB_H 1
#define HAVE_STRING_H 1
#define HAVE_MEMORY_H 1
#define HAVE_STRINGS_H 1
#define HAVE_INTTYPES_H 1
#define HAVE_STDINT_H 1
#define HAVE_UNISTD_H 1
#define __EXTENSIONS__ 1
#define _ALL_SOURCE 1
#define _GNU_SOURCE 1
#define _POSIX_PTHREAD_SEMANTICS 1
#define _TANDEM_SOURCE 1
#define HAVE_DLFCN_H 1
#define LT_OBJDIR ".libs/"
#define HAVE_PTHREAD_SPIN_LOCK 1
#define HAVE_DECL_STRERROR_R 1
#define HAVE_STRERROR_R 1
#define STRERROR_R_CHAR_P 1
#define VSTUDIO_DDK 1
#define HAVE_NETLINK 1
#define HAVE_OPENSSL 1
#define OPENSSL_SUPPORTS_SNI 1
#define HAVE_DECL_SYS_SIGLIST 1
#define HAVE_STRUCT_STAT_ST_MTIM_TV_NSEC 1
#define HAVE_STRUCT_MMSGHDR_MSG_LEN 1
#define HAVE_STRUCT_SOCKADDR_IN6_SIN6_SCOPE_ID 1
#define HAVE_MLOCKALL 1
#define HAVE_STRNLEN 1
#define HAVE_GETLOADAVG 1
#define HAVE_STATVFS 1
#define HAVE_GETMNTENT_R 1
#define HAVE_SENDMMSG 1
#define HAVE_CLOCK_GETTIME 1
#define HAVE_MNTENT_H 1
#define HAVE_SYS_STATVFS_H 1
#define HAVE_LINUX_TYPES_H 1
#define HAVE_LINUX_IF_ETHER_H 1
#define HAVE_LINUX_NET_NAMESPACE_H 1
#define HAVE_STDATOMIC_H 1
#define HAVE_BACKTRACE 1
#define HAVE_LINUX_PERF_EVENT_H 1
#define HAVE___THREAD 1
#define HAVE_GCC4_ATOMICS 1
#define ATOMIC_ALWAYS_LOCK_FREE_1B 1
#define ATOMIC_ALWAYS_LOCK_FREE_2B 1
#define ATOMIC_ALWAYS_LOCK_FREE_4B 1
#define ATOMIC_ALWAYS_LOCK_FREE_8B 1
#define HAVE_GLIBC_PTHREAD_SETNAME_NP 1
#define HAVE_CXX11 1
#define HAVE_POSIX_MEMALIGN 1
#define HAVE_STDIO_H 1
#define HAVE_STRING_H 1
#define HAVE_SCTP_CONNTRACK_HEARTBEATS 1
#define HAVE_VIRTIO_TYPES 1
#define HAVE_PRAGMA_MESSAGE 1

configure: exit 0
