This file contains any messages produced by compilers while
running configure, to aid debugging if configure makes a mistake.

It was created by openvswitch configure 2.8.1, which was
generated by GNU Autoconf 2.69.  Invocation command line was

  $ ./configure --prefix=/usr --with-linux=/lib/modules/4.4.0-142-generic/build

## --------- ##
## Platform. ##
## --------- ##

hostname = ubuntu16-04
uname -m = x86_64
uname -r = 4.4.0-142-generic
uname -s = Linux
uname -v = #168-Ubuntu SMP Wed Jan 16 21:00:45 UTC 2019

/usr/bin/uname -p = unknown
/bin/uname -X     = unknown

/bin/arch              = unknown
/usr/bin/arch -k       = unknown
/usr/convex/getsysinfo = unknown
/usr/bin/hostinfo      = unknown
/bin/machine           = unknown
/usr/bin/oslevel       = unknown
/bin/universe          = unknown

PATH: /usr/local/sbin
PATH: /usr/local/bin
PATH: /usr/sbin
PATH: /usr/bin
PATH: /sbin
PATH: /bin
PATH: /snap/bin


## ----------- ##
## Core tests. ##
## ----------- ##

configure:2859: checking for a BSD-compatible install
configure:2927: result: /usr/bin/install -c
configure:2938: checking whether build environment is sane
configure:2993: result: yes
configure:3144: checking for a thread-safe mkdir -p
configure:3183: result: /bin/mkdir -p
configure:3190: checking for gawk
configure:3206: found /usr/bin/gawk
configure:3217: result: gawk
configure:3228: checking whether make sets $(MAKE)
configure:3250: result: yes
configure:3279: checking whether make supports nested variables
configure:3296: result: yes
configure:3375: checking how to create a pax tar archive
configure:3386: tar --version
tar (GNU tar) 1.28
Copyright (C) 2014 Free Software Foundation, Inc.
License GPLv3+: GNU GPL version 3 or later <http://gnu.org/licenses/gpl.html>.
This is free software: you are free to change and redistribute it.
There is NO WARRANTY, to the extent permitted by law.

Written by John Gilmore and Jay Fenlason.
configure:3389: $? = 0
configure:3429: tardir=conftest.dir && eval tar --format=posix -chf - "$tardir" >conftest.tar
configure:3432: $? = 0
configure:3436: tar -xf - <conftest.tar
configure:3439: $? = 0
configure:3441: cat conftest.dir/file
GrepMe
configure:3444: $? = 0
configure:3457: result: gnutar
configure:3520: checking for style of include used by make
configure:3548: result: GNU
configure:3619: checking for gcc
configure:3635: found /usr/bin/gcc
configure:3646: result: gcc
configure:3875: checking for C compiler version
configure:3884: gcc --version >&5
gcc (Ubuntu 5.4.0-6ubuntu1~16.04.12) 5.4.0 20160609
Copyright (C) 2015 Free Software Foundation, Inc.
This is free software; see the source for copying conditions.  There is NO
warranty; not even for MERCHANTABILITY or FITNESS FOR A PARTICULAR PURPOSE.

configure:3895: $? = 0
configure:3884: gcc -v >&5
Using built-in specs.
COLLECT_GCC=gcc
COLLECT_LTO_WRAPPER=/usr/lib/gcc/x86_64-linux-gnu/5/lto-wrapper
Target: x86_64-linux-gnu
Configured with: ../src/configure -v --with-pkgversion='Ubuntu 5.4.0-6ubuntu1~16.04.12' --with-bugurl=file:///usr/share/doc/gcc-5/README.Bugs --enable-languages=c,ada,c++,java,go,d,fortran,objc,obj-c++ --prefix=/usr --program-suffix=-5 --enable-shared --enable-linker-build-id --libexecdir=/usr/lib --without-included-gettext --enable-threads=posix --libdir=/usr/lib --enable-nls --with-sysroot=/ --enable-clocale=gnu --enable-libstdcxx-debug --enable-libstdcxx-time=yes --with-default-libstdcxx-abi=new --enable-gnu-unique-object --disable-vtable-verify --enable-libmpx --enable-plugin --with-system-zlib --disable-browser-plugin --enable-java-awt=gtk --enable-gtk-cairo --with-java-home=/usr/lib/jvm/java-1.5.0-gcj-5-amd64/jre --enable-java-home --with-jvm-root-dir=/usr/lib/jvm/java-1.5.0-gcj-5-amd64 --with-jvm-jar-dir=/usr/lib/jvm-exports/java-1.5.0-gcj-5-amd64 --with-arch-directory=amd64 --with-ecj-jar=/usr/share/java/eclipse-ecj.jar --enable-objc-gc --enable-multiarch --disable-werror --with-arch-32=i686 --with-abi=m64 --with-multilib-list=m32,m64,mx32 --enable-multilib --with-tune=generic --enable-checking=release --build=x86_64-linux-gnu --host=x86_64-linux-gnu --target=x86_64-linux-gnu
Thread model: posix
gcc version 5.4.0 20160609 (Ubuntu 5.4.0-6ubuntu1~16.04.12) 
configure:3895: $? = 0
configure:3884: gcc -V >&5
gcc: error: unrecognized command line option '-V'
gcc: fatal error: no input files
compilation terminated.
configure:3895: $? = 1
configure:3884: gcc -qversion >&5
gcc: error: unrecognized command line option '-qversion'
gcc: fatal error: no input files
compilation terminated.
configure:3895: $? = 1
configure:3915: checking whether the C compiler works
configure:3937: gcc    conftest.c  >&5
configure:3941: $? = 0
configure:3989: result: yes
configure:3992: checking for C compiler default output file name
configure:3994: result: a.out
configure:4000: checking for suffix of executables
configure:4007: gcc -o conftest    conftest.c  >&5
configure:4011: $? = 0
configure:4033: result: 
configure:4055: checking whether we are cross compiling
configure:4063: gcc -o conftest    conftest.c  >&5
configure:4067: $? = 0
configure:4074: ./conftest
configure:4078: $? = 0
configure:4093: result: no
configure:4098: checking for suffix of object files
configure:4120: gcc -c   conftest.c >&5
configure:4124: $? = 0
configure:4145: result: o
configure:4149: checking whether we are using the GNU C compiler
configure:4168: gcc -c   conftest.c >&5
configure:4168: $? = 0
configure:4177: result: yes
configure:4186: checking whether gcc accepts -g
configure:4206: gcc -c -g  conftest.c >&5
configure:4206: $? = 0
configure:4247: result: yes
configure:4264: checking for gcc option to accept ISO C89
configure:4327: gcc  -c -g -O2  conftest.c >&5
configure:4327: $? = 0
configure:4340: result: none needed
configure:4365: checking whether gcc understands -c and -o together
configure:4387: gcc -c conftest.c -o conftest2.o
configure:4390: $? = 0
configure:4387: gcc -c conftest.c -o conftest2.o
configure:4390: $? = 0
configure:4402: result: yes
configure:4421: checking dependency style of gcc
configure:4532: result: gcc3
configure:4547: checking for gcc option to accept ISO C99
configure:4696: gcc  -c -g -O2  conftest.c >&5
configure:4696: $? = 0
configure:4709: result: none needed
configure:4783: checking for g++
configure:4799: found /usr/bin/g++
configure:4810: result: g++
configure:4837: checking for C++ compiler version
configure:4846: g++ --version >&5
g++ (Ubuntu 5.4.0-6ubuntu1~16.04.12) 5.4.0 20160609
Copyright (C) 2015 Free Software Foundation, Inc.
This is free software; see the source for copying conditions.  There is NO
warranty; not even for MERCHANTABILITY or FITNESS FOR A PARTICULAR PURPOSE.

configure:4857: $? = 0
configure:4846: g++ -v >&5
Using built-in specs.
COLLECT_GCC=g++
COLLECT_LTO_WRAPPER=/usr/lib/gcc/x86_64-linux-gnu/5/lto-wrapper
Target: x86_64-linux-gnu
Configured with: ../src/configure -v --with-pkgversion='Ubuntu 5.4.0-6ubuntu1~16.04.12' --with-bugurl=file:///usr/share/doc/gcc-5/README.Bugs --enable-languages=c,ada,c++,java,go,d,fortran,objc,obj-c++ --prefix=/usr --program-suffix=-5 --enable-shared --enable-linker-build-id --libexecdir=/usr/lib --without-included-gettext --enable-threads=posix --libdir=/usr/lib --enable-nls --with-sysroot=/ --enable-clocale=gnu --enable-libstdcxx-debug --enable-libstdcxx-time=yes --with-default-libstdcxx-abi=new --enable-gnu-unique-object --disable-vtable-verify --enable-libmpx --enable-plugin --with-system-zlib --disable-browser-plugin --enable-java-awt=gtk --enable-gtk-cairo --with-java-home=/usr/lib/jvm/java-1.5.0-gcj-5-amd64/jre --enable-java-home --with-jvm-root-dir=/usr/lib/jvm/java-1.5.0-gcj-5-amd64 --with-jvm-jar-dir=/usr/lib/jvm-exports/java-1.5.0-gcj-5-amd64 --with-arch-directory=amd64 --with-ecj-jar=/usr/share/java/eclipse-ecj.jar --enable-objc-gc --enable-multiarch --disable-werror --with-arch-32=i686 --with-abi=m64 --with-multilib-list=m32,m64,mx32 --enable-multilib --with-tune=generic --enable-checking=release --build=x86_64-linux-gnu --host=x86_64-linux-gnu --target=x86_64-linux-gnu
Thread model: posix
gcc version 5.4.0 20160609 (Ubuntu 5.4.0-6ubuntu1~16.04.12) 
configure:4857: $? = 0
configure:4846: g++ -V >&5
g++: error: unrecognized command line option '-V'
g++: fatal error: no input files
compilation terminated.
configure:4857: $? = 1
configure:4846: g++ -qversion >&5
g++: error: unrecognized command line option '-qversion'
g++: fatal error: no input files
compilation terminated.
configure:4857: $? = 1
configure:4861: checking whether we are using the GNU C++ compiler
configure:4880: g++ -c   conftest.cpp >&5
configure:4880: $? = 0
configure:4889: result: yes
configure:4898: checking whether g++ accepts -g
configure:4918: g++ -c -g  conftest.cpp >&5
configure:4918: $? = 0
configure:4959: result: yes
configure:4984: checking dependency style of g++
configure:5095: result: gcc3
configure:5115: checking how to run the C preprocessor
configure:5146: gcc -E  conftest.c
configure:5146: $? = 0
configure:5160: gcc -E  conftest.c
conftest.c:11:28: fatal error: ac_nonexistent.h: No such file or directory
compilation terminated.
configure:5160: $? = 1
configure: failed program was:
| /* confdefs.h */
| #define PACKAGE_NAME "openvswitch"
| #define PACKAGE_TARNAME "openvswitch"
| #define PACKAGE_VERSION "2.8.1"
| #define PACKAGE_STRING "openvswitch 2.8.1"
| #define PACKAGE_BUGREPORT "bugs@openvswitch.org"
| #define PACKAGE_URL ""
| #define PACKAGE "openvswitch"
| #define VERSION "2.8.1"
| /* end confdefs.h.  */
| #include <ac_nonexistent.h>
configure:5185: result: gcc -E
configure:5205: gcc -E  conftest.c
configure:5205: $? = 0
configure:5219: gcc -E  conftest.c
conftest.c:11:28: fatal error: ac_nonexistent.h: No such file or directory
compilation terminated.
configure:5219: $? = 1
configure: failed program was:
| /* confdefs.h */
| #define PACKAGE_NAME "openvswitch"
| #define PACKAGE_TARNAME "openvswitch"
| #define PACKAGE_VERSION "2.8.1"
| #define PACKAGE_STRING "openvswitch 2.8.1"
| #define PACKAGE_BUGREPORT "bugs@openvswitch.org"
| #define PACKAGE_URL ""
| #define PACKAGE "openvswitch"
| #define VERSION "2.8.1"
| /* end confdefs.h.  */
| #include <ac_nonexistent.h>
configure:5248: checking for grep that handles long lines and -e
configure:5306: result: /bin/grep
configure:5311: checking for fgrep
configure:5373: result: /bin/grep -F
configure:5378: checking for egrep
configure:5440: result: /bin/grep -E
configure:5499: checking for pkg-config
configure:5532: result: no
configure:5569: checking for perl
configure:5587: found /usr/bin/perl
configure:5600: result: /usr/bin/perl
configure:5618: checking for ANSI C header files
configure:5638: gcc -c -g -O2  conftest.c >&5
configure:5638: $? = 0
configure:5711: gcc -o conftest -g -O2   conftest.c  >&5
configure:5711: $? = 0
configure:5711: ./conftest
configure:5711: $? = 0
configure:5722: result: yes
configure:5735: checking for sys/types.h
configure:5735: gcc -c -g -O2  conftest.c >&5
configure:5735: $? = 0
configure:5735: result: yes
configure:5735: checking for sys/stat.h
configure:5735: gcc -c -g -O2  conftest.c >&5
configure:5735: $? = 0
configure:5735: result: yes
configure:5735: checking for stdlib.h
configure:5735: gcc -c -g -O2  conftest.c >&5
configure:5735: $? = 0
configure:5735: result: yes
configure:5735: checking for string.h
configure:5735: gcc -c -g -O2  conftest.c >&5
configure:5735: $? = 0
configure:5735: result: yes
configure:5735: checking for memory.h
configure:5735: gcc -c -g -O2  conftest.c >&5
configure:5735: $? = 0
configure:5735: result: yes
configure:5735: checking for strings.h
configure:5735: gcc -c -g -O2  conftest.c >&5
configure:5735: $? = 0
configure:5735: result: yes
configure:5735: checking for inttypes.h
configure:5735: gcc -c -g -O2  conftest.c >&5
configure:5735: $? = 0
configure:5735: result: yes
configure:5735: checking for stdint.h
configure:5735: gcc -c -g -O2  conftest.c >&5
configure:5735: $? = 0
configure:5735: result: yes
configure:5735: checking for unistd.h
configure:5735: gcc -c -g -O2  conftest.c >&5
configure:5735: $? = 0
configure:5735: result: yes
configure:5748: checking minix/config.h usability
configure:5748: gcc -c -g -O2  conftest.c >&5
conftest.c:54:26: fatal error: minix/config.h: No such file or directory
compilation terminated.
configure:5748: $? = 1
configure: failed program was:
| /* confdefs.h */
| #define PACKAGE_NAME "openvswitch"
| #define PACKAGE_TARNAME "openvswitch"
| #define PACKAGE_VERSION "2.8.1"
| #define PACKAGE_STRING "openvswitch 2.8.1"
| #define PACKAGE_BUGREPORT "bugs@openvswitch.org"
| #define PACKAGE_URL ""
| #define PACKAGE "openvswitch"
| #define VERSION "2.8.1"
| #define STDC_HEADERS 1
| #define HAVE_SYS_TYPES_H 1
| #define HAVE_SYS_STAT_H 1
| #define HAVE_STDLIB_H 1
| #define HAVE_STRING_H 1
| #define HAVE_MEMORY_H 1
| #define HAVE_STRINGS_H 1
| #define HAVE_INTTYPES_H 1
| #define HAVE_STDINT_H 1
| #define HAVE_UNISTD_H 1
| /* end confdefs.h.  */
| #include <stdio.h>
| #ifdef HAVE_SYS_TYPES_H
| # include <sys/types.h>
| #endif
| #ifdef HAVE_SYS_STAT_H
| # include <sys/stat.h>
| #endif
| #ifdef STDC_HEADERS
| # include <stdlib.h>
| # include <stddef.h>
| #else
| # ifdef HAVE_STDLIB_H
| #  include <stdlib.h>
| # endif
| #endif
| #ifdef HAVE_STRING_H
| # if !defined STDC_HEADERS && defined HAVE_MEMORY_H
| #  include <memory.h>
| # endif
| # include <string.h>
| #endif
| #ifdef HAVE_STRINGS_H
| # include <strings.h>
| #endif
| #ifdef HAVE_INTTYPES_H
| # include <inttypes.h>
| #endif
| #ifdef HAVE_STDINT_H
| # include <stdint.h>
| #endif
| #ifdef HAVE_UNISTD_H
| # include <unistd.h>
| #endif
| #include <minix/config.h>
configure:5748: result: no
configure:5748: checking minix/config.h presence
configure:5748: gcc -E  conftest.c
conftest.c:21:26: fatal error: minix/config.h: No such file or directory
compilation terminated.
configure:5748: $? = 1
configure: failed program was:
| /* confdefs.h */
| #define PACKAGE_NAME "openvswitch"
| #define PACKAGE_TARNAME "openvswitch"
| #define PACKAGE_VERSION "2.8.1"
| #define PACKAGE_STRING "openvswitch 2.8.1"
| #define PACKAGE_BUGREPORT "bugs@openvswitch.org"
| #define PACKAGE_URL ""
| #define PACKAGE "openvswitch"
| #define VERSION "2.8.1"
| #define STDC_HEADERS 1
| #define HAVE_SYS_TYPES_H 1
| #define HAVE_SYS_STAT_H 1
| #define HAVE_STDLIB_H 1
| #define HAVE_STRING_H 1
| #define HAVE_MEMORY_H 1
| #define HAVE_STRINGS_H 1
| #define HAVE_INTTYPES_H 1
| #define HAVE_STDINT_H 1
| #define HAVE_UNISTD_H 1
| /* end confdefs.h.  */
| #include <minix/config.h>
configure:5748: result: no
configure:5748: checking for minix/config.h
configure:5748: result: no
configure:5769: checking whether it is safe to define __EXTENSIONS__
configure:5787: gcc -c -g -O2  conftest.c >&5
configure:5787: $? = 0
configure:5794: result: yes
configure:5808: checking whether byte ordering is bigendian
configure:5823: gcc -c -g -O2  conftest.c >&5
conftest.c:27:9: error: unknown type name 'not'
         not a universal capable compiler
         ^
conftest.c:27:15: error: expected '=', ',', ';', 'asm' or '__attribute__' before 'universal'
         not a universal capable compiler
               ^
conftest.c:27:15: error: unknown type name 'universal'
configure:5823: $? = 1
configure: failed program was:
| /* confdefs.h */
| #define PACKAGE_NAME "openvswitch"
| #define PACKAGE_TARNAME "openvswitch"
| #define PACKAGE_VERSION "2.8.1"
| #define PACKAGE_STRING "openvswitch 2.8.1"
| #define PACKAGE_BUGREPORT "bugs@openvswitch.org"
| #define PACKAGE_URL ""
| #define PACKAGE "openvswitch"
| #define VERSION "2.8.1"
| #define STDC_HEADERS 1
| #define HAVE_SYS_TYPES_H 1
| #define HAVE_SYS_STAT_H 1
| #define HAVE_STDLIB_H 1
| #define HAVE_STRING_H 1
| #define HAVE_MEMORY_H 1
| #define HAVE_STRINGS_H 1
| #define HAVE_INTTYPES_H 1
| #define HAVE_STDINT_H 1
| #define HAVE_UNISTD_H 1
| #define __EXTENSIONS__ 1
| #define _ALL_SOURCE 1
| #define _GNU_SOURCE 1
| #define _POSIX_PTHREAD_SEMANTICS 1
| #define _TANDEM_SOURCE 1
| /* end confdefs.h.  */
| #ifndef __APPLE_CC__
| 	       not a universal capable compiler
| 	     #endif
| 	     typedef int dummy;
| 
configure:5868: gcc -c -g -O2  conftest.c >&5
configure:5868: $? = 0
configure:5886: gcc -c -g -O2  conftest.c >&5
conftest.c: In function 'main':
conftest.c:33:4: error: unknown type name 'not'
    not big endian
    ^
conftest.c:33:12: error: expected '=', ',', ';', 'asm' or '__attribute__' before 'endian'
    not big endian
            ^
configure:5886: $? = 1
configure: failed program was:
| /* confdefs.h */
| #define PACKAGE_NAME "openvswitch"
| #define PACKAGE_TARNAME "openvswitch"
| #define PACKAGE_VERSION "2.8.1"
| #define PACKAGE_STRING "openvswitch 2.8.1"
| #define PACKAGE_BUGREPORT "bugs@openvswitch.org"
| #define PACKAGE_URL ""
| #define PACKAGE "openvswitch"
| #define VERSION "2.8.1"
| #define STDC_HEADERS 1
| #define HAVE_SYS_TYPES_H 1
| #define HAVE_SYS_STAT_H 1
| #define HAVE_STDLIB_H 1
| #define HAVE_STRING_H 1
| #define HAVE_MEMORY_H 1
| #define HAVE_STRINGS_H 1
| #define HAVE_INTTYPES_H 1
| #define HAVE_STDINT_H 1
| #define HAVE_UNISTD_H 1
| #define __EXTENSIONS__ 1
| #define _ALL_SOURCE 1
| #define _GNU_SOURCE 1
| #define _POSIX_PTHREAD_SEMANTICS 1
| #define _TANDEM_SOURCE 1
| /* end confdefs.h.  */
| #include <sys/types.h>
| 		#include <sys/param.h>
| 
| int
| main ()
| {
| #if BYTE_ORDER != BIG_ENDIAN
| 		 not big endian
| 		#endif
| 
|   ;
|   return 0;
| }
configure:6014: result: no
configure:6039: checking for special C compiler options needed for large files
configure:6084: result: no
configure:6090: checking for _FILE_OFFSET_BITS value needed for large files
configure:6115: gcc -c -g -O2  conftest.c >&5
configure:6115: $? = 0
configure:6147: result: no
configure:6262: checking build system type
configure:6276: result: x86_64-pc-linux-gnu
configure:6296: checking host system type
configure:6309: result: x86_64-pc-linux-gnu
configure:6350: checking how to print strings
configure:6377: result: printf
configure:6398: checking for a sed that does not truncate output
configure:6462: result: /bin/sed
configure:6510: checking for ld used by gcc
configure:6577: result: /usr/bin/ld
configure:6584: checking if the linker (/usr/bin/ld) is GNU ld
configure:6599: result: yes
configure:6611: checking for BSD- or MS-compatible name lister (nm)
configure:6665: result: /usr/bin/nm -B
configure:6795: checking the name lister (/usr/bin/nm -B) interface
configure:6802: gcc -c -g -O2  conftest.c >&5
configure:6805: /usr/bin/nm -B "conftest.o"
configure:6808: output
0000000000000000 B some_variable
configure:6815: result: BSD nm
configure:6818: checking whether ln -s works
configure:6822: result: yes
configure:6830: checking the maximum length of command line arguments
configure:6961: result: 1572864
configure:7009: checking how to convert x86_64-pc-linux-gnu file names to x86_64-pc-linux-gnu format
configure:7049: result: func_convert_file_noop
configure:7056: checking how to convert x86_64-pc-linux-gnu file names to toolchain format
configure:7076: result: func_convert_file_noop
configure:7083: checking for /usr/bin/ld option to reload object files
configure:7090: result: -r
configure:7164: checking for objdump
configure:7180: found /usr/bin/objdump
configure:7191: result: objdump
configure:7223: checking how to recognize dependent libraries
configure:7423: result: pass_all
configure:7508: checking for dlltool
configure:7538: result: no
configure:7568: checking how to associate runtime and link libraries
configure:7595: result: printf %s\n
configure:7655: checking for ar
configure:7671: found /usr/bin/ar
configure:7682: result: ar
configure:7719: checking for archiver @FILE support
configure:7736: gcc -c -g -O2  conftest.c >&5
configure:7736: $? = 0
configure:7739: ar cru libconftest.a @conftest.lst >&5
ar: `u' modifier ignored since `D' is the default (see `U')
configure:7742: $? = 0
configure:7747: ar cru libconftest.a @conftest.lst >&5
ar: `u' modifier ignored since `D' is the default (see `U')
ar: conftest.o: No such file or directory
configure:7750: $? = 1
configure:7762: result: @
configure:7820: checking for strip
configure:7836: found /usr/bin/strip
configure:7847: result: strip
configure:7919: checking for ranlib
configure:7935: found /usr/bin/ranlib
configure:7946: result: ranlib
configure:8048: checking command to parse /usr/bin/nm -B output from gcc object
configure:8201: gcc -c -g -O2  conftest.c >&5
configure:8204: $? = 0
configure:8208: /usr/bin/nm -B conftest.o \| sed -n -e 's/^.*[ ]\([ABCDGIRSTW][ABCDGIRSTW]*\)[ ][ ]*\([_A-Za-z][_A-Za-z0-9]*\)$/\1 \2 \2/p' | sed '/ __gnu_lto/d' \> conftest.nm
configure:8211: $? = 0
configure:8277: gcc -o conftest -g -O2   conftest.c conftstm.o >&5
configure:8280: $? = 0
configure:8318: result: ok
configure:8365: checking for sysroot
configure:8395: result: no
configure:8402: checking for a working dd
configure:8440: result: /bin/dd
configure:8444: checking how to truncate binary pipes
configure:8459: result: /bin/dd bs=4096 count=1
configure:8595: gcc -c -g -O2  conftest.c >&5
configure:8598: $? = 0
configure:8788: checking for mt
configure:8804: found /bin/mt
configure:8815: result: mt
configure:8838: checking if mt is a manifest tool
configure:8844: mt '-?'
configure:8852: result: no
configure:9526: checking for dlfcn.h
configure:9526: gcc -c -g -O2  conftest.c >&5
configure:9526: $? = 0
configure:9526: result: yes
configure:9792: checking for objdir
configure:9807: result: .libs
configure:10071: checking if gcc supports -fno-rtti -fno-exceptions
configure:10089: gcc -c -g -O2  -fno-rtti -fno-exceptions conftest.c >&5
cc1: warning: command line option '-fno-rtti' is valid for C++/ObjC++ but not for C
configure:10093: $? = 0
configure:10106: result: no
configure:10464: checking for gcc option to produce PIC
configure:10471: result: -fPIC -DPIC
configure:10479: checking if gcc PIC flag -fPIC -DPIC works
configure:10497: gcc -c -g -O2  -fPIC -DPIC -DPIC conftest.c >&5
configure:10501: $? = 0
configure:10514: result: yes
configure:10543: checking if gcc static flag -static works
configure:10571: result: yes
configure:10586: checking if gcc supports -c -o file.o
configure:10607: gcc -c -g -O2  -o out/conftest2.o conftest.c >&5
configure:10611: $? = 0
configure:10633: result: yes
configure:10641: checking if gcc supports -c -o file.o
configure:10688: result: yes
configure:10721: checking whether the gcc linker (/usr/bin/ld -m elf_x86_64) supports shared libraries
configure:11984: result: yes
configure:12224: checking dynamic linker characteristics
configure:12805: gcc -o conftest -g -O2   -Wl,-rpath -Wl,/foo conftest.c  >&5
configure:12805: $? = 0
configure:13054: result: GNU/Linux ld.so
configure:13176: checking how to hardcode library paths into programs
configure:13201: result: immediate
configure:13749: checking whether stripping libraries is possible
configure:13754: result: yes
configure:13789: checking if libtool supports shared libraries
configure:13791: result: yes
configure:13794: checking whether to build shared libraries
configure:13819: result: no
configure:13822: checking whether to build static libraries
configure:13826: result: yes
configure:13849: checking how to run the C++ preprocessor
configure:13876: g++ -E  conftest.cpp
configure:13876: $? = 0
configure:13890: g++ -E  conftest.cpp
conftest.cpp:28:28: fatal error: ac_nonexistent.h: No such file or directory
compilation terminated.
configure:13890: $? = 1
configure: failed program was:
| /* confdefs.h */
| #define PACKAGE_NAME "openvswitch"
| #define PACKAGE_TARNAME "openvswitch"
| #define PACKAGE_VERSION "2.8.1"
| #define PACKAGE_STRING "openvswitch 2.8.1"
| #define PACKAGE_BUGREPORT "bugs@openvswitch.org"
| #define PACKAGE_URL ""
| #define PACKAGE "openvswitch"
| #define VERSION "2.8.1"
| #define STDC_HEADERS 1
| #define HAVE_SYS_TYPES_H 1
| #define HAVE_SYS_STAT_H 1
| #define HAVE_STDLIB_H 1
| #define HAVE_STRING_H 1
| #define HAVE_MEMORY_H 1
| #define HAVE_STRINGS_H 1
| #define HAVE_INTTYPES_H 1
| #define HAVE_STDINT_H 1
| #define HAVE_UNISTD_H 1
| #define __EXTENSIONS__ 1
| #define _ALL_SOURCE 1
| #define _GNU_SOURCE 1
| #define _POSIX_PTHREAD_SEMANTICS 1
| #define _TANDEM_SOURCE 1
| #define HAVE_DLFCN_H 1
| #define LT_OBJDIR ".libs/"
| /* end confdefs.h.  */
| #include <ac_nonexistent.h>
configure:13915: result: g++ -E
configure:13935: g++ -E  conftest.cpp
configure:13935: $? = 0
configure:13949: g++ -E  conftest.cpp
conftest.cpp:28:28: fatal error: ac_nonexistent.h: No such file or directory
compilation terminated.
configure:13949: $? = 1
configure: failed program was:
| /* confdefs.h */
| #define PACKAGE_NAME "openvswitch"
| #define PACKAGE_TARNAME "openvswitch"
| #define PACKAGE_VERSION "2.8.1"
| #define PACKAGE_STRING "openvswitch 2.8.1"
| #define PACKAGE_BUGREPORT "bugs@openvswitch.org"
| #define PACKAGE_URL ""
| #define PACKAGE "openvswitch"
| #define VERSION "2.8.1"
| #define STDC_HEADERS 1
| #define HAVE_SYS_TYPES_H 1
| #define HAVE_SYS_STAT_H 1
| #define HAVE_STDLIB_H 1
| #define HAVE_STRING_H 1
| #define HAVE_MEMORY_H 1
| #define HAVE_STRINGS_H 1
| #define HAVE_INTTYPES_H 1
| #define HAVE_STDINT_H 1
| #define HAVE_UNISTD_H 1
| #define __EXTENSIONS__ 1
| #define _ALL_SOURCE 1
| #define _GNU_SOURCE 1
| #define _POSIX_PTHREAD_SEMANTICS 1
| #define _TANDEM_SOURCE 1
| #define HAVE_DLFCN_H 1
| #define LT_OBJDIR ".libs/"
| /* end confdefs.h.  */
| #include <ac_nonexistent.h>
configure:14111: checking for ld used by g++
configure:14178: result: /usr/bin/ld -m elf_x86_64
configure:14185: checking if the linker (/usr/bin/ld -m elf_x86_64) is GNU ld
configure:14200: result: yes
configure:14255: checking whether the g++ linker (/usr/bin/ld -m elf_x86_64) supports shared libraries
configure:15328: result: yes
configure:15364: g++ -c -g -O2  conftest.cpp >&5
configure:15367: $? = 0
configure:15848: checking for g++ option to produce PIC
configure:15855: result: -fPIC -DPIC
configure:15863: checking if g++ PIC flag -fPIC -DPIC works
configure:15881: g++ -c -g -O2  -fPIC -DPIC -DPIC conftest.cpp >&5
configure:15885: $? = 0
configure:15898: result: yes
configure:15921: checking if g++ static flag -static works
configure:15949: result: yes
configure:15961: checking if g++ supports -c -o file.o
configure:15982: g++ -c -g -O2  -o out/conftest2.o conftest.cpp >&5
configure:15986: $? = 0
configure:16008: result: yes
configure:16013: checking if g++ supports -c -o file.o
configure:16060: result: yes
configure:16090: checking whether the g++ linker (/usr/bin/ld -m elf_x86_64) supports shared libraries
configure:16133: result: yes
configure:16274: checking dynamic linker characteristics
configure:17031: result: GNU/Linux ld.so
configure:17096: checking how to hardcode library paths into programs
configure:17121: result: immediate
configure:17218: checking for library containing pow
configure:17249: gcc -o conftest -g -O2   conftest.c  >&5
conftest.c:35:6: warning: conflicting types for built-in function 'pow'
 char pow ();
      ^
/tmp/ccTsQAtf.o: In function `main':
/home/nnambiar/SummerResearch/attack-resillence-sdn-nnambiar/openvswitch-2.8.1/conftest.c:39: undefined reference to `pow'
collect2: error: ld returned 1 exit status
configure:17249: $? = 1
configure: failed program was:
| /* confdefs.h */
| #define PACKAGE_NAME "openvswitch"
| #define PACKAGE_TARNAME "openvswitch"
| #define PACKAGE_VERSION "2.8.1"
| #define PACKAGE_STRING "openvswitch 2.8.1"
| #define PACKAGE_BUGREPORT "bugs@openvswitch.org"
| #define PACKAGE_URL ""
| #define PACKAGE "openvswitch"
| #define VERSION "2.8.1"
| #define STDC_HEADERS 1
| #define HAVE_SYS_TYPES_H 1
| #define HAVE_SYS_STAT_H 1
| #define HAVE_STDLIB_H 1
| #define HAVE_STRING_H 1
| #define HAVE_MEMORY_H 1
| #define HAVE_STRINGS_H 1
| #define HAVE_INTTYPES_H 1
| #define HAVE_STDINT_H 1
| #define HAVE_UNISTD_H 1
| #define __EXTENSIONS__ 1
| #define _ALL_SOURCE 1
| #define _GNU_SOURCE 1
| #define _POSIX_PTHREAD_SEMANTICS 1
| #define _TANDEM_SOURCE 1
| #define HAVE_DLFCN_H 1
| #define LT_OBJDIR ".libs/"
| /* end confdefs.h.  */
| 
| /* Override any GCC internal prototype to avoid an error.
|    Use char because int might match the return type of a GCC
|    builtin and then its argument prototype would still apply.  */
| #ifdef __cplusplus
| extern "C"
| #endif
| char pow ();
| int
| main ()
| {
| return pow ();
|   ;
|   return 0;
| }
configure:17249: gcc -o conftest -g -O2   conftest.c -lm   >&5
conftest.c:35:6: warning: conflicting types for built-in function 'pow'
 char pow ();
      ^
configure:17249: $? = 0
configure:17266: result: -lm
configure:17274: checking for library containing clock_gettime
configure:17305: gcc -o conftest -g -O2   conftest.c -lm  >&5
configure:17305: $? = 0
configure:17322: result: none required
configure:17330: checking for library containing timer_create
configure:17361: gcc -o conftest -g -O2   conftest.c -lm  >&5
/tmp/cc5Kocds.o: In function `main':
/home/nnambiar/SummerResearch/attack-resillence-sdn-nnambiar/openvswitch-2.8.1/conftest.c:39: undefined reference to `timer_create'
collect2: error: ld returned 1 exit status
configure:17361: $? = 1
configure: failed program was:
| /* confdefs.h */
| #define PACKAGE_NAME "openvswitch"
| #define PACKAGE_TARNAME "openvswitch"
| #define PACKAGE_VERSION "2.8.1"
| #define PACKAGE_STRING "openvswitch 2.8.1"
| #define PACKAGE_BUGREPORT "bugs@openvswitch.org"
| #define PACKAGE_URL ""
| #define PACKAGE "openvswitch"
| #define VERSION "2.8.1"
| #define STDC_HEADERS 1
| #define HAVE_SYS_TYPES_H 1
| #define HAVE_SYS_STAT_H 1
| #define HAVE_STDLIB_H 1
| #define HAVE_STRING_H 1
| #define HAVE_MEMORY_H 1
| #define HAVE_STRINGS_H 1
| #define HAVE_INTTYPES_H 1
| #define HAVE_STDINT_H 1
| #define HAVE_UNISTD_H 1
| #define __EXTENSIONS__ 1
| #define _ALL_SOURCE 1
| #define _GNU_SOURCE 1
| #define _POSIX_PTHREAD_SEMANTICS 1
| #define _TANDEM_SOURCE 1
| #define HAVE_DLFCN_H 1
| #define LT_OBJDIR ".libs/"
| /* end confdefs.h.  */
| 
| /* Override any GCC internal prototype to avoid an error.
|    Use char because int might match the return type of a GCC
|    builtin and then its argument prototype would still apply.  */
| #ifdef __cplusplus
| extern "C"
| #endif
| char timer_create ();
| int
| main ()
| {
| return timer_create ();
|   ;
|   return 0;
| }
configure:17361: gcc -o conftest -g -O2   conftest.c -lrt  -lm  >&5
configure:17361: $? = 0
configure:17378: result: -lrt
configure:17386: checking for library containing pthread_create
configure:17417: gcc -o conftest -g -O2   conftest.c -lrt -lm  >&5
/tmp/cc6wrQbA.o: In function `main':
/home/nnambiar/SummerResearch/attack-resillence-sdn-nnambiar/openvswitch-2.8.1/conftest.c:39: undefined reference to `pthread_create'
collect2: error: ld returned 1 exit status
configure:17417: $? = 1
configure: failed program was:
| /* confdefs.h */
| #define PACKAGE_NAME "openvswitch"
| #define PACKAGE_TARNAME "openvswitch"
| #define PACKAGE_VERSION "2.8.1"
| #define PACKAGE_STRING "openvswitch 2.8.1"
| #define PACKAGE_BUGREPORT "bugs@openvswitch.org"
| #define PACKAGE_URL ""
| #define PACKAGE "openvswitch"
| #define VERSION "2.8.1"
| #define STDC_HEADERS 1
| #define HAVE_SYS_TYPES_H 1
| #define HAVE_SYS_STAT_H 1
| #define HAVE_STDLIB_H 1
| #define HAVE_STRING_H 1
| #define HAVE_MEMORY_H 1
| #define HAVE_STRINGS_H 1
| #define HAVE_INTTYPES_H 1
| #define HAVE_STDINT_H 1
| #define HAVE_UNISTD_H 1
| #define __EXTENSIONS__ 1
| #define _ALL_SOURCE 1
| #define _GNU_SOURCE 1
| #define _POSIX_PTHREAD_SEMANTICS 1
| #define _TANDEM_SOURCE 1
| #define HAVE_DLFCN_H 1
| #define LT_OBJDIR ".libs/"
| /* end confdefs.h.  */
| 
| /* Override any GCC internal prototype to avoid an error.
|    Use char because int might match the return type of a GCC
|    builtin and then its argument prototype would still apply.  */
| #ifdef __cplusplus
| extern "C"
| #endif
| char pthread_create ();
| int
| main ()
| {
| return pthread_create ();
|   ;
|   return 0;
| }
configure:17417: gcc -o conftest -g -O2   conftest.c -lpthread  -lrt -lm  >&5
configure:17417: $? = 0
configure:17434: result: -lpthread
configure:17442: checking whether strerror_r is declared
configure:17442: gcc -c -g -O2  conftest.c >&5
configure:17442: $? = 0
configure:17442: result: yes
configure:17455: checking for strerror_r
configure:17455: gcc -o conftest -g -O2   conftest.c -lpthread -lrt -lm  >&5
configure:17455: $? = 0
configure:17455: result: yes
configure:17464: checking whether strerror_r returns char *
configure:17488: gcc -c -g -O2  conftest.c >&5
configure:17488: $? = 0
configure:17526: result: yes
configure:17535: checking vmware.h usability
configure:17535: gcc -c -g -O2  conftest.c >&5
conftest.c:64:20: fatal error: vmware.h: No such file or directory
compilation terminated.
configure:17535: $? = 1
configure: failed program was:
| /* confdefs.h */
| #define PACKAGE_NAME "openvswitch"
| #define PACKAGE_TARNAME "openvswitch"
| #define PACKAGE_VERSION "2.8.1"
| #define PACKAGE_STRING "openvswitch 2.8.1"
| #define PACKAGE_BUGREPORT "bugs@openvswitch.org"
| #define PACKAGE_URL ""
| #define PACKAGE "openvswitch"
| #define VERSION "2.8.1"
| #define STDC_HEADERS 1
| #define HAVE_SYS_TYPES_H 1
| #define HAVE_SYS_STAT_H 1
| #define HAVE_STDLIB_H 1
| #define HAVE_STRING_H 1
| #define HAVE_MEMORY_H 1
| #define HAVE_STRINGS_H 1
| #define HAVE_INTTYPES_H 1
| #define HAVE_STDINT_H 1
| #define HAVE_UNISTD_H 1
| #define __EXTENSIONS__ 1
| #define _ALL_SOURCE 1
| #define _GNU_SOURCE 1
| #define _POSIX_PTHREAD_SEMANTICS 1
| #define _TANDEM_SOURCE 1
| #define HAVE_DLFCN_H 1
| #define LT_OBJDIR ".libs/"
| #define HAVE_DECL_STRERROR_R 1
| #define HAVE_STRERROR_R 1
| #define STRERROR_R_CHAR_P 1
| /* end confdefs.h.  */
| #include <stdio.h>
| #ifdef HAVE_SYS_TYPES_H
| # include <sys/types.h>
| #endif
| #ifdef HAVE_SYS_STAT_H
| # include <sys/stat.h>
| #endif
| #ifdef STDC_HEADERS
| # include <stdlib.h>
| # include <stddef.h>
| #else
| # ifdef HAVE_STDLIB_H
| #  include <stdlib.h>
| # endif
| #endif
| #ifdef HAVE_STRING_H
| # if !defined STDC_HEADERS && defined HAVE_MEMORY_H
| #  include <memory.h>
| # endif
| # include <string.h>
| #endif
| #ifdef HAVE_STRINGS_H
| # include <strings.h>
| #endif
| #ifdef HAVE_INTTYPES_H
| # include <inttypes.h>
| #endif
| #ifdef HAVE_STDINT_H
| # include <stdint.h>
| #endif
| #ifdef HAVE_UNISTD_H
| # include <unistd.h>
| #endif
| #include <vmware.h>
configure:17535: result: no
configure:17535: checking vmware.h presence
configure:17535: gcc -E  conftest.c
conftest.c:31:20: fatal error: vmware.h: No such file or directory
compilation terminated.
configure:17535: $? = 1
configure: failed program was:
| /* confdefs.h */
| #define PACKAGE_NAME "openvswitch"
| #define PACKAGE_TARNAME "openvswitch"
| #define PACKAGE_VERSION "2.8.1"
| #define PACKAGE_STRING "openvswitch 2.8.1"
| #define PACKAGE_BUGREPORT "bugs@openvswitch.org"
| #define PACKAGE_URL ""
| #define PACKAGE "openvswitch"
| #define VERSION "2.8.1"
| #define STDC_HEADERS 1
| #define HAVE_SYS_TYPES_H 1
| #define HAVE_SYS_STAT_H 1
| #define HAVE_STDLIB_H 1
| #define HAVE_STRING_H 1
| #define HAVE_MEMORY_H 1
| #define HAVE_STRINGS_H 1
| #define HAVE_INTTYPES_H 1
| #define HAVE_STDINT_H 1
| #define HAVE_UNISTD_H 1
| #define __EXTENSIONS__ 1
| #define _ALL_SOURCE 1
| #define _GNU_SOURCE 1
| #define _POSIX_PTHREAD_SEMANTICS 1
| #define _TANDEM_SOURCE 1
| #define HAVE_DLFCN_H 1
| #define LT_OBJDIR ".libs/"
| #define HAVE_DECL_STRERROR_R 1
| #define HAVE_STRERROR_R 1
| #define STRERROR_R_CHAR_P 1
| /* end confdefs.h.  */
| #include <vmware.h>
configure:17535: result: no
configure:17535: checking for vmware.h
configure:17535: result: no
configure:17556: checking for MSVC x64 compiler
configure:17569: result: no
configure:17573: checking windows.h usability
configure:17573: gcc -c -g -O2  conftest.c >&5
conftest.c:64:21: fatal error: windows.h: No such file or directory
compilation terminated.
configure:17573: $? = 1
configure: failed program was:
| /* confdefs.h */
| #define PACKAGE_NAME "openvswitch"
| #define PACKAGE_TARNAME "openvswitch"
| #define PACKAGE_VERSION "2.8.1"
| #define PACKAGE_STRING "openvswitch 2.8.1"
| #define PACKAGE_BUGREPORT "bugs@openvswitch.org"
| #define PACKAGE_URL ""
| #define PACKAGE "openvswitch"
| #define VERSION "2.8.1"
| #define STDC_HEADERS 1
| #define HAVE_SYS_TYPES_H 1
| #define HAVE_SYS_STAT_H 1
| #define HAVE_STDLIB_H 1
| #define HAVE_STRING_H 1
| #define HAVE_MEMORY_H 1
| #define HAVE_STRINGS_H 1
| #define HAVE_INTTYPES_H 1
| #define HAVE_STDINT_H 1
| #define HAVE_UNISTD_H 1
| #define __EXTENSIONS__ 1
| #define _ALL_SOURCE 1
| #define _GNU_SOURCE 1
| #define _POSIX_PTHREAD_SEMANTICS 1
| #define _TANDEM_SOURCE 1
| #define HAVE_DLFCN_H 1
| #define LT_OBJDIR ".libs/"
| #define HAVE_DECL_STRERROR_R 1
| #define HAVE_STRERROR_R 1
| #define STRERROR_R_CHAR_P 1
| /* end confdefs.h.  */
| #include <stdio.h>
| #ifdef HAVE_SYS_TYPES_H
| # include <sys/types.h>
| #endif
| #ifdef HAVE_SYS_STAT_H
| # include <sys/stat.h>
| #endif
| #ifdef STDC_HEADERS
| # include <stdlib.h>
| # include <stddef.h>
| #else
| # ifdef HAVE_STDLIB_H
| #  include <stdlib.h>
| # endif
| #endif
| #ifdef HAVE_STRING_H
| # if !defined STDC_HEADERS && defined HAVE_MEMORY_H
| #  include <memory.h>
| # endif
| # include <string.h>
| #endif
| #ifdef HAVE_STRINGS_H
| # include <strings.h>
| #endif
| #ifdef HAVE_INTTYPES_H
| # include <inttypes.h>
| #endif
| #ifdef HAVE_STDINT_H
| # include <stdint.h>
| #endif
| #ifdef HAVE_UNISTD_H
| # include <unistd.h>
| #endif
| #include <windows.h>
configure:17573: result: no
configure:17573: checking windows.h presence
configure:17573: gcc -E  conftest.c
conftest.c:31:21: fatal error: windows.h: No such file or directory
compilation terminated.
configure:17573: $? = 1
configure: failed program was:
| /* confdefs.h */
| #define PACKAGE_NAME "openvswitch"
| #define PACKAGE_TARNAME "openvswitch"
| #define PACKAGE_VERSION "2.8.1"
| #define PACKAGE_STRING "openvswitch 2.8.1"
| #define PACKAGE_BUGREPORT "bugs@openvswitch.org"
| #define PACKAGE_URL ""
| #define PACKAGE "openvswitch"
| #define VERSION "2.8.1"
| #define STDC_HEADERS 1
| #define HAVE_SYS_TYPES_H 1
| #define HAVE_SYS_STAT_H 1
| #define HAVE_STDLIB_H 1
| #define HAVE_STRING_H 1
| #define HAVE_MEMORY_H 1
| #define HAVE_STRINGS_H 1
| #define HAVE_INTTYPES_H 1
| #define HAVE_STDINT_H 1
| #define HAVE_UNISTD_H 1
| #define __EXTENSIONS__ 1
| #define _ALL_SOURCE 1
| #define _GNU_SOURCE 1
| #define _POSIX_PTHREAD_SEMANTICS 1
| #define _TANDEM_SOURCE 1
| #define HAVE_DLFCN_H 1
| #define LT_OBJDIR ".libs/"
| #define HAVE_DECL_STRERROR_R 1
| #define HAVE_STRERROR_R 1
| #define STRERROR_R_CHAR_P 1
| /* end confdefs.h.  */
| #include <windows.h>
configure:17573: result: no
configure:17573: checking for windows.h
configure:17573: result: no
configure:17733: checking for linux/netlink.h
configure:17733: gcc -c -g -O2  conftest.c >&5
configure:17733: $? = 0
configure:17733: result: yes
configure:17789: checking for pkg-config
configure:17822: result: no
configure:17852: checking for openssl/ssl.h in /usr/local/ssl
configure:17867: result: no
configure:17852: checking for openssl/ssl.h in /usr/lib/ssl
configure:17867: result: no
configure:17852: checking for openssl/ssl.h in /usr/ssl
configure:17867: result: no
configure:17852: checking for openssl/ssl.h in /usr/pkg
configure:17867: result: no
configure:17852: checking for openssl/ssl.h in /usr/local
configure:17867: result: no
configure:17852: checking for openssl/ssl.h in /usr
configure:17863: result: yes
configure:17879: checking whether compiling and linking against OpenSSL works
Trying link with SSL_LDFLAGS=-L/usr/lib; SSL_LIBS=-lssl -lcrypto; SSL_INCLUDES=-I/usr/include
configure:17901: gcc -o conftest -g -O2 -I/usr/include   -L/usr/lib conftest.c -lssl -lcrypto -lpthread -lrt -lm  >&5
configure:17901: $? = 0
configure:17903: result: yes
configure:17970: checking for capng_clear in -lcap-ng
configure:17995: gcc -o conftest -g -O2   conftest.c -lcap-ng  -lpthread -lrt -lm  >&5
/usr/bin/ld: cannot find -lcap-ng
collect2: error: ld returned 1 exit status
configure:17995: $? = 1
configure: failed program was:
| /* confdefs.h */
| #define PACKAGE_NAME "openvswitch"
| #define PACKAGE_TARNAME "openvswitch"
| #define PACKAGE_VERSION "2.8.1"
| #define PACKAGE_STRING "openvswitch 2.8.1"
| #define PACKAGE_BUGREPORT "bugs@openvswitch.org"
| #define PACKAGE_URL ""
| #define PACKAGE "openvswitch"
| #define VERSION "2.8.1"
| #define STDC_HEADERS 1
| #define HAVE_SYS_TYPES_H 1
| #define HAVE_SYS_STAT_H 1
| #define HAVE_STDLIB_H 1
| #define HAVE_STRING_H 1
| #define HAVE_MEMORY_H 1
| #define HAVE_STRINGS_H 1
| #define HAVE_INTTYPES_H 1
| #define HAVE_STDINT_H 1
| #define HAVE_UNISTD_H 1
| #define __EXTENSIONS__ 1
| #define _ALL_SOURCE 1
| #define _GNU_SOURCE 1
| #define _POSIX_PTHREAD_SEMANTICS 1
| #define _TANDEM_SOURCE 1
| #define HAVE_DLFCN_H 1
| #define LT_OBJDIR ".libs/"
| #define HAVE_DECL_STRERROR_R 1
| #define HAVE_STRERROR_R 1
| #define STRERROR_R_CHAR_P 1
| #define VSTUDIO_DDK 1
| #define HAVE_NETLINK 1
| #define HAVE_OPENSSL 1
| /* end confdefs.h.  */
| 
| /* Override any GCC internal prototype to avoid an error.
|    Use char because int might match the return type of a GCC
|    builtin and then its argument prototype would still apply.  */
| #ifdef __cplusplus
| extern "C"
| #endif
| char capng_clear ();
| int
| main ()
| {
| return capng_clear ();
|   ;
|   return 0;
| }
configure:18004: result: no
configure:18018: WARNING: cannot find libcap-ng.
--user option will not be supported on Linux.
(you may use --disable-libcapng to suppress this warning). 
configure:18051: checking for Python 2.x for x >= 7
configure:18077: result: /usr/bin/python
configure:18102: checking whether /usr/bin/python has six library
configure:18107: result: yes
configure:18109: checking for Python 3.x for x >= 4
configure:18142: result: /usr/bin/python3
configure:18162: checking for flake8
configure:18173: result: no
configure:18183: checking for sphinx
configure:18194: result: no
configure:18204: checking for dot
configure:18215: result: yes
configure:18225: checking net/if_packet.h usability
configure:18225: gcc -c -g -O2  conftest.c >&5
configure:18225: $? = 0
configure:18225: result: yes
configure:18225: checking net/if_packet.h presence
configure:18225: gcc -E  conftest.c
configure:18225: $? = 0
configure:18225: result: yes
configure:18225: checking for net/if_packet.h
configure:18225: result: yes
configure:18246: checking net/if_dl.h usability
configure:18246: gcc -c -g -O2  conftest.c >&5
conftest.c:68:23: fatal error: net/if_dl.h: No such file or directory
compilation terminated.
configure:18246: $? = 1
configure: failed program was:
| /* confdefs.h */
| #define PACKAGE_NAME "openvswitch"
| #define PACKAGE_TARNAME "openvswitch"
| #define PACKAGE_VERSION "2.8.1"
| #define PACKAGE_STRING "openvswitch 2.8.1"
| #define PACKAGE_BUGREPORT "bugs@openvswitch.org"
| #define PACKAGE_URL ""
| #define PACKAGE "openvswitch"
| #define VERSION "2.8.1"
| #define STDC_HEADERS 1
| #define HAVE_SYS_TYPES_H 1
| #define HAVE_SYS_STAT_H 1
| #define HAVE_STDLIB_H 1
| #define HAVE_STRING_H 1
| #define HAVE_MEMORY_H 1
| #define HAVE_STRINGS_H 1
| #define HAVE_INTTYPES_H 1
| #define HAVE_STDINT_H 1
| #define HAVE_UNISTD_H 1
| #define __EXTENSIONS__ 1
| #define _ALL_SOURCE 1
| #define _GNU_SOURCE 1
| #define _POSIX_PTHREAD_SEMANTICS 1
| #define _TANDEM_SOURCE 1
| #define HAVE_DLFCN_H 1
| #define LT_OBJDIR ".libs/"
| #define HAVE_DECL_STRERROR_R 1
| #define HAVE_STRERROR_R 1
| #define STRERROR_R_CHAR_P 1
| #define VSTUDIO_DDK 1
| #define HAVE_NETLINK 1
| #define HAVE_OPENSSL 1
| #define HAVE_IF_PACKET 1
| /* end confdefs.h.  */
| #include <stdio.h>
| #ifdef HAVE_SYS_TYPES_H
| # include <sys/types.h>
| #endif
| #ifdef HAVE_SYS_STAT_H
| # include <sys/stat.h>
| #endif
| #ifdef STDC_HEADERS
| # include <stdlib.h>
| # include <stddef.h>
| #else
| # ifdef HAVE_STDLIB_H
| #  include <stdlib.h>
| # endif
| #endif
| #ifdef HAVE_STRING_H
| # if !defined STDC_HEADERS && defined HAVE_MEMORY_H
| #  include <memory.h>
| # endif
| # include <string.h>
| #endif
| #ifdef HAVE_STRINGS_H
| # include <strings.h>
| #endif
| #ifdef HAVE_INTTYPES_H
| # include <inttypes.h>
| #endif
| #ifdef HAVE_STDINT_H
| # include <stdint.h>
| #endif
| #ifdef HAVE_UNISTD_H
| # include <unistd.h>
| #endif
| #include <net/if_dl.h>
configure:18246: result: no
configure:18246: checking net/if_dl.h presence
configure:18246: gcc -E  conftest.c
conftest.c:35:23: fatal error: net/if_dl.h: No such file or directory
compilation terminated.
configure:18246: $? = 1
configure: failed program was:
| /* confdefs.h */
| #define PACKAGE_NAME "openvswitch"
| #define PACKAGE_TARNAME "openvswitch"
| #define PACKAGE_VERSION "2.8.1"
| #define PACKAGE_STRING "openvswitch 2.8.1"
| #define PACKAGE_BUGREPORT "bugs@openvswitch.org"
| #define PACKAGE_URL ""
| #define PACKAGE "openvswitch"
| #define VERSION "2.8.1"
| #define STDC_HEADERS 1
| #define HAVE_SYS_TYPES_H 1
| #define HAVE_SYS_STAT_H 1
| #define HAVE_STDLIB_H 1
| #define HAVE_STRING_H 1
| #define HAVE_MEMORY_H 1
| #define HAVE_STRINGS_H 1
| #define HAVE_INTTYPES_H 1
| #define HAVE_STDINT_H 1
| #define HAVE_UNISTD_H 1
| #define __EXTENSIONS__ 1
| #define _ALL_SOURCE 1
| #define _GNU_SOURCE 1
| #define _POSIX_PTHREAD_SEMANTICS 1
| #define _TANDEM_SOURCE 1
| #define HAVE_DLFCN_H 1
| #define LT_OBJDIR ".libs/"
| #define HAVE_DECL_STRERROR_R 1
| #define HAVE_STRERROR_R 1
| #define STRERROR_R_CHAR_P 1
| #define VSTUDIO_DDK 1
| #define HAVE_NETLINK 1
| #define HAVE_OPENSSL 1
| #define HAVE_IF_PACKET 1
| /* end confdefs.h.  */
| #include <net/if_dl.h>
configure:18246: result: no
configure:18246: checking for net/if_dl.h
configure:18246: result: no
configure:18325: checking whether strtok_r macro segfaults on some inputs
configure:18361: gcc -o conftest -g -O2   conftest.c -lpthread -lrt -lm  >&5
conftest.c: In function 'main':
conftest.c:52:28: warning: ignoring return value of 'freopen', declared with attribute warn_unused_result [-Wunused-result]
                            freopen ("/dev/null", "w", stdout);
                            ^
configure:18361: $? = 0
configure:18361: ./conftest
configure:18361: $? = 0
configure:18371: result: no
configure:18379: checking whether sys_siglist is declared
configure:18379: gcc -c -g -O2  conftest.c >&5
configure:18379: $? = 0
configure:18379: result: yes
configure:18391: checking for struct stat.st_mtim.tv_nsec
configure:18391: gcc -c -g -O2  conftest.c >&5
configure:18391: $? = 0
configure:18391: result: yes
configure:18401: checking for struct stat.st_mtimensec
configure:18401: gcc -c -g -O2  conftest.c >&5
conftest.c: In function 'main':
conftest.c:43:12: error: 'struct stat' has no member named 'st_mtimensec'
 if (ac_aggr.st_mtimensec)
            ^
configure:18401: $? = 1
configure: failed program was:
| /* confdefs.h */
| #define PACKAGE_NAME "openvswitch"
| #define PACKAGE_TARNAME "openvswitch"
| #define PACKAGE_VERSION "2.8.1"
| #define PACKAGE_STRING "openvswitch 2.8.1"
| #define PACKAGE_BUGREPORT "bugs@openvswitch.org"
| #define PACKAGE_URL ""
| #define PACKAGE "openvswitch"
| #define VERSION "2.8.1"
| #define STDC_HEADERS 1
| #define HAVE_SYS_TYPES_H 1
| #define HAVE_SYS_STAT_H 1
| #define HAVE_STDLIB_H 1
| #define HAVE_STRING_H 1
| #define HAVE_MEMORY_H 1
| #define HAVE_STRINGS_H 1
| #define HAVE_INTTYPES_H 1
| #define HAVE_STDINT_H 1
| #define HAVE_UNISTD_H 1
| #define __EXTENSIONS__ 1
| #define _ALL_SOURCE 1
| #define _GNU_SOURCE 1
| #define _POSIX_PTHREAD_SEMANTICS 1
| #define _TANDEM_SOURCE 1
| #define HAVE_DLFCN_H 1
| #define LT_OBJDIR ".libs/"
| #define HAVE_DECL_STRERROR_R 1
| #define HAVE_STRERROR_R 1
| #define STRERROR_R_CHAR_P 1
| #define VSTUDIO_DDK 1
| #define HAVE_NETLINK 1
| #define HAVE_OPENSSL 1
| #define HAVE_IF_PACKET 1
| #define HAVE_DECL_SYS_SIGLIST 1
| #define HAVE_STRUCT_STAT_ST_MTIM_TV_NSEC 1
| /* end confdefs.h.  */
| #include <sys/stat.h>
| 
| int
| main ()
| {
| static struct stat ac_aggr;
| if (ac_aggr.st_mtimensec)
| return 0;
|   ;
|   return 0;
| }
configure:18401: gcc -c -g -O2  conftest.c >&5
conftest.c: In function 'main':
conftest.c:43:19: error: 'struct stat' has no member named 'st_mtimensec'
 if (sizeof ac_aggr.st_mtimensec)
                   ^
configure:18401: $? = 1
configure: failed program was:
| /* confdefs.h */
| #define PACKAGE_NAME "openvswitch"
| #define PACKAGE_TARNAME "openvswitch"
| #define PACKAGE_VERSION "2.8.1"
| #define PACKAGE_STRING "openvswitch 2.8.1"
| #define PACKAGE_BUGREPORT "bugs@openvswitch.org"
| #define PACKAGE_URL ""
| #define PACKAGE "openvswitch"
| #define VERSION "2.8.1"
| #define STDC_HEADERS 1
| #define HAVE_SYS_TYPES_H 1
| #define HAVE_SYS_STAT_H 1
| #define HAVE_STDLIB_H 1
| #define HAVE_STRING_H 1
| #define HAVE_MEMORY_H 1
| #define HAVE_STRINGS_H 1
| #define HAVE_INTTYPES_H 1
| #define HAVE_STDINT_H 1
| #define HAVE_UNISTD_H 1
| #define __EXTENSIONS__ 1
| #define _ALL_SOURCE 1
| #define _GNU_SOURCE 1
| #define _POSIX_PTHREAD_SEMANTICS 1
| #define _TANDEM_SOURCE 1
| #define HAVE_DLFCN_H 1
| #define LT_OBJDIR ".libs/"
| #define HAVE_DECL_STRERROR_R 1
| #define HAVE_STRERROR_R 1
| #define STRERROR_R_CHAR_P 1
| #define VSTUDIO_DDK 1
| #define HAVE_NETLINK 1
| #define HAVE_OPENSSL 1
| #define HAVE_IF_PACKET 1
| #define HAVE_DECL_SYS_SIGLIST 1
| #define HAVE_STRUCT_STAT_ST_MTIM_TV_NSEC 1
| /* end confdefs.h.  */
| #include <sys/stat.h>
| 
| int
| main ()
| {
| static struct stat ac_aggr;
| if (sizeof ac_aggr.st_mtimensec)
| return 0;
|   ;
|   return 0;
| }
configure:18401: result: no
configure:18412: checking for struct ifreq.ifr_flagshigh
configure:18412: gcc -c -g -O2  conftest.c >&5
conftest.c: In function 'main':
conftest.c:43:12: error: 'struct ifreq' has no member named 'ifr_flagshigh'
 if (ac_aggr.ifr_flagshigh)
            ^
configure:18412: $? = 1
configure: failed program was:
| /* confdefs.h */
| #define PACKAGE_NAME "openvswitch"
| #define PACKAGE_TARNAME "openvswitch"
| #define PACKAGE_VERSION "2.8.1"
| #define PACKAGE_STRING "openvswitch 2.8.1"
| #define PACKAGE_BUGREPORT "bugs@openvswitch.org"
| #define PACKAGE_URL ""
| #define PACKAGE "openvswitch"
| #define VERSION "2.8.1"
| #define STDC_HEADERS 1
| #define HAVE_SYS_TYPES_H 1
| #define HAVE_SYS_STAT_H 1
| #define HAVE_STDLIB_H 1
| #define HAVE_STRING_H 1
| #define HAVE_MEMORY_H 1
| #define HAVE_STRINGS_H 1
| #define HAVE_INTTYPES_H 1
| #define HAVE_STDINT_H 1
| #define HAVE_UNISTD_H 1
| #define __EXTENSIONS__ 1
| #define _ALL_SOURCE 1
| #define _GNU_SOURCE 1
| #define _POSIX_PTHREAD_SEMANTICS 1
| #define _TANDEM_SOURCE 1
| #define HAVE_DLFCN_H 1
| #define LT_OBJDIR ".libs/"
| #define HAVE_DECL_STRERROR_R 1
| #define HAVE_STRERROR_R 1
| #define STRERROR_R_CHAR_P 1
| #define VSTUDIO_DDK 1
| #define HAVE_NETLINK 1
| #define HAVE_OPENSSL 1
| #define HAVE_IF_PACKET 1
| #define HAVE_DECL_SYS_SIGLIST 1
| #define HAVE_STRUCT_STAT_ST_MTIM_TV_NSEC 1
| /* end confdefs.h.  */
| #include <net/if.h>
| 
| int
| main ()
| {
| static struct ifreq ac_aggr;
| if (ac_aggr.ifr_flagshigh)
| return 0;
|   ;
|   return 0;
| }
configure:18412: gcc -c -g -O2  conftest.c >&5
conftest.c: In function 'main':
conftest.c:43:19: error: 'struct ifreq' has no member named 'ifr_flagshigh'
 if (sizeof ac_aggr.ifr_flagshigh)
                   ^
configure:18412: $? = 1
configure: failed program was:
| /* confdefs.h */
| #define PACKAGE_NAME "openvswitch"
| #define PACKAGE_TARNAME "openvswitch"
| #define PACKAGE_VERSION "2.8.1"
| #define PACKAGE_STRING "openvswitch 2.8.1"
| #define PACKAGE_BUGREPORT "bugs@openvswitch.org"
| #define PACKAGE_URL ""
| #define PACKAGE "openvswitch"
| #define VERSION "2.8.1"
| #define STDC_HEADERS 1
| #define HAVE_SYS_TYPES_H 1
| #define HAVE_SYS_STAT_H 1
| #define HAVE_STDLIB_H 1
| #define HAVE_STRING_H 1
| #define HAVE_MEMORY_H 1
| #define HAVE_STRINGS_H 1
| #define HAVE_INTTYPES_H 1
| #define HAVE_STDINT_H 1
| #define HAVE_UNISTD_H 1
| #define __EXTENSIONS__ 1
| #define _ALL_SOURCE 1
| #define _GNU_SOURCE 1
| #define _POSIX_PTHREAD_SEMANTICS 1
| #define _TANDEM_SOURCE 1
| #define HAVE_DLFCN_H 1
| #define LT_OBJDIR ".libs/"
| #define HAVE_DECL_STRERROR_R 1
| #define HAVE_STRERROR_R 1
| #define STRERROR_R_CHAR_P 1
| #define VSTUDIO_DDK 1
| #define HAVE_NETLINK 1
| #define HAVE_OPENSSL 1
| #define HAVE_IF_PACKET 1
| #define HAVE_DECL_SYS_SIGLIST 1
| #define HAVE_STRUCT_STAT_ST_MTIM_TV_NSEC 1
| /* end confdefs.h.  */
| #include <net/if.h>
| 
| int
| main ()
| {
| static struct ifreq ac_aggr;
| if (sizeof ac_aggr.ifr_flagshigh)
| return 0;
|   ;
|   return 0;
| }
configure:18412: result: no
configure:18423: checking for struct mmsghdr.msg_len
configure:18423: gcc -c -g -O2  conftest.c >&5
configure:18423: $? = 0
configure:18423: result: yes
configure:18434: checking for struct sockaddr_in6.sin6_scope_id
configure:18434: gcc -c -g -O2  conftest.c >&5
configure:18434: $? = 0
configure:18434: result: yes
configure:18449: checking for mlockall
configure:18449: gcc -o conftest -g -O2   conftest.c -lpthread -lrt -lm  >&5
configure:18449: $? = 0
configure:18449: result: yes
configure:18449: checking for strnlen
configure:18449: gcc -o conftest -g -O2   conftest.c -lpthread -lrt -lm  >&5
configure:18449: $? = 0
configure:18449: result: yes
configure:18449: checking for getloadavg
configure:18449: gcc -o conftest -g -O2   conftest.c -lpthread -lrt -lm  >&5
configure:18449: $? = 0
configure:18449: result: yes
configure:18449: checking for statvfs
configure:18449: gcc -o conftest -g -O2   conftest.c -lpthread -lrt -lm  >&5
configure:18449: $? = 0
configure:18449: result: yes
configure:18449: checking for getmntent_r
configure:18449: gcc -o conftest -g -O2   conftest.c -lpthread -lrt -lm  >&5
configure:18449: $? = 0
configure:18449: result: yes
configure:18449: checking for sendmmsg
configure:18449: gcc -o conftest -g -O2   conftest.c -lpthread -lrt -lm  >&5
configure:18449: $? = 0
configure:18449: result: yes
configure:18461: checking mntent.h usability
configure:18461: gcc -c -g -O2  conftest.c >&5
configure:18461: $? = 0
configure:18461: result: yes
configure:18461: checking mntent.h presence
configure:18461: gcc -E  conftest.c
configure:18461: $? = 0
configure:18461: result: yes
configure:18461: checking for mntent.h
configure:18461: result: yes
configure:18461: checking sys/statvfs.h usability
configure:18461: gcc -c -g -O2  conftest.c >&5
configure:18461: $? = 0
configure:18461: result: yes
configure:18461: checking sys/statvfs.h presence
configure:18461: gcc -E  conftest.c
configure:18461: $? = 0
configure:18461: result: yes
configure:18461: checking for sys/statvfs.h
configure:18461: result: yes
configure:18461: checking linux/types.h usability
configure:18461: gcc -c -g -O2  conftest.c >&5
configure:18461: $? = 0
configure:18461: result: yes
configure:18461: checking linux/types.h presence
configure:18461: gcc -E  conftest.c
configure:18461: $? = 0
configure:18461: result: yes
configure:18461: checking for linux/types.h
configure:18461: result: yes
configure:18461: checking linux/if_ether.h usability
configure:18461: gcc -c -g -O2  conftest.c >&5
configure:18461: $? = 0
configure:18461: result: yes
configure:18461: checking linux/if_ether.h presence
configure:18461: gcc -E  conftest.c
configure:18461: $? = 0
configure:18461: result: yes
configure:18461: checking for linux/if_ether.h
configure:18461: result: yes
configure:18461: checking stdatomic.h usability
configure:18461: gcc -c -g -O2  conftest.c >&5
configure:18461: $? = 0
configure:18461: result: yes
configure:18461: checking stdatomic.h presence
configure:18461: gcc -E  conftest.c
configure:18461: $? = 0
configure:18461: result: yes
configure:18461: checking for stdatomic.h
configure:18461: result: yes
configure:18473: checking for net/if_mib.h
configure:18473: gcc -c -g -O2  conftest.c >&5
conftest.c:53:24: fatal error: net/if_mib.h: No such file or directory
compilation terminated.
configure:18473: $? = 1
configure: failed program was:
| /* confdefs.h */
| #define PACKAGE_NAME "openvswitch"
| #define PACKAGE_TARNAME "openvswitch"
| #define PACKAGE_VERSION "2.8.1"
| #define PACKAGE_STRING "openvswitch 2.8.1"
| #define PACKAGE_BUGREPORT "bugs@openvswitch.org"
| #define PACKAGE_URL ""
| #define PACKAGE "openvswitch"
| #define VERSION "2.8.1"
| #define STDC_HEADERS 1
| #define HAVE_SYS_TYPES_H 1
| #define HAVE_SYS_STAT_H 1
| #define HAVE_STDLIB_H 1
| #define HAVE_STRING_H 1
| #define HAVE_MEMORY_H 1
| #define HAVE_STRINGS_H 1
| #define HAVE_INTTYPES_H 1
| #define HAVE_STDINT_H 1
| #define HAVE_UNISTD_H 1
| #define __EXTENSIONS__ 1
| #define _ALL_SOURCE 1
| #define _GNU_SOURCE 1
| #define _POSIX_PTHREAD_SEMANTICS 1
| #define _TANDEM_SOURCE 1
| #define HAVE_DLFCN_H 1
| #define LT_OBJDIR ".libs/"
| #define HAVE_DECL_STRERROR_R 1
| #define HAVE_STRERROR_R 1
| #define STRERROR_R_CHAR_P 1
| #define VSTUDIO_DDK 1
| #define HAVE_NETLINK 1
| #define HAVE_OPENSSL 1
| #define HAVE_IF_PACKET 1
| #define HAVE_DECL_SYS_SIGLIST 1
| #define HAVE_STRUCT_STAT_ST_MTIM_TV_NSEC 1
| #define HAVE_STRUCT_MMSGHDR_MSG_LEN 1
| #define HAVE_STRUCT_SOCKADDR_IN6_SIN6_SCOPE_ID 1
| #define HAVE_MLOCKALL 1
| #define HAVE_STRNLEN 1
| #define HAVE_GETLOADAVG 1
| #define HAVE_STATVFS 1
| #define HAVE_GETMNTENT_R 1
| #define HAVE_SENDMMSG 1
| #define HAVE_MNTENT_H 1
| #define HAVE_SYS_STATVFS_H 1
| #define HAVE_LINUX_TYPES_H 1
| #define HAVE_LINUX_IF_ETHER_H 1
| #define HAVE_STDATOMIC_H 1
| /* end confdefs.h.  */
| #include <sys/types.h>
| #include <net/if.h>
| 
| #include <net/if_mib.h>
configure:18473: result: no
configure:18513: checking for library containing backtrace
configure:18544: gcc -o conftest -g -O2   conftest.c -lpthread -lrt -lm  >&5
configure:18544: $? = 0
configure:18561: result: none required
configure:18573: checking linux/perf_event.h usability
configure:18573: gcc -c -g -O2  conftest.c >&5
configure:18573: $? = 0
configure:18573: result: yes
configure:18573: checking linux/perf_event.h presence
configure:18573: gcc -E  conftest.c
configure:18573: $? = 0
configure:18573: result: yes
configure:18573: checking for linux/perf_event.h
configure:18573: result: yes
configure:18585: checking valgrind/valgrind.h usability
configure:18585: gcc -c -g -O2  conftest.c >&5
conftest.c:85:31: fatal error: valgrind/valgrind.h: No such file or directory
compilation terminated.
configure:18585: $? = 1
configure: failed program was:
| /* confdefs.h */
| #define PACKAGE_NAME "openvswitch"
| #define PACKAGE_TARNAME "openvswitch"
| #define PACKAGE_VERSION "2.8.1"
| #define PACKAGE_STRING "openvswitch 2.8.1"
| #define PACKAGE_BUGREPORT "bugs@openvswitch.org"
| #define PACKAGE_URL ""
| #define PACKAGE "openvswitch"
| #define VERSION "2.8.1"
| #define STDC_HEADERS 1
| #define HAVE_SYS_TYPES_H 1
| #define HAVE_SYS_STAT_H 1
| #define HAVE_STDLIB_H 1
| #define HAVE_STRING_H 1
| #define HAVE_MEMORY_H 1
| #define HAVE_STRINGS_H 1
| #define HAVE_INTTYPES_H 1
| #define HAVE_STDINT_H 1
| #define HAVE_UNISTD_H 1
| #define __EXTENSIONS__ 1
| #define _ALL_SOURCE 1
| #define _GNU_SOURCE 1
| #define _POSIX_PTHREAD_SEMANTICS 1
| #define _TANDEM_SOURCE 1
| #define HAVE_DLFCN_H 1
| #define LT_OBJDIR ".libs/"
| #define HAVE_DECL_STRERROR_R 1
| #define HAVE_STRERROR_R 1
| #define STRERROR_R_CHAR_P 1
| #define VSTUDIO_DDK 1
| #define HAVE_NETLINK 1
| #define HAVE_OPENSSL 1
| #define HAVE_IF_PACKET 1
| #define HAVE_DECL_SYS_SIGLIST 1
| #define HAVE_STRUCT_STAT_ST_MTIM_TV_NSEC 1
| #define HAVE_STRUCT_MMSGHDR_MSG_LEN 1
| #define HAVE_STRUCT_SOCKADDR_IN6_SIN6_SCOPE_ID 1
| #define HAVE_MLOCKALL 1
| #define HAVE_STRNLEN 1
| #define HAVE_GETLOADAVG 1
| #define HAVE_STATVFS 1
| #define HAVE_GETMNTENT_R 1
| #define HAVE_SENDMMSG 1
| #define HAVE_MNTENT_H 1
| #define HAVE_SYS_STATVFS_H 1
| #define HAVE_LINUX_TYPES_H 1
| #define HAVE_LINUX_IF_ETHER_H 1
| #define HAVE_STDATOMIC_H 1
| #define HAVE_BACKTRACE 1
| #define HAVE_LINUX_PERF_EVENT_H 1
| /* end confdefs.h.  */
| #include <stdio.h>
| #ifdef HAVE_SYS_TYPES_H
| # include <sys/types.h>
| #endif
| #ifdef HAVE_SYS_STAT_H
| # include <sys/stat.h>
| #endif
| #ifdef STDC_HEADERS
| # include <stdlib.h>
| # include <stddef.h>
| #else
| # ifdef HAVE_STDLIB_H
| #  include <stdlib.h>
| # endif
| #endif
| #ifdef HAVE_STRING_H
| # if !defined STDC_HEADERS && defined HAVE_MEMORY_H
| #  include <memory.h>
| # endif
| # include <string.h>
| #endif
| #ifdef HAVE_STRINGS_H
| # include <strings.h>
| #endif
| #ifdef HAVE_INTTYPES_H
| # include <inttypes.h>
| #endif
| #ifdef HAVE_STDINT_H
| # include <stdint.h>
| #endif
| #ifdef HAVE_UNISTD_H
| # include <unistd.h>
| #endif
| #include <valgrind/valgrind.h>
configure:18585: result: no
configure:18585: checking valgrind/valgrind.h presence
configure:18585: gcc -E  conftest.c
conftest.c:52:31: fatal error: valgrind/valgrind.h: No such file or directory
compilation terminated.
configure:18585: $? = 1
configure: failed program was:
| /* confdefs.h */
| #define PACKAGE_NAME "openvswitch"
| #define PACKAGE_TARNAME "openvswitch"
| #define PACKAGE_VERSION "2.8.1"
| #define PACKAGE_STRING "openvswitch 2.8.1"
| #define PACKAGE_BUGREPORT "bugs@openvswitch.org"
| #define PACKAGE_URL ""
| #define PACKAGE "openvswitch"
| #define VERSION "2.8.1"
| #define STDC_HEADERS 1
| #define HAVE_SYS_TYPES_H 1
| #define HAVE_SYS_STAT_H 1
| #define HAVE_STDLIB_H 1
| #define HAVE_STRING_H 1
| #define HAVE_MEMORY_H 1
| #define HAVE_STRINGS_H 1
| #define HAVE_INTTYPES_H 1
| #define HAVE_STDINT_H 1
| #define HAVE_UNISTD_H 1
| #define __EXTENSIONS__ 1
| #define _ALL_SOURCE 1
| #define _GNU_SOURCE 1
| #define _POSIX_PTHREAD_SEMANTICS 1
| #define _TANDEM_SOURCE 1
| #define HAVE_DLFCN_H 1
| #define LT_OBJDIR ".libs/"
| #define HAVE_DECL_STRERROR_R 1
| #define HAVE_STRERROR_R 1
| #define STRERROR_R_CHAR_P 1
| #define VSTUDIO_DDK 1
| #define HAVE_NETLINK 1
| #define HAVE_OPENSSL 1
| #define HAVE_IF_PACKET 1
| #define HAVE_DECL_SYS_SIGLIST 1
| #define HAVE_STRUCT_STAT_ST_MTIM_TV_NSEC 1
| #define HAVE_STRUCT_MMSGHDR_MSG_LEN 1
| #define HAVE_STRUCT_SOCKADDR_IN6_SIN6_SCOPE_ID 1
| #define HAVE_MLOCKALL 1
| #define HAVE_STRNLEN 1
| #define HAVE_GETLOADAVG 1
| #define HAVE_STATVFS 1
| #define HAVE_GETMNTENT_R 1
| #define HAVE_SENDMMSG 1
| #define HAVE_MNTENT_H 1
| #define HAVE_SYS_STATVFS_H 1
| #define HAVE_LINUX_TYPES_H 1
| #define HAVE_LINUX_IF_ETHER_H 1
| #define HAVE_STDATOMIC_H 1
| #define HAVE_BACKTRACE 1
| #define HAVE_LINUX_PERF_EVENT_H 1
| /* end confdefs.h.  */
| #include <valgrind/valgrind.h>
configure:18585: result: no
configure:18585: checking for valgrind/valgrind.h
configure:18585: result: no
configure:18595: checking for connect in -lsocket
configure:18620: gcc -o conftest -g -O2   conftest.c -lsocket  -lpthread -lrt -lm  >&5
/usr/bin/ld: cannot find -lsocket
collect2: error: ld returned 1 exit status
configure:18620: $? = 1
configure: failed program was:
| /* confdefs.h */
| #define PACKAGE_NAME "openvswitch"
| #define PACKAGE_TARNAME "openvswitch"
| #define PACKAGE_VERSION "2.8.1"
| #define PACKAGE_STRING "openvswitch 2.8.1"
| #define PACKAGE_BUGREPORT "bugs@openvswitch.org"
| #define PACKAGE_URL ""
| #define PACKAGE "openvswitch"
| #define VERSION "2.8.1"
| #define STDC_HEADERS 1
| #define HAVE_SYS_TYPES_H 1
| #define HAVE_SYS_STAT_H 1
| #define HAVE_STDLIB_H 1
| #define HAVE_STRING_H 1
| #define HAVE_MEMORY_H 1
| #define HAVE_STRINGS_H 1
| #define HAVE_INTTYPES_H 1
| #define HAVE_STDINT_H 1
| #define HAVE_UNISTD_H 1
| #define __EXTENSIONS__ 1
| #define _ALL_SOURCE 1
| #define _GNU_SOURCE 1
| #define _POSIX_PTHREAD_SEMANTICS 1
| #define _TANDEM_SOURCE 1
| #define HAVE_DLFCN_H 1
| #define LT_OBJDIR ".libs/"
| #define HAVE_DECL_STRERROR_R 1
| #define HAVE_STRERROR_R 1
| #define STRERROR_R_CHAR_P 1
| #define VSTUDIO_DDK 1
| #define HAVE_NETLINK 1
| #define HAVE_OPENSSL 1
| #define HAVE_IF_PACKET 1
| #define HAVE_DECL_SYS_SIGLIST 1
| #define HAVE_STRUCT_STAT_ST_MTIM_TV_NSEC 1
| #define HAVE_STRUCT_MMSGHDR_MSG_LEN 1
| #define HAVE_STRUCT_SOCKADDR_IN6_SIN6_SCOPE_ID 1
| #define HAVE_MLOCKALL 1
| #define HAVE_STRNLEN 1
| #define HAVE_GETLOADAVG 1
| #define HAVE_STATVFS 1
| #define HAVE_GETMNTENT_R 1
| #define HAVE_SENDMMSG 1
| #define HAVE_MNTENT_H 1
| #define HAVE_SYS_STATVFS_H 1
| #define HAVE_LINUX_TYPES_H 1
| #define HAVE_LINUX_IF_ETHER_H 1
| #define HAVE_STDATOMIC_H 1
| #define HAVE_BACKTRACE 1
| #define HAVE_LINUX_PERF_EVENT_H 1
| /* end confdefs.h.  */
| 
| /* Override any GCC internal prototype to avoid an error.
|    Use char because int might match the return type of a GCC
|    builtin and then its argument prototype would still apply.  */
| #ifdef __cplusplus
| extern "C"
| #endif
| char connect ();
| int
| main ()
| {
| return connect ();
|   ;
|   return 0;
| }
configure:18629: result: no
configure:18640: checking for library containing gethostbyname
configure:18671: gcc -o conftest -g -O2   conftest.c -lpthread -lrt -lm  >&5
configure:18671: $? = 0
configure:18688: result: none required
configure:18696: checking XenServer release
configure:18708: result: none
configure:18720: checking for groff
configure:18731: result: yes
configure:18741: checking whether gcc has <threads.h> that supports thread_local
configure:18758: gcc -o conftest -g -O2   conftest.c -lpthread -lrt -lm  >&5
conftest.c:52:21: fatal error: threads.h: No such file or directory
compilation terminated.
configure:18758: $? = 1
configure: failed program was:
| /* confdefs.h */
| #define PACKAGE_NAME "openvswitch"
| #define PACKAGE_TARNAME "openvswitch"
| #define PACKAGE_VERSION "2.8.1"
| #define PACKAGE_STRING "openvswitch 2.8.1"
| #define PACKAGE_BUGREPORT "bugs@openvswitch.org"
| #define PACKAGE_URL ""
| #define PACKAGE "openvswitch"
| #define VERSION "2.8.1"
| #define STDC_HEADERS 1
| #define HAVE_SYS_TYPES_H 1
| #define HAVE_SYS_STAT_H 1
| #define HAVE_STDLIB_H 1
| #define HAVE_STRING_H 1
| #define HAVE_MEMORY_H 1
| #define HAVE_STRINGS_H 1
| #define HAVE_INTTYPES_H 1
| #define HAVE_STDINT_H 1
| #define HAVE_UNISTD_H 1
| #define __EXTENSIONS__ 1
| #define _ALL_SOURCE 1
| #define _GNU_SOURCE 1
| #define _POSIX_PTHREAD_SEMANTICS 1
| #define _TANDEM_SOURCE 1
| #define HAVE_DLFCN_H 1
| #define LT_OBJDIR ".libs/"
| #define HAVE_DECL_STRERROR_R 1
| #define HAVE_STRERROR_R 1
| #define STRERROR_R_CHAR_P 1
| #define VSTUDIO_DDK 1
| #define HAVE_NETLINK 1
| #define HAVE_OPENSSL 1
| #define HAVE_IF_PACKET 1
| #define HAVE_DECL_SYS_SIGLIST 1
| #define HAVE_STRUCT_STAT_ST_MTIM_TV_NSEC 1
| #define HAVE_STRUCT_MMSGHDR_MSG_LEN 1
| #define HAVE_STRUCT_SOCKADDR_IN6_SIN6_SCOPE_ID 1
| #define HAVE_MLOCKALL 1
| #define HAVE_STRNLEN 1
| #define HAVE_GETLOADAVG 1
| #define HAVE_STATVFS 1
| #define HAVE_GETMNTENT_R 1
| #define HAVE_SENDMMSG 1
| #define HAVE_MNTENT_H 1
| #define HAVE_SYS_STATVFS_H 1
| #define HAVE_LINUX_TYPES_H 1
| #define HAVE_LINUX_IF_ETHER_H 1
| #define HAVE_STDATOMIC_H 1
| #define HAVE_BACKTRACE 1
| #define HAVE_LINUX_PERF_EVENT_H 1
| /* end confdefs.h.  */
| #include <threads.h>
| static thread_local int var;
| int
| main ()
| {
| return var;
|   ;
|   return 0;
| }
configure:18766: result: no
configure:18773: checking whether gcc supports __thread
configure:18789: gcc -o conftest -g -O2   conftest.c -lpthread -lrt -lm  >&5
configure:18789: $? = 0
configure:18797: result: yes
configure:18805: checking for library containing __atomic_load_8
configure:18836: gcc -o conftest -g -O2   conftest.c -lpthread -lrt -lm  >&5
conftest.c:60:6: warning: conflicting types for built-in function '__atomic_load_8'
 char __atomic_load_8 ();
      ^
/tmp/cc34FNBs.o: In function `main':
/home/nnambiar/SummerResearch/attack-resillence-sdn-nnambiar/openvswitch-2.8.1/conftest.c:64: undefined reference to `__atomic_load_8'
collect2: error: ld returned 1 exit status
configure:18836: $? = 1
configure: failed program was:
| /* confdefs.h */
| #define PACKAGE_NAME "openvswitch"
| #define PACKAGE_TARNAME "openvswitch"
| #define PACKAGE_VERSION "2.8.1"
| #define PACKAGE_STRING "openvswitch 2.8.1"
| #define PACKAGE_BUGREPORT "bugs@openvswitch.org"
| #define PACKAGE_URL ""
| #define PACKAGE "openvswitch"
| #define VERSION "2.8.1"
| #define STDC_HEADERS 1
| #define HAVE_SYS_TYPES_H 1
| #define HAVE_SYS_STAT_H 1
| #define HAVE_STDLIB_H 1
| #define HAVE_STRING_H 1
| #define HAVE_MEMORY_H 1
| #define HAVE_STRINGS_H 1
| #define HAVE_INTTYPES_H 1
| #define HAVE_STDINT_H 1
| #define HAVE_UNISTD_H 1
| #define __EXTENSIONS__ 1
| #define _ALL_SOURCE 1
| #define _GNU_SOURCE 1
| #define _POSIX_PTHREAD_SEMANTICS 1
| #define _TANDEM_SOURCE 1
| #define HAVE_DLFCN_H 1
| #define LT_OBJDIR ".libs/"
| #define HAVE_DECL_STRERROR_R 1
| #define HAVE_STRERROR_R 1
| #define STRERROR_R_CHAR_P 1
| #define VSTUDIO_DDK 1
| #define HAVE_NETLINK 1
| #define HAVE_OPENSSL 1
| #define HAVE_IF_PACKET 1
| #define HAVE_DECL_SYS_SIGLIST 1
| #define HAVE_STRUCT_STAT_ST_MTIM_TV_NSEC 1
| #define HAVE_STRUCT_MMSGHDR_MSG_LEN 1
| #define HAVE_STRUCT_SOCKADDR_IN6_SIN6_SCOPE_ID 1
| #define HAVE_MLOCKALL 1
| #define HAVE_STRNLEN 1
| #define HAVE_GETLOADAVG 1
| #define HAVE_STATVFS 1
| #define HAVE_GETMNTENT_R 1
| #define HAVE_SENDMMSG 1
| #define HAVE_MNTENT_H 1
| #define HAVE_SYS_STATVFS_H 1
| #define HAVE_LINUX_TYPES_H 1
| #define HAVE_LINUX_IF_ETHER_H 1
| #define HAVE_STDATOMIC_H 1
| #define HAVE_BACKTRACE 1
| #define HAVE_LINUX_PERF_EVENT_H 1
| #define HAVE___THREAD 1
| /* end confdefs.h.  */
| 
| /* Override any GCC internal prototype to avoid an error.
|    Use char because int might match the return type of a GCC
|    builtin and then its argument prototype would still apply.  */
| #ifdef __cplusplus
| extern "C"
| #endif
| char __atomic_load_8 ();
| int
| main ()
| {
| return __atomic_load_8 ();
|   ;
|   return 0;
| }
configure:18836: gcc -o conftest -g -O2   conftest.c -latomic  -lpthread -lrt -lm  >&5
conftest.c:60:6: warning: conflicting types for built-in function '__atomic_load_8'
 char __atomic_load_8 ();
      ^
configure:18836: $? = 0
configure:18853: result: -latomic
configure:18861: checking whether gcc supports GCC 4.0+ atomic built-ins
configure:18928: gcc -o conftest -g -O2   conftest.c -latomic -lpthread -lrt -lm  >&5
configure:18928: $? = 0
configure:18936: result: yes
configure:18943: checking value of __atomic_always_lock_free(1)
configure:18948: gcc -o conftest -g -O2   conftest.c -latomic -lpthread -lrt -lm  >&5
configure:18948: $? = 0
configure:18948: ./conftest
configure:18948: $? = 0
configure:18955: result: 1
configure:18964: checking value of __atomic_always_lock_free(2)
configure:18969: gcc -o conftest -g -O2   conftest.c -latomic -lpthread -lrt -lm  >&5
configure:18969: $? = 0
configure:18969: ./conftest
configure:18969: $? = 0
configure:18976: result: 1
configure:18985: checking value of __atomic_always_lock_free(4)
configure:18990: gcc -o conftest -g -O2   conftest.c -latomic -lpthread -lrt -lm  >&5
configure:18990: $? = 0
configure:18990: ./conftest
configure:18990: $? = 0
configure:18997: result: 1
configure:19006: checking value of __atomic_always_lock_free(8)
configure:19011: gcc -o conftest -g -O2   conftest.c -latomic -lpthread -lrt -lm  >&5
configure:19011: $? = 0
configure:19011: ./conftest
configure:19011: $? = 0
configure:19018: result: 1
configure:19027: checking for library containing aio_write
configure:19058: gcc -o conftest -g -O2   conftest.c -latomic -lpthread -lrt -lm  >&5
configure:19058: $? = 0
configure:19075: result: none required
configure:19093: checking for pthread_set_name_np
configure:19093: gcc -o conftest -g -O2   conftest.c -latomic -lpthread -lrt -lm  >&5
/tmp/ccTuhJih.o: In function `main':
/home/nnambiar/SummerResearch/attack-resillence-sdn-nnambiar/openvswitch-2.8.1/conftest.c:92: undefined reference to `pthread_set_name_np'
collect2: error: ld returned 1 exit status
configure:19093: $? = 1
configure: failed program was:
| /* confdefs.h */
| #define PACKAGE_NAME "openvswitch"
| #define PACKAGE_TARNAME "openvswitch"
| #define PACKAGE_VERSION "2.8.1"
| #define PACKAGE_STRING "openvswitch 2.8.1"
| #define PACKAGE_BUGREPORT "bugs@openvswitch.org"
| #define PACKAGE_URL ""
| #define PACKAGE "openvswitch"
| #define VERSION "2.8.1"
| #define STDC_HEADERS 1
| #define HAVE_SYS_TYPES_H 1
| #define HAVE_SYS_STAT_H 1
| #define HAVE_STDLIB_H 1
| #define HAVE_STRING_H 1
| #define HAVE_MEMORY_H 1
| #define HAVE_STRINGS_H 1
| #define HAVE_INTTYPES_H 1
| #define HAVE_STDINT_H 1
| #define HAVE_UNISTD_H 1
| #define __EXTENSIONS__ 1
| #define _ALL_SOURCE 1
| #define _GNU_SOURCE 1
| #define _POSIX_PTHREAD_SEMANTICS 1
| #define _TANDEM_SOURCE 1
| #define HAVE_DLFCN_H 1
| #define LT_OBJDIR ".libs/"
| #define HAVE_DECL_STRERROR_R 1
| #define HAVE_STRERROR_R 1
| #define STRERROR_R_CHAR_P 1
| #define VSTUDIO_DDK 1
| #define HAVE_NETLINK 1
| #define HAVE_OPENSSL 1
| #define HAVE_IF_PACKET 1
| #define HAVE_DECL_SYS_SIGLIST 1
| #define HAVE_STRUCT_STAT_ST_MTIM_TV_NSEC 1
| #define HAVE_STRUCT_MMSGHDR_MSG_LEN 1
| #define HAVE_STRUCT_SOCKADDR_IN6_SIN6_SCOPE_ID 1
| #define HAVE_MLOCKALL 1
| #define HAVE_STRNLEN 1
| #define HAVE_GETLOADAVG 1
| #define HAVE_STATVFS 1
| #define HAVE_GETMNTENT_R 1
| #define HAVE_SENDMMSG 1
| #define HAVE_MNTENT_H 1
| #define HAVE_SYS_STATVFS_H 1
| #define HAVE_LINUX_TYPES_H 1
| #define HAVE_LINUX_IF_ETHER_H 1
| #define HAVE_STDATOMIC_H 1
| #define HAVE_BACKTRACE 1
| #define HAVE_LINUX_PERF_EVENT_H 1
| #define HAVE___THREAD 1
| #define HAVE_GCC4_ATOMICS 1
| #define ATOMIC_ALWAYS_LOCK_FREE_1B 1
| #define ATOMIC_ALWAYS_LOCK_FREE_2B 1
| #define ATOMIC_ALWAYS_LOCK_FREE_4B 1
| #define ATOMIC_ALWAYS_LOCK_FREE_8B 1
| /* end confdefs.h.  */
| /* Define pthread_set_name_np to an innocuous variant, in case <limits.h> declares pthread_set_name_np.
|    For example, HP-UX 11i <limits.h> declares gettimeofday.  */
| #define pthread_set_name_np innocuous_pthread_set_name_np
| 
| /* System header to define __stub macros and hopefully few prototypes,
|     which can conflict with char pthread_set_name_np (); below.
|     Prefer <limits.h> to <assert.h> if __STDC__ is defined, since
|     <limits.h> exists even on freestanding compilers.  */
| 
| #ifdef __STDC__
| # include <limits.h>
| #else
| # include <assert.h>
| #endif
| 
| #undef pthread_set_name_np
| 
| /* Override any GCC internal prototype to avoid an error.
|    Use char because int might match the return type of a GCC
|    builtin and then its argument prototype would still apply.  */
| #ifdef __cplusplus
| extern "C"
| #endif
| char pthread_set_name_np ();
| /* The GNU C library defines this for functions which it implements
|     to always fail with ENOSYS.  Some functions are actually named
|     something starting with __ and the normal name is an alias.  */
| #if defined __stub_pthread_set_name_np || defined __stub___pthread_set_name_np
| choke me
| #endif
| 
| int
| main ()
| {
| return pthread_set_name_np ();
|   ;
|   return 0;
| }
configure:19093: result: no
configure:19103: checking for pthread_setname_np() variant
configure:19120: gcc -o conftest -g -O2   conftest.c -latomic -lpthread -lrt -lm  >&5
configure:19120: $? = 0
configure:19146: result: glibc
configure:19161: checking whether __linux__ is defined
configure:19177: gcc -c -g -O2  conftest.c >&5
configure:19177: $? = 0
configure:19184: result: true
configure:19194: checking linker output version information
configure:19202: result: libX-2.8.so.0.0.1)
configure:19232: checking whether g++ supports C++11 features by default
configure:19526: g++ -c -g -O2  conftest.cpp >&5
conftest.cpp:70:2: error: #error "This is not a C++11 compiler"
 #error "This is not a C++11 compiler"
  ^
configure:19526: $? = 1
configure: failed program was:
| /* confdefs.h */
| #define PACKAGE_NAME "openvswitch"
| #define PACKAGE_TARNAME "openvswitch"
| #define PACKAGE_VERSION "2.8.1"
| #define PACKAGE_STRING "openvswitch 2.8.1"
| #define PACKAGE_BUGREPORT "bugs@openvswitch.org"
| #define PACKAGE_URL ""
| #define PACKAGE "openvswitch"
| #define VERSION "2.8.1"
| #define STDC_HEADERS 1
| #define HAVE_SYS_TYPES_H 1
| #define HAVE_SYS_STAT_H 1
| #define HAVE_STDLIB_H 1
| #define HAVE_STRING_H 1
| #define HAVE_MEMORY_H 1
| #define HAVE_STRINGS_H 1
| #define HAVE_INTTYPES_H 1
| #define HAVE_STDINT_H 1
| #define HAVE_UNISTD_H 1
| #define __EXTENSIONS__ 1
| #define _ALL_SOURCE 1
| #define _GNU_SOURCE 1
| #define _POSIX_PTHREAD_SEMANTICS 1
| #define _TANDEM_SOURCE 1
| #define HAVE_DLFCN_H 1
| #define LT_OBJDIR ".libs/"
| #define HAVE_DECL_STRERROR_R 1
| #define HAVE_STRERROR_R 1
| #define STRERROR_R_CHAR_P 1
| #define VSTUDIO_DDK 1
| #define HAVE_NETLINK 1
| #define HAVE_OPENSSL 1
| #define HAVE_IF_PACKET 1
| #define HAVE_DECL_SYS_SIGLIST 1
| #define HAVE_STRUCT_STAT_ST_MTIM_TV_NSEC 1
| #define HAVE_STRUCT_MMSGHDR_MSG_LEN 1
| #define HAVE_STRUCT_SOCKADDR_IN6_SIN6_SCOPE_ID 1
| #define HAVE_MLOCKALL 1
| #define HAVE_STRNLEN 1
| #define HAVE_GETLOADAVG 1
| #define HAVE_STATVFS 1
| #define HAVE_GETMNTENT_R 1
| #define HAVE_SENDMMSG 1
| #define HAVE_MNTENT_H 1
| #define HAVE_SYS_STATVFS_H 1
| #define HAVE_LINUX_TYPES_H 1
| #define HAVE_LINUX_IF_ETHER_H 1
| #define HAVE_STDATOMIC_H 1
| #define HAVE_BACKTRACE 1
| #define HAVE_LINUX_PERF_EVENT_H 1
| #define HAVE___THREAD 1
| #define HAVE_GCC4_ATOMICS 1
| #define ATOMIC_ALWAYS_LOCK_FREE_1B 1
| #define ATOMIC_ALWAYS_LOCK_FREE_2B 1
| #define ATOMIC_ALWAYS_LOCK_FREE_4B 1
| #define ATOMIC_ALWAYS_LOCK_FREE_8B 1
| #define HAVE_GLIBC_PTHREAD_SETNAME_NP 1
| /* end confdefs.h.  */
| 
| 
| // If the compiler admits that it is not ready for C++11, why torture it?
| // Hopefully, this will speed up the test.
| 
| #ifndef __cplusplus
| 
| #error "This is not a C++ compiler"
| 
| #elif __cplusplus < 201103L
| 
| #error "This is not a C++11 compiler"
| 
| #else
| 
| namespace cxx11
| {
| 
|   namespace test_static_assert
|   {
| 
|     template <typename T>
|     struct check
|     {
|       static_assert(sizeof(int) <= sizeof(T), "not big enough");
|     };
| 
|   }
| 
|   namespace test_final_override
|   {
| 
|     struct Base
|     {
|       virtual void f() {}
|     };
| 
|     struct Derived : public Base
|     {
|       virtual void f() override {}
|     };
| 
|   }
| 
|   namespace test_double_right_angle_brackets
|   {
| 
|     template < typename T >
|     struct check {};
| 
|     typedef check<void> single_type;
|     typedef check<check<void>> double_type;
|     typedef check<check<check<void>>> triple_type;
|     typedef check<check<check<check<void>>>> quadruple_type;
| 
|   }
| 
|   namespace test_decltype
|   {
| 
|     int
|     f()
|     {
|       int a = 1;
|       decltype(a) b = 2;
|       return a + b;
|     }
| 
|   }
| 
|   namespace test_type_deduction
|   {
| 
|     template < typename T1, typename T2 >
|     struct is_same
|     {
|       static const bool value = false;
|     };
| 
|     template < typename T >
|     struct is_same<T, T>
|     {
|       static const bool value = true;
|     };
| 
|     template < typename T1, typename T2 >
|     auto
|     add(T1 a1, T2 a2) -> decltype(a1 + a2)
|     {
|       return a1 + a2;
|     }
| 
|     int
|     test(const int c, volatile int v)
|     {
|       static_assert(is_same<int, decltype(0)>::value == true, "");
|       static_assert(is_same<int, decltype(c)>::value == false, "");
|       static_assert(is_same<int, decltype(v)>::value == false, "");
|       auto ac = c;
|       auto av = v;
|       auto sumi = ac + av + 'x';
|       auto sumf = ac + av + 1.0;
|       static_assert(is_same<int, decltype(ac)>::value == true, "");
|       static_assert(is_same<int, decltype(av)>::value == true, "");
|       static_assert(is_same<int, decltype(sumi)>::value == true, "");
|       static_assert(is_same<int, decltype(sumf)>::value == false, "");
|       static_assert(is_same<int, decltype(add(c, v))>::value == true, "");
|       return (sumf > 0.0) ? sumi : add(c, v);
|     }
| 
|   }
| 
|   namespace test_noexcept
|   {
| 
|     int f() { return 0; }
|     int g() noexcept { return 0; }
| 
|     static_assert(noexcept(f()) == false, "");
|     static_assert(noexcept(g()) == true, "");
| 
|   }
| 
|   namespace test_constexpr
|   {
| 
|     template < typename CharT >
|     unsigned long constexpr
|     strlen_c_r(const CharT *const s, const unsigned long acc) noexcept
|     {
|       return *s ? strlen_c_r(s + 1, acc + 1) : acc;
|     }
| 
|     template < typename CharT >
|     unsigned long constexpr
|     strlen_c(const CharT *const s) noexcept
|     {
|       return strlen_c_r(s, 0UL);
|     }
| 
|     static_assert(strlen_c("") == 0UL, "");
|     static_assert(strlen_c("1") == 1UL, "");
|     static_assert(strlen_c("example") == 7UL, "");
|     static_assert(strlen_c("another\0example") == 7UL, "");
| 
|   }
| 
|   namespace test_rvalue_references
|   {
| 
|     template < int N >
|     struct answer
|     {
|       static constexpr int value = N;
|     };
| 
|     answer<1> f(int&)       { return answer<1>(); }
|     answer<2> f(const int&) { return answer<2>(); }
|     answer<3> f(int&&)      { return answer<3>(); }
| 
|     void
|     test()
|     {
|       int i = 0;
|       const int c = 0;
|       static_assert(decltype(f(i))::value == 1, "");
|       static_assert(decltype(f(c))::value == 2, "");
|       static_assert(decltype(f(0))::value == 3, "");
|     }
| 
|   }
| 
|   namespace test_uniform_initialization
|   {
| 
|     struct test
|     {
|       static const int zero {};
|       static const int one {1};
|     };
| 
|     static_assert(test::zero == 0, "");
|     static_assert(test::one == 1, "");
| 
|   }
| 
|   namespace test_lambdas
|   {
| 
|     void
|     test1()
|     {
|       auto lambda1 = [](){};
|       auto lambda2 = lambda1;
|       lambda1();
|       lambda2();
|     }
| 
|     int
|     test2()
|     {
|       auto a = [](int i, int j){ return i + j; }(1, 2);
|       auto b = []() -> int { return '0'; }();
|       auto c = [=](){ return a + b; }();
|       auto d = [&](){ return c; }();
|       auto e = [a, &b](int x) mutable {
|         const auto identity = [](int y){ return y; };
|         for (auto i = 0; i < a; ++i)
|           a += b--;
|         return x + identity(a + b);
|       }(0);
|       return a + b + c + d + e;
|     }
| 
|     int
|     test3()
|     {
|       const auto nullary = [](){ return 0; };
|       const auto unary = [](int x){ return x; };
|       using nullary_t = decltype(nullary);
|       using unary_t = decltype(unary);
|       const auto higher1st = [](nullary_t f){ return f(); };
|       const auto higher2nd = [unary](nullary_t f1){
|         return [unary, f1](unary_t f2){ return f2(unary(f1())); };
|       };
|       return higher1st(nullary) + higher2nd(nullary)(unary);
|     }
| 
|   }
| 
|   namespace test_variadic_templates
|   {
| 
|     template <int...>
|     struct sum;
| 
|     template <int N0, int... N1toN>
|     struct sum<N0, N1toN...>
|     {
|       static constexpr auto value = N0 + sum<N1toN...>::value;
|     };
| 
|     template <>
|     struct sum<>
|     {
|       static constexpr auto value = 0;
|     };
| 
|     static_assert(sum<>::value == 0, "");
|     static_assert(sum<1>::value == 1, "");
|     static_assert(sum<23>::value == 23, "");
|     static_assert(sum<1, 2>::value == 3, "");
|     static_assert(sum<5, 5, 11>::value == 21, "");
|     static_assert(sum<2, 3, 5, 7, 11, 13>::value == 41, "");
| 
|   }
| 
|   // http://stackoverflow.com/questions/13728184/template-aliases-and-sfinae
|   // Clang 3.1 fails with headers of libstd++ 4.8.3 when using std::function
|   // because of this.
|   namespace test_template_alias_sfinae
|   {
| 
|     struct foo {};
| 
|     template<typename T>
|     using member = typename T::member_type;
| 
|     template<typename T>
|     void func(...) {}
| 
|     template<typename T>
|     void func(member<T>*) {}
| 
|     void test();
| 
|     void test() { func<foo>(0); }
| 
|   }
| 
| }  // namespace cxx11
| 
| #endif  // __cplusplus >= 201103L
| 
| 
| 
configure:19533: result: no
configure:19543: checking whether g++ supports C++11 features with -std=gnu++11
configure:19839: g++ -std=gnu++11 -c -g -O2  conftest.cpp >&5
configure:19839: $? = 0
configure:19848: result: yes
configure:20223: checking for working posix_memalign
configure:20247: gcc -o conftest -g -O2   conftest.c -latomic -lpthread -lrt -lm  >&5
configure:20247: $? = 0
configure:20247: ./conftest
configure:20247: $? = 0
configure:20257: result: yes
configure:20268: checking whether the preprocessor supports include_next
configure:20306: gcc -c -g -O2  -Iconftestd1b -Iconftestd2 conftest.c >&5
configure:20306: $? = 0
configure:20327: result: yes
configure:20348: checking whether system header files limit the line length
configure:20371: result: no
configure:20397: checking for stdio.h
configure:20397: gcc -c -g -O2  conftest.c >&5
configure:20397: $? = 0
configure:20397: result: yes
configure:20397: checking for string.h
configure:20397: result: yes
configure:20562: checking whether gcc accepts -Werror
configure:20573: gcc -c -g -O2  -Werror  conftest.c >&5
configure:20573: $? = 0
configure:20586: result: yes
configure:20595: checking whether gcc accepts -Wall
configure:20606: gcc -c -g -O2 -Werror -Wall  conftest.c >&5
configure:20606: $? = 0
configure:20619: result: yes
configure:20629: checking whether gcc accepts -Wextra
configure:20640: gcc -c -g -O2 -Werror -Wextra  conftest.c >&5
configure:20640: $? = 0
configure:20653: result: yes
configure:20663: checking whether gcc accepts -Wno-sign-compare
configure:20674: gcc -c -g -O2 -Werror -Wno-sign-compare  conftest.c >&5
configure:20674: $? = 0
configure:20687: result: yes
configure:20697: checking whether gcc accepts -Wpointer-arith
configure:20708: gcc -c -g -O2 -Werror -Wpointer-arith  conftest.c >&5
configure:20708: $? = 0
configure:20721: result: yes
configure:20731: checking whether gcc accepts -Wformat -Wformat-security
configure:20742: gcc -c -g -O2 -Werror -Wformat -Wformat-security  conftest.c >&5
configure:20742: $? = 0
configure:20755: result: yes
configure:20765: checking whether gcc accepts -Wswitch-enum
configure:20776: gcc -c -g -O2 -Werror -Wswitch-enum  conftest.c >&5
configure:20776: $? = 0
configure:20789: result: yes
configure:20799: checking whether gcc accepts -Wunused-parameter
configure:20810: gcc -c -g -O2 -Werror -Wunused-parameter  conftest.c >&5
configure:20810: $? = 0
configure:20823: result: yes
configure:20833: checking whether gcc accepts -Wbad-function-cast
configure:20844: gcc -c -g -O2 -Werror -Wbad-function-cast  conftest.c >&5
configure:20844: $? = 0
configure:20857: result: yes
configure:20867: checking whether gcc accepts -Wcast-align
configure:20878: gcc -c -g -O2 -Werror -Wcast-align  conftest.c >&5
configure:20878: $? = 0
configure:20891: result: yes
configure:20901: checking whether gcc accepts -Wstrict-prototypes
configure:20912: gcc -c -g -O2 -Werror -Wstrict-prototypes  conftest.c >&5
configure:20912: $? = 0
configure:20925: result: yes
configure:20935: checking whether gcc accepts -Wold-style-definition
configure:20946: gcc -c -g -O2 -Werror -Wold-style-definition  conftest.c >&5
configure:20946: $? = 0
configure:20959: result: yes
configure:20969: checking whether gcc accepts -Wmissing-prototypes
configure:20980: gcc -c -g -O2 -Werror -Wmissing-prototypes  conftest.c >&5
configure:20980: $? = 0
configure:20993: result: yes
configure:21003: checking whether gcc accepts -Wmissing-field-initializers
configure:21014: gcc -c -g -O2 -Werror -Wmissing-field-initializers  conftest.c >&5
configure:21014: $? = 0
configure:21027: result: yes
configure:21037: checking whether gcc accepts -Wthread-safety
configure:21048: gcc -c -g -O2 -Werror -Wthread-safety  conftest.c >&5
gcc: error: unrecognized command line option '-Wthread-safety'
configure:21048: $? = 1
configure: failed program was:
| /* confdefs.h */
| #define PACKAGE_NAME "openvswitch"
| #define PACKAGE_TARNAME "openvswitch"
| #define PACKAGE_VERSION "2.8.1"
| #define PACKAGE_STRING "openvswitch 2.8.1"
| #define PACKAGE_BUGREPORT "bugs@openvswitch.org"
| #define PACKAGE_URL ""
| #define PACKAGE "openvswitch"
| #define VERSION "2.8.1"
| #define STDC_HEADERS 1
| #define HAVE_SYS_TYPES_H 1
| #define HAVE_SYS_STAT_H 1
| #define HAVE_STDLIB_H 1
| #define HAVE_STRING_H 1
| #define HAVE_MEMORY_H 1
| #define HAVE_STRINGS_H 1
| #define HAVE_INTTYPES_H 1
| #define HAVE_STDINT_H 1
| #define HAVE_UNISTD_H 1
| #define __EXTENSIONS__ 1
| #define _ALL_SOURCE 1
| #define _GNU_SOURCE 1
| #define _POSIX_PTHREAD_SEMANTICS 1
| #define _TANDEM_SOURCE 1
| #define HAVE_DLFCN_H 1
| #define LT_OBJDIR ".libs/"
| #define HAVE_DECL_STRERROR_R 1
| #define HAVE_STRERROR_R 1
| #define STRERROR_R_CHAR_P 1
| #define VSTUDIO_DDK 1
| #define HAVE_NETLINK 1
| #define HAVE_OPENSSL 1
| #define HAVE_IF_PACKET 1
| #define HAVE_DECL_SYS_SIGLIST 1
| #define HAVE_STRUCT_STAT_ST_MTIM_TV_NSEC 1
| #define HAVE_STRUCT_MMSGHDR_MSG_LEN 1
| #define HAVE_STRUCT_SOCKADDR_IN6_SIN6_SCOPE_ID 1
| #define HAVE_MLOCKALL 1
| #define HAVE_STRNLEN 1
| #define HAVE_GETLOADAVG 1
| #define HAVE_STATVFS 1
| #define HAVE_GETMNTENT_R 1
| #define HAVE_SENDMMSG 1
| #define HAVE_MNTENT_H 1
| #define HAVE_SYS_STATVFS_H 1
| #define HAVE_LINUX_TYPES_H 1
| #define HAVE_LINUX_IF_ETHER_H 1
| #define HAVE_STDATOMIC_H 1
| #define HAVE_BACKTRACE 1
| #define HAVE_LINUX_PERF_EVENT_H 1
| #define HAVE___THREAD 1
| #define HAVE_GCC4_ATOMICS 1
| #define ATOMIC_ALWAYS_LOCK_FREE_1B 1
| #define ATOMIC_ALWAYS_LOCK_FREE_2B 1
| #define ATOMIC_ALWAYS_LOCK_FREE_4B 1
| #define ATOMIC_ALWAYS_LOCK_FREE_8B 1
| #define HAVE_GLIBC_PTHREAD_SETNAME_NP 1
| #define HAVE_CXX11 1
| #define HAVE_POSIX_MEMALIGN 1
| #define HAVE_STDIO_H 1
| #define HAVE_STRING_H 1
| /* end confdefs.h.  */
| int x;
configure:21061: result: no
configure:21071: checking whether gcc accepts -fno-strict-aliasing
configure:21082: gcc -c -g -O2 -Werror -fno-strict-aliasing  conftest.c >&5
configure:21082: $? = 0
configure:21095: result: yes
configure:21105: checking whether gcc accepts -Wswitch-bool
configure:21116: gcc -c -g -O2 -Werror -Wswitch-bool  conftest.c >&5
configure:21116: $? = 0
configure:21129: result: yes
configure:21139: checking whether gcc accepts -Wlogical-not-parentheses
configure:21150: gcc -c -g -O2 -Werror -Wlogical-not-parentheses  conftest.c >&5
configure:21150: $? = 0
configure:21163: result: yes
configure:21173: checking whether gcc accepts -Wsizeof-array-argument
configure:21184: gcc -c -g -O2 -Werror -Wsizeof-array-argument  conftest.c >&5
configure:21184: $? = 0
configure:21197: result: yes
configure:21207: checking whether gcc accepts -Wbool-compare
configure:21218: gcc -c -g -O2 -Werror -Wbool-compare  conftest.c >&5
configure:21218: $? = 0
configure:21231: result: yes
configure:21241: checking whether gcc accepts -Wshift-negative-value
configure:21252: gcc -c -g -O2 -Werror -Wshift-negative-value  conftest.c >&5
gcc: error: unrecognized command line option '-Wshift-negative-value'
configure:21252: $? = 1
configure: failed program was:
| /* confdefs.h */
| #define PACKAGE_NAME "openvswitch"
| #define PACKAGE_TARNAME "openvswitch"
| #define PACKAGE_VERSION "2.8.1"
| #define PACKAGE_STRING "openvswitch 2.8.1"
| #define PACKAGE_BUGREPORT "bugs@openvswitch.org"
| #define PACKAGE_URL ""
| #define PACKAGE "openvswitch"
| #define VERSION "2.8.1"
| #define STDC_HEADERS 1
| #define HAVE_SYS_TYPES_H 1
| #define HAVE_SYS_STAT_H 1
| #define HAVE_STDLIB_H 1
| #define HAVE_STRING_H 1
| #define HAVE_MEMORY_H 1
| #define HAVE_STRINGS_H 1
| #define HAVE_INTTYPES_H 1
| #define HAVE_STDINT_H 1
| #define HAVE_UNISTD_H 1
| #define __EXTENSIONS__ 1
| #define _ALL_SOURCE 1
| #define _GNU_SOURCE 1
| #define _POSIX_PTHREAD_SEMANTICS 1
| #define _TANDEM_SOURCE 1
| #define HAVE_DLFCN_H 1
| #define LT_OBJDIR ".libs/"
| #define HAVE_DECL_STRERROR_R 1
| #define HAVE_STRERROR_R 1
| #define STRERROR_R_CHAR_P 1
| #define VSTUDIO_DDK 1
| #define HAVE_NETLINK 1
| #define HAVE_OPENSSL 1
| #define HAVE_IF_PACKET 1
| #define HAVE_DECL_SYS_SIGLIST 1
| #define HAVE_STRUCT_STAT_ST_MTIM_TV_NSEC 1
| #define HAVE_STRUCT_MMSGHDR_MSG_LEN 1
| #define HAVE_STRUCT_SOCKADDR_IN6_SIN6_SCOPE_ID 1
| #define HAVE_MLOCKALL 1
| #define HAVE_STRNLEN 1
| #define HAVE_GETLOADAVG 1
| #define HAVE_STATVFS 1
| #define HAVE_GETMNTENT_R 1
| #define HAVE_SENDMMSG 1
| #define HAVE_MNTENT_H 1
| #define HAVE_SYS_STATVFS_H 1
| #define HAVE_LINUX_TYPES_H 1
| #define HAVE_LINUX_IF_ETHER_H 1
| #define HAVE_STDATOMIC_H 1
| #define HAVE_BACKTRACE 1
| #define HAVE_LINUX_PERF_EVENT_H 1
| #define HAVE___THREAD 1
| #define HAVE_GCC4_ATOMICS 1
| #define ATOMIC_ALWAYS_LOCK_FREE_1B 1
| #define ATOMIC_ALWAYS_LOCK_FREE_2B 1
| #define ATOMIC_ALWAYS_LOCK_FREE_4B 1
| #define ATOMIC_ALWAYS_LOCK_FREE_8B 1
| #define HAVE_GLIBC_PTHREAD_SETNAME_NP 1
| #define HAVE_CXX11 1
| #define HAVE_POSIX_MEMALIGN 1
| #define HAVE_STDIO_H 1
| #define HAVE_STRING_H 1
| /* end confdefs.h.  */
| int x;
configure:21265: result: no
configure:21275: checking whether gcc accepts -Wduplicated-cond
configure:21286: gcc -c -g -O2 -Werror -Wduplicated-cond  conftest.c >&5
gcc: error: unrecognized command line option '-Wduplicated-cond'
configure:21286: $? = 1
configure: failed program was:
| /* confdefs.h */
| #define PACKAGE_NAME "openvswitch"
| #define PACKAGE_TARNAME "openvswitch"
| #define PACKAGE_VERSION "2.8.1"
| #define PACKAGE_STRING "openvswitch 2.8.1"
| #define PACKAGE_BUGREPORT "bugs@openvswitch.org"
| #define PACKAGE_URL ""
| #define PACKAGE "openvswitch"
| #define VERSION "2.8.1"
| #define STDC_HEADERS 1
| #define HAVE_SYS_TYPES_H 1
| #define HAVE_SYS_STAT_H 1
| #define HAVE_STDLIB_H 1
| #define HAVE_STRING_H 1
| #define HAVE_MEMORY_H 1
| #define HAVE_STRINGS_H 1
| #define HAVE_INTTYPES_H 1
| #define HAVE_STDINT_H 1
| #define HAVE_UNISTD_H 1
| #define __EXTENSIONS__ 1
| #define _ALL_SOURCE 1
| #define _GNU_SOURCE 1
| #define _POSIX_PTHREAD_SEMANTICS 1
| #define _TANDEM_SOURCE 1
| #define HAVE_DLFCN_H 1
| #define LT_OBJDIR ".libs/"
| #define HAVE_DECL_STRERROR_R 1
| #define HAVE_STRERROR_R 1
| #define STRERROR_R_CHAR_P 1
| #define VSTUDIO_DDK 1
| #define HAVE_NETLINK 1
| #define HAVE_OPENSSL 1
| #define HAVE_IF_PACKET 1
| #define HAVE_DECL_SYS_SIGLIST 1
| #define HAVE_STRUCT_STAT_ST_MTIM_TV_NSEC 1
| #define HAVE_STRUCT_MMSGHDR_MSG_LEN 1
| #define HAVE_STRUCT_SOCKADDR_IN6_SIN6_SCOPE_ID 1
| #define HAVE_MLOCKALL 1
| #define HAVE_STRNLEN 1
| #define HAVE_GETLOADAVG 1
| #define HAVE_STATVFS 1
| #define HAVE_GETMNTENT_R 1
| #define HAVE_SENDMMSG 1
| #define HAVE_MNTENT_H 1
| #define HAVE_SYS_STATVFS_H 1
| #define HAVE_LINUX_TYPES_H 1
| #define HAVE_LINUX_IF_ETHER_H 1
| #define HAVE_STDATOMIC_H 1
| #define HAVE_BACKTRACE 1
| #define HAVE_LINUX_PERF_EVENT_H 1
| #define HAVE___THREAD 1
| #define HAVE_GCC4_ATOMICS 1
| #define ATOMIC_ALWAYS_LOCK_FREE_1B 1
| #define ATOMIC_ALWAYS_LOCK_FREE_2B 1
| #define ATOMIC_ALWAYS_LOCK_FREE_4B 1
| #define ATOMIC_ALWAYS_LOCK_FREE_8B 1
| #define HAVE_GLIBC_PTHREAD_SETNAME_NP 1
| #define HAVE_CXX11 1
| #define HAVE_POSIX_MEMALIGN 1
| #define HAVE_STDIO_H 1
| #define HAVE_STRING_H 1
| /* end confdefs.h.  */
| int x;
configure:21299: result: no
configure:21309: checking whether gcc accepts -Qunused-arguments
configure:21320: gcc -c -g -O2 -Werror -Qunused-arguments  conftest.c >&5
gcc: error: unrecognized command line option '-Qunused-arguments'
configure:21320: $? = 1
configure: failed program was:
| /* confdefs.h */
| #define PACKAGE_NAME "openvswitch"
| #define PACKAGE_TARNAME "openvswitch"
| #define PACKAGE_VERSION "2.8.1"
| #define PACKAGE_STRING "openvswitch 2.8.1"
| #define PACKAGE_BUGREPORT "bugs@openvswitch.org"
| #define PACKAGE_URL ""
| #define PACKAGE "openvswitch"
| #define VERSION "2.8.1"
| #define STDC_HEADERS 1
| #define HAVE_SYS_TYPES_H 1
| #define HAVE_SYS_STAT_H 1
| #define HAVE_STDLIB_H 1
| #define HAVE_STRING_H 1
| #define HAVE_MEMORY_H 1
| #define HAVE_STRINGS_H 1
| #define HAVE_INTTYPES_H 1
| #define HAVE_STDINT_H 1
| #define HAVE_UNISTD_H 1
| #define __EXTENSIONS__ 1
| #define _ALL_SOURCE 1
| #define _GNU_SOURCE 1
| #define _POSIX_PTHREAD_SEMANTICS 1
| #define _TANDEM_SOURCE 1
| #define HAVE_DLFCN_H 1
| #define LT_OBJDIR ".libs/"
| #define HAVE_DECL_STRERROR_R 1
| #define HAVE_STRERROR_R 1
| #define STRERROR_R_CHAR_P 1
| #define VSTUDIO_DDK 1
| #define HAVE_NETLINK 1
| #define HAVE_OPENSSL 1
| #define HAVE_IF_PACKET 1
| #define HAVE_DECL_SYS_SIGLIST 1
| #define HAVE_STRUCT_STAT_ST_MTIM_TV_NSEC 1
| #define HAVE_STRUCT_MMSGHDR_MSG_LEN 1
| #define HAVE_STRUCT_SOCKADDR_IN6_SIN6_SCOPE_ID 1
| #define HAVE_MLOCKALL 1
| #define HAVE_STRNLEN 1
| #define HAVE_GETLOADAVG 1
| #define HAVE_STATVFS 1
| #define HAVE_GETMNTENT_R 1
| #define HAVE_SENDMMSG 1
| #define HAVE_MNTENT_H 1
| #define HAVE_SYS_STATVFS_H 1
| #define HAVE_LINUX_TYPES_H 1
| #define HAVE_LINUX_IF_ETHER_H 1
| #define HAVE_STDATOMIC_H 1
| #define HAVE_BACKTRACE 1
| #define HAVE_LINUX_PERF_EVENT_H 1
| #define HAVE___THREAD 1
| #define HAVE_GCC4_ATOMICS 1
| #define ATOMIC_ALWAYS_LOCK_FREE_1B 1
| #define ATOMIC_ALWAYS_LOCK_FREE_2B 1
| #define ATOMIC_ALWAYS_LOCK_FREE_4B 1
| #define ATOMIC_ALWAYS_LOCK_FREE_8B 1
| #define HAVE_GLIBC_PTHREAD_SETNAME_NP 1
| #define HAVE_CXX11 1
| #define HAVE_POSIX_MEMALIGN 1
| #define HAVE_STDIO_H 1
| #define HAVE_STRING_H 1
| /* end confdefs.h.  */
| int x;
configure:21333: result: no
configure:21343: checking whether gcc accepts -Wno-unused
configure:21354: gcc -c -g -O2 -Werror -Wno-unused  conftest.c >&5
configure:21354: $? = 0
configure:21367: result: yes
configure:21384: checking whether gcc accepts -Wno-unused-parameter
configure:21395: gcc -c -g -O2 -Werror -Wno-unused-parameter  conftest.c >&5
configure:21395: $? = 0
configure:21408: result: yes
configure:21441: checking target hint for cgcc
configure:21455: result: x86_64
configure:21540: checking for Linux build directory
configure:21543: result: /lib/modules/4.4.0-142-generic/build
configure:21555: checking for Linux source directory
configure:21589: result: /lib/modules/4.4.0-142-generic/build
configure:21592: checking for kernel version
configure:21604: result: 4.4.167
configure:21636: checking whether src_err, matches in /lib/modules/4.4.0-142-generic/build/arch/x86/include/asm/checksum_32.h
configure:21650: result: no
configure:21666: checking whether ipv6_dst_lookup.*net matches in /lib/modules/4.4.0-142-generic/build/include/net/addrconf.h
configure:21673: result: yes
configure:21695: checking whether ipv6_stub matches in /lib/modules/4.4.0-142-generic/build/include/net/addrconf.h
configure:21702: result: yes
configure:21725: checking whether ERR_CAST matches in /lib/modules/4.4.0-142-generic/build/include/linux/err.h
configure:21732: result: yes
configure:21754: checking whether IS_ERR_OR_NULL matches in /lib/modules/4.4.0-142-generic/build/include/linux/err.h
configure:21761: result: yes
configure:21783: checking whether PTR_ERR_OR_ZERO matches in /lib/modules/4.4.0-142-generic/build/include/linux/err.h
configure:21790: result: yes
configure:21813: checking whether eth_hw_addr_random matches in /lib/modules/4.4.0-142-generic/build/include/linux/etherdevice.h
configure:21820: result: yes
configure:21842: checking whether ether_addr_copy matches in /lib/modules/4.4.0-142-generic/build/include/linux/etherdevice.h
configure:21849: result: yes
configure:21872: checking whether IFLA_GENEVE_TOS matches in /lib/modules/4.4.0-142-generic/build/include/uapi/linux/if_link.h
configure:21879: result: yes
configure:21901: checking whether rtnl_link_stats64 matches in /lib/modules/4.4.0-142-generic/build/include/uapi/linux/if_link.h
configure:21908: result: yes
configure:21930: checking whether rtnl_link_stats64 matches in /lib/modules/4.4.0-142-generic/build/include/linux/if_link.h
configure:21944: result: no
configure:21959: checking whether vlan_set_encap_proto matches in /lib/modules/4.4.0-142-generic/build/include/linux/if_vlan.h
configure:21966: result: yes
configure:21988: checking whether vlan_hwaccel_push_inside matches in /lib/modules/4.4.0-142-generic/build/include/linux/if_vlan.h
configure:21995: result: yes
configure:22018: checking whether ipv4_is_multicast matches in /lib/modules/4.4.0-142-generic/build/include/linux/in.h
configure:22025: result: yes
configure:22047: checking whether proto_ports_offset matches in /lib/modules/4.4.0-142-generic/build/include/linux/in.h
configure:22054: result: yes
configure:22076: checking whether __ip_select_ident.*dst_entry matches in /lib/modules/4.4.0-142-generic/build/include/net/ip.h
configure:22090: result: no
configure:22105: checking whether __ip_select_ident.*net matches in /lib/modules/4.4.0-142-generic/build/include/net/ip.h
configure:22112: result: yes
configure:22135: checking whether inet_get_local_port_range.*net matches in /lib/modules/4.4.0-142-generic/build/include/net/ip.h
configure:22142: result: yes
configure:22164: checking whether ip_defrag.*net matches in /lib/modules/4.4.0-142-generic/build/include/net/ip.h
configure:22171: result: yes
configure:22193: checking whether ip_do_fragment has parameter net in /lib/modules/4.4.0-142-generic/build/include/net/ip.h
configure:22200: result: yes
configure:22222: checking whether ip_local_out has parameter net in /lib/modules/4.4.0-142-generic/build/include/net/ip.h
configure:22229: result: yes
configure:22252: checking whether ip_skb_dst_mtu matches in /lib/modules/4.4.0-142-generic/build/include/net/ip.h
configure:22259: result: yes
configure:22282: checking whether IPSKB_FRAG_PMTU matches in /lib/modules/4.4.0-142-generic/build/include/net/ip.h
configure:22289: result: yes
configure:22311: checking whether __ip_tunnel_change_mtu matches in /lib/modules/4.4.0-142-generic/build/include/net/ip_tunnels.h
configure:22318: result: yes
configure:22340: checking whether hashfn.*const matches in /lib/modules/4.4.0-142-generic/build/include/net/inet_frag.h
configure:22347: result: yes
configure:22369: checking whether last_in matches in /lib/modules/4.4.0-142-generic/build/include/net/inet_frag.h
configure:22383: result: no
configure:22398: checking whether inet_frag_evicting matches in /lib/modules/4.4.0-142-generic/build/include/net/inet_frag.h
configure:22405: result: yes
configure:22427: checking whether inet_frag_evictor matches in /lib/modules/4.4.0-142-generic/build/include/net/inet_frag.h
configure:22441: result: no
configure:22456: checking whether inet_frags has member frags_work in /lib/modules/4.4.0-142-generic/build/include/net/inet_frag.h
configure:22463: result: yes
configure:22485: checking whether inet_frags has member rwlock in /lib/modules/4.4.0-142-generic/build/include/net/inet_frag.h
configure:22499: result: no
configure:22514: checking whether inet_frag_queue has member list_evictor in /lib/modules/4.4.0-142-generic/build/include/net/inet_frag.h
configure:22521: result: yes
configure:22543: checking whether inet_frag_lru_move matches in /lib/modules/4.4.0-142-generic/build/include/net/inet_frag.h
configure:22557: result: no
configure:22572: checking whether sub_frag_mem_limit has parameter struct.netns_frags in /lib/modules/4.4.0-142-generic/build/include/net/inet_frag.h
configure:22579: result: yes
configure:22601: checking whether void.*inet_frags_init matches in /lib/modules/4.4.0-142-generic/build/include/net/inet_frag.h
configure:22608: result: yes
configure:22630: checking whether vif matches in /lib/modules/4.4.0-142-generic/build/include/net/inetpeer.h
configure:22637: result: yes
configure:22661: checking whether ip_tunnel_key has member label in /lib/modules/4.4.0-142-generic/build/include/net/ip_tunnels.h
configure:22727: result: no
configure:22743: checking whether mpls_hdr matches in /lib/modules/4.4.0-142-generic/build/include/net/mpls.h
configure:22757: result: no
configure:22772: checking whether sock_create_kern.*net matches in /lib/modules/4.4.0-142-generic/build/include/linux/net.h
configure:22779: result: yes
configure:22801: checking whether ndo_fill_metadata_dst matches in /lib/modules/4.4.0-142-generic/build/include/linux/netdevice.h
configure:22808: result: yes
configure:22830: checking whether dev_disable_lro matches in /lib/modules/4.4.0-142-generic/build/include/linux/netdevice.h
configure:22837: result: yes
configure:22859: checking whether dev_get_stats matches in /lib/modules/4.4.0-142-generic/build/include/linux/netdevice.h
configure:22866: result: yes
configure:22888: checking whether dev_get_by_index_rcu matches in /lib/modules/4.4.0-142-generic/build/include/linux/netdevice.h
configure:22895: result: yes
configure:22917: checking whether dev_recursion_level matches in /lib/modules/4.4.0-142-generic/build/include/linux/netdevice.h
configure:22924: result: yes
configure:22946: checking whether __skb_gso_segment matches in /lib/modules/4.4.0-142-generic/build/include/linux/netdevice.h
configure:22953: result: yes
configure:22975: checking whether can_checksum_protocol matches in /lib/modules/4.4.0-142-generic/build/include/linux/netdevice.h
configure:22982: result: yes
configure:23004: checking whether ndo_get_iflink matches in /lib/modules/4.4.0-142-generic/build/include/linux/netdevice.h
configure:23011: result: yes
configure:23033: checking whether ndo_features_check matches in /lib/modules/4.4.0-142-generic/build/include/linux/netdevice.h
configure:23040: result: yes
configure:23062: checking whether ndo_add_vxlan_port matches in /lib/modules/4.4.0-142-generic/build/include/linux/netdevice.h
configure:23069: result: yes
configure:23091: checking whether ndo_add_geneve_port matches in /lib/modules/4.4.0-142-generic/build/include/linux/netdevice.h
configure:23098: result: yes
configure:23120: checking whether netdev_features_t matches in /lib/modules/4.4.0-142-generic/build/include/linux/netdevice.h
configure:23127: result: yes
configure:23149: checking whether pcpu_sw_netstats.*tstats matches in /lib/modules/4.4.0-142-generic/build/include/linux/netdevice.h
configure:23156: result: yes
configure:23178: checking whether netif_needs_gso.*net_device matches in /lib/modules/4.4.0-142-generic/build/include/linux/netdevice.h
configure:23192: result: no
configure:23207: checking whether skb_csum_hwoffload_help matches in /lib/modules/4.4.0-142-generic/build/include/linux/netdevice.h
configure:23221: result: no
configure:23236: checking whether udp_offload matches in /lib/modules/4.4.0-142-generic/build/include/linux/netdevice.h
configure:23243: result: yes
configure:23265: checking whether udp_offload.*uoff matches in /lib/modules/4.4.0-142-generic/build/include/linux/netdevice.h
configure:23272: result: yes
configure:23294: checking whether gro_remcsum matches in /lib/modules/4.4.0-142-generic/build/include/linux/netdevice.h
configure:23301: result: yes
configure:23323: checking whether IFF_PHONY_HEADROOM matches in /lib/modules/4.4.0-142-generic/build/include/linux/netdevice.h
configure:23337: result: no
configure:23352: checking whether net_device_ops has member extended in /lib/modules/4.4.0-142-generic/build/include/linux/netdevice.h
configure:23366: result: no
configure:23381: checking whether netdev_master_upper_dev_link has parameter upper_priv in /lib/modules/4.4.0-142-generic/build/include/linux/netdevice.h
configure:23395: result: no
configure:23410: checking whether netdev_master_upper_dev_link_rh matches in /lib/modules/4.4.0-142-generic/build/include/linux/netdevice.h
configure:23424: result: no
configure:23440: checking whether net_device has member max_mtu in /lib/modules/4.4.0-142-generic/build/include/linux/netdevice.h
configure:23454: result: no
configure:23470: checking whether nf_hook_state matches in /lib/modules/4.4.0-142-generic/build/include/linux/netfilter.h
configure:23477: result: yes
configure:23499: checking whether nf_register_net_hook matches in /lib/modules/4.4.0-142-generic/build/include/linux/netfilter.h
configure:23506: result: yes
configure:23528: checking whether nf_hookfn.*nf_hook_ops matches in /lib/modules/4.4.0-142-generic/build/include/linux/netfilter.h
configure:23542: result: no
configure:23557: checking whether nf_hookfn has parameter priv in /lib/modules/4.4.0-142-generic/build/include/linux/netfilter.h
configure:23564: result: yes
configure:23586: checking whether nf_hook_ops has member owner in /lib/modules/4.4.0-142-generic/build/include/linux/netfilter.h
configure:23600: result: no
configure:23616: checking whether nf_ipv6_ops has member fragment.*sock in /lib/modules/4.4.0-142-generic/build/include/linux/netfilter_ipv6.h
configure:23623: result: yes
configure:23646: checking whether nf_conn has member struct timer_list[ \t]*timeout in /lib/modules/4.4.0-142-generic/build/include/net/netfilter/nf_conntrack.h
configure:23653: result: yes
configure:23675: checking whether nf_ct_delete( matches in /lib/modules/4.4.0-142-generic/build/include/net/netfilter/nf_conntrack.h
configure:23682: result: yes
configure:23705: checking whether nf_ct_tmpl_alloc has parameter nf_conntrack_zone in /lib/modules/4.4.0-142-generic/build/include/net/netfilter/nf_conntrack.h
configure:23712: result: yes
configure:23734: checking whether nf_ct_get_tuplepr has parameter struct.net in /lib/modules/4.4.0-142-generic/build/include/net/netfilter/nf_conntrack.h
configure:23741: result: yes
configure:23763: checking whether nf_ct_set matches in /lib/modules/4.4.0-142-generic/build/include/net/netfilter/nf_conntrack.h
configure:23777: result: no
configure:23792: checking whether nf_ct_is_untracked matches in /lib/modules/4.4.0-142-generic/build/include/net/netfilter/nf_conntrack.h
configure:23799: result: yes
configure:23821: checking whether nf_ct_zone_init matches in /lib/modules/4.4.0-142-generic/build/include/net/netfilter/nf_conntrack_zones.h
configure:23828: result: yes
configure:23850: checking whether nf_connlabels_get matches in /lib/modules/4.4.0-142-generic/build/include/net/netfilter/nf_conntrack_labels.h
configure:23857: result: yes
configure:23879: checking whether nf_connlabels_get has parameter int bit in /lib/modules/4.4.0-142-generic/build/include/net/netfilter/nf_conntrack_labels.h
configure:23893: result: no
configure:23908: checking whether nf_conn_labels has member words in /lib/modules/4.4.0-142-generic/build/include/net/netfilter/nf_conntrack_labels.h
configure:23915: result: yes
configure:23937: checking whether nf_ct_nat_ext_add matches in /lib/modules/4.4.0-142-generic/build/include/net/netfilter/nf_nat.h
configure:23944: result: yes
configure:23966: checking whether nf_nat_alloc_null_binding matches in /lib/modules/4.4.0-142-generic/build/include/net/netfilter/nf_nat.h
configure:23973: result: yes
configure:23995: checking whether nf_ct_seq_adjust matches in /lib/modules/4.4.0-142-generic/build/include/net/netfilter/nf_conntrack_seqadj.h
configure:24002: result: yes
configure:24025: checking whether prandom_u32 matches in /lib/modules/4.4.0-142-generic/build/include/linux/random.h
configure:24032: result: yes
configure:24054: checking whether prandom_u32_max matches in /lib/modules/4.4.0-142-generic/build/include/linux/random.h
configure:24061: result: yes
configure:24084: checking whether get_link_net matches in /lib/modules/4.4.0-142-generic/build/include/net/rtnetlink.h
configure:24091: result: yes
configure:24113: checking whether name_assign_type matches in /lib/modules/4.4.0-142-generic/build/include/net/rtnetlink.h
configure:24120: result: yes
configure:24142: checking whether rtnl_create_link.*src_net matches in /lib/modules/4.4.0-142-generic/build/include/net/rtnetlink.h
configure:24156: result: no
configure:24171: checking whether possible_net_t matches in /lib/modules/4.4.0-142-generic/build/include/net/net_namespace.h
configure:24178: result: yes
configure:24201: checking whether rcu_read_lock_held matches in /lib/modules/4.4.0-142-generic/build/include/linux/rcupdate.h
configure:24208: result: yes
configure:24286: checking whether lockdep_rtnl_is_held matches in /lib/modules/4.4.0-142-generic/build/include/linux/rtnetlink.h
configure:24293: result: yes
configure:24321: checking whether [^@]proto_data_valid matches in /lib/modules/4.4.0-142-generic/build/include/linux/skbuff.h
configure:24335: result: no
configure:24350: checking whether skb_checksum_start_offset matches in /lib/modules/4.4.0-142-generic/build/include/linux/skbuff.h
configure:24357: result: yes
configure:24379: checking whether inner_protocol matches in /lib/modules/4.4.0-142-generic/build/include/linux/skbuff.h
configure:24386: result: yes
configure:24408: checking whether inner_protocol_type matches in /lib/modules/4.4.0-142-generic/build/include/linux/skbuff.h
configure:24415: result: yes
configure:24437: checking whether skb_inner_transport_offset matches in /lib/modules/4.4.0-142-generic/build/include/linux/skbuff.h
configure:24451: result: no
configure:24466: checking whether kfree_skb_list matches in /lib/modules/4.4.0-142-generic/build/include/linux/skbuff.h
configure:24473: result: yes
configure:24495: checking whether rxhash matches in /lib/modules/4.4.0-142-generic/build/include/linux/skbuff.h
configure:24509: result: no
configure:24524: checking whether u16.*rxhash matches in /lib/modules/4.4.0-142-generic/build/include/linux/skbuff.h
configure:24538: result: no
configure:24553: checking whether skb_dst( matches in /lib/modules/4.4.0-142-generic/build/include/linux/skbuff.h
configure:24560: result: yes
configure:24582: checking whether skb_copy_from_linear_data_offset matches in /lib/modules/4.4.0-142-generic/build/include/linux/skbuff.h
configure:24589: result: yes
configure:24611: checking whether skb_reset_tail_pointer matches in /lib/modules/4.4.0-142-generic/build/include/linux/skbuff.h
configure:24618: result: yes
configure:24640: checking whether skb_cow_head matches in /lib/modules/4.4.0-142-generic/build/include/linux/skbuff.h
configure:24647: result: yes
configure:24669: checking whether skb_warn_if_lro matches in /lib/modules/4.4.0-142-generic/build/include/linux/skbuff.h
configure:24676: result: yes
configure:24698: checking whether consume_skb matches in /lib/modules/4.4.0-142-generic/build/include/linux/skbuff.h
configure:24705: result: yes
configure:24727: checking whether skb_frag_page matches in /lib/modules/4.4.0-142-generic/build/include/linux/skbuff.h
configure:24734: result: yes
configure:24756: checking whether skb_has_frag_list matches in /lib/modules/4.4.0-142-generic/build/include/linux/skbuff.h
configure:24763: result: yes
configure:24785: checking whether __skb_fill_page_desc matches in /lib/modules/4.4.0-142-generic/build/include/linux/skbuff.h
configure:24792: result: yes
configure:24814: checking whether skb_reset_mac_len matches in /lib/modules/4.4.0-142-generic/build/include/linux/skbuff.h
configure:24821: result: yes
configure:24843: checking whether skb_unclone matches in /lib/modules/4.4.0-142-generic/build/include/linux/skbuff.h
configure:24850: result: yes
configure:24872: checking whether skb_orphan_frags matches in /lib/modules/4.4.0-142-generic/build/include/linux/skbuff.h
configure:24879: result: yes
configure:24901: checking whether skb_get_hash( matches in /lib/modules/4.4.0-142-generic/build/include/linux/skbuff.h
configure:24908: result: yes
configure:24930: checking whether skb_clear_hash matches in /lib/modules/4.4.0-142-generic/build/include/linux/skbuff.h
configure:24937: result: yes
configure:24959: checking whether int.skb_zerocopy( matches in /lib/modules/4.4.0-142-generic/build/include/linux/skbuff.h
configure:24966: result: yes
configure:24988: checking whether u8.*l4_rxhash matches in /lib/modules/4.4.0-142-generic/build/include/linux/skbuff.h
configure:25002: result: no
configure:25017: checking whether skb_ensure_writable matches in /lib/modules/4.4.0-142-generic/build/include/linux/skbuff.h
configure:25024: result: yes
configure:25046: checking whether skb_vlan_pop matches in /lib/modules/4.4.0-142-generic/build/include/linux/skbuff.h
configure:25053: result: yes
configure:25075: checking whether __skb_vlan_pop matches in /lib/modules/4.4.0-142-generic/build/include/linux/skbuff.h
configure:25089: result: no
configure:25104: checking whether skb_vlan_push matches in /lib/modules/4.4.0-142-generic/build/include/linux/skbuff.h
configure:25111: result: yes
configure:25133: checking whether skb_clear_hash_if_not_l4 matches in /lib/modules/4.4.0-142-generic/build/include/linux/skbuff.h
configure:25140: result: yes
configure:25162: checking whether skb_postpush_rcsum matches in /lib/modules/4.4.0-142-generic/build/include/linux/skbuff.h
configure:25169: result: yes
configure:25191: checking whether lco_csum matches in /lib/modules/4.4.0-142-generic/build/include/linux/skbuff.h
configure:25205: result: no
configure:25220: checking whether skb_nfct matches in /lib/modules/4.4.0-142-generic/build/include/linux/skbuff.h
configure:25234: result: no
configure:25249: checking whether skb_put_zero matches in /lib/modules/4.4.0-142-generic/build/include/linux/skbuff.h
configure:25263: result: no
configure:25279: checking whether bool matches in /lib/modules/4.4.0-142-generic/build/include/linux/types.h
configure:25286: result: yes
configure:25308: checking whether __wsum matches in /lib/modules/4.4.0-142-generic/build/include/linux/types.h
configure:25322: result: no
configure:25337: checking whether __wsum matches in /lib/modules/4.4.0-142-generic/build/include/uapi/linux/types.h
configure:25344: result: yes
configure:25367: checking whether csum_replace4 matches in /lib/modules/4.4.0-142-generic/build/include/net/checksum.h
configure:25374: result: yes
configure:25396: checking whether csum_unfold matches in /lib/modules/4.4.0-142-generic/build/include/net/checksum.h
configure:25403: result: yes
configure:25426: checking whether dst_discard_sk matches in /lib/modules/4.4.0-142-generic/build/include/net/dst.h
configure:25440: result: no
configure:25455: checking whether __skb_dst_copy matches in /lib/modules/4.4.0-142-generic/build/include/net/dst.h
configure:25462: result: yes
configure:25485: checking whether genl_has_listeners matches in /lib/modules/4.4.0-142-generic/build/include/net/genetlink.h
configure:25492: result: yes
configure:25514: checking whether mcgrp_offset matches in /lib/modules/4.4.0-142-generic/build/include/net/genetlink.h
configure:25521: result: yes
configure:25543: checking whether parallel_ops matches in /lib/modules/4.4.0-142-generic/build/include/net/genetlink.h
configure:25550: result: yes
configure:25572: checking whether netlink_has_listeners(net->genl_sock matches in /lib/modules/4.4.0-142-generic/build/include/net/genetlink.h
configure:25579: result: yes
configure:25601: checking whether genlmsg_parse matches in /lib/modules/4.4.0-142-generic/build/include/net/genetlink.h
configure:25608: result: yes
configure:25630: checking whether genl_notify.*family matches in /lib/modules/4.4.0-142-generic/build/include/net/genetlink.h
configure:25637: result: yes
configure:25659: checking whether genl_notify has parameter net in /lib/modules/4.4.0-142-generic/build/include/net/genetlink.h
configure:25673: result: no
configure:25690: checking whether genl_multicast_group has member id in /lib/modules/4.4.0-142-generic/build/include/net/genetlink.h
configure:25704: result: no
configure:25719: checking whether geneve_hdr matches in /lib/modules/4.4.0-142-generic/build/include/net/geneve.h
configure:25733: result: no
configure:25749: checking whether gre_cisco_register matches in /lib/modules/4.4.0-142-generic/build/include/net/gre.h
configure:25763: result: no
configure:25778: checking whether gre_handle_offloads matches in /lib/modules/4.4.0-142-generic/build/include/net/gre.h
configure:25792: result: no
configure:25807: checking whether IP6_FH_F_SKIP_RH matches in /lib/modules/4.4.0-142-generic/build/include/net/ipv6.h
configure:25814: result: yes
configure:25836: checking whether ip6_local_out_sk matches in /lib/modules/4.4.0-142-generic/build/include/net/ipv6.h
configure:25850: result: no
configure:25865: checking whether __ipv6_addr_jhash matches in /lib/modules/4.4.0-142-generic/build/include/net/ipv6.h
configure:25872: result: yes
configure:25894: checking whether rt6i.*u.dst matches in /lib/modules/4.4.0-142-generic/build/include/net/ip6_fib.h
configure:25908: result: no
configure:25923: checking whether ip6_frag.*sock matches in /lib/modules/4.4.0-142-generic/build/include/net/ip6_route.h
configure:25930: result: yes
configure:25953: checking whether nla_put_64bit matches in /lib/modules/4.4.0-142-generic/build/include/net/netlink.h
configure:25967: result: no
configure:25982: checking whether nla_get_be16 matches in /lib/modules/4.4.0-142-generic/build/include/net/netlink.h
configure:25989: result: yes
configure:26011: checking whether nla_put_be16 matches in /lib/modules/4.4.0-142-generic/build/include/net/netlink.h
configure:26018: result: yes
configure:26040: checking whether nla_put_be32 matches in /lib/modules/4.4.0-142-generic/build/include/net/netlink.h
configure:26047: result: yes
configure:26069: checking whether nla_put_be64 matches in /lib/modules/4.4.0-142-generic/build/include/net/netlink.h
configure:26076: result: yes
configure:26098: checking whether nla_put_in_addr matches in /lib/modules/4.4.0-142-generic/build/include/net/netlink.h
configure:26105: result: yes
configure:26127: checking whether nla_find_nested matches in /lib/modules/4.4.0-142-generic/build/include/net/netlink.h
configure:26134: result: yes
configure:26156: checking whether nla_is_last matches in /lib/modules/4.4.0-142-generic/build/include/net/netlink.h
configure:26163: result: yes
configure:26185: checking whether void.*netlink_set_err matches in /lib/modules/4.4.0-142-generic/build/include/linux/netlink.h
configure:26199: result: no
configure:26214: checking whether nla_parse has parameter netlink_ext_ack in /lib/modules/4.4.0-142-generic/build/include/net/netlink.h
configure:26228: result: no
configure:26244: checking whether sctp_compute_cksum matches in /lib/modules/4.4.0-142-generic/build/include/net/sctp/checksum.h
configure:26251: result: yes
configure:26274: checking whether ADD_ALL_VLANS_CMD matches in /lib/modules/4.4.0-142-generic/build/include/linux/if_vlan.h
configure:26288: result: no
configure:26303: checking whether vlan_insert_tag_set_proto matches in /lib/modules/4.4.0-142-generic/build/include/linux/if_vlan.h
configure:26310: result: yes
configure:26332: checking whether __vlan_insert_tag matches in /lib/modules/4.4.0-142-generic/build/include/linux/if_vlan.h
configure:26339: result: yes
configure:26361: checking whether vlan_get_protocol matches in /lib/modules/4.4.0-142-generic/build/include/linux/if_vlan.h
configure:26368: result: yes
configure:26390: checking whether skb_vlan_tagged matches in /lib/modules/4.4.0-142-generic/build/include/linux/if_vlan.h
configure:26397: result: yes
configure:26419: checking whether eth_type_vlan matches in /lib/modules/4.4.0-142-generic/build/include/linux/if_vlan.h
configure:26433: result: no
configure:26449: checking whether metadata_dst_alloc has parameter metadata_type in /lib/modules/4.4.0-142-generic/build/include/net/dst_metadata.h
configure:26463: result: no
configure:26479: checking whether u64_stats_fetch_begin_irq matches in /lib/modules/4.4.0-142-generic/build/include/linux/u64_stats_sync.h
configure:26486: result: yes
configure:26509: checking whether struct vxlan_metadata matches in /lib/modules/4.4.0-142-generic/build/include/net/vxlan.h
configure:26516: result: yes
configure:26538: checking whether udp_flow_src_port matches in /lib/modules/4.4.0-142-generic/build/include/net/udp.h
configure:26545: result: yes
configure:26548: checking whether inet_get_local_port_range(net matches in /lib/modules/4.4.0-142-generic/build/include/net/udp.h
configure:26555: result: yes
configure:26593: checking whether udp_v4_check matches in /lib/modules/4.4.0-142-generic/build/include/net/udp.h
configure:26600: result: yes
configure:26622: checking whether udp_tunnel_gro_complete matches in /lib/modules/4.4.0-142-generic/build/include/net/udp_tunnel.h
configure:26629: result: yes
configure:26651: checking whether sk_buff.*udp_tunnel_handle_offloads matches in /lib/modules/4.4.0-142-generic/build/include/net/udp_tunnel.h
configure:26658: result: yes
configure:26680: checking whether udp_tunnel_sock_cfg has member gro_receive in /lib/modules/4.4.0-142-generic/build/include/net/udp_tunnel.h
configure:26694: result: no
configure:26710: checking whether ignore_df matches in /lib/modules/4.4.0-142-generic/build/include/linux/skbuff.h
configure:26717: result: yes
configure:26739: checking whether NET_NAME_UNKNOWN matches in /lib/modules/4.4.0-142-generic/build/include/uapi/linux/netdevice.h
configure:26746: result: yes
configure:26769: checking whether sk_no_check_tx matches in /lib/modules/4.4.0-142-generic/build/include/net/sock.h
configure:26776: result: yes
configure:26798: checking whether no_check6_tx matches in /lib/modules/4.4.0-142-generic/build/include/linux/udp.h
configure:26805: result: yes
configure:26827: checking whether el6 matches in /lib/modules/4.4.0-142-generic/build/include/linux/utsrelease.h
configure:26850: result: file not found
configure:26856: checking whether udp_add_offload has parameter net in /lib/modules/4.4.0-142-generic/build/include/net/protocol.h
configure:26870: result: no
configure:26885: checking whether nf_defrag_ipv6_enable has parameter net in /lib/modules/4.4.0-142-generic/build/include/net/netfilter/ipv6/nf_defrag_ipv6.h
configure:26899: result: no
configure:26914: checking whether family_list matches in /lib/modules/4.4.0-142-generic/build/include/net/genetlink.h
configure:26921: result: yes
configure:26943: checking whether net_device has member needs_free_netdev in /lib/modules/4.4.0-142-generic/build/include/linux/netdevice.h
configure:26957: result: no
configure:26972: checking whether vxlan_dev has member cfg in /lib/modules/4.4.0-142-generic/build/include/net/vxlan.h
configure:26979: result: yes
configure:27001: checking whether nf_conntrack_helper_put matches in /lib/modules/4.4.0-142-generic/build/include/net/netfilter/nf_conntrack_helper.h
configure:27015: result: no
configure:27062: gcc -c -g -O2  conftest.c >&5
conftest.c: In function 'main':
conftest.c:69:17: error: 'TCA_ACT_COOKIE' undeclared (first use in this function)
         int x = TCA_ACT_COOKIE;
                 ^
conftest.c:69:17: note: each undeclared identifier is reported only once for each function it appears in
configure:27062: $? = 1
configure: failed program was:
| /* confdefs.h */
| #define PACKAGE_NAME "openvswitch"
| #define PACKAGE_TARNAME "openvswitch"
| #define PACKAGE_VERSION "2.8.1"
| #define PACKAGE_STRING "openvswitch 2.8.1"
| #define PACKAGE_BUGREPORT "bugs@openvswitch.org"
| #define PACKAGE_URL ""
| #define PACKAGE "openvswitch"
| #define VERSION "2.8.1"
| #define STDC_HEADERS 1
| #define HAVE_SYS_TYPES_H 1
| #define HAVE_SYS_STAT_H 1
| #define HAVE_STDLIB_H 1
| #define HAVE_STRING_H 1
| #define HAVE_MEMORY_H 1
| #define HAVE_STRINGS_H 1
| #define HAVE_INTTYPES_H 1
| #define HAVE_STDINT_H 1
| #define HAVE_UNISTD_H 1
| #define __EXTENSIONS__ 1
| #define _ALL_SOURCE 1
| #define _GNU_SOURCE 1
| #define _POSIX_PTHREAD_SEMANTICS 1
| #define _TANDEM_SOURCE 1
| #define HAVE_DLFCN_H 1
| #define LT_OBJDIR ".libs/"
| #define HAVE_DECL_STRERROR_R 1
| #define HAVE_STRERROR_R 1
| #define STRERROR_R_CHAR_P 1
| #define VSTUDIO_DDK 1
| #define HAVE_NETLINK 1
| #define HAVE_OPENSSL 1
| #define HAVE_IF_PACKET 1
| #define HAVE_DECL_SYS_SIGLIST 1
| #define HAVE_STRUCT_STAT_ST_MTIM_TV_NSEC 1
| #define HAVE_STRUCT_MMSGHDR_MSG_LEN 1
| #define HAVE_STRUCT_SOCKADDR_IN6_SIN6_SCOPE_ID 1
| #define HAVE_MLOCKALL 1
| #define HAVE_STRNLEN 1
| #define HAVE_GETLOADAVG 1
| #define HAVE_STATVFS 1
| #define HAVE_GETMNTENT_R 1
| #define HAVE_SENDMMSG 1
| #define HAVE_MNTENT_H 1
| #define HAVE_SYS_STATVFS_H 1
| #define HAVE_LINUX_TYPES_H 1
| #define HAVE_LINUX_IF_ETHER_H 1
| #define HAVE_STDATOMIC_H 1
| #define HAVE_BACKTRACE 1
| #define HAVE_LINUX_PERF_EVENT_H 1
| #define HAVE___THREAD 1
| #define HAVE_GCC4_ATOMICS 1
| #define ATOMIC_ALWAYS_LOCK_FREE_1B 1
| #define ATOMIC_ALWAYS_LOCK_FREE_2B 1
| #define ATOMIC_ALWAYS_LOCK_FREE_4B 1
| #define ATOMIC_ALWAYS_LOCK_FREE_8B 1
| #define HAVE_GLIBC_PTHREAD_SETNAME_NP 1
| #define HAVE_CXX11 1
| #define HAVE_POSIX_MEMALIGN 1
| #define HAVE_STDIO_H 1
| #define HAVE_STRING_H 1
| /* end confdefs.h.  */
| 
|     #include <linux/pkt_cls.h>
| int
| main ()
| {
| 
|         int x = TCA_ACT_COOKIE;
| 
|   ;
|   return 0;
| }
configure:27083: gcc -c -g -O2  conftest.c >&5
conftest.c: In function 'main':
conftest.c:69:17: error: 'TCA_VLAN_PUSH_VLAN_PRIORITY' undeclared (first use in this function)
         int x = TCA_VLAN_PUSH_VLAN_PRIORITY;
                 ^
conftest.c:69:17: note: each undeclared identifier is reported only once for each function it appears in
configure:27083: $? = 1
configure: failed program was:
| /* confdefs.h */
| #define PACKAGE_NAME "openvswitch"
| #define PACKAGE_TARNAME "openvswitch"
| #define PACKAGE_VERSION "2.8.1"
| #define PACKAGE_STRING "openvswitch 2.8.1"
| #define PACKAGE_BUGREPORT "bugs@openvswitch.org"
| #define PACKAGE_URL ""
| #define PACKAGE "openvswitch"
| #define VERSION "2.8.1"
| #define STDC_HEADERS 1
| #define HAVE_SYS_TYPES_H 1
| #define HAVE_SYS_STAT_H 1
| #define HAVE_STDLIB_H 1
| #define HAVE_STRING_H 1
| #define HAVE_MEMORY_H 1
| #define HAVE_STRINGS_H 1
| #define HAVE_INTTYPES_H 1
| #define HAVE_STDINT_H 1
| #define HAVE_UNISTD_H 1
| #define __EXTENSIONS__ 1
| #define _ALL_SOURCE 1
| #define _GNU_SOURCE 1
| #define _POSIX_PTHREAD_SEMANTICS 1
| #define _TANDEM_SOURCE 1
| #define HAVE_DLFCN_H 1
| #define LT_OBJDIR ".libs/"
| #define HAVE_DECL_STRERROR_R 1
| #define HAVE_STRERROR_R 1
| #define STRERROR_R_CHAR_P 1
| #define VSTUDIO_DDK 1
| #define HAVE_NETLINK 1
| #define HAVE_OPENSSL 1
| #define HAVE_IF_PACKET 1
| #define HAVE_DECL_SYS_SIGLIST 1
| #define HAVE_STRUCT_STAT_ST_MTIM_TV_NSEC 1
| #define HAVE_STRUCT_MMSGHDR_MSG_LEN 1
| #define HAVE_STRUCT_SOCKADDR_IN6_SIN6_SCOPE_ID 1
| #define HAVE_MLOCKALL 1
| #define HAVE_STRNLEN 1
| #define HAVE_GETLOADAVG 1
| #define HAVE_STATVFS 1
| #define HAVE_GETMNTENT_R 1
| #define HAVE_SENDMMSG 1
| #define HAVE_MNTENT_H 1
| #define HAVE_SYS_STATVFS_H 1
| #define HAVE_LINUX_TYPES_H 1
| #define HAVE_LINUX_IF_ETHER_H 1
| #define HAVE_STDATOMIC_H 1
| #define HAVE_BACKTRACE 1
| #define HAVE_LINUX_PERF_EVENT_H 1
| #define HAVE___THREAD 1
| #define HAVE_GCC4_ATOMICS 1
| #define ATOMIC_ALWAYS_LOCK_FREE_1B 1
| #define ATOMIC_ALWAYS_LOCK_FREE_2B 1
| #define ATOMIC_ALWAYS_LOCK_FREE_4B 1
| #define ATOMIC_ALWAYS_LOCK_FREE_8B 1
| #define HAVE_GLIBC_PTHREAD_SETNAME_NP 1
| #define HAVE_CXX11 1
| #define HAVE_POSIX_MEMALIGN 1
| #define HAVE_STDIO_H 1
| #define HAVE_STRING_H 1
| /* end confdefs.h.  */
| 
|     #include <linux/tc_act/tc_vlan.h>
| int
| main ()
| {
| 
|         int x = TCA_VLAN_PUSH_VLAN_PRIORITY;
| 
|   ;
|   return 0;
| }
configure:27104: gcc -c -g -O2  conftest.c >&5
conftest.c:64:44: fatal error: linux/tc_act/tc_tunnel_key.h: No such file or directory
compilation terminated.
configure:27104: $? = 1
configure: failed program was:
| /* confdefs.h */
| #define PACKAGE_NAME "openvswitch"
| #define PACKAGE_TARNAME "openvswitch"
| #define PACKAGE_VERSION "2.8.1"
| #define PACKAGE_STRING "openvswitch 2.8.1"
| #define PACKAGE_BUGREPORT "bugs@openvswitch.org"
| #define PACKAGE_URL ""
| #define PACKAGE "openvswitch"
| #define VERSION "2.8.1"
| #define STDC_HEADERS 1
| #define HAVE_SYS_TYPES_H 1
| #define HAVE_SYS_STAT_H 1
| #define HAVE_STDLIB_H 1
| #define HAVE_STRING_H 1
| #define HAVE_MEMORY_H 1
| #define HAVE_STRINGS_H 1
| #define HAVE_INTTYPES_H 1
| #define HAVE_STDINT_H 1
| #define HAVE_UNISTD_H 1
| #define __EXTENSIONS__ 1
| #define _ALL_SOURCE 1
| #define _GNU_SOURCE 1
| #define _POSIX_PTHREAD_SEMANTICS 1
| #define _TANDEM_SOURCE 1
| #define HAVE_DLFCN_H 1
| #define LT_OBJDIR ".libs/"
| #define HAVE_DECL_STRERROR_R 1
| #define HAVE_STRERROR_R 1
| #define STRERROR_R_CHAR_P 1
| #define VSTUDIO_DDK 1
| #define HAVE_NETLINK 1
| #define HAVE_OPENSSL 1
| #define HAVE_IF_PACKET 1
| #define HAVE_DECL_SYS_SIGLIST 1
| #define HAVE_STRUCT_STAT_ST_MTIM_TV_NSEC 1
| #define HAVE_STRUCT_MMSGHDR_MSG_LEN 1
| #define HAVE_STRUCT_SOCKADDR_IN6_SIN6_SCOPE_ID 1
| #define HAVE_MLOCKALL 1
| #define HAVE_STRNLEN 1
| #define HAVE_GETLOADAVG 1
| #define HAVE_STATVFS 1
| #define HAVE_GETMNTENT_R 1
| #define HAVE_SENDMMSG 1
| #define HAVE_MNTENT_H 1
| #define HAVE_SYS_STATVFS_H 1
| #define HAVE_LINUX_TYPES_H 1
| #define HAVE_LINUX_IF_ETHER_H 1
| #define HAVE_STDATOMIC_H 1
| #define HAVE_BACKTRACE 1
| #define HAVE_LINUX_PERF_EVENT_H 1
| #define HAVE___THREAD 1
| #define HAVE_GCC4_ATOMICS 1
| #define ATOMIC_ALWAYS_LOCK_FREE_1B 1
| #define ATOMIC_ALWAYS_LOCK_FREE_2B 1
| #define ATOMIC_ALWAYS_LOCK_FREE_4B 1
| #define ATOMIC_ALWAYS_LOCK_FREE_8B 1
| #define HAVE_GLIBC_PTHREAD_SETNAME_NP 1
| #define HAVE_CXX11 1
| #define HAVE_POSIX_MEMALIGN 1
| #define HAVE_STDIO_H 1
| #define HAVE_STRING_H 1
| /* end confdefs.h.  */
| 
|     #include <linux/tc_act/tc_tunnel_key.h>
| int
| main ()
| {
| 
|         int x = TCA_TUNNEL_KEY_ENC_DST_PORT;
| 
|   ;
|   return 0;
| }
configure:27119: checking whether dpdk datapath is enabled
configure:27122: result: no
configure:27542: gcc -c -g -O2  conftest.c >&5
conftest.c:63:1: note: #pragma message: Checking for pragma message
 _Pragma("message(\"Checking for pragma message\")")
 ^
configure:27542: $? = 0
configure:27596: checking whether make supports nested variables
configure:27613: result: yes
configure:27734: checking that generated files are newer than configure
configure:27740: result: done
configure:27863: creating ./config.status

## ---------------------- ##
## Running config.status. ##
## ---------------------- ##

This file was extended by openvswitch config.status 2.8.1, which was
generated by GNU Autoconf 2.69.  Invocation command line was

  CONFIG_FILES    = 
  CONFIG_HEADERS  = 
  CONFIG_LINKS    = 
  CONFIG_COMMANDS = 
  $ ./config.status 

on ubuntu16-04

config.status:1313: creating lib/stdio.h
config.status:1313: creating lib/string.h
config.status:1313: creating ovsdb/libovsdb.sym
config.status:1313: creating ofproto/libofproto.sym
config.status:1313: creating lib/libsflow.sym
config.status:1313: creating lib/libopenvswitch.sym
config.status:1313: creating ovn/lib/libovn.sym
config.status:1313: creating vtep/libvtep.sym
config.status:1313: creating Makefile
config.status:1313: creating datapath/Makefile
config.status:1313: creating datapath/linux/Kbuild
config.status:1313: creating datapath/linux/Makefile
config.status:1313: creating datapath/linux/Makefile.main
config.status:1313: creating tests/atlocal
config.status:1313: creating lib/libopenvswitch.pc
config.status:1313: creating lib/libsflow.pc
config.status:1313: creating ofproto/libofproto.pc
config.status:1313: creating ovsdb/libovsdb.pc
config.status:1313: creating include/openvswitch/version.h
config.status:1313: creating config.h
config.status:1494: config.h is unchanged
config.status:1542: executing tests/atconfig commands
config.status:1542: executing depfiles commands
config.status:1542: executing libtool commands
config.status:1542: executing include/openflow/openflow.h.stamp commands
config.status:1542: executing utilities/bugtool/dummy commands
config.status:1542: executing ovn/dummy commands
config.status:1542: executing ovn/utilities/dummy commands

## ---------------- ##
## Cache variables. ##
## ---------------- ##

ac_cv_build=x86_64-pc-linux-gnu
ac_cv_c_bigendian=no
ac_cv_c_compiler_gnu=yes
ac_cv_cxx_compiler_gnu=yes
ac_cv_env_CCC_set=
ac_cv_env_CCC_value=
ac_cv_env_CC_set=
ac_cv_env_CC_value=
ac_cv_env_CFLAGS_set=
ac_cv_env_CFLAGS_value=
ac_cv_env_CPPFLAGS_set=
ac_cv_env_CPPFLAGS_value=
ac_cv_env_CPP_set=
ac_cv_env_CPP_value=
ac_cv_env_CXXCPP_set=
ac_cv_env_CXXCPP_value=
ac_cv_env_CXXFLAGS_set=
ac_cv_env_CXXFLAGS_value=
ac_cv_env_CXX_set=
ac_cv_env_CXX_value=
ac_cv_env_DPDK_CFLAGS_set=
ac_cv_env_DPDK_CFLAGS_value=
ac_cv_env_DPDK_LIBS_set=
ac_cv_env_DPDK_LIBS_value=
ac_cv_env_KARCH_set=
ac_cv_env_KARCH_value=
ac_cv_env_LDFLAGS_set=
ac_cv_env_LDFLAGS_value=
ac_cv_env_LIBS_set=
ac_cv_env_LIBS_value=
ac_cv_env_LT_SYS_LIBRARY_PATH_set=
ac_cv_env_LT_SYS_LIBRARY_PATH_value=
ac_cv_env_PERL_set=
ac_cv_env_PERL_value=
ac_cv_env_PKG_CONFIG_LIBDIR_set=
ac_cv_env_PKG_CONFIG_LIBDIR_value=
ac_cv_env_PKG_CONFIG_PATH_set=
ac_cv_env_PKG_CONFIG_PATH_value=
ac_cv_env_PKG_CONFIG_set=
ac_cv_env_PKG_CONFIG_value=
ac_cv_env_build_alias_set=
ac_cv_env_build_alias_value=
ac_cv_env_host_alias_set=
ac_cv_env_host_alias_value=
ac_cv_env_target_alias_set=
ac_cv_env_target_alias_value=
ac_cv_func_getloadavg=yes
ac_cv_func_getmntent_r=yes
ac_cv_func_mlockall=yes
ac_cv_func_pthread_set_name_np=no
ac_cv_func_sendmmsg=yes
ac_cv_func_statvfs=yes
ac_cv_func_strerror_r=yes
ac_cv_func_strerror_r_char_p=yes
ac_cv_func_strnlen=yes
ac_cv_have_decl_strerror_r=yes
ac_cv_have_decl_sys_siglist=yes
ac_cv_header_dlfcn_h=yes
ac_cv_header_inttypes_h=yes
ac_cv_header_linux_if_ether_h=yes
ac_cv_header_linux_netlink_h=yes
ac_cv_header_linux_perf_event_h=yes
ac_cv_header_linux_types_h=yes
ac_cv_header_memory_h=yes
ac_cv_header_minix_config_h=no
ac_cv_header_mntent_h=yes
ac_cv_header_net_if_dl_h=no
ac_cv_header_net_if_mib_h=no
ac_cv_header_net_if_packet_h=yes
ac_cv_header_stdatomic_h=yes
ac_cv_header_stdc=yes
ac_cv_header_stdint_h=yes
ac_cv_header_stdio_h=yes
ac_cv_header_stdlib_h=yes
ac_cv_header_string_h=yes
ac_cv_header_strings_h=yes
ac_cv_header_sys_stat_h=yes
ac_cv_header_sys_statvfs_h=yes
ac_cv_header_sys_types_h=yes
ac_cv_header_unistd_h=yes
ac_cv_header_valgrind_valgrind_h=no
ac_cv_header_vmware_h=no
ac_cv_header_windows_h=no
ac_cv_host=x86_64-pc-linux-gnu
ac_cv_lib_cap_ng_capng_clear=no
ac_cv_lib_socket_connect=no
ac_cv_member_struct_ifreq_ifr_flagshigh=no
ac_cv_member_struct_mmsghdr_msg_len=yes
ac_cv_member_struct_sockaddr_in6_sin6_scope_id=yes
ac_cv_member_struct_stat_st_mtim_tv_nsec=yes
ac_cv_member_struct_stat_st_mtimensec=no
ac_cv_objext=o
ac_cv_path_EGREP='/bin/grep -E'
ac_cv_path_FGREP='/bin/grep -F'
ac_cv_path_GREP=/bin/grep
ac_cv_path_PERL=/usr/bin/perl
ac_cv_path_SED=/bin/sed
ac_cv_path_install='/usr/bin/install -c'
ac_cv_path_lt_DD=/bin/dd
ac_cv_path_mkdir=/bin/mkdir
ac_cv_prog_AWK=gawk
ac_cv_prog_CPP='gcc -E'
ac_cv_prog_CXXCPP='g++ -E'
ac_cv_prog_ac_ct_AR=ar
ac_cv_prog_ac_ct_CC=gcc
ac_cv_prog_ac_ct_CXX=g++
ac_cv_prog_ac_ct_MANIFEST_TOOL=mt
ac_cv_prog_ac_ct_OBJDUMP=objdump
ac_cv_prog_ac_ct_RANLIB=ranlib
ac_cv_prog_ac_ct_STRIP=strip
ac_cv_prog_cc_c89=
ac_cv_prog_cc_c99=
ac_cv_prog_cc_g=yes
ac_cv_prog_cxx_g=yes
ac_cv_prog_make_make_set=yes
ac_cv_safe_to_define___extensions__=yes
ac_cv_search___atomic_load_8=-latomic
ac_cv_search_aio_write='none required'
ac_cv_search_backtrace='none required'
ac_cv_search_clock_gettime='none required'
ac_cv_search_gethostbyname='none required'
ac_cv_search_pow=-lm
ac_cv_search_pthread_create=-lpthread
ac_cv_search_timer_create=-lrt
ac_cv_sparse_target=x86_64
ac_cv_sys_file_offset_bits=no
ac_cv_sys_largefile_CC=no
am_cv_CC_dependencies_compiler_type=gcc3
am_cv_CXX_dependencies_compiler_type=gcc3
am_cv_make_support_nested_variables=yes
am_cv_prog_cc_c_o=yes
am_cv_prog_tar_pax=gnutar
ax_cv_cxx_compile_cxx11=no
ax_cv_cxx_compile_cxx11__std_gnupp11=yes
ax_cv_func_posix_memalign_works=yes
cl_cv_x64=no
gl_cv_have_include_next=yes
gl_cv_next_stdio_h='<stdio.h>'
gl_cv_next_string_h='<string.h>'
gl_cv_pragma_columns=no
lt_cv_ar_at_file=@
lt_cv_deplibs_check_method=pass_all
lt_cv_file_magic_cmd='$MAGIC_CMD'
lt_cv_file_magic_test_file=
lt_cv_ld_reload_flag=-r
lt_cv_nm_interface='BSD nm'
lt_cv_objdir=.libs
lt_cv_path_LD=/usr/bin/ld
lt_cv_path_LDCXX='/usr/bin/ld -m elf_x86_64'
lt_cv_path_NM='/usr/bin/nm -B'
lt_cv_path_mainfest_tool=no
lt_cv_prog_compiler_c_o=yes
lt_cv_prog_compiler_c_o_CXX=yes
lt_cv_prog_compiler_pic='-fPIC -DPIC'
lt_cv_prog_compiler_pic_CXX='-fPIC -DPIC'
lt_cv_prog_compiler_pic_works=yes
lt_cv_prog_compiler_pic_works_CXX=yes
lt_cv_prog_compiler_rtti_exceptions=no
lt_cv_prog_compiler_static_works=yes
lt_cv_prog_compiler_static_works_CXX=yes
lt_cv_prog_gnu_ld=yes
lt_cv_prog_gnu_ldcxx=yes
lt_cv_sharedlib_from_linklib_cmd='printf %s\n'
lt_cv_shlibpath_overrides_runpath=no
lt_cv_sys_global_symbol_pipe='sed -n -e '\''s/^.*[	 ]\([ABCDGIRSTW][ABCDGIRSTW]*\)[	 ][	 ]*\([_A-Za-z][_A-Za-z0-9]*\)$/\1 \2 \2/p'\'' | sed '\''/ __gnu_lto/d'\'''
lt_cv_sys_global_symbol_to_c_name_address='sed -n -e '\''s/^: \(.*\) .*$/  {"\1", (void *) 0},/p'\'' -e '\''s/^[ABCDGIRSTW][ABCDGIRSTW]* .* \(.*\)$/  {"\1", (void *) \&\1},/p'\'''
lt_cv_sys_global_symbol_to_c_name_address_lib_prefix='sed -n -e '\''s/^: \(.*\) .*$/  {"\1", (void *) 0},/p'\'' -e '\''s/^[ABCDGIRSTW][ABCDGIRSTW]* .* \(lib.*\)$/  {"\1", (void *) \&\1},/p'\'' -e '\''s/^[ABCDGIRSTW][ABCDGIRSTW]* .* \(.*\)$/  {"lib\1", (void *) \&\1},/p'\'''
lt_cv_sys_global_symbol_to_cdecl='sed -n -e '\''s/^T .* \(.*\)$/extern int \1();/p'\'' -e '\''s/^[ABCDGIRSTW][ABCDGIRSTW]* .* \(.*\)$/extern char \1;/p'\'''
lt_cv_sys_global_symbol_to_import=
lt_cv_sys_max_cmd_len=1572864
lt_cv_to_host_file_cmd=func_convert_file_noop
lt_cv_to_tool_file_cmd=func_convert_file_noop
lt_cv_truncate_bin='/bin/dd bs=4096 count=1'
ovs_cv__Qunused_arguments=no
ovs_cv__Wall=yes
ovs_cv__Wbad_function_cast=yes
ovs_cv__Wbool_compare=yes
ovs_cv__Wcast_align=yes
ovs_cv__Wduplicated_cond=no
ovs_cv__Werror=yes
ovs_cv__Wextra=yes
ovs_cv__Wformat_Wformat_security=yes
ovs_cv__Wlogical_not_parentheses=yes
ovs_cv__Wmissing_field_initializers=yes
ovs_cv__Wmissing_prototypes=yes
ovs_cv__Wno_sign_compare=yes
ovs_cv__Wno_unused=yes
ovs_cv__Wno_unused_parameter=yes
ovs_cv__Wold_style_definition=yes
ovs_cv__Wpointer_arith=yes
ovs_cv__Wshift_negative_value=no
ovs_cv__Wsizeof_array_argument=yes
ovs_cv__Wstrict_prototypes=yes
ovs_cv__Wswitch_bool=yes
ovs_cv__Wswitch_enum=yes
ovs_cv__Wthread_safety=no
ovs_cv__Wunused_parameter=yes
ovs_cv___thread=yes
ovs_cv__fno_strict_aliasing=yes
ovs_cv_atomic_always_lock_free_1=1
ovs_cv_atomic_always_lock_free_2=1
ovs_cv_atomic_always_lock_free_4=1
ovs_cv_atomic_always_lock_free_8=1
ovs_cv_dot=yes
ovs_cv_flake8=no
ovs_cv_gcc4_atomics=yes
ovs_cv_groff=yes
ovs_cv_linux=true
ovs_cv_pthread_setname_np=glibc
ovs_cv_python3=/usr/bin/python3
ovs_cv_python=/usr/bin/python
ovs_cv_sphinx=no
ovs_cv_strtok_r_bug=no
ovs_cv_thread_local=no
ovs_cv_xsversion=none

## ----------------- ##
## Output variables. ##
## ----------------- ##

ACLOCAL='${SHELL} /home/nnambiar/SummerResearch/attack-resillence-sdn-nnambiar/openvswitch-2.8.1/build-aux/missing aclocal-1.15'
AMDEPBACKSLASH='\'
AMDEP_FALSE='#'
AMDEP_TRUE=''
AMTAR='$${TAR-tar}'
AM_BACKSLASH='\'
AM_DEFAULT_V='$(AM_DEFAULT_VERBOSITY)'
AM_DEFAULT_VERBOSITY='1'
AM_V='$(V)'
AR='ar'
AUTOCONF='${SHELL} /home/nnambiar/SummerResearch/attack-resillence-sdn-nnambiar/openvswitch-2.8.1/build-aux/missing autoconf'
AUTOHEADER='${SHELL} /home/nnambiar/SummerResearch/attack-resillence-sdn-nnambiar/openvswitch-2.8.1/build-aux/missing autoheader'
AUTOM4TE='${SHELL} /home/nnambiar/SummerResearch/attack-resillence-sdn-nnambiar/openvswitch-2.8.1/build-aux/missing autom4te'
AUTOMAKE='${SHELL} /home/nnambiar/SummerResearch/attack-resillence-sdn-nnambiar/openvswitch-2.8.1/build-aux/missing automake-1.15'
AWK='gawk'
CAPNG_LDADD=''
CC='$(if $(C),env REAL_CC="gcc" CHECK="$(SPARSE) -I $(top_srcdir)/include/sparse $(SPARSEFLAGS) $(SPARSE_EXTRA_INCLUDES) " cgcc $(CGCCFLAGS),gcc)'
CCDEPMODE='depmode=gcc3'
CFLAGS='-g -O2'
CGCCFLAGS='-target=x86_64'
CPP='gcc -E'
CPPFLAGS=''
CXX='g++ -std=gnu++11'
CXXCPP='g++ -E -std=gnu++11'
CXXDEPMODE='depmode=gcc3'
CXXFLAGS='-g -O2'
CYGPATH_W='echo'
DBDIR='${sysconfdir}/${PACKAGE}'
DEFS='-DHAVE_CONFIG_H'
DEPDIR='.deps'
DLLTOOL='false'
DPDK_CFLAGS=''
DPDK_LIBS=''
DPDK_NETDEV_FALSE=''
DPDK_NETDEV_TRUE='#'
DPDK_vswitchd_LDFLAGS=''
DSYMUTIL=''
DUMPBIN=''
ECHO_C=''
ECHO_N='-n'
ECHO_T=''
EGREP='/bin/grep -E'
ESX_FALSE=''
ESX_TRUE='#'
EXEEXT=''
FGREP='/bin/grep -F'
FLAKE8_WERROR='-'
GREP='/bin/grep'
HAVE_CXX11='1'
HAVE_CXX_FALSE=''
HAVE_CXX_TRUE='#'
HAVE_DOT_FALSE='#'
HAVE_DOT_TRUE=''
HAVE_FLAKE8_FALSE=''
HAVE_FLAKE8_TRUE='#'
HAVE_GROFF_FALSE='#'
HAVE_GROFF_TRUE=''
HAVE_IF_DL_FALSE=''
HAVE_IF_DL_TRUE='#'
HAVE_IF_PACKET_FALSE='#'
HAVE_IF_PACKET_TRUE=''
HAVE_LIBCAPNG=''
HAVE_LIBCAPNG_FALSE=''
HAVE_LIBCAPNG_TRUE='#'
HAVE_NETLINK_FALSE='#'
HAVE_NETLINK_TRUE=''
HAVE_OPENSSL='yes'
HAVE_OPENSSL_FALSE='#'
HAVE_OPENSSL_TRUE=''
HAVE_POSIX_AIO_FALSE='#'
HAVE_POSIX_AIO_TRUE=''
HAVE_PYTHON3='yes'
HAVE_PYTHON3_FALSE='#'
HAVE_PYTHON3_TRUE=''
HAVE_PYTHON='yes'
HAVE_PYTHON_FALSE='#'
HAVE_PYTHON_TRUE=''
HAVE_SPHINX_FALSE=''
HAVE_SPHINX_TRUE='#'
HAVE_WNO_UNUSED_FALSE='#'
HAVE_WNO_UNUSED_PARAMETER_FALSE='#'
HAVE_WNO_UNUSED_PARAMETER_TRUE=''
HAVE_WNO_UNUSED_TRUE=''
INCLUDE_NEXT='include_next'
INCLUDE_NEXT_AS_FIRST_DIRECTIVE='include_next'
INSTALL_DATA='${INSTALL} -m 644'
INSTALL_PROGRAM='${INSTALL}'
INSTALL_SCRIPT='${INSTALL}'
INSTALL_STRIP_PROGRAM='$(install_sh) -c -s'
KARCH=''
KBUILD='/lib/modules/4.4.0-142-generic/build'
LD='/usr/bin/ld -m elf_x86_64'
LDFLAGS=''
LIBOBJS=''
LIBS='-latomic -lpthread -lrt -lm '
LIBTOOL='$(SHELL) $(top_builddir)/libtool'
LINUX_ENABLED_FALSE='#'
LINUX_ENABLED_TRUE=''
LINUX_FALSE='#'
LINUX_TRUE=''
LIPO=''
LN_S='ln -s'
LOGDIR='${localstatedir}/log/${PACKAGE}'
LTLIBOBJS=''
LT_AGE='0'
LT_CURRENT='0'
LT_REVISION='0'
LT_SYS_LIBRARY_PATH=''
MAKEINFO='${SHELL} /home/nnambiar/SummerResearch/attack-resillence-sdn-nnambiar/openvswitch-2.8.1/build-aux/missing makeinfo'
MANIFEST_TOOL=':'
MKDIR_P='/bin/mkdir -p'
MSVC64_LDFLAGS=''
MSVC_CFLAGS=''
NDEBUG_FALSE=''
NDEBUG_TRUE='#'
NEXT_AS_FIRST_DIRECTIVE_STDIO_H='<stdio.h>'
NEXT_AS_FIRST_DIRECTIVE_STRING_H='<string.h>'
NEXT_STDIO_H='<stdio.h>'
NEXT_STRING_H='<string.h>'
NM='/usr/bin/nm -B'
NMEDIT=''
OBJDUMP='objdump'
OBJEXT='o'
OTOOL64=''
OTOOL=''
OVS_CFLAGS=''
OVS_CTAGS_IDENTIFIERS_LIST='-I "OVS_REQ_RDLOCK+ OVS_ACQ_RDLOCK+ OVS_REQ_WRLOCK+ OVS_ACQ_WRLOCK+ OVS_REQUIRES+ OVS_ACQUIRES+ OVS_TRY_WRLOCK+ OVS_TRY_RDLOCK+ OVS_TRY_LOCK+ OVS_GUARDED_BY+ OVS_EXCLUDED+ OVS_RELEASES+ OVS_ACQ_BEFORE+ OVS_ACQ_AFTER+ "'
OVS_LDFLAGS=''
OVS_LTINFO='-release 2.8 -version-info 0:1'
PACKAGE='openvswitch'
PACKAGE_BUGREPORT='bugs@openvswitch.org'
PACKAGE_NAME='openvswitch'
PACKAGE_STRING='openvswitch 2.8.1'
PACKAGE_TARNAME='openvswitch'
PACKAGE_URL=''
PACKAGE_VERSION='2.8.1'
PATH_SEPARATOR=':'
PERL='/usr/bin/perl'
PKG_CONFIG=''
PKG_CONFIG_LIBDIR=''
PKG_CONFIG_PATH=''
PKIDIR='${localstatedir}/lib/openvswitch/pki'
PRAGMA_COLUMNS=''
PRAGMA_SYSTEM_HEADER='#pragma GCC system_header'
PTHREAD_INCLUDES=''
PTHREAD_LDFLAGS=''
PTHREAD_LIBS=''
PTHREAD_WIN32_DIR_DLL=''
PTHREAD_WIN32_DIR_DLL_WIN_FORM=''
PYTHON3='/usr/bin/python3'
PYTHON='/usr/bin/python'
RANLIB='ranlib'
RUNDIR='${localstatedir}/run/openvswitch'
SED='/bin/sed'
SET_MAKE=''
SHELL='/bin/bash'
SPARSE='sparse'
SPARSEFLAGS='-m64'
SPARSE_EXTRA_INCLUDES='-I /usr/local/include -I /usr/include/x86_64-linux-gnu '
SSL_INCLUDES='-I/usr/include'
SSL_LDFLAGS='-L/usr/lib'
SSL_LIBS='-lssl -lcrypto'
STRIP='strip'
VERSION='2.8.1'
VSTUDIO_CONFIG=''
VSTUDIO_DDK_FALSE=''
VSTUDIO_DDK_TRUE='#'
WARNING_FLAGS=' -Wall -Wextra -Wno-sign-compare -Wpointer-arith -Wformat -Wformat-security -Wswitch-enum -Wunused-parameter -Wbad-function-cast -Wcast-align -Wstrict-prototypes -Wold-style-definition -Wmissing-prototypes -Wmissing-field-initializers -fno-strict-aliasing -Wswitch-bool -Wlogical-not-parentheses -Wsizeof-array-argument -Wbool-compare'
WIN32_FALSE=''
WIN32_TRUE='#'
ac_ct_AR='ar'
ac_ct_CC='gcc'
ac_ct_CXX='g++'
ac_ct_DUMPBIN=''
am__EXEEXT_FALSE=''
am__EXEEXT_TRUE='#'
am__fastdepCC_FALSE='#'
am__fastdepCC_TRUE=''
am__fastdepCXX_FALSE='#'
am__fastdepCXX_TRUE=''
am__include='include'
am__isrc=''
am__leading_dot='.'
am__nodep='_no'
am__quote=''
am__tar='tar --format=posix -chf - "$$tardir"'
am__untar='tar -xf -'
bindir='${exec_prefix}/bin'
build='x86_64-pc-linux-gnu'
build_alias=''
build_cpu='x86_64'
build_os='linux-gnu'
build_vendor='pc'
datadir='${datarootdir}'
datarootdir='${prefix}/share'
docdir='${datarootdir}/doc/${PACKAGE_TARNAME}'
dvidir='${docdir}'
exec_prefix='${prefix}'
host='x86_64-pc-linux-gnu'
host_alias=''
host_cpu='x86_64'
host_os='linux-gnu'
host_vendor='pc'
htmldir='${docdir}'
includedir='${prefix}/include'
infodir='${datarootdir}/info'
install_sh='${SHELL} /home/nnambiar/SummerResearch/attack-resillence-sdn-nnambiar/openvswitch-2.8.1/build-aux/install-sh'
libdir='${exec_prefix}/lib'
libexecdir='${exec_prefix}/libexec'
localedir='${datarootdir}/locale'
localstatedir='${prefix}/var'
mandir='${datarootdir}/man'
mkdir_p='$(MKDIR_P)'
oldincludedir='/usr/include'
pdfdir='${docdir}'
prefix='/usr'
program_transform_name='s,x,x,'
psdir='${docdir}'
runstatedir='${localstatedir}/run'
sbindir='${exec_prefix}/sbin'
sharedstatedir='${prefix}/com'
sysconfdir='${prefix}/etc'
target_alias=''

## ----------- ##
## confdefs.h. ##
## ----------- ##

/* confdefs.h */
#define PACKAGE_NAME "openvswitch"
#define PACKAGE_TARNAME "openvswitch"
#define PACKAGE_VERSION "2.8.1"
#define PACKAGE_STRING "openvswitch 2.8.1"
#define PACKAGE_BUGREPORT "bugs@openvswitch.org"
#define PACKAGE_URL ""
#define PACKAGE "openvswitch"
#define VERSION "2.8.1"
#define STDC_HEADERS 1
#define HAVE_SYS_TYPES_H 1
#define HAVE_SYS_STAT_H 1
#define HAVE_STDLIB_H 1
#define HAVE_STRING_H 1
#define HAVE_MEMORY_H 1
#define HAVE_STRINGS_H 1
#define HAVE_INTTYPES_H 1
#define HAVE_STDINT_H 1
#define HAVE_UNISTD_H 1
#define __EXTENSIONS__ 1
#define _ALL_SOURCE 1
#define _GNU_SOURCE 1
#define _POSIX_PTHREAD_SEMANTICS 1
#define _TANDEM_SOURCE 1
#define HAVE_DLFCN_H 1
#define LT_OBJDIR ".libs/"
#define HAVE_DECL_STRERROR_R 1
#define HAVE_STRERROR_R 1
#define STRERROR_R_CHAR_P 1
#define VSTUDIO_DDK 1
#define HAVE_NETLINK 1
#define HAVE_OPENSSL 1
#define HAVE_IF_PACKET 1
#define HAVE_DECL_SYS_SIGLIST 1
#define HAVE_STRUCT_STAT_ST_MTIM_TV_NSEC 1
#define HAVE_STRUCT_MMSGHDR_MSG_LEN 1
#define HAVE_STRUCT_SOCKADDR_IN6_SIN6_SCOPE_ID 1
#define HAVE_MLOCKALL 1
#define HAVE_STRNLEN 1
#define HAVE_GETLOADAVG 1
#define HAVE_STATVFS 1
#define HAVE_GETMNTENT_R 1
#define HAVE_SENDMMSG 1
#define HAVE_MNTENT_H 1
#define HAVE_SYS_STATVFS_H 1
#define HAVE_LINUX_TYPES_H 1
#define HAVE_LINUX_IF_ETHER_H 1
#define HAVE_STDATOMIC_H 1
#define HAVE_BACKTRACE 1
#define HAVE_LINUX_PERF_EVENT_H 1
#define HAVE___THREAD 1
#define HAVE_GCC4_ATOMICS 1
#define ATOMIC_ALWAYS_LOCK_FREE_1B 1
#define ATOMIC_ALWAYS_LOCK_FREE_2B 1
#define ATOMIC_ALWAYS_LOCK_FREE_4B 1
#define ATOMIC_ALWAYS_LOCK_FREE_8B 1
#define HAVE_GLIBC_PTHREAD_SETNAME_NP 1
#define HAVE_CXX11 1
#define HAVE_POSIX_MEMALIGN 1
#define HAVE_STDIO_H 1
#define HAVE_STRING_H 1
#define HAVE_PRAGMA_MESSAGE 1

configure: exit 0
